2026-04-02 18:00:32,615 NanoPlot 1.41.3 started with arguments Namespace(threads=1, verbose=False, store=False, raw=False, huge=False, outdir='/home/noe/cibig_noe/project_stage_tutore/results/1_QC/Barcode77', no_static=False, prefix='', tsv_stats=False, info_in_report=False, maxlength=None, minlength=None, drop_outliers=False, downsample=None, loglength=False, percentqual=False, alength=False, minqual=None, runtime_until=None, readtype='1D', barcoded=False, no_supplementary=False, color='#4CB391', colormap='Greens', format=['png'], plots=['kde', 'dot'], legacy=None, listcolors=False, listcolormaps=False, no_N50=False, N50=False, title=None, font_scale=1, dpi=100, hide_stats=False, fastq=['/home/noe/cibig_noe/project_stage_tutore/raw_data/merged_fastq/Barcode77.fastq'], fasta=None, fastq_rich=None, fastq_minimal=None, summary=None, bam=None, ubam=None, cram=None, pickle=None, feather=None, path='/home/noe/cibig_noe/project_stage_tutore/results/1_QC/Barcode77/')
2026-04-02 18:00:32,616 Python version is: 3.10.12 (main, Sep 11 2024, 15:47:36) [GCC 11.4.0]
2026-04-02 18:00:32,629 Nanoget: Starting to collect statistics from plain fastq file.
2026-04-02 18:00:35,410 Reduced DataFrame memory usage from 0.418426513671875Mb to 0.418426513671875Mb
2026-04-02 18:00:35,422 Nanoget: Gathered all metrics of 27414 reads
2026-04-02 18:00:35,439 Calculated statistics
2026-04-02 18:00:35,440 Using sequenced read lengths for plotting.
2026-04-02 18:00:35,441 Removed 14 artefactual reads with very short length and very high quality.
2026-04-02 18:00:35,452 Calculated statistics
2026-04-02 18:00:35,453 NanoPlot:  Valid color #4CB391.
2026-04-02 18:00:35,453 NanoPlot:  Valid colormap Greens.
2026-04-02 18:00:35,454 NanoPlot:  Creating length plots for Read length.
2026-04-02 18:00:35,455 NanoPlot:  Using 27400 reads maximum of 31535bp.
2026-04-02 18:00:37,069 Saved /home/noe/cibig_noe/project_stage_tutore/results/1_QC/Barcode77/WeightedHistogramReadlength  as png (or png for --legacy)
2026-04-02 18:00:38,237 Saved /home/noe/cibig_noe/project_stage_tutore/results/1_QC/Barcode77/WeightedLogTransformed_HistogramReadlength  as png (or png for --legacy)
2026-04-02 18:00:39,394 Saved /home/noe/cibig_noe/project_stage_tutore/results/1_QC/Barcode77/Non_weightedHistogramReadlength  as png (or png for --legacy)
2026-04-02 18:00:40,604 Saved /home/noe/cibig_noe/project_stage_tutore/results/1_QC/Barcode77/Non_weightedLogTransformed_HistogramReadlength  as png (or png for --legacy)
2026-04-02 18:00:42,348 Saved /home/noe/cibig_noe/project_stage_tutore/results/1_QC/Barcode77/Yield_By_Length  as png (or png for --legacy)
2026-04-02 18:00:42,349 Created length plots
2026-04-02 18:00:42,351 NanoPlot: Creating Read lengths vs Average read quality plots using 27400 reads.
2026-04-02 18:00:43,973 Saved /home/noe/cibig_noe/project_stage_tutore/results/1_QC/Barcode77/LengthvsQualityScatterPlot_dot  as png (or png for --legacy)
2026-04-02 18:00:46,169 Saved /home/noe/cibig_noe/project_stage_tutore/results/1_QC/Barcode77/LengthvsQualityScatterPlot_kde  as png (or png for --legacy)
2026-04-02 18:00:46,171 Created LengthvsQual plot
2026-04-02 18:00:46,171 Writing html report.
2026-04-02 18:00:46,201 Finished!
