2026-04-02 18:02:31,749 NanoPlot 1.41.3 started with arguments Namespace(threads=1, verbose=False, store=False, raw=False, huge=False, outdir='/home/noe/cibig_noe/project_stage_tutore/results/1_QC/Barcode84', no_static=False, prefix='', tsv_stats=False, info_in_report=False, maxlength=None, minlength=None, drop_outliers=False, downsample=None, loglength=False, percentqual=False, alength=False, minqual=None, runtime_until=None, readtype='1D', barcoded=False, no_supplementary=False, color='#4CB391', colormap='Greens', format=['png'], plots=['kde', 'dot'], legacy=None, listcolors=False, listcolormaps=False, no_N50=False, N50=False, title=None, font_scale=1, dpi=100, hide_stats=False, fastq=['/home/noe/cibig_noe/project_stage_tutore/raw_data/merged_fastq/Barcode84.fastq'], fasta=None, fastq_rich=None, fastq_minimal=None, summary=None, bam=None, ubam=None, cram=None, pickle=None, feather=None, path='/home/noe/cibig_noe/project_stage_tutore/results/1_QC/Barcode84/')
2026-04-02 18:02:31,749 Python version is: 3.10.12 (main, Sep 11 2024, 15:47:36) [GCC 11.4.0]
2026-04-02 18:02:31,763 Nanoget: Starting to collect statistics from plain fastq file.
2026-04-02 18:02:35,292 Reduced DataFrame memory usage from 0.6396026611328125Mb to 0.6396026611328125Mb
2026-04-02 18:02:35,304 Nanoget: Gathered all metrics of 41909 reads
2026-04-02 18:02:35,325 Calculated statistics
2026-04-02 18:02:35,325 Using sequenced read lengths for plotting.
2026-04-02 18:02:35,327 Removed 27 artefactual reads with very short length and very high quality.
2026-04-02 18:02:35,340 Calculated statistics
2026-04-02 18:02:35,341 NanoPlot:  Valid color #4CB391.
2026-04-02 18:02:35,341 NanoPlot:  Valid colormap Greens.
2026-04-02 18:02:35,344 NanoPlot:  Creating length plots for Read length.
2026-04-02 18:02:35,344 NanoPlot:  Using 41882 reads maximum of 33366bp.
2026-04-02 18:02:44,947 Saved /home/noe/cibig_noe/project_stage_tutore/results/1_QC/Barcode84/WeightedHistogramReadlength  as png (or png for --legacy)
2026-04-02 18:02:46,130 Saved /home/noe/cibig_noe/project_stage_tutore/results/1_QC/Barcode84/WeightedLogTransformed_HistogramReadlength  as png (or png for --legacy)
2026-04-02 18:02:47,317 Saved /home/noe/cibig_noe/project_stage_tutore/results/1_QC/Barcode84/Non_weightedHistogramReadlength  as png (or png for --legacy)
2026-04-02 18:02:48,490 Saved /home/noe/cibig_noe/project_stage_tutore/results/1_QC/Barcode84/Non_weightedLogTransformed_HistogramReadlength  as png (or png for --legacy)
2026-04-02 18:02:50,233 Saved /home/noe/cibig_noe/project_stage_tutore/results/1_QC/Barcode84/Yield_By_Length  as png (or png for --legacy)
2026-04-02 18:02:50,235 Created length plots
2026-04-02 18:02:50,238 NanoPlot: Creating Read lengths vs Average read quality plots using 41882 reads.
2026-04-02 18:02:51,896 Saved /home/noe/cibig_noe/project_stage_tutore/results/1_QC/Barcode84/LengthvsQualityScatterPlot_dot  as png (or png for --legacy)
2026-04-02 18:02:54,082 Saved /home/noe/cibig_noe/project_stage_tutore/results/1_QC/Barcode84/LengthvsQualityScatterPlot_kde  as png (or png for --legacy)
2026-04-02 18:02:54,084 Created LengthvsQual plot
2026-04-02 18:02:54,084 Writing html report.
2026-04-02 18:02:54,112 Finished!
