2026-04-02 18:01:19,093 NanoPlot 1.41.3 started with arguments Namespace(threads=1, verbose=False, store=False, raw=False, huge=False, outdir='/home/noe/cibig_noe/project_stage_tutore/results/1_QC/Barcode80', no_static=False, prefix='', tsv_stats=False, info_in_report=False, maxlength=None, minlength=None, drop_outliers=False, downsample=None, loglength=False, percentqual=False, alength=False, minqual=None, runtime_until=None, readtype='1D', barcoded=False, no_supplementary=False, color='#4CB391', colormap='Greens', format=['png'], plots=['kde', 'dot'], legacy=None, listcolors=False, listcolormaps=False, no_N50=False, N50=False, title=None, font_scale=1, dpi=100, hide_stats=False, fastq=['/home/noe/cibig_noe/project_stage_tutore/raw_data/merged_fastq/Barcode80.fastq'], fasta=None, fastq_rich=None, fastq_minimal=None, summary=None, bam=None, ubam=None, cram=None, pickle=None, feather=None, path='/home/noe/cibig_noe/project_stage_tutore/results/1_QC/Barcode80/')
2026-04-02 18:01:19,094 Python version is: 3.10.12 (main, Sep 11 2024, 15:47:36) [GCC 11.4.0]
2026-04-02 18:01:19,109 Nanoget: Starting to collect statistics from plain fastq file.
2026-04-02 18:01:21,684 Reduced DataFrame memory usage from 0.4410552978515625Mb to 0.4410552978515625Mb
2026-04-02 18:01:21,695 Nanoget: Gathered all metrics of 28897 reads
2026-04-02 18:01:21,713 Calculated statistics
2026-04-02 18:01:21,714 Using sequenced read lengths for plotting.
2026-04-02 18:01:21,715 Removed 27 artefactual reads with very short length and very high quality.
2026-04-02 18:01:21,726 Calculated statistics
2026-04-02 18:01:21,727 NanoPlot:  Valid color #4CB391.
2026-04-02 18:01:21,727 NanoPlot:  Valid colormap Greens.
2026-04-02 18:01:21,729 NanoPlot:  Creating length plots for Read length.
2026-04-02 18:01:21,729 NanoPlot:  Using 28870 reads maximum of 34552bp.
2026-04-02 18:01:23,373 Saved /home/noe/cibig_noe/project_stage_tutore/results/1_QC/Barcode80/WeightedHistogramReadlength  as png (or png for --legacy)
2026-04-02 18:01:32,522 Saved /home/noe/cibig_noe/project_stage_tutore/results/1_QC/Barcode80/WeightedLogTransformed_HistogramReadlength  as png (or png for --legacy)
2026-04-02 18:01:33,671 Saved /home/noe/cibig_noe/project_stage_tutore/results/1_QC/Barcode80/Non_weightedHistogramReadlength  as png (or png for --legacy)
2026-04-02 18:01:34,836 Saved /home/noe/cibig_noe/project_stage_tutore/results/1_QC/Barcode80/Non_weightedLogTransformed_HistogramReadlength  as png (or png for --legacy)
2026-04-02 18:01:36,571 Saved /home/noe/cibig_noe/project_stage_tutore/results/1_QC/Barcode80/Yield_By_Length  as png (or png for --legacy)
2026-04-02 18:01:36,572 Created length plots
2026-04-02 18:01:36,573 NanoPlot: Creating Read lengths vs Average read quality plots using 28870 reads.
2026-04-02 18:01:38,229 Saved /home/noe/cibig_noe/project_stage_tutore/results/1_QC/Barcode80/LengthvsQualityScatterPlot_dot  as png (or png for --legacy)
2026-04-02 18:01:40,420 Saved /home/noe/cibig_noe/project_stage_tutore/results/1_QC/Barcode80/LengthvsQualityScatterPlot_kde  as png (or png for --legacy)
2026-04-02 18:01:40,422 Created LengthvsQual plot
2026-04-02 18:01:40,422 Writing html report.
2026-04-02 18:01:40,450 Finished!
