[2026-04-13 15:54:53] root: INFO: Starting Flye 2.9.6-b1802
[2026-04-13 15:54:53] root: DEBUG: Cmd: /usr/local/bin/flye --nano-raw /scratch/noe/sugarcane_projet/results/2_mapping/Barcode77_unmapped.fastq --threads 4 --out-dir /scratch/noe/sugarcane_projet/results/4_assembly/Barcode77_unmapped.fastq
[2026-04-13 15:54:53] root: DEBUG: Python version: 3.10.12 (main, Nov  4 2025, 08:48:33) [GCC 11.4.0]
[2026-04-13 15:54:53] root: INFO: >>>STAGE: configure
[2026-04-13 15:54:53] root: INFO: Configuring run
[2026-04-13 15:54:53] root: INFO: Total read length: 804110
[2026-04-13 15:54:53] root: INFO: Reads N50/N90: 1693 / 279
[2026-04-13 15:54:53] root: INFO: Minimum overlap set to 1000
[2026-04-13 15:54:53] root: INFO: >>>STAGE: assembly
[2026-04-13 15:54:53] root: INFO: Assembling disjointigs
[2026-04-13 15:54:53] root: DEBUG: -----Begin assembly log------
[2026-04-13 15:54:53] root: DEBUG: Running: flye-modules assemble --reads /scratch/noe/sugarcane_projet/results/2_mapping/Barcode77_unmapped.fastq --out-asm /scratch/noe/sugarcane_projet/results/4_assembly/Barcode77_unmapped.fastq/00-assembly/draft_assembly.fasta --config /usr/local/lib/python3.10/dist-packages/flye/config/bin_cfg/asm_raw_reads.cfg --log /scratch/noe/sugarcane_projet/results/4_assembly/Barcode77_unmapped.fastq/flye.log --threads 4 --min-ovlp 1000
[2026-04-13 15:54:53] DEBUG: Build date: Dec  3 2025 16:34:13
[2026-04-13 15:54:53] DEBUG: Total RAM: 251 Gb
[2026-04-13 15:54:53] DEBUG: Available RAM: 237 Gb
[2026-04-13 15:54:53] DEBUG: Total CPUs: 32
[2026-04-13 15:54:53] DEBUG: Loading /usr/local/lib/python3.10/dist-packages/flye/config/bin_cfg/asm_raw_reads.cfg
[2026-04-13 15:54:53] DEBUG: Loading /usr/local/lib/python3.10/dist-packages/flye/config/bin_cfg/asm_defaults.cfg
[2026-04-13 15:54:53] DEBUG: 	big_genome_threshold=29000000
[2026-04-13 15:54:53] DEBUG: 	meta_read_filter_kmer_freq=100
[2026-04-13 15:54:53] DEBUG: 	chain_large_gap_penalty=2
[2026-04-13 15:54:53] DEBUG: 	chain_small_gap_penalty=0.5
[2026-04-13 15:54:53] DEBUG: 	chain_gap_jump_threshold=100
[2026-04-13 15:54:53] DEBUG: 	max_jump_gap=500
[2026-04-13 15:54:53] DEBUG: 	max_coverage_drop_rate=5
[2026-04-13 15:54:53] DEBUG: 	max_extensions_drop_rate=5
[2026-04-13 15:54:53] DEBUG: 	chimera_window=100
[2026-04-13 15:54:53] DEBUG: 	chimera_overhang=1000
[2026-04-13 15:54:53] DEBUG: 	min_reads_in_disjointig=4
[2026-04-13 15:54:53] DEBUG: 	max_inner_reads=10
[2026-04-13 15:54:53] DEBUG: 	max_inner_fraction=0.25
[2026-04-13 15:54:53] DEBUG: 	aggressive_dup_filter=1
[2026-04-13 15:54:53] DEBUG: 	max_separation=500
[2026-04-13 15:54:53] DEBUG: 	unique_edge_length=50000
[2026-04-13 15:54:53] DEBUG: 	min_repeat_res_support=0.51
[2026-04-13 15:54:53] DEBUG: 	out_paths_ratio=5
[2026-04-13 15:54:53] DEBUG: 	graph_cov_drop_rate=5
[2026-04-13 15:54:53] DEBUG: 	coverage_estimate_window=100
[2026-04-13 15:54:53] DEBUG: 	max_bubble_length=50000
[2026-04-13 15:54:53] DEBUG: 	loop_coverage_rate=1.5
[2026-04-13 15:54:53] DEBUG: 	repeat_edge_cov_mult=1.75
[2026-04-13 15:54:53] DEBUG: 	weak_detach_rate=5
[2026-04-13 15:54:53] DEBUG: 	tip_coverage_rate=2
[2026-04-13 15:54:53] DEBUG: 	tip_length_rate=2
[2026-04-13 15:54:53] DEBUG: 	output_gfa_before_rr=1
[2026-04-13 15:54:53] DEBUG: 	remove_alt_edges=0
[2026-04-13 15:54:53] DEBUG: 	low_cutoff_warning=1
[2026-04-13 15:54:53] DEBUG: 	kmer_size=17
[2026-04-13 15:54:53] DEBUG: 	use_minimizers=0
[2026-04-13 15:54:53] DEBUG: 	reads_base_alignment=0
[2026-04-13 15:54:53] DEBUG: 	meta_read_top_kmer_rate=0.40
[2026-04-13 15:54:53] DEBUG: 	maximum_jump=1500
[2026-04-13 15:54:53] DEBUG: 	maximum_overhang=1500
[2026-04-13 15:54:53] DEBUG: 	repeat_kmer_rate=100
[2026-04-13 15:54:53] DEBUG: 	assemble_ovlp_divergence=0.10
[2026-04-13 15:54:53] DEBUG: 	assemble_divergence_relative=1
[2026-04-13 15:54:53] DEBUG: 	repeat_graph_ovlp_divergence=0.08
[2026-04-13 15:54:53] DEBUG: 	read_align_ovlp_divergence=0.25
[2026-04-13 15:54:53] DEBUG: 	hpc_scoring_on=0
[2026-04-13 15:54:53] DEBUG: 	add_unassembled_reads=0
[2026-04-13 15:54:53] DEBUG: 	extend_contigs_with_repeats=0
[2026-04-13 15:54:53] DEBUG: 	min_read_cov_cutoff=3
[2026-04-13 15:54:53] DEBUG: 	short_tip_length=20000
[2026-04-13 15:54:53] DEBUG: 	long_tip_length=100000
[2026-04-13 15:54:53] DEBUG: Running with k-mer size: 17
[2026-04-13 15:54:53] DEBUG: Running with minimum overlap 1000
[2026-04-13 15:54:53] DEBUG: Metagenome mode: N
[2026-04-13 15:54:53] DEBUG: Short mode: N
[2026-04-13 15:54:53] INFO: Reading sequences
[2026-04-13 15:54:53] DEBUG: Building positional index
[2026-04-13 15:54:53] DEBUG: Total sequence: 532408 bp
[2026-04-13 15:54:55] INFO: Counting k-mers:
[2026-04-13 15:54:55] DEBUG: Updating k-mer histogram
[2026-04-13 15:56:01] DEBUG: Hash size: 6623
[2026-04-13 15:56:01] DEBUG: Total k-mers 128446
[2026-04-13 15:56:01] INFO: Filling index table (1/2)
[2026-04-13 15:56:01] DEBUG: Mean k-mer frequency: 11.2309
[2026-04-13 15:56:01] DEBUG: Repetitive k-mer frequency: 1123
[2026-04-13 15:56:01] DEBUG: Filtered 0 repetitive k-mers (0)
[2026-04-13 15:56:01] INFO: Filling index table (2/2)
[2026-04-13 15:56:01] DEBUG: Sorting k-mer index
[2026-04-13 15:56:01] DEBUG: Selected k-mers: 20824
[2026-04-13 15:56:01] DEBUG: Index size: 230590
[2026-04-13 15:56:01] DEBUG: Mean k-mer index frequency: 11.0733
[2026-04-13 15:56:01] DEBUG: Peak RAM usage: 8 Gb
[2026-04-13 15:56:01] DEBUG: Estimating k-mer identity bias
[2026-04-13 15:57:57] DEBUG: Initial divergence estimate : 0.05887
[2026-04-13 15:57:57] DEBUG: Relative threshold: Y
[2026-04-13 15:57:57] DEBUG: Max divergence threshold set to 0.15887
[2026-04-13 15:57:57] INFO: Extending reads
[2026-04-13 15:57:57] DEBUG: Estimating overlap coverage
[2026-04-13 15:59:44] INFO: Overlap-based coverage: 5
[2026-04-13 15:59:44] INFO: Median overlap divergence: 0.0589609
[2026-04-13 15:59:44] DEBUG: Sequence divergence distribution: 

    |          *                    |                                                                    
    |          *                    |                                                                    
    |          *                    |                                                                    
    |          *                    |                                                                    
    |          *                    |                                                                    
    |          *                    |                                                                    
    |          *                    |                                                                    
    |          *                    |                                                                    
    |          *                    |                                                                    
    |         ***                   |                                                                    
    |         ***                   |                                                                    
    |         ***                   |                                                                    
    |         *** *                 |                                                                    
    |         *** **                |                                                                    
    |      *  ******                |                                                                    
    |  * * ** *******      *        |                                                                    
    |  *** ** ******** *   *   * *  |                                                                    
    |  *** *************   *   ***  |                                                                    
    |  ******************  * * ***  |   * *             *                                                
    |********************  *********** ** *   *   *     *                         *                      
    ----------------------------------------------------------------------------------------------------
    0%        5%        10%       15%       20%       25%       30%       35%       40%       45%       

    Q25 = 0.048, Q50 = 0.059, Q75 = 0.092

[2026-04-13 15:59:45] DEBUG: Assembled disjointig 1
	With 2 reads
	Start read: +1d46aea0-3bcf-4550-af61-384e9ca0bbf7
	At position: 1
	leftTip: 1 rightTip: 1
	Suspicious: 1
	Short ext: 0
	Mean extensions: 0
	Avg overlap len: 2408
	Min overlap len: 2408
	Inner reads: 0
	Length: 5193
[2026-04-13 15:59:45] DEBUG: Inner: 6 covered: 38 total: 430
[2026-04-13 15:59:46] DEBUG: Assembled disjointig 2
	With 1 reads
	Start read: +286c7c36-8a3b-4737-9edb-c1bde85990fb
	At position: 1
	leftTip: 1 rightTip: 1
	Suspicious: 0
	Short ext: 0
	Mean extensions: 0
	Avg overlap len: 0
	Min overlap len: 0
	Inner reads: 0
	Length: 3197
[2026-04-13 15:59:46] DEBUG: Inner: 10 covered: 70 total: 430
[2026-04-13 15:59:47] DEBUG: Assembled disjointig 3
	With 6 reads
	Start read: +28d92dfa-8cd4-40f4-ad5c-9d4d310bb638
	At position: 5
	leftTip: 0 rightTip: 0
	Suspicious: 0
	Short ext: 0
	Mean extensions: 3
	Avg overlap len: 2973
	Min overlap len: 2567
	Inner reads: 0
	Length: 13780
[2026-04-13 15:59:47] DEBUG: Inner: 78 covered: 138 total: 430
[2026-04-13 15:59:47] DEBUG: Assembled disjointig 4
	With 1 reads
	Start read: +f55cad33-4ef6-45ae-8b13-fde7ee150e92
	At position: 1
	leftTip: 1 rightTip: 1
	Suspicious: 0
	Short ext: 0
	Mean extensions: 0
	Avg overlap len: 0
	Min overlap len: 0
	Inner reads: 0
	Length: 2641
[2026-04-13 15:59:47] DEBUG: Inner: 88 covered: 154 total: 430
[2026-04-13 15:59:48] DEBUG: Assembled disjointig 5
	With 2 reads
	Start read: +29ea5380-eb36-4d93-a0a4-d73417d59941
	At position: 1
	leftTip: 1 rightTip: 0
	Suspicious: 0
	Short ext: 0
	Mean extensions: 1
	Avg overlap len: 1930
	Min overlap len: 1930
	Inner reads: 0
	Length: 6030
[2026-04-13 15:59:48] DEBUG: Inner: 116 covered: 180 total: 430
[2026-04-13 15:59:48] DEBUG: Assembled disjointig 6
	With 3 reads
	Start read: +eee6a740-4a31-47f8-bd23-5ca7782748d3
	At position: 2
	leftTip: 1 rightTip: 0
	Suspicious: 2
	Short ext: 0
	Mean extensions: 1
	Avg overlap len: 2805
	Min overlap len: 2243
	Inner reads: 0
	Length: 18739
[2026-04-13 15:59:48] DEBUG: Inner: 140 covered: 240 total: 430
[2026-04-13 15:59:49] DEBUG: Assembled disjointig 7
	With 2 reads
	Start read: +5ef46f46-15e2-43dc-8aea-c2cf48c25e29
	At position: 2
	leftTip: 1 rightTip: 1
	Suspicious: 1
	Short ext: 0
	Mean extensions: 0
	Avg overlap len: 2372
	Min overlap len: 2372
	Inner reads: 0
	Length: 8816
[2026-04-13 15:59:49] DEBUG: Inner: 152 covered: 290 total: 430
[2026-04-13 15:59:50] DEBUG: Assembled disjointig 8
	With 1 reads
	Start read: +3cb7a5e7-a81b-4215-aa82-ab1f411a94ef
	At position: 1
	leftTip: 1 rightTip: 1
	Suspicious: 0
	Short ext: 0
	Mean extensions: 0
	Avg overlap len: 0
	Min overlap len: 0
	Inner reads: 0
	Length: 2498
[2026-04-13 15:59:50] DEBUG: Inner: 156 covered: 356 total: 430
[2026-04-13 15:59:51] DEBUG: Assembled disjointig 9
	With 1 reads
	Start read: +e2bd17c0-a970-4dd7-861e-02f6d4b89205
	At position: 1
	leftTip: 1 rightTip: 1
	Suspicious: 0
	Short ext: 0
	Mean extensions: 0
	Avg overlap len: 0
	Min overlap len: 0
	Inner reads: 0
	Length: 2957
[2026-04-13 15:59:51] DEBUG: Inner: 160 covered: 376 total: 430
[2026-04-13 15:59:51] DEBUG: Assembled disjointig 10
	With 3 reads
	Start read: +37b0f430-cc8d-4128-bc47-98701c894e57
	At position: 3
	leftTip: 0 rightTip: 1
	Suspicious: 2
	Short ext: 0
	Mean extensions: 1
	Avg overlap len: 4491
	Min overlap len: 2432
	Inner reads: 0
	Length: 9043
[2026-04-13 15:59:51] DEBUG: Inner: 164 covered: 386 total: 430
[2026-04-13 15:59:53] INFO: Assembled 10 disjointigs
[2026-04-13 15:59:53] INFO: Generating sequence
[2026-04-13 15:59:53] DEBUG: Building positional index
[2026-04-13 15:59:53] DEBUG: Total sequence: 63435 bp
[2026-04-13 15:59:53] DEBUG: Mean k-mer frequency: 9.92237
[2026-04-13 15:59:53] DEBUG: Repetitive k-mer frequency: 992
[2026-04-13 15:59:53] DEBUG: Filtered 0 repetitive k-mers (0)
[2026-04-13 15:59:53] DEBUG: Sorting k-mer index
[2026-04-13 15:59:53] DEBUG: Selected k-mers: 6375
[2026-04-13 15:59:53] DEBUG: K-mer index size: 63265
[2026-04-13 15:59:53] DEBUG: Mean k-mer frequency: 9.92392
[2026-04-13 15:59:53] DEBUG: Minimizer rate: 1.00269
[2026-04-13 15:59:53] INFO: Filtering contained disjointigs
[2026-04-13 16:00:19] DEBUG: Computing transitive closure for overlaps
[2026-04-13 16:00:19] DEBUG: Found 34 overlaps
[2026-04-13 16:00:19] DEBUG: Left 32 overlaps after filtering
[2026-04-13 16:00:19] INFO: Contained seqs: 5
[2026-04-13 16:00:19] DEBUG: Writing FASTA
[2026-04-13 16:00:19] DEBUG: Peak RAM usage: 8 Gb
-----------End assembly log------------
[2026-04-13 16:00:19] root: DEBUG: Disjointigs length: 48247, N50: 8816
[2026-04-13 16:00:19] root: INFO: >>>STAGE: consensus
[2026-04-13 16:00:19] root: INFO: Running Minimap2
[2026-04-13 16:00:22] root: INFO: Computing consensus
[2026-04-13 16:00:22] root: INFO: Alignment error rate: 0.134173
[2026-04-13 16:00:22] root: INFO: >>>STAGE: repeat
[2026-04-13 16:00:22] root: INFO: Building and resolving repeat graph
[2026-04-13 16:00:22] root: DEBUG: -----Begin repeat analyser log------
[2026-04-13 16:00:22] root: DEBUG: Running: flye-modules repeat --disjointigs /scratch/noe/sugarcane_projet/results/4_assembly/Barcode77_unmapped.fastq/10-consensus/consensus.fasta --reads /scratch/noe/sugarcane_projet/results/2_mapping/Barcode77_unmapped.fastq --out-dir /scratch/noe/sugarcane_projet/results/4_assembly/Barcode77_unmapped.fastq/20-repeat --config /usr/local/lib/python3.10/dist-packages/flye/config/bin_cfg/asm_raw_reads.cfg --log /scratch/noe/sugarcane_projet/results/4_assembly/Barcode77_unmapped.fastq/flye.log --threads 4 --min-ovlp 1000
[2026-04-13 16:00:22] DEBUG: Build date: Dec  3 2025 16:34:21
[2026-04-13 16:00:22] DEBUG: Total RAM: 251 Gb
[2026-04-13 16:00:22] DEBUG: Available RAM: 238 Gb
[2026-04-13 16:00:22] DEBUG: Total CPUs: 32
[2026-04-13 16:00:22] DEBUG: Loading /usr/local/lib/python3.10/dist-packages/flye/config/bin_cfg/asm_raw_reads.cfg
[2026-04-13 16:00:22] DEBUG: Loading /usr/local/lib/python3.10/dist-packages/flye/config/bin_cfg/asm_defaults.cfg
[2026-04-13 16:00:22] DEBUG: 	big_genome_threshold=29000000
[2026-04-13 16:00:22] DEBUG: 	meta_read_filter_kmer_freq=100
[2026-04-13 16:00:22] DEBUG: 	chain_large_gap_penalty=2
[2026-04-13 16:00:22] DEBUG: 	chain_small_gap_penalty=0.5
[2026-04-13 16:00:22] DEBUG: 	chain_gap_jump_threshold=100
[2026-04-13 16:00:22] DEBUG: 	max_jump_gap=500
[2026-04-13 16:00:22] DEBUG: 	max_coverage_drop_rate=5
[2026-04-13 16:00:22] DEBUG: 	max_extensions_drop_rate=5
[2026-04-13 16:00:22] DEBUG: 	chimera_window=100
[2026-04-13 16:00:22] DEBUG: 	chimera_overhang=1000
[2026-04-13 16:00:22] DEBUG: 	min_reads_in_disjointig=4
[2026-04-13 16:00:22] DEBUG: 	max_inner_reads=10
[2026-04-13 16:00:22] DEBUG: 	max_inner_fraction=0.25
[2026-04-13 16:00:22] DEBUG: 	aggressive_dup_filter=1
[2026-04-13 16:00:22] DEBUG: 	max_separation=500
[2026-04-13 16:00:22] DEBUG: 	unique_edge_length=50000
[2026-04-13 16:00:22] DEBUG: 	min_repeat_res_support=0.51
[2026-04-13 16:00:22] DEBUG: 	out_paths_ratio=5
[2026-04-13 16:00:22] DEBUG: 	graph_cov_drop_rate=5
[2026-04-13 16:00:22] DEBUG: 	coverage_estimate_window=100
[2026-04-13 16:00:22] DEBUG: 	max_bubble_length=50000
[2026-04-13 16:00:22] DEBUG: 	loop_coverage_rate=1.5
[2026-04-13 16:00:22] DEBUG: 	repeat_edge_cov_mult=1.75
[2026-04-13 16:00:22] DEBUG: 	weak_detach_rate=5
[2026-04-13 16:00:22] DEBUG: 	tip_coverage_rate=2
[2026-04-13 16:00:22] DEBUG: 	tip_length_rate=2
[2026-04-13 16:00:22] DEBUG: 	output_gfa_before_rr=1
[2026-04-13 16:00:22] DEBUG: 	remove_alt_edges=0
[2026-04-13 16:00:22] DEBUG: 	low_cutoff_warning=1
[2026-04-13 16:00:22] DEBUG: 	kmer_size=17
[2026-04-13 16:00:22] DEBUG: 	use_minimizers=0
[2026-04-13 16:00:22] DEBUG: 	reads_base_alignment=0
[2026-04-13 16:00:22] DEBUG: 	meta_read_top_kmer_rate=0.40
[2026-04-13 16:00:22] DEBUG: 	maximum_jump=1500
[2026-04-13 16:00:22] DEBUG: 	maximum_overhang=1500
[2026-04-13 16:00:22] DEBUG: 	repeat_kmer_rate=100
[2026-04-13 16:00:22] DEBUG: 	assemble_ovlp_divergence=0.10
[2026-04-13 16:00:22] DEBUG: 	assemble_divergence_relative=1
[2026-04-13 16:00:22] DEBUG: 	repeat_graph_ovlp_divergence=0.08
[2026-04-13 16:00:22] DEBUG: 	read_align_ovlp_divergence=0.25
[2026-04-13 16:00:22] DEBUG: 	hpc_scoring_on=0
[2026-04-13 16:00:22] DEBUG: 	add_unassembled_reads=0
[2026-04-13 16:00:22] DEBUG: 	extend_contigs_with_repeats=0
[2026-04-13 16:00:22] DEBUG: 	min_read_cov_cutoff=3
[2026-04-13 16:00:22] DEBUG: 	short_tip_length=20000
[2026-04-13 16:00:22] DEBUG: 	long_tip_length=100000
[2026-04-13 16:00:22] DEBUG: Running with k-mer size: 17
[2026-04-13 16:00:22] DEBUG: Selected minimum overlap 1000
[2026-04-13 16:00:22] DEBUG: Metagenome mode: N
[2026-04-13 16:00:22] INFO: Parsing disjointigs
[2026-04-13 16:00:22] DEBUG: Building positional index
[2026-04-13 16:00:22] DEBUG: Total sequence: 44231 bp
[2026-04-13 16:00:22] INFO: Building repeat graph
[2026-04-13 16:00:22] DEBUG: Mean k-mer frequency: 6.26807
[2026-04-13 16:00:22] DEBUG: Repetitive k-mer frequency: 626
[2026-04-13 16:00:22] DEBUG: Filtered 0 repetitive k-mers (0)
[2026-04-13 16:00:22] DEBUG: Sorting k-mer index
[2026-04-13 16:00:22] DEBUG: Selected k-mers: 7042
[2026-04-13 16:00:22] DEBUG: K-mer index size: 44146
[2026-04-13 16:00:22] DEBUG: Mean k-mer frequency: 6.26896
[2026-04-13 16:00:22] DEBUG: Minimizer rate: 1.00193
[2026-04-13 16:00:32] DEBUG: Computing transitive closure for overlaps
[2026-04-13 16:00:32] DEBUG: Found 316 overlaps
[2026-04-13 16:00:32] DEBUG: Left 104 overlaps after filtering
[2026-04-13 16:00:32] INFO: Median overlap divergence: 0.175158
[2026-04-13 16:00:32] DEBUG: Sequence divergence distribution: 

    |  *             |        *       * *                                *  *                            
    |  *             |        *       * *                                *  *                            
    |  *             |        *       * *                                *  *                            
    |  *             |        *       * *                                *  *                            
    |  *             |        *       * *                                *  *                            
    |  *             |        *       * *                                *  *                            
    |  *             |        *       * *                                *  *                            
    |  *             |        *       * *                                *  *                            
    |  *             |        *       * *                                *  *                            
    |  *             |        *       * *                                *  *                            
    |  *             |        *       * *                                *  *                            
    |  *             |        *       * *                                *  *                            
    |  *             |        *       * *                                *  *                            
    |  *             |        *       * *                                *  *                            
    |  *             |        *       * *                                *  *                            
    |  *             |        *       * *                                *  *                            
    |  *             |        *       * *                                *  *                            
    |  *             |        *       * *                                *  *                            
    |  *             |        *       * *                                *  *                            
    |  *             |        *       * *                                *  *                            
    ----------------------------------------------------------------------------------------------------
    0%        5%        10%       15%       20%       25%       30%       35%       40%       45%       

    Q25 = 0.13, Q50 = 0.18, Q75 = 0.34

[2026-04-13 16:00:32] DEBUG: Computing gluepoints
[2026-04-13 16:00:32] DEBUG: Added 5 gluepoint projections
[2026-04-13 16:00:32] DEBUG: Added 3 gluepoint projections
[2026-04-13 16:00:32] DEBUG: Added 1 gluepoint projections
[2026-04-13 16:00:32] DEBUG: Added 0 gluepoint projections
[2026-04-13 16:00:32] DEBUG: Created 100 gluepoints
[2026-04-13 16:00:32] DEBUG: Artificial loops removed: 0 left, 0 right, 0 both
[2026-04-13 16:00:32] DEBUG: Initializing edges
[2026-04-13 16:00:32] DEBUG: Edges length checksum: 75967580
[2026-04-13 16:00:32] DEBUG: Filtered 0 singleton segments
[2026-04-13 16:00:32] DEBUG: Removed 0 simple and 0 double chimeric junctions
[2026-04-13 16:00:32] DEBUG: Collapsed 0 edges
[2026-04-13 16:00:32] DEBUG:  	1	+disjointig_1	0	505	505	
[2026-04-13 16:00:32] DEBUG:  	2	+disjointig_1	505	1495	990	
[2026-04-13 16:00:32] DEBUG:  	1	+disjointig_1	1495	2000	505	
[2026-04-13 16:00:32] DEBUG:  	2	+disjointig_1	2000	2956	956	
[2026-04-13 16:00:32] DEBUG:  	1	+disjointig_1	2956	3586	630	
[2026-04-13 16:00:32] DEBUG:  	2	+disjointig_1	3586	4543	957	
[2026-04-13 16:00:32] DEBUG:  	1	+disjointig_1	4543	5168	625	
[2026-04-13 16:00:32] DEBUG:  	3	+disjointig_3	0	2964	2964	
[2026-04-13 16:00:32] DEBUG: *	4	+disjointig_3	2964	3990	1026	
[2026-04-13 16:00:32] DEBUG:  	-3	+disjointig_3	3990	7736	3746	
[2026-04-13 16:00:32] DEBUG: *	5	+disjointig_5	0	5079	5079	
[2026-04-13 16:00:32] DEBUG:  	6	+disjointig_6	0	2846	2846	
[2026-04-13 16:00:32] DEBUG: *	7	+disjointig_6	2846	3532	686	
[2026-04-13 16:00:32] DEBUG:  	6	+disjointig_6	3532	4830	1298	
[2026-04-13 16:00:32] DEBUG: *	8	+disjointig_6	4830	8300	3470	
[2026-04-13 16:00:32] DEBUG:  	-6	+disjointig_6	8300	17220	8920	
[2026-04-13 16:00:32] DEBUG: *	9	+disjointig_7	0	2768	2768	
[2026-04-13 16:00:32] DEBUG:  	10	+disjointig_7	2768	6628	3860	
[2026-04-13 16:00:32] DEBUG: *	11	+disjointig_7	6628	8475	1847	
[2026-04-13 16:00:32] DEBUG: Total edges: 11
[2026-04-13 16:00:32] INFO: Parsing reads
[2026-04-13 16:00:32] DEBUG: Building positional index
[2026-04-13 16:00:32] DEBUG: Total sequence: 804110 bp
[2026-04-13 16:00:32] DEBUG: Building positional index
[2026-04-13 16:00:32] DEBUG: Total sequence: 43678 bp
[2026-04-13 16:00:32] INFO: Aligning reads to the graph
[2026-04-13 16:00:32] DEBUG: Mean k-mer frequency: 6.22108
[2026-04-13 16:00:32] DEBUG: Repetitive k-mer frequency: 622
[2026-04-13 16:00:32] DEBUG: Filtered 0 repetitive k-mers (0)
[2026-04-13 16:00:32] DEBUG: Sorting k-mer index
[2026-04-13 16:00:32] DEBUG: Selected k-mers: 6897
[2026-04-13 16:00:32] DEBUG: K-mer index size: 42913
[2026-04-13 16:00:32] DEBUG: Mean k-mer frequency: 6.22198
[2026-04-13 16:00:32] DEBUG: Minimizer rate: 1.01783
[2026-04-13 16:00:33] DEBUG: Total reads : 215
[2026-04-13 16:00:33] DEBUG: Read with aligned parts : 80
[2026-04-13 16:00:33] DEBUG: Aligned in one piece : 77
[2026-04-13 16:00:33] INFO: Aligned read sequence: 191558 / 532408 (0.359795)
[2026-04-13 16:00:33] INFO: Median overlap divergence: 0.0298661
[2026-04-13 16:00:33] DEBUG: Sequence divergence distribution: 

    | *                                                |                                                 
    | *                                                |                                                 
    | *                                                |                                                 
    | *                                                |                                                 
    | *                                                |                                                 
    | *  *                                             |                                                 
    | *  *                                             |                                                 
    | *  *                                             |                                                 
    | *  *                                             |                                                 
    | *  *                                             |                                                 
    | ** **                                            |                                                 
    |******                                            |                                                 
    |******                                            |                                                 
    |********               *                          |                                                 
    |********               *                          |                                                 
    |********               * *                        |                                                 
    |********** * *   *     ***   *                    |                                                 
    |********** * *   *     ***   *                    |                                                 
    |************ *  **  ** *******   ** **            |    *                                            
    |************ *  **  ** *******   ** **            |    *                                            
    ----------------------------------------------------------------------------------------------------
    0%        5%        10%       15%       20%       25%       30%       35%       40%       45%       

    Q25 = 0.014, Q50 = 0.03, Q75 = 0.1

[2026-04-13 16:00:33] INFO: Mean edge coverage: 9
[2026-04-13 16:00:33] DEBUG: 1	len:566	cov:17	mult:1.88889
[2026-04-13 16:00:33] DEBUG: -1	len:566	cov:17	mult:1.88889
[2026-04-13 16:00:33] DEBUG: 2	len:967	cov:1	mult:0.111111
[2026-04-13 16:00:33] DEBUG: -2	len:967	cov:1	mult:0.111111
[2026-04-13 16:00:33] DEBUG: 3	len:610	cov:125	mult:13.8889
[2026-04-13 16:00:33] DEBUG: -3	len:610	cov:125	mult:13.8889
[2026-04-13 16:00:33] DEBUG: 4	len:1026	cov:19	mult:2.11111
[2026-04-13 16:00:33] DEBUG: -4	len:1026	cov:19	mult:2.11111
[2026-04-13 16:00:33] DEBUG: 5	len:5079	cov:7	mult:0.777778
[2026-04-13 16:00:33] DEBUG: -5	len:5079	cov:7	mult:0.777778
[2026-04-13 16:00:33] DEBUG: 6	len:687	cov:40	mult:4.44444
[2026-04-13 16:00:33] DEBUG: -6	len:687	cov:40	mult:4.44444
[2026-04-13 16:00:33] DEBUG: 7	len:686	cov:12	mult:1.33333
[2026-04-13 16:00:33] DEBUG: -7	len:686	cov:12	mult:1.33333
[2026-04-13 16:00:33] DEBUG: 8	len:3470	cov:4	mult:0.444444
[2026-04-13 16:00:33] DEBUG: -8	len:3470	cov:4	mult:0.444444
[2026-04-13 16:00:33] DEBUG: 9	len:2768	cov:2	mult:0.222222
[2026-04-13 16:00:33] DEBUG: -9	len:2768	cov:2	mult:0.222222
[2026-04-13 16:00:33] DEBUG: 10	len:1930	cov:3	mult:0.333333
[2026-04-13 16:00:33] DEBUG: -10	len:1930	cov:3	mult:0.333333
[2026-04-13 16:00:33] DEBUG: 11	len:1847	cov:4	mult:0.444444
[2026-04-13 16:00:33] DEBUG: -11	len:1847	cov:4	mult:0.444444
[2026-04-13 16:00:33] DEBUG: Unique coverage threshold 21
[2026-04-13 16:00:33] INFO: Simplifying the graph
[2026-04-13 16:00:33] DEBUG: Read coverage cutoff: 3
[2026-04-13 16:00:33] DEBUG: [SIMPL] Removed 0 paths with low coverage
[2026-04-13 16:00:33] DEBUG: Bubble-loop: {9,2768,2} {11,1847,4}
[2026-04-13 16:00:33] DEBUG: 	Internal: {10,1930,3}
[2026-04-13 16:00:33] DEBUG: [SIMPL] Masked 1 heterozygous loops
[2026-04-13 16:00:33] DEBUG: [SIMPL] Masked 0 simple bubbles
[2026-04-13 16:00:33] DEBUG: Finding repeats
[2026-04-13 16:00:33] DEBUG: Read coverage cutoff: 3
[2026-04-13 16:00:33] DEBUG: Low-coverage: 2 1
[2026-04-13 16:00:33] DEBUG: Low-coverage: 9 2
[2026-04-13 16:00:33] DEBUG: Short-loop: 1
[2026-04-13 16:00:33] DEBUG: Short-loop: 2
[2026-04-13 16:00:33] DEBUG: High-cov: 3	610	125
[2026-04-13 16:00:33] DEBUG: Short-loop: 3
[2026-04-13 16:00:33] DEBUG: High-cov: 6	687	40
[2026-04-13 16:00:33] DEBUG: Short-loop: 6
[2026-04-13 16:00:33] DEBUG: Short-loop: 7
[2026-04-13 16:00:33] DEBUG: Short-loop: 10
[2026-04-13 16:00:33] DEBUG: Haplo-edge: 10
[2026-04-13 16:00:33] DEBUG: Repeat detection iteration 1
[2026-04-13 16:00:33] DEBUG: Writing Dot
[2026-04-13 16:00:33] DEBUG: Writing FASTA
[2026-04-13 16:00:33] DEBUG: Writing Gfa
[2026-04-13 16:00:33] DEBUG: [SIMPL] == Iteration 1 ==
[2026-04-13 16:00:33] DEBUG: Splitting nodes
[2026-04-13 16:00:33] DEBUG: [SIMPL] Split 3 nodes
[2026-04-13 16:00:33] DEBUG: Tip 2 len:967 cov:1
[2026-04-13 16:00:33] DEBUG: Tip -8 len:3470 cov:4
[2026-04-13 16:00:33] DEBUG: Tip -9 len:2768 cov:2
[2026-04-13 16:00:33] DEBUG: [SIMPL] Clipped 3 short and 0 long tips
[2026-04-13 16:00:33] DEBUG: [SIMPL] Masked 0 heterozygous loops
[2026-04-13 16:00:33] DEBUG: [SIMPL] Masked 0 simple bubbles
[2026-04-13 16:00:33] DEBUG: Finding repeats
[2026-04-13 16:00:33] DEBUG: Read coverage cutoff: 3
[2026-04-13 16:00:33] DEBUG: Low-coverage: 2 1
[2026-04-13 16:00:33] DEBUG: Low-coverage: 9 2
[2026-04-13 16:00:33] DEBUG: Short-loop: 1
[2026-04-13 16:00:33] DEBUG: High-cov: 3	610	125
[2026-04-13 16:00:33] DEBUG: Short-loop: 3
[2026-04-13 16:00:33] DEBUG: High-cov: 6	687	40
[2026-04-13 16:00:33] DEBUG: Short-loop: 6
[2026-04-13 16:00:33] DEBUG: Short-loop: 7
[2026-04-13 16:00:33] DEBUG: Short-loop: 10
[2026-04-13 16:00:33] DEBUG: Repeat detection iteration 1
[2026-04-13 16:00:33] DEBUG: Total unique edges: 4
[2026-04-13 16:00:33] DEBUG: [SIMPL] Resolved repeats: 0
[2026-04-13 16:00:33] DEBUG: RR links: 0
[2026-04-13 16:00:33] DEBUG: Unresolved: 0
[2026-04-13 16:00:33] DEBUG: Removed 0 simple and 0 double chimeric junctions
[2026-04-13 16:00:33] DEBUG: [SIMPL] == Iteration 2 ==
[2026-04-13 16:00:33] DEBUG: Splitting nodes
[2026-04-13 16:00:33] DEBUG: [SIMPL] Split 0 nodes
[2026-04-13 16:00:33] DEBUG: [SIMPL] Clipped 0 short and 0 long tips
[2026-04-13 16:00:33] DEBUG: [SIMPL] Masked 0 heterozygous loops
[2026-04-13 16:00:33] DEBUG: [SIMPL] Masked 0 simple bubbles
[2026-04-13 16:00:33] DEBUG: Finding repeats
[2026-04-13 16:00:33] DEBUG: Read coverage cutoff: 3
[2026-04-13 16:00:33] DEBUG: Low-coverage: 2 1
[2026-04-13 16:00:33] DEBUG: Low-coverage: 9 2
[2026-04-13 16:00:33] DEBUG: Short-loop: 1
[2026-04-13 16:00:33] DEBUG: High-cov: 3	610	125
[2026-04-13 16:00:33] DEBUG: Short-loop: 3
[2026-04-13 16:00:33] DEBUG: High-cov: 6	687	40
[2026-04-13 16:00:33] DEBUG: Short-loop: 6
[2026-04-13 16:00:33] DEBUG: Short-loop: 7
[2026-04-13 16:00:33] DEBUG: Short-loop: 10
[2026-04-13 16:00:33] DEBUG: Repeat detection iteration 1
[2026-04-13 16:00:33] DEBUG: Total unique edges: 4
[2026-04-13 16:00:33] DEBUG: [SIMPL] Resolved repeats: 0
[2026-04-13 16:00:33] DEBUG: RR links: 0
[2026-04-13 16:00:33] DEBUG: Unresolved: 0
[2026-04-13 16:00:33] DEBUG: Removed 0 simple and 0 double chimeric junctions
[2026-04-13 16:00:33] DEBUG: [SIMPL] Collapsed 0 haplotypes
[2026-04-13 16:00:33] DEBUG: [SIMPL] Resolved 0 simple repeats
[2026-04-13 16:00:33] DEBUG: Read coverage cutoff: 3
[2026-04-13 16:00:33] DEBUG: [SIMPL] Removed 2 paths with low coverage
[2026-04-13 16:00:33] DEBUG: Finding repeats
[2026-04-13 16:00:33] DEBUG: Read coverage cutoff: 3
[2026-04-13 16:00:33] DEBUG: Short-loop: 1
[2026-04-13 16:00:33] DEBUG: High-cov: 3	610	125
[2026-04-13 16:00:33] DEBUG: Short-loop: 3
[2026-04-13 16:00:33] DEBUG: High-cov: 6	687	40
[2026-04-13 16:00:33] DEBUG: Short-loop: 6
[2026-04-13 16:00:33] DEBUG: Short-loop: 7
[2026-04-13 16:00:33] DEBUG: Short-loop: 10
[2026-04-13 16:00:33] DEBUG: Repeat detection iteration 1
[2026-04-13 16:00:33] DEBUG: Writing Dot
[2026-04-13 16:00:33] DEBUG: Writing FASTA
[2026-04-13 16:00:33] DEBUG: Peak RAM usage: 0 Gb
-----------End assembly log------------
[2026-04-13 16:00:33] root: INFO: >>>STAGE: contigger
[2026-04-13 16:00:33] root: INFO: Generating contigs
[2026-04-13 16:00:33] root: DEBUG: -----Begin contigger analyser log------
[2026-04-13 16:00:33] root: DEBUG: Running: flye-modules contigger --graph-edges /scratch/noe/sugarcane_projet/results/4_assembly/Barcode77_unmapped.fastq/20-repeat/repeat_graph_edges.fasta --reads /scratch/noe/sugarcane_projet/results/2_mapping/Barcode77_unmapped.fastq --out-dir /scratch/noe/sugarcane_projet/results/4_assembly/Barcode77_unmapped.fastq/30-contigger --config /usr/local/lib/python3.10/dist-packages/flye/config/bin_cfg/asm_raw_reads.cfg --repeat-graph /scratch/noe/sugarcane_projet/results/4_assembly/Barcode77_unmapped.fastq/20-repeat/repeat_graph_dump --graph-aln /scratch/noe/sugarcane_projet/results/4_assembly/Barcode77_unmapped.fastq/20-repeat/read_alignment_dump --log /scratch/noe/sugarcane_projet/results/4_assembly/Barcode77_unmapped.fastq/flye.log --threads 4 --min-ovlp 1000
[2026-04-13 16:00:33] DEBUG: Build date: Dec  3 2025 16:34:29
[2026-04-13 16:00:33] DEBUG: Total RAM: 251 Gb
[2026-04-13 16:00:33] DEBUG: Available RAM: 238 Gb
[2026-04-13 16:00:33] DEBUG: Total CPUs: 32
[2026-04-13 16:00:33] DEBUG: Loading /usr/local/lib/python3.10/dist-packages/flye/config/bin_cfg/asm_raw_reads.cfg
[2026-04-13 16:00:33] DEBUG: Loading /usr/local/lib/python3.10/dist-packages/flye/config/bin_cfg/asm_defaults.cfg
[2026-04-13 16:00:33] DEBUG: 	big_genome_threshold=29000000
[2026-04-13 16:00:33] DEBUG: 	meta_read_filter_kmer_freq=100
[2026-04-13 16:00:33] DEBUG: 	chain_large_gap_penalty=2
[2026-04-13 16:00:33] DEBUG: 	chain_small_gap_penalty=0.5
[2026-04-13 16:00:33] DEBUG: 	chain_gap_jump_threshold=100
[2026-04-13 16:00:33] DEBUG: 	max_jump_gap=500
[2026-04-13 16:00:33] DEBUG: 	max_coverage_drop_rate=5
[2026-04-13 16:00:33] DEBUG: 	max_extensions_drop_rate=5
[2026-04-13 16:00:33] DEBUG: 	chimera_window=100
[2026-04-13 16:00:33] DEBUG: 	chimera_overhang=1000
[2026-04-13 16:00:33] DEBUG: 	min_reads_in_disjointig=4
[2026-04-13 16:00:33] DEBUG: 	max_inner_reads=10
[2026-04-13 16:00:33] DEBUG: 	max_inner_fraction=0.25
[2026-04-13 16:00:33] DEBUG: 	aggressive_dup_filter=1
[2026-04-13 16:00:33] DEBUG: 	max_separation=500
[2026-04-13 16:00:33] DEBUG: 	unique_edge_length=50000
[2026-04-13 16:00:33] DEBUG: 	min_repeat_res_support=0.51
[2026-04-13 16:00:33] DEBUG: 	out_paths_ratio=5
[2026-04-13 16:00:33] DEBUG: 	graph_cov_drop_rate=5
[2026-04-13 16:00:33] DEBUG: 	coverage_estimate_window=100
[2026-04-13 16:00:33] DEBUG: 	max_bubble_length=50000
[2026-04-13 16:00:33] DEBUG: 	loop_coverage_rate=1.5
[2026-04-13 16:00:33] DEBUG: 	repeat_edge_cov_mult=1.75
[2026-04-13 16:00:33] DEBUG: 	weak_detach_rate=5
[2026-04-13 16:00:33] DEBUG: 	tip_coverage_rate=2
[2026-04-13 16:00:33] DEBUG: 	tip_length_rate=2
[2026-04-13 16:00:33] DEBUG: 	output_gfa_before_rr=1
[2026-04-13 16:00:33] DEBUG: 	remove_alt_edges=0
[2026-04-13 16:00:33] DEBUG: 	low_cutoff_warning=1
[2026-04-13 16:00:33] DEBUG: 	kmer_size=17
[2026-04-13 16:00:33] DEBUG: 	use_minimizers=0
[2026-04-13 16:00:33] DEBUG: 	reads_base_alignment=0
[2026-04-13 16:00:33] DEBUG: 	meta_read_top_kmer_rate=0.40
[2026-04-13 16:00:33] DEBUG: 	maximum_jump=1500
[2026-04-13 16:00:33] DEBUG: 	maximum_overhang=1500
[2026-04-13 16:00:33] DEBUG: 	repeat_kmer_rate=100
[2026-04-13 16:00:33] DEBUG: 	assemble_ovlp_divergence=0.10
[2026-04-13 16:00:33] DEBUG: 	assemble_divergence_relative=1
[2026-04-13 16:00:33] DEBUG: 	repeat_graph_ovlp_divergence=0.08
[2026-04-13 16:00:33] DEBUG: 	read_align_ovlp_divergence=0.25
[2026-04-13 16:00:33] DEBUG: 	hpc_scoring_on=0
[2026-04-13 16:00:33] DEBUG: 	add_unassembled_reads=0
[2026-04-13 16:00:33] DEBUG: 	extend_contigs_with_repeats=0
[2026-04-13 16:00:33] DEBUG: 	min_read_cov_cutoff=3
[2026-04-13 16:00:33] DEBUG: 	short_tip_length=20000
[2026-04-13 16:00:33] DEBUG: 	long_tip_length=100000
[2026-04-13 16:00:33] DEBUG: Running with k-mer size: 17
[2026-04-13 16:00:33] DEBUG: Selected minimum overlap 1000
[2026-04-13 16:00:33] INFO: Reading sequences
[2026-04-13 16:00:33] DEBUG: Building positional index
[2026-04-13 16:00:33] DEBUG: Total sequence: 804110 bp
[2026-04-13 16:00:33] DEBUG: Flipped 0
[2026-04-13 16:00:33] DEBUG: UPath 1: 1
[2026-04-13 16:00:33] DEBUG: UPath 2: 3
[2026-04-13 16:00:33] DEBUG: UPath 3: 4
[2026-04-13 16:00:33] DEBUG: UPath 4: 5
[2026-04-13 16:00:33] DEBUG: UPath 5: 6
[2026-04-13 16:00:33] DEBUG: UPath 6: 7
[2026-04-13 16:00:33] DEBUG: UPath 7: 8
[2026-04-13 16:00:33] DEBUG: UPath 8: 10
[2026-04-13 16:00:33] DEBUG: UPath 9: 11
[2026-04-13 16:00:33] DEBUG: Final graph contains 9 egdes
[2026-04-13 16:00:33] DEBUG: Extending contigs into repeats
[2026-04-13 16:00:33] DEBUG: Covered 1 repetitive contigs
[2026-04-13 16:00:33] INFO: Generated 8 contigs
[2026-04-13 16:00:33] DEBUG: Writing FASTA
[2026-04-13 16:00:33] DEBUG: Generating scaffold connections
[2026-04-13 16:00:33] INFO: Added 0 scaffold connections
[2026-04-13 16:00:33] DEBUG: Writing Dot
[2026-04-13 16:00:33] DEBUG: Writing FASTA
[2026-04-13 16:00:33] DEBUG: Writing Gfa
[2026-04-13 16:00:33] DEBUG: Peak RAM usage: 0 Gb
-----------End assembly log------------
[2026-04-13 16:00:33] root: INFO: >>>STAGE: polishing
[2026-04-13 16:00:33] root: INFO: Polishing genome (1/1)
[2026-04-13 16:00:33] root: INFO: Running minimap2
[2026-04-13 16:00:35] root: INFO: Separating alignment into bubbles
[2026-04-13 16:00:35] root: DEBUG: Generated 695 bubbles
[2026-04-13 16:00:35] root: DEBUG: Split 1 long bubbles
[2026-04-13 16:00:35] root: DEBUG: Skipped 3 empty bubbles
[2026-04-13 16:00:35] root: DEBUG: Skipped 0 bubbles with long branches
[2026-04-13 16:00:35] root: INFO: Alignment error rate: 0.154165
[2026-04-13 16:00:35] root: INFO: Correcting bubbles
[2026-04-13 16:00:38] root: DEBUG: Mean contig coverage: 12, selected threshold: 3
[2026-04-13 16:00:38] root: DEBUG: Filtered 0 contigs of total length 0
[2026-04-13 16:00:38] root: DEBUG: Generating polished GFA
[2026-04-13 16:00:38] root: DEBUG: 2 sequences remained unpolished
[2026-04-13 16:00:38] root: INFO: >>>STAGE: finalize
[2026-04-13 16:00:38] root: DEBUG: ---Output dir contents:----
[2026-04-13 16:00:38] root: DEBUG: Barcode77_unmapped.fastq/
[2026-04-13 16:00:38] root: DEBUG:     37.0 K      flye.log
[2026-04-13 16:00:38] root: DEBUG:     92.0 B      params.json
[2026-04-13 16:00:38] root: DEBUG:     1.0 K       assembly_graph.gv
[2026-04-13 16:00:38] root: DEBUG:     16.0 K      assembly_graph.gfa
[2026-04-13 16:00:38] root: DEBUG:     21.0 K      assembly.fasta
[2026-04-13 16:00:38] root: DEBUG:     00-assembly/
[2026-04-13 16:00:38] root: DEBUG:         47.0 K      draft_assembly.fasta
[2026-04-13 16:00:38] root: DEBUG:         147.0 B     draft_assembly.fasta.fai
[2026-04-13 16:00:38] root: DEBUG:     10-consensus/
[2026-04-13 16:00:38] root: DEBUG:         980.0 B     minimap.stderr
[2026-04-13 16:00:38] root: DEBUG:         165.0 B     minimap.bam.csi
[2026-04-13 16:00:38] root: DEBUG:         43.0 K      consensus.fasta
[2026-04-13 16:00:38] root: DEBUG:     20-repeat/
[2026-04-13 16:00:38] root: DEBUG:         2.0 K       graph_before_rr.gv
[2026-04-13 16:00:38] root: DEBUG:         19.0 K      graph_before_rr.fasta
[2026-04-13 16:00:38] root: DEBUG:         19.0 K      graph_before_rr.gfa
[2026-04-13 16:00:38] root: DEBUG:         1.0 K       graph_after_rr.gv
[2026-04-13 16:00:38] root: DEBUG:         5.0 K       repeat_graph_dump
[2026-04-13 16:00:38] root: DEBUG:         68.0 K      read_alignment_dump
[2026-04-13 16:00:38] root: DEBUG:         44.0 K      repeat_graph_edges.fasta
[2026-04-13 16:00:38] root: DEBUG:     30-contigger/
[2026-04-13 16:00:38] root: DEBUG:         22.0 K      contigs.fasta
[2026-04-13 16:00:38] root: DEBUG:         357.0 B     contigs_stats.txt
[2026-04-13 16:00:38] root: DEBUG:         0.0 B       scaffolds_links.txt
[2026-04-13 16:00:38] root: DEBUG:         1.0 K       graph_final.gv
[2026-04-13 16:00:38] root: DEBUG:         15.0 K      graph_final.fasta
[2026-04-13 16:00:38] root: DEBUG:         16.0 K      graph_final.gfa
[2026-04-13 16:00:38] root: DEBUG:         201.0 B     contigs.fasta.fai
[2026-04-13 16:00:38] root: DEBUG:     40-polishing/
[2026-04-13 16:00:38] root: DEBUG:         948.0 B     minimap.stderr
[2026-04-13 16:00:38] root: DEBUG:         213.0 B     minimap_1.bam.csi
[2026-04-13 16:00:38] root: DEBUG:         155.0 B     contigs_stats.txt
[2026-04-13 16:00:38] root: DEBUG:         3.0 K       base_coverage.bed.gz
[2026-04-13 16:00:38] root: DEBUG:         21.0 K      filtered_contigs.fasta
[2026-04-13 16:00:38] root: DEBUG:         155.0 B     filtered_stats.txt
[2026-04-13 16:00:38] root: DEBUG:         199.0 B     filtered_contigs.fasta.fai
[2026-04-13 16:00:38] root: DEBUG:         194.0 B     edges_aln.bam.csi
[2026-04-13 16:00:38] root: DEBUG:         16.0 K      polished_edges.gfa
[2026-04-13 16:00:38] root: DEBUG: --------------------------
[2026-04-13 16:00:38] root: INFO: Assembly statistics:

	Total length:	21463
	Fragments:	8
	Fragments N50:	4520
	Largest frg:	7548
	Scaffolds:	0
	Mean coverage:	12

[2026-04-13 16:00:38] root: INFO: Final assembly: /scratch/noe/sugarcane_projet/results/4_assembly/Barcode77_unmapped.fastq/assembly.fasta
