[2026-04-13 17:09:30] root: INFO: Starting Flye 2.9.6-b1802
[2026-04-13 17:09:30] root: DEBUG: Cmd: /usr/local/bin/flye --nano-raw /scratch/noe/sugarcane_projet/results/2_mapping/Barcode85_unmapped.fastq --threads 4 --out-dir /scratch/noe/sugarcane_projet/results/4_assembly/Barcode85_unmapped.fastq
[2026-04-13 17:09:30] root: DEBUG: Python version: 3.10.12 (main, Nov  4 2025, 08:48:33) [GCC 11.4.0]
[2026-04-13 17:09:30] root: INFO: >>>STAGE: configure
[2026-04-13 17:09:30] root: INFO: Configuring run
[2026-04-13 17:09:30] root: INFO: Total read length: 21465633
[2026-04-13 17:09:30] root: INFO: Reads N50/N90: 1964 / 328
[2026-04-13 17:09:30] root: INFO: Minimum overlap set to 1000
[2026-04-13 17:09:30] root: INFO: >>>STAGE: assembly
[2026-04-13 17:09:30] root: INFO: Assembling disjointigs
[2026-04-13 17:09:30] root: DEBUG: -----Begin assembly log------
[2026-04-13 17:09:30] root: DEBUG: Running: flye-modules assemble --reads /scratch/noe/sugarcane_projet/results/2_mapping/Barcode85_unmapped.fastq --out-asm /scratch/noe/sugarcane_projet/results/4_assembly/Barcode85_unmapped.fastq/00-assembly/draft_assembly.fasta --config /usr/local/lib/python3.10/dist-packages/flye/config/bin_cfg/asm_raw_reads.cfg --log /scratch/noe/sugarcane_projet/results/4_assembly/Barcode85_unmapped.fastq/flye.log --threads 4 --min-ovlp 1000
[2026-04-13 17:09:30] DEBUG: Build date: Dec  3 2025 16:34:13
[2026-04-13 17:09:30] DEBUG: Total RAM: 251 Gb
[2026-04-13 17:09:30] DEBUG: Available RAM: 235 Gb
[2026-04-13 17:09:30] DEBUG: Total CPUs: 32
[2026-04-13 17:09:30] DEBUG: Loading /usr/local/lib/python3.10/dist-packages/flye/config/bin_cfg/asm_raw_reads.cfg
[2026-04-13 17:09:30] DEBUG: Loading /usr/local/lib/python3.10/dist-packages/flye/config/bin_cfg/asm_defaults.cfg
[2026-04-13 17:09:30] DEBUG: 	big_genome_threshold=29000000
[2026-04-13 17:09:30] DEBUG: 	meta_read_filter_kmer_freq=100
[2026-04-13 17:09:30] DEBUG: 	chain_large_gap_penalty=2
[2026-04-13 17:09:30] DEBUG: 	chain_small_gap_penalty=0.5
[2026-04-13 17:09:30] DEBUG: 	chain_gap_jump_threshold=100
[2026-04-13 17:09:30] DEBUG: 	max_jump_gap=500
[2026-04-13 17:09:30] DEBUG: 	max_coverage_drop_rate=5
[2026-04-13 17:09:30] DEBUG: 	max_extensions_drop_rate=5
[2026-04-13 17:09:30] DEBUG: 	chimera_window=100
[2026-04-13 17:09:30] DEBUG: 	chimera_overhang=1000
[2026-04-13 17:09:30] DEBUG: 	min_reads_in_disjointig=4
[2026-04-13 17:09:30] DEBUG: 	max_inner_reads=10
[2026-04-13 17:09:30] DEBUG: 	max_inner_fraction=0.25
[2026-04-13 17:09:30] DEBUG: 	aggressive_dup_filter=1
[2026-04-13 17:09:30] DEBUG: 	max_separation=500
[2026-04-13 17:09:30] DEBUG: 	unique_edge_length=50000
[2026-04-13 17:09:30] DEBUG: 	min_repeat_res_support=0.51
[2026-04-13 17:09:30] DEBUG: 	out_paths_ratio=5
[2026-04-13 17:09:30] DEBUG: 	graph_cov_drop_rate=5
[2026-04-13 17:09:30] DEBUG: 	coverage_estimate_window=100
[2026-04-13 17:09:30] DEBUG: 	max_bubble_length=50000
[2026-04-13 17:09:30] DEBUG: 	loop_coverage_rate=1.5
[2026-04-13 17:09:30] DEBUG: 	repeat_edge_cov_mult=1.75
[2026-04-13 17:09:30] DEBUG: 	weak_detach_rate=5
[2026-04-13 17:09:30] DEBUG: 	tip_coverage_rate=2
[2026-04-13 17:09:30] DEBUG: 	tip_length_rate=2
[2026-04-13 17:09:30] DEBUG: 	output_gfa_before_rr=1
[2026-04-13 17:09:30] DEBUG: 	remove_alt_edges=0
[2026-04-13 17:09:30] DEBUG: 	low_cutoff_warning=1
[2026-04-13 17:09:30] DEBUG: 	kmer_size=17
[2026-04-13 17:09:30] DEBUG: 	use_minimizers=0
[2026-04-13 17:09:30] DEBUG: 	reads_base_alignment=0
[2026-04-13 17:09:30] DEBUG: 	meta_read_top_kmer_rate=0.40
[2026-04-13 17:09:30] DEBUG: 	maximum_jump=1500
[2026-04-13 17:09:30] DEBUG: 	maximum_overhang=1500
[2026-04-13 17:09:30] DEBUG: 	repeat_kmer_rate=100
[2026-04-13 17:09:30] DEBUG: 	assemble_ovlp_divergence=0.10
[2026-04-13 17:09:30] DEBUG: 	assemble_divergence_relative=1
[2026-04-13 17:09:30] DEBUG: 	repeat_graph_ovlp_divergence=0.08
[2026-04-13 17:09:30] DEBUG: 	read_align_ovlp_divergence=0.25
[2026-04-13 17:09:30] DEBUG: 	hpc_scoring_on=0
[2026-04-13 17:09:30] DEBUG: 	add_unassembled_reads=0
[2026-04-13 17:09:30] DEBUG: 	extend_contigs_with_repeats=0
[2026-04-13 17:09:30] DEBUG: 	min_read_cov_cutoff=3
[2026-04-13 17:09:30] DEBUG: 	short_tip_length=20000
[2026-04-13 17:09:30] DEBUG: 	long_tip_length=100000
[2026-04-13 17:09:30] DEBUG: Running with k-mer size: 17
[2026-04-13 17:09:30] DEBUG: Running with minimum overlap 1000
[2026-04-13 17:09:30] DEBUG: Metagenome mode: N
[2026-04-13 17:09:30] DEBUG: Short mode: N
[2026-04-13 17:09:30] INFO: Reading sequences
[2026-04-13 17:09:30] DEBUG: Building positional index
[2026-04-13 17:09:30] DEBUG: Total sequence: 14701174 bp
[2026-04-13 17:09:34] INFO: Counting k-mers:
[2026-04-13 17:09:34] DEBUG: Updating k-mer histogram
[2026-04-13 17:10:40] DEBUG: Hash size: 26248
[2026-04-13 17:10:40] DEBUG: Total k-mers 749469
[2026-04-13 17:10:40] INFO: Filling index table (1/2)
[2026-04-13 17:10:41] DEBUG: Mean k-mer frequency: 227.488
[2026-04-13 17:10:41] DEBUG: Repetitive k-mer frequency: 22748
[2026-04-13 17:10:41] DEBUG: Filtered 2874932 repetitive k-mers (0.525717)
[2026-04-13 17:10:41] INFO: Filling index table (2/2)
[2026-04-13 17:10:42] DEBUG: Sorting k-mer index
[2026-04-13 17:10:42] DEBUG: Selected k-mers: 26662
[2026-04-13 17:10:42] DEBUG: Index size: 2204817
[2026-04-13 17:10:42] DEBUG: Mean k-mer index frequency: 82.6951
[2026-04-13 17:10:42] DEBUG: Peak RAM usage: 8 Gb
[2026-04-13 17:10:42] DEBUG: Estimating k-mer identity bias
[2026-04-13 17:25:26] DEBUG: Initial divergence estimate : 0.172648
[2026-04-13 17:25:26] DEBUG: Relative threshold: Y
[2026-04-13 17:25:26] DEBUG: Max divergence threshold set to 0.272648
[2026-04-13 17:25:26] INFO: Extending reads
[2026-04-13 17:25:26] DEBUG: Estimating overlap coverage
[2026-04-13 18:24:58] INFO: Overlap-based coverage: 21
[2026-04-13 18:24:58] INFO: Median overlap divergence: 0.170833
[2026-04-13 18:24:58] DEBUG: Sequence divergence distribution: 

    |                                *                     |                                             
    |                                *                     |                                             
    |                              * *  *                  |                                             
    |                              * *  *                  |                                             
    |                             ** ** *                  |                                             
    |                            ****** *                  |                                             
    |                            ********                  |                                             
    |                            ********  *               |                                             
    |                          * ************ *            |                                             
    |                         *************** *            |                                             
    |                         ***************** *          |                                             
    |                         ***************** **         |                                             
    |                         ***************** *** *      |                                             
    |                       *************************   *  |                                             
    |                       *************************   *  *                                             
    |          **          ******************************* *                                             
    |          ***       ********************************* * *                                           
    |          *** **    ********************************* ***                                           
    |      *  *************************************************   *                                      
    |    * ** ******************************************************* ***** *                            
    ----------------------------------------------------------------------------------------------------
    0%        5%        10%       15%       20%       25%       30%       35%       40%       45%       

    Q25 = 0.14, Q50 = 0.17, Q75 = 0.21

[2026-04-13 18:27:09] DEBUG: Assembled disjointig 1
	With 12 reads
	Start read: +8f532113-2e9c-4ae4-8ec0-359a5eb8230b
	At position: 10
	leftTip: 0 rightTip: 0
	Suspicious: 0
	Short ext: 0
	Mean extensions: 22
	Avg overlap len: 4023
	Min overlap len: 1913
	Inner reads: 0
	Length: 40001
[2026-04-13 18:27:09] DEBUG: Inner: 4770 covered: 4998 total: 10858
[2026-04-13 18:27:50] DEBUG: Discarded disjointig with 5 reads and 3 inner overlaps
[2026-04-13 18:28:13] DEBUG: Assembled disjointig 2
	With 5 reads
	Start read: +04821126-5783-4921-8c43-421fe4a6e588
	At position: 3
	leftTip: 0 rightTip: 0
	Suspicious: 0
	Short ext: 0
	Mean extensions: 17
	Avg overlap len: 2592
	Min overlap len: 1229
	Inner reads: 0
	Length: 10434
[2026-04-13 18:28:13] DEBUG: Inner: 4930 covered: 5148 total: 10858
[2026-04-13 18:28:14] DEBUG: Assembled disjointig 3
	With 7 reads
	Start read: +fd2f14d1-1bbc-4ebe-90f6-6db108e1c7cb
	At position: 5
	leftTip: 0 rightTip: 0
	Suspicious: 0
	Short ext: 0
	Mean extensions: 6
	Avg overlap len: 2137
	Min overlap len: 1409
	Inner reads: 0
	Length: 22241
[2026-04-13 18:28:14] DEBUG: Inner: 5016 covered: 5224 total: 10858
[2026-04-13 18:28:16] DEBUG: Assembled disjointig 4
	With 3 reads
	Start read: +4321ea7f-0ae8-422f-8a67-644747b02d52
	At position: 2
	leftTip: 0 rightTip: 0
	Suspicious: 0
	Short ext: 0
	Mean extensions: 12
	Avg overlap len: 2236
	Min overlap len: 1354
	Inner reads: 0
	Length: 8226
[2026-04-13 18:28:16] DEBUG: Inner: 5018 covered: 5232 total: 10858
[2026-04-13 18:28:17] DEBUG: Assembled disjointig 5
	With 4 reads
	Start read: +a64e30fb-794a-475f-accd-af1fc02d2c95
	At position: 2
	leftTip: 0 rightTip: 0
	Suspicious: 0
	Short ext: 0
	Mean extensions: 21
	Avg overlap len: 2121
	Min overlap len: 1025
	Inner reads: 0
	Length: 10185
[2026-04-13 18:28:17] DEBUG: Inner: 5038 covered: 5256 total: 10858
[2026-04-13 18:28:19] DEBUG: Assembled disjointig 6
	With 9 reads
	Start read: +e7b8c981-9734-4d32-81fa-893d76a01ba5
	At position: 8
	leftTip: 0 rightTip: 0
	Suspicious: 0
	Short ext: 0
	Mean extensions: 25
	Avg overlap len: 5369
	Min overlap len: 1178
	Inner reads: 2
	Length: 24349
[2026-04-13 18:28:19] DEBUG: Inner: 5098 covered: 5312 total: 10858
[2026-04-13 18:28:24] DEBUG: Assembled disjointig 7
	With 2 reads
	Start read: +922c6d14-bd28-4ffc-b0a7-9eae0f084f09
	At position: 1
	leftTip: 1 rightTip: 0
	Suspicious: 0
	Short ext: 0
	Mean extensions: 6
	Avg overlap len: 1486
	Min overlap len: 1486
	Inner reads: 0
	Length: 8236
[2026-04-13 18:28:24] DEBUG: Inner: 5100 covered: 5374 total: 10858
[2026-04-13 18:28:27] DEBUG: Assembled disjointig 8
	With 1 reads
	Start read: +32510bf1-20b2-4b8b-b7a9-f0b85b916a16
	At position: 1
	leftTip: 1 rightTip: 1
	Suspicious: 0
	Short ext: 0
	Mean extensions: 1
	Avg overlap len: 0
	Min overlap len: 0
	Inner reads: 0
	Length: 2293
[2026-04-13 18:28:27] DEBUG: Inner: 5138 covered: 5450 total: 10858
[2026-04-13 18:28:32] DEBUG: Assembled disjointig 9
	With 3 reads
	Start read: +ab7d8427-e373-46b7-8d71-24411c0f98ef
	At position: 2
	leftTip: 0 rightTip: 0
	Suspicious: 0
	Short ext: 0
	Mean extensions: 10
	Avg overlap len: 2129
	Min overlap len: 2127
	Inner reads: 0
	Length: 10411
[2026-04-13 18:28:32] DEBUG: Inner: 5140 covered: 5536 total: 10858
[2026-04-13 18:28:39] DEBUG: Assembled disjointig 10
	With 4 reads
	Start read: +884f416b-66ed-4077-9e92-9b4f8f4c49ef
	At position: 3
	leftTip: 0 rightTip: 0
	Suspicious: 0
	Short ext: 0
	Mean extensions: 12
	Avg overlap len: 2356
	Min overlap len: 1278
	Inner reads: 1
	Length: 10352
[2026-04-13 18:28:39] DEBUG: Inner: 5144 covered: 5620 total: 10858
[2026-04-13 18:28:39] DEBUG: Assembled disjointig 11
	With 2 reads
	Start read: +5897a313-f715-4fe5-9035-98dce93bd8bc
	At position: 1
	leftTip: 1 rightTip: 0
	Suspicious: 0
	Short ext: 0
	Mean extensions: 6
	Avg overlap len: 1781
	Min overlap len: 1781
	Inner reads: 0
	Length: 7686
[2026-04-13 18:28:39] DEBUG: Inner: 5146 covered: 5628 total: 10858
[2026-04-13 18:28:44] DEBUG: Assembled disjointig 12
	With 3 reads
	Start read: +a7b9608c-4e46-4e42-924f-e28c76a7ed12
	At position: 2
	leftTip: 0 rightTip: 0
	Suspicious: 0
	Short ext: 0
	Mean extensions: 12
	Avg overlap len: 1214
	Min overlap len: 1165
	Inner reads: 0
	Length: 9733
[2026-04-13 18:28:44] DEBUG: Inner: 5148 covered: 5834 total: 10858
[2026-04-13 18:28:45] DEBUG: Assembled disjointig 13
	With 4 reads
	Start read: +250ab7b4-55d7-47f4-a74d-d4da76b35d6e
	At position: 3
	leftTip: 0 rightTip: 0
	Suspicious: 1
	Short ext: 0
	Mean extensions: 13
	Avg overlap len: 2012
	Min overlap len: 1469
	Inner reads: 0
	Length: 19512
[2026-04-13 18:28:45] DEBUG: Inner: 5156 covered: 5870 total: 10858
[2026-04-13 18:28:53] DEBUG: Assembled disjointig 14
	With 4 reads
	Start read: +e6aae80c-85be-48df-a59e-aed9d8e8f252
	At position: 3
	leftTip: 0 rightTip: 0
	Suspicious: 2
	Short ext: 0
	Mean extensions: 1
	Avg overlap len: 2232
	Min overlap len: 1341
	Inner reads: 0
	Length: 57811
[2026-04-13 18:28:53] DEBUG: Inner: 5176 covered: 6136 total: 10858
[2026-04-13 18:28:55] DEBUG: Assembled disjointig 15
	With 3 reads
	Start read: +6f889ff4-1a2d-4036-b45c-e0b0fcb81442
	At position: 2
	leftTip: 0 rightTip: 0
	Suspicious: 0
	Short ext: 0
	Mean extensions: 16
	Avg overlap len: 2006
	Min overlap len: 1191
	Inner reads: 0
	Length: 7742
[2026-04-13 18:28:55] DEBUG: Inner: 5178 covered: 6238 total: 10858
[2026-04-13 18:29:04] DEBUG: Assembled disjointig 16
	With 4 reads
	Start read: +2c98826b-ba8e-48f1-8c4c-314bdf7016be
	At position: 3
	leftTip: 1 rightTip: 0
	Suspicious: 1
	Short ext: 0
	Mean extensions: 4
	Avg overlap len: 1837
	Min overlap len: 1024
	Inner reads: 0
	Length: 9658
[2026-04-13 18:29:04] DEBUG: Inner: 5208 covered: 6654 total: 10858
[2026-04-13 18:29:07] DEBUG: Assembled disjointig 17
	With 3 reads
	Start read: +8aa2e9cd-ff22-42e4-b398-b890ecf7aafb
	At position: 2
	leftTip: 0 rightTip: 0
	Suspicious: 0
	Short ext: 0
	Mean extensions: 9
	Avg overlap len: 1167
	Min overlap len: 1104
	Inner reads: 0
	Length: 7698
[2026-04-13 18:29:07] DEBUG: Inner: 5214 covered: 6748 total: 10858
[2026-04-13 18:29:18] DEBUG: Assembled disjointig 18
	With 1 reads
	Start read: +9262a9cd-beda-4709-b362-afdd94d2590e
	At position: 1
	leftTip: 1 rightTip: 1
	Suspicious: 0
	Short ext: 0
	Mean extensions: 0
	Avg overlap len: 0
	Min overlap len: 0
	Inner reads: 0
	Length: 2579
[2026-04-13 18:29:18] DEBUG: Inner: 5228 covered: 7112 total: 10858
[2026-04-13 18:29:26] DEBUG: Assembled disjointig 19
	With 3 reads
	Start read: +a90b251d-f536-48bd-a089-a7e439055523
	At position: 2
	leftTip: 0 rightTip: 0
	Suspicious: 0
	Short ext: 0
	Mean extensions: 11
	Avg overlap len: 1557
	Min overlap len: 1527
	Inner reads: 0
	Length: 8434
[2026-04-13 18:29:26] DEBUG: Inner: 5234 covered: 7404 total: 10858
[2026-04-13 18:29:29] DEBUG: Assembled disjointig 20
	With 3 reads
	Start read: +724a6830-c805-4c4e-bc5a-753f0fff17a6
	At position: 2
	leftTip: 0 rightTip: 0
	Suspicious: 0
	Short ext: 0
	Mean extensions: 3
	Avg overlap len: 1341
	Min overlap len: 1340
	Inner reads: 0
	Length: 10765
[2026-04-13 18:29:29] DEBUG: Inner: 5240 covered: 7484 total: 10858
[2026-04-13 18:29:57] DEBUG: Assembled disjointig 21
	With 3 reads
	Start read: +bc3758d4-ceeb-49bf-8446-75123b7e1952
	At position: 2
	leftTip: 0 rightTip: 0
	Suspicious: 0
	Short ext: 0
	Mean extensions: 6
	Avg overlap len: 2032
	Min overlap len: 1025
	Inner reads: 0
	Length: 8165
[2026-04-13 18:29:57] DEBUG: Inner: 5242 covered: 8788 total: 10858
[2026-04-13 18:30:34] DEBUG: Assembled disjointig 22
	With 3 reads
	Start read: +ddc3b485-cc6e-4192-b7e3-dbc1b5654e00
	At position: 2
	leftTip: 0 rightTip: 0
	Suspicious: 0
	Short ext: 0
	Mean extensions: 13
	Avg overlap len: 1927
	Min overlap len: 1457
	Inner reads: 0
	Length: 8134
[2026-04-13 18:30:34] DEBUG: Inner: 5244 covered: 10404 total: 10858
[2026-04-13 18:30:56] DEBUG: Discarded disjointig with 13 reads and 7 inner overlaps
[2026-04-13 18:30:56] INFO: Assembled 22 disjointigs
[2026-04-13 18:30:56] INFO: Generating sequence
[2026-04-13 18:30:56] DEBUG: Building positional index
[2026-04-13 18:30:56] DEBUG: Total sequence: 304817 bp
[2026-04-13 18:30:56] DEBUG: Mean k-mer frequency: 7.61927
[2026-04-13 18:30:56] DEBUG: Repetitive k-mer frequency: 761
[2026-04-13 18:30:56] DEBUG: Filtered 21461 repetitive k-mers (0.0704927)
[2026-04-13 18:30:56] DEBUG: Sorting k-mer index
[2026-04-13 18:30:56] DEBUG: Selected k-mers: 39933
[2026-04-13 18:30:56] DEBUG: K-mer index size: 282982
[2026-04-13 18:30:56] DEBUG: Mean k-mer frequency: 7.08642
[2026-04-13 18:30:56] DEBUG: Minimizer rate: 1.07716
[2026-04-13 18:30:56] INFO: Filtering contained disjointigs
[2026-04-13 18:32:22] DEBUG: Computing transitive closure for overlaps
[2026-04-13 18:32:22] DEBUG: Found 1606 overlaps
[2026-04-13 18:32:22] DEBUG: Left 680 overlaps after filtering
[2026-04-13 18:32:22] INFO: Contained seqs: 12
[2026-04-13 18:32:22] DEBUG: Writing FASTA
[2026-04-13 18:32:22] DEBUG: Peak RAM usage: 8 Gb
-----------End assembly log------------
[2026-04-13 18:32:22] root: DEBUG: Disjointigs length: 213762, N50: 24300
[2026-04-13 18:32:22] root: INFO: >>>STAGE: consensus
[2026-04-13 18:32:22] root: INFO: Running Minimap2
[2026-04-13 18:39:43] root: INFO: Computing consensus
[2026-04-13 18:39:46] root: INFO: Alignment error rate: 0.209341
[2026-04-13 18:39:46] root: INFO: >>>STAGE: repeat
[2026-04-13 18:39:46] root: INFO: Building and resolving repeat graph
[2026-04-13 18:39:46] root: DEBUG: -----Begin repeat analyser log------
[2026-04-13 18:39:46] root: DEBUG: Running: flye-modules repeat --disjointigs /scratch/noe/sugarcane_projet/results/4_assembly/Barcode85_unmapped.fastq/10-consensus/consensus.fasta --reads /scratch/noe/sugarcane_projet/results/2_mapping/Barcode85_unmapped.fastq --out-dir /scratch/noe/sugarcane_projet/results/4_assembly/Barcode85_unmapped.fastq/20-repeat --config /usr/local/lib/python3.10/dist-packages/flye/config/bin_cfg/asm_raw_reads.cfg --log /scratch/noe/sugarcane_projet/results/4_assembly/Barcode85_unmapped.fastq/flye.log --threads 4 --min-ovlp 1000
[2026-04-13 18:39:46] DEBUG: Build date: Dec  3 2025 16:34:21
[2026-04-13 18:39:46] DEBUG: Total RAM: 251 Gb
[2026-04-13 18:39:46] DEBUG: Available RAM: 237 Gb
[2026-04-13 18:39:46] DEBUG: Total CPUs: 32
[2026-04-13 18:39:46] DEBUG: Loading /usr/local/lib/python3.10/dist-packages/flye/config/bin_cfg/asm_raw_reads.cfg
[2026-04-13 18:39:46] DEBUG: Loading /usr/local/lib/python3.10/dist-packages/flye/config/bin_cfg/asm_defaults.cfg
[2026-04-13 18:39:46] DEBUG: 	big_genome_threshold=29000000
[2026-04-13 18:39:46] DEBUG: 	meta_read_filter_kmer_freq=100
[2026-04-13 18:39:46] DEBUG: 	chain_large_gap_penalty=2
[2026-04-13 18:39:46] DEBUG: 	chain_small_gap_penalty=0.5
[2026-04-13 18:39:46] DEBUG: 	chain_gap_jump_threshold=100
[2026-04-13 18:39:46] DEBUG: 	max_jump_gap=500
[2026-04-13 18:39:46] DEBUG: 	max_coverage_drop_rate=5
[2026-04-13 18:39:46] DEBUG: 	max_extensions_drop_rate=5
[2026-04-13 18:39:46] DEBUG: 	chimera_window=100
[2026-04-13 18:39:46] DEBUG: 	chimera_overhang=1000
[2026-04-13 18:39:46] DEBUG: 	min_reads_in_disjointig=4
[2026-04-13 18:39:46] DEBUG: 	max_inner_reads=10
[2026-04-13 18:39:46] DEBUG: 	max_inner_fraction=0.25
[2026-04-13 18:39:46] DEBUG: 	aggressive_dup_filter=1
[2026-04-13 18:39:46] DEBUG: 	max_separation=500
[2026-04-13 18:39:46] DEBUG: 	unique_edge_length=50000
[2026-04-13 18:39:46] DEBUG: 	min_repeat_res_support=0.51
[2026-04-13 18:39:46] DEBUG: 	out_paths_ratio=5
[2026-04-13 18:39:46] DEBUG: 	graph_cov_drop_rate=5
[2026-04-13 18:39:46] DEBUG: 	coverage_estimate_window=100
[2026-04-13 18:39:46] DEBUG: 	max_bubble_length=50000
[2026-04-13 18:39:46] DEBUG: 	loop_coverage_rate=1.5
[2026-04-13 18:39:46] DEBUG: 	repeat_edge_cov_mult=1.75
[2026-04-13 18:39:46] DEBUG: 	weak_detach_rate=5
[2026-04-13 18:39:46] DEBUG: 	tip_coverage_rate=2
[2026-04-13 18:39:46] DEBUG: 	tip_length_rate=2
[2026-04-13 18:39:46] DEBUG: 	output_gfa_before_rr=1
[2026-04-13 18:39:46] DEBUG: 	remove_alt_edges=0
[2026-04-13 18:39:46] DEBUG: 	low_cutoff_warning=1
[2026-04-13 18:39:46] DEBUG: 	kmer_size=17
[2026-04-13 18:39:46] DEBUG: 	use_minimizers=0
[2026-04-13 18:39:46] DEBUG: 	reads_base_alignment=0
[2026-04-13 18:39:46] DEBUG: 	meta_read_top_kmer_rate=0.40
[2026-04-13 18:39:46] DEBUG: 	maximum_jump=1500
[2026-04-13 18:39:46] DEBUG: 	maximum_overhang=1500
[2026-04-13 18:39:46] DEBUG: 	repeat_kmer_rate=100
[2026-04-13 18:39:46] DEBUG: 	assemble_ovlp_divergence=0.10
[2026-04-13 18:39:46] DEBUG: 	assemble_divergence_relative=1
[2026-04-13 18:39:46] DEBUG: 	repeat_graph_ovlp_divergence=0.08
[2026-04-13 18:39:46] DEBUG: 	read_align_ovlp_divergence=0.25
[2026-04-13 18:39:46] DEBUG: 	hpc_scoring_on=0
[2026-04-13 18:39:46] DEBUG: 	add_unassembled_reads=0
[2026-04-13 18:39:46] DEBUG: 	extend_contigs_with_repeats=0
[2026-04-13 18:39:46] DEBUG: 	min_read_cov_cutoff=3
[2026-04-13 18:39:46] DEBUG: 	short_tip_length=20000
[2026-04-13 18:39:46] DEBUG: 	long_tip_length=100000
[2026-04-13 18:39:46] DEBUG: Running with k-mer size: 17
[2026-04-13 18:39:46] DEBUG: Selected minimum overlap 1000
[2026-04-13 18:39:46] DEBUG: Metagenome mode: N
[2026-04-13 18:39:46] INFO: Parsing disjointigs
[2026-04-13 18:39:46] DEBUG: Building positional index
[2026-04-13 18:39:46] DEBUG: Total sequence: 158910 bp
[2026-04-13 18:39:46] INFO: Building repeat graph
[2026-04-13 18:39:46] DEBUG: Mean k-mer frequency: 4.91516
[2026-04-13 18:39:46] DEBUG: Repetitive k-mer frequency: 491
[2026-04-13 18:39:46] DEBUG: Filtered 12393 repetitive k-mers (0.0780711)
[2026-04-13 18:39:46] DEBUG: Sorting k-mer index
[2026-04-13 18:39:46] DEBUG: Selected k-mers: 32272
[2026-04-13 18:39:46] DEBUG: K-mer index size: 146347
[2026-04-13 18:39:46] DEBUG: Mean k-mer frequency: 4.5348
[2026-04-13 18:39:46] DEBUG: Minimizer rate: 1.08584
[2026-04-13 18:40:48] DEBUG: Computing transitive closure for overlaps
[2026-04-13 18:40:48] DEBUG: Found 12290 overlaps
[2026-04-13 18:40:48] DEBUG: Left 3612 overlaps after filtering
[2026-04-13 18:40:48] INFO: Median overlap divergence: 0.31245
[2026-04-13 18:40:48] DEBUG: Sequence divergence distribution: 

    |                |                                                         *                         
    |                |                                                         *                         
    |                |                                                         *                         
    |                |                                                         *                         
    |                |                                                         *                         
    |                |                                                         *                         
    |                *                       *                     *           *                         
    |                *                       *                     *           *                         
    |                *                       *                     *           *                         
    |                *                       *                     *           *                         
    |                *                       *                     *           *                         
    |                *                       *                     *           *                         
    |                *                       *                     *           *                         
    |                *       *               *        **    *      * ** *  *   *               *         
    |                *       *               *        **    *      * ** *  *   *               *         
    |                *       *               *        **    *      * ** *  *   *               *         
    |                *       *               *        **    *      * ** *  *   *               *         
    |                *       *               *        **    *      * ** *  *   *               *         
    |                *       *               *        **    *      * ** *  *   *               *         
    |                *       *               *        **    *      * ** *  *   *               *         
    ----------------------------------------------------------------------------------------------------
    0%        5%        10%       15%       20%       25%       30%       35%       40%       45%       

    Q25 = 0.2, Q50 = 0.31, Q75 = 0.35

[2026-04-13 18:40:48] DEBUG: Computing gluepoints
[2026-04-13 18:40:48] DEBUG: Added 3 gluepoint projections
[2026-04-13 18:40:48] DEBUG: Added 0 gluepoint projections
[2026-04-13 18:40:48] DEBUG: Created 360 gluepoints
[2026-04-13 18:40:48] DEBUG: Artificial loops removed: 0 left, 0 right, 0 both
[2026-04-13 18:40:48] DEBUG: Initializing edges
[2026-04-13 18:40:48] DEBUG: Edges length checksum: 386297014
[2026-04-13 18:40:48] DEBUG: Filtered 0 singleton segments
[2026-04-13 18:40:48] DEBUG: Removed 0 simple and 0 double chimeric junctions
[2026-04-13 18:40:48] DEBUG: Collapsed 0 edges
[2026-04-13 18:40:48] DEBUG:  	1	+disjointig_1	0	704	704	
[2026-04-13 18:40:48] DEBUG:  	2	+disjointig_1	704	1415	711	
[2026-04-13 18:40:48] DEBUG:  	1	+disjointig_1	1415	1949	534	
[2026-04-13 18:40:48] DEBUG:  	3	+disjointig_1	1949	2998	1049	
[2026-04-13 18:40:48] DEBUG:  	1	+disjointig_1	2998	3510	512	
[2026-04-13 18:40:48] DEBUG:  	2	+disjointig_1	3510	4238	728	
[2026-04-13 18:40:48] DEBUG: *	4	+disjointig_1	4238	5180	942	
[2026-04-13 18:40:48] DEBUG:  	1	+disjointig_1	5180	6341	1161	
[2026-04-13 18:40:48] DEBUG:  	-2	+disjointig_1	6341	7358	1017	
[2026-04-13 18:40:48] DEBUG:  	-1	+disjointig_1	7358	8330	972	
[2026-04-13 18:40:48] DEBUG:  	2	+disjointig_1	8330	8991	661	
[2026-04-13 18:40:48] DEBUG:  	1	+disjointig_1	8991	9695	704	
[2026-04-13 18:40:48] DEBUG:  	2	+disjointig_1	9695	10383	688	
[2026-04-13 18:40:48] DEBUG:  	1	+disjointig_1	10383	11075	692	
[2026-04-13 18:40:48] DEBUG:  	2	+disjointig_1	11075	11718	643	
[2026-04-13 18:40:48] DEBUG:  	1	+disjointig_1	11718	12241	523	
[2026-04-13 18:40:48] DEBUG:  	2	+disjointig_1	12241	13125	884	
[2026-04-13 18:40:48] DEBUG:  	1	+disjointig_1	13125	13874	749	
[2026-04-13 18:40:48] DEBUG:  	2	+disjointig_1	13874	14540	666	
[2026-04-13 18:40:48] DEBUG:  	1	+disjointig_1	14540	15076	536	
[2026-04-13 18:40:48] DEBUG:  	2	+disjointig_1	15076	16437	1361	
[2026-04-13 18:40:48] DEBUG:  	3	+disjointig_1	16437	20396	3959	
[2026-04-13 18:40:48] DEBUG: *	5	+disjointig_1	20396	22179	1783	
[2026-04-13 18:40:48] DEBUG:  	2	+disjointig_1	22179	22842	663	
[2026-04-13 18:40:48] DEBUG:  	1	+disjointig_1	22842	23374	532	
[2026-04-13 18:40:48] DEBUG: *	6	+disjointig_1	23374	33365	9991	
[2026-04-13 18:40:48] DEBUG: *	9	+disjointig_10	0	1973	1973	
[2026-04-13 18:40:48] DEBUG:  	10	+disjointig_10	1973	6222	4249	
[2026-04-13 18:40:48] DEBUG:  	12	+disjointig_10	6222	7245	1023	
[2026-04-13 18:40:48] DEBUG:  	18	+disjointig_10	7245	8154	909	
[2026-04-13 18:40:48] DEBUG:  	19	+disjointig_10	8154	8841	687	
[2026-04-13 18:40:48] DEBUG: *	-13	+disjointig_13	0	3734	3734	
[2026-04-13 18:40:48] DEBUG:  	10	+disjointig_13	3734	14432	10698	
[2026-04-13 18:40:48] DEBUG:  	12	+disjointig_13	14432	15324	892	
[2026-04-13 18:40:48] DEBUG: *	20	+disjointig_13	15324	16672	1348	
[2026-04-13 18:40:48] DEBUG: *	-7	+disjointig_14	0	1325	1325	
[2026-04-13 18:40:48] DEBUG:  	2	+disjointig_14	1325	2148	823	
[2026-04-13 18:40:48] DEBUG:  	1	+disjointig_14	2148	2781	633	
[2026-04-13 18:40:48] DEBUG: *	8	+disjointig_14	2781	3723	942	
[2026-04-13 18:40:48] DEBUG:  	22	+disjointig_14	3723	4750	1027	
[2026-04-13 18:40:48] DEBUG: *	-23	+disjointig_14	4750	6639	1889	
[2026-04-13 18:40:48] DEBUG:  	22	+disjointig_14	6639	7728	1089	
[2026-04-13 18:40:48] DEBUG: *	25	+disjointig_14	7728	13093	5365	
[2026-04-13 18:40:48] DEBUG:  	27	+disjointig_14	13093	14257	1164	
[2026-04-13 18:40:48] DEBUG: *	-26	+disjointig_14	14257	24519	10262	
[2026-04-13 18:40:48] DEBUG:  	-22	+disjointig_14	24519	25651	1132	
[2026-04-13 18:40:48] DEBUG: *	24	+disjointig_14	25651	27290	1639	
[2026-04-13 18:40:48] DEBUG:  	27	+disjointig_14	27290	28469	1179	
[2026-04-13 18:40:48] DEBUG: *	28	+disjointig_14	28469	32473	4004	
[2026-04-13 18:40:48] DEBUG: *	-14	+disjointig_16	0	2664	2664	
[2026-04-13 18:40:48] DEBUG:  	10	+disjointig_16	2664	9201	6537	
[2026-04-13 18:40:48] DEBUG: *	-15	+disjointig_2	0	2659	2659	
[2026-04-13 18:40:48] DEBUG:  	10	+disjointig_2	2659	9748	7089	
[2026-04-13 18:40:48] DEBUG: *	-16	+disjointig_20	0	3365	3365	
[2026-04-13 18:40:48] DEBUG:  	10	+disjointig_20	3365	5717	2352	
[2026-04-13 18:40:48] DEBUG: *	17	+disjointig_20	5717	7362	1645	
[2026-04-13 18:40:48] DEBUG:  	10	+disjointig_22	0	5036	5036	
[2026-04-13 18:40:48] DEBUG:  	12	+disjointig_22	5036	6137	1101	
[2026-04-13 18:40:48] DEBUG:  	18	+disjointig_22	6137	6740	603	
[2026-04-13 18:40:48] DEBUG:  	10	+disjointig_3	2	5234	5232	
[2026-04-13 18:40:48] DEBUG: *	11	+disjointig_3	5234	6058	824	
[2026-04-13 18:40:48] DEBUG:  	10	+disjointig_3	6058	19303	13245	
[2026-04-13 18:40:48] DEBUG: *	-21	+disjointig_6	0	1659	1659	
[2026-04-13 18:40:48] DEBUG:  	-19	+disjointig_6	1659	2162	503	
[2026-04-13 18:40:48] DEBUG:  	-18	+disjointig_6	2162	3022	860	
[2026-04-13 18:40:48] DEBUG:  	-12	+disjointig_6	3022	3817	795	
[2026-04-13 18:40:48] DEBUG:  	10	+disjointig_6	3817	14015	10198	
[2026-04-13 18:40:48] DEBUG: Total edges: 28
[2026-04-13 18:40:48] INFO: Parsing reads
[2026-04-13 18:40:48] DEBUG: Building positional index
[2026-04-13 18:40:48] DEBUG: Total sequence: 21465633 bp
[2026-04-13 18:40:48] DEBUG: Building positional index
[2026-04-13 18:40:48] DEBUG: Total sequence: 157718 bp
[2026-04-13 18:40:48] INFO: Aligning reads to the graph
[2026-04-13 18:40:49] DEBUG: Mean k-mer frequency: 4.89064
[2026-04-13 18:40:49] DEBUG: Repetitive k-mer frequency: 489
[2026-04-13 18:40:49] DEBUG: Filtered 8083 repetitive k-mers (0.0522063)
[2026-04-13 18:40:49] DEBUG: Sorting k-mer index
[2026-04-13 18:40:49] DEBUG: Selected k-mers: 31642
[2026-04-13 18:40:49] DEBUG: K-mer index size: 146745
[2026-04-13 18:40:49] DEBUG: Mean k-mer frequency: 4.63767
[2026-04-13 18:40:49] DEBUG: Minimizer rate: 1.07478
[2026-04-13 18:49:21] DEBUG: Total reads : 5429
[2026-04-13 18:49:21] DEBUG: Read with aligned parts : 5091
[2026-04-13 18:49:21] DEBUG: Aligned in one piece : 5028
[2026-04-13 18:49:21] INFO: Aligned read sequence: 13728606 / 14701174 (0.933844)
[2026-04-13 18:49:21] INFO: Median overlap divergence: 0.0596285
[2026-04-13 18:49:21] DEBUG: Sequence divergence distribution: 

    |   **                                             |                                                 
    |   **                                             |                                                 
    |   ***                                            |                                                 
    |   ***                                            |                                                 
    |  ****                                            |                                                 
    |  ****                                            |                                                 
    |  ****                                            |                                                 
    |  *****                                           |                                                 
    |  *****                                           |                                                 
    |  *****          * **                             |                                                 
    | ******          ******                           |                                                 
    | *******        *******                           |                                                 
    | ********       *********                         |                                                 
    | ********      ***********                        |                                                 
    | *********    ************                        |                                                 
    | **************************                       |                                                 
    | ***************************                      |                                                 
    |*****************************                     |                                                 
    |********************************                  |                                                 
    |***************************************** * **  * *   **     ** **          *                       
    ----------------------------------------------------------------------------------------------------
    0%        5%        10%       15%       20%       25%       30%       35%       40%       45%       

    Q25 = 0.024, Q50 = 0.06, Q75 = 0.1

[2026-04-13 18:49:21] INFO: Mean edge coverage: 398
[2026-04-13 18:49:21] DEBUG: 1	len:687	cov:468	mult:1.17588
[2026-04-13 18:49:21] DEBUG: -1	len:687	cov:468	mult:1.17588
[2026-04-13 18:49:21] DEBUG: 2	len:804	cov:385	mult:0.967337
[2026-04-13 18:49:21] DEBUG: -2	len:804	cov:385	mult:0.967337
[2026-04-13 18:49:21] DEBUG: 3	len:1252	cov:245	mult:0.615578
[2026-04-13 18:49:21] DEBUG: -3	len:1252	cov:245	mult:0.615578
[2026-04-13 18:49:21] DEBUG: 4	len:942	cov:15	mult:0.0376884
[2026-04-13 18:49:21] DEBUG: -4	len:942	cov:15	mult:0.0376884
[2026-04-13 18:49:21] DEBUG: 5	len:1783	cov:7	mult:0.0175879
[2026-04-13 18:49:21] DEBUG: -5	len:1783	cov:7	mult:0.0175879
[2026-04-13 18:49:21] DEBUG: 6	len:9991	cov:57	mult:0.143216
[2026-04-13 18:49:21] DEBUG: -6	len:9991	cov:57	mult:0.143216
[2026-04-13 18:49:21] DEBUG: 7	len:1325	cov:1	mult:0.00251256
[2026-04-13 18:49:21] DEBUG: -7	len:1325	cov:1	mult:0.00251256
[2026-04-13 18:49:21] DEBUG: 8	len:942	cov:0	mult:0
[2026-04-13 18:49:21] DEBUG: -8	len:942	cov:0	mult:0
[2026-04-13 18:49:21] DEBUG: 9	len:1973	cov:397	mult:0.997487
[2026-04-13 18:49:21] DEBUG: -9	len:1973	cov:397	mult:0.997487
[2026-04-13 18:49:21] DEBUG: 10	len:587	cov:75992	mult:190.935
[2026-04-13 18:49:21] DEBUG: 11	len:824	cov:0	mult:0
[2026-04-13 18:49:21] DEBUG: -11	len:824	cov:0	mult:0
[2026-04-13 18:49:21] DEBUG: 12	len:952	cov:797	mult:2.00251
[2026-04-13 18:49:21] DEBUG: -12	len:952	cov:797	mult:2.00251
[2026-04-13 18:49:21] DEBUG: 13	len:3734	cov:35	mult:0.0879397
[2026-04-13 18:49:21] DEBUG: -13	len:3734	cov:35	mult:0.0879397
[2026-04-13 18:49:21] DEBUG: 14	len:2664	cov:13	mult:0.0326633
[2026-04-13 18:49:21] DEBUG: -14	len:2664	cov:13	mult:0.0326633
[2026-04-13 18:49:21] DEBUG: 15	len:2659	cov:53	mult:0.133166
[2026-04-13 18:49:21] DEBUG: -15	len:2659	cov:53	mult:0.133166
[2026-04-13 18:49:21] DEBUG: 16	len:3365	cov:134	mult:0.336683
[2026-04-13 18:49:21] DEBUG: -16	len:3365	cov:134	mult:0.336683
[2026-04-13 18:49:21] DEBUG: 17	len:1645	cov:284	mult:0.713568
[2026-04-13 18:49:21] DEBUG: -17	len:1645	cov:284	mult:0.713568
[2026-04-13 18:49:21] DEBUG: 18	len:790	cov:1554	mult:3.90452
[2026-04-13 18:49:21] DEBUG: -18	len:790	cov:1554	mult:3.90452
[2026-04-13 18:49:21] DEBUG: 19	len:595	cov:1734	mult:4.35678
[2026-04-13 18:49:21] DEBUG: -19	len:595	cov:1734	mult:4.35678
[2026-04-13 18:49:21] DEBUG: 20	len:1348	cov:10	mult:0.0251256
[2026-04-13 18:49:21] DEBUG: -20	len:1348	cov:10	mult:0.0251256
[2026-04-13 18:49:21] DEBUG: 21	len:1659	cov:155	mult:0.389447
[2026-04-13 18:49:21] DEBUG: -21	len:1659	cov:155	mult:0.389447
[2026-04-13 18:49:21] DEBUG: 22	len:1082	cov:0	mult:0
[2026-04-13 18:49:21] DEBUG: -22	len:1082	cov:0	mult:0
[2026-04-13 18:49:21] DEBUG: 23	len:1889	cov:0	mult:0
[2026-04-13 18:49:21] DEBUG: -23	len:1889	cov:0	mult:0
[2026-04-13 18:49:21] DEBUG: 24	len:1639	cov:0	mult:0
[2026-04-13 18:49:21] DEBUG: -24	len:1639	cov:0	mult:0
[2026-04-13 18:49:21] DEBUG: 25	len:5365	cov:0	mult:0
[2026-04-13 18:49:21] DEBUG: -25	len:5365	cov:0	mult:0
[2026-04-13 18:49:21] DEBUG: 26	len:10262	cov:0	mult:0
[2026-04-13 18:49:21] DEBUG: -26	len:10262	cov:0	mult:0
[2026-04-13 18:49:21] DEBUG: 27	len:1171	cov:0	mult:0
[2026-04-13 18:49:21] DEBUG: -27	len:1171	cov:0	mult:0
[2026-04-13 18:49:21] DEBUG: 28	len:4004	cov:0	mult:0
[2026-04-13 18:49:21] DEBUG: -28	len:4004	cov:0	mult:0
[2026-04-13 18:49:21] DEBUG: Unique coverage threshold 694
[2026-04-13 18:49:21] INFO: Simplifying the graph
[2026-04-13 18:49:21] DEBUG: Read coverage cutoff: 80
[2026-04-13 18:49:21] DEBUG: [SIMPL] Removed 7 paths with low coverage
[2026-04-13 18:49:21] DEBUG: [SIMPL] Masked 0 heterozygous loops
[2026-04-13 18:49:21] DEBUG: [SIMPL] Masked 0 simple bubbles
[2026-04-13 18:49:21] DEBUG: Finding repeats
[2026-04-13 18:49:21] DEBUG: Read coverage cutoff: 80
[2026-04-13 18:49:21] DEBUG: Low-coverage: 4 15
[2026-04-13 18:49:21] DEBUG: Low-coverage: 5 7
[2026-04-13 18:49:21] DEBUG: Low-coverage: 8 0
[2026-04-13 18:49:21] DEBUG: Low-coverage: 11 0
[2026-04-13 18:49:21] DEBUG: Low-coverage: 22 0
[2026-04-13 18:49:21] DEBUG: Low-coverage: 23 0
[2026-04-13 18:49:21] DEBUG: Low-coverage: 24 0
[2026-04-13 18:49:21] DEBUG: Low-coverage: 25 0
[2026-04-13 18:49:21] DEBUG: Low-coverage: 26 -> -27 0
[2026-04-13 18:49:21] DEBUG: Short-loop: 1
[2026-04-13 18:49:21] DEBUG: Short-loop: 2
[2026-04-13 18:49:21] DEBUG: Short-loop: 3
[2026-04-13 18:49:21] DEBUG: Short-loop: 4
[2026-04-13 18:49:21] DEBUG: Short-loop: 5
[2026-04-13 18:49:21] DEBUG: High-cov: 10	587	75992
[2026-04-13 18:49:21] DEBUG: Short-loop: 10
[2026-04-13 18:49:21] DEBUG: Self-compl: 10
[2026-04-13 18:49:21] DEBUG: Short-loop: 11
[2026-04-13 18:49:21] DEBUG: High-cov: 12	952	797
[2026-04-13 18:49:21] DEBUG: High-cov: 18	790	1554
[2026-04-13 18:49:21] DEBUG: Short-loop: 18
[2026-04-13 18:49:21] DEBUG: High-cov: 19	595	1734
[2026-04-13 18:49:21] DEBUG: Short-loop: 19
[2026-04-13 18:49:21] DEBUG: Repeat detection iteration 1
[2026-04-13 18:49:21] DEBUG: Starting -17 aln:252
[2026-04-13 18:49:21] DEBUG: 	    T -9	num:13	flank:1700	span:13
[2026-04-13 18:49:21] DEBUG: 	    T 16	num:10	flank:1303	span:4
[2026-04-13 18:49:21] DEBUG: 	    T 21	num:10	flank:1214	span:532
[2026-04-13 18:49:21] DEBUG: Mult: 17	1645	284	 (1,0)
[2026-04-13 18:49:21] DEBUG: Starting 9 aln:338
[2026-04-13 18:49:21] DEBUG: 	    T 21	num:11	flank:1120	span:231
[2026-04-13 18:49:21] DEBUG: 	    T 16	num:11	flank:1878	span:13
[2026-04-13 18:49:21] DEBUG: Mult: 9	1973	397	 (0,1)
[2026-04-13 18:49:21] DEBUG: Writing Dot
[2026-04-13 18:49:21] DEBUG: Writing FASTA
[2026-04-13 18:49:21] DEBUG: Writing Gfa
[2026-04-13 18:49:21] DEBUG: [SIMPL] == Iteration 1 ==
[2026-04-13 18:49:21] DEBUG: Splitting nodes
[2026-04-13 18:49:21] DEBUG: [SIMPL] Split 2 nodes
[2026-04-13 18:49:21] DEBUG: Tip -8 len:942 cov:0
[2026-04-13 18:49:21] DEBUG: Tip -9 len:1973 cov:397
[2026-04-13 18:49:21] DEBUG: Tip -11 len:824 cov:0
[2026-04-13 18:49:21] DEBUG: Tip 16 len:3365 cov:134
[2026-04-13 18:49:21] DEBUG: Tip 17 len:1645 cov:284
[2026-04-13 18:49:21] DEBUG: Tip 21 len:1659 cov:155
[2026-04-13 18:49:21] DEBUG: [SIMPL] Clipped 6 short and 0 long tips
[2026-04-13 18:49:21] DEBUG: [SIMPL] Masked 0 heterozygous loops
[2026-04-13 18:49:21] DEBUG: [SIMPL] Masked 0 simple bubbles
[2026-04-13 18:49:21] DEBUG: Finding repeats
[2026-04-13 18:49:21] DEBUG: Read coverage cutoff: 80
[2026-04-13 18:49:21] DEBUG: Low-coverage: 4 15
[2026-04-13 18:49:21] DEBUG: Low-coverage: 5 7
[2026-04-13 18:49:21] DEBUG: Low-coverage: 8 0
[2026-04-13 18:49:21] DEBUG: Low-coverage: 11 0
[2026-04-13 18:49:21] DEBUG: Low-coverage: 22 0
[2026-04-13 18:49:21] DEBUG: Low-coverage: 23 0
[2026-04-13 18:49:21] DEBUG: Low-coverage: 24 0
[2026-04-13 18:49:21] DEBUG: Low-coverage: 25 0
[2026-04-13 18:49:21] DEBUG: Low-coverage: 26 -> -27 0
[2026-04-13 18:49:21] DEBUG: Short-loop: 1
[2026-04-13 18:49:21] DEBUG: Short-loop: 2
[2026-04-13 18:49:21] DEBUG: Short-loop: 3
[2026-04-13 18:49:21] DEBUG: Short-loop: 4
[2026-04-13 18:49:21] DEBUG: Short-loop: 5
[2026-04-13 18:49:21] DEBUG: High-cov: 10	587	75992
[2026-04-13 18:49:21] DEBUG: Short-loop: 10
[2026-04-13 18:49:21] DEBUG: Self-compl: 10
[2026-04-13 18:49:21] DEBUG: High-cov: 12	952	797
[2026-04-13 18:49:21] DEBUG: High-cov: 18	790	1554
[2026-04-13 18:49:21] DEBUG: Short-loop: 18
[2026-04-13 18:49:21] DEBUG: High-cov: 19	595	1734
[2026-04-13 18:49:21] DEBUG: Short-loop: 19
[2026-04-13 18:49:21] DEBUG: Repeat detection iteration 1
[2026-04-13 18:49:21] DEBUG: Total unique edges: 4
[2026-04-13 18:49:21] DEBUG: [SIMPL] Resolved repeats: 0
[2026-04-13 18:49:21] DEBUG: RR links: 0
[2026-04-13 18:49:21] DEBUG: Unresolved: 0
[2026-04-13 18:49:21] DEBUG: Removed 0 simple and 0 double chimeric junctions
[2026-04-13 18:49:21] DEBUG: [SIMPL] == Iteration 2 ==
[2026-04-13 18:49:21] DEBUG: Splitting nodes
[2026-04-13 18:49:21] DEBUG: [SIMPL] Split 0 nodes
[2026-04-13 18:49:21] DEBUG: [SIMPL] Clipped 0 short and 0 long tips
[2026-04-13 18:49:21] DEBUG: [SIMPL] Masked 0 heterozygous loops
[2026-04-13 18:49:21] DEBUG: [SIMPL] Masked 0 simple bubbles
[2026-04-13 18:49:21] DEBUG: Finding repeats
[2026-04-13 18:49:21] DEBUG: Read coverage cutoff: 80
[2026-04-13 18:49:21] DEBUG: Low-coverage: 4 15
[2026-04-13 18:49:21] DEBUG: Low-coverage: 5 7
[2026-04-13 18:49:21] DEBUG: Low-coverage: 8 0
[2026-04-13 18:49:21] DEBUG: Low-coverage: 11 0
[2026-04-13 18:49:21] DEBUG: Low-coverage: 22 0
[2026-04-13 18:49:21] DEBUG: Low-coverage: 23 0
[2026-04-13 18:49:21] DEBUG: Low-coverage: 24 0
[2026-04-13 18:49:21] DEBUG: Low-coverage: 25 0
[2026-04-13 18:49:21] DEBUG: Low-coverage: 26 -> -27 0
[2026-04-13 18:49:21] DEBUG: Short-loop: 1
[2026-04-13 18:49:21] DEBUG: Short-loop: 2
[2026-04-13 18:49:21] DEBUG: Short-loop: 3
[2026-04-13 18:49:21] DEBUG: Short-loop: 4
[2026-04-13 18:49:21] DEBUG: Short-loop: 5
[2026-04-13 18:49:21] DEBUG: High-cov: 10	587	75992
[2026-04-13 18:49:21] DEBUG: Short-loop: 10
[2026-04-13 18:49:21] DEBUG: Self-compl: 10
[2026-04-13 18:49:21] DEBUG: High-cov: 12	952	797
[2026-04-13 18:49:21] DEBUG: High-cov: 18	790	1554
[2026-04-13 18:49:21] DEBUG: Short-loop: 18
[2026-04-13 18:49:21] DEBUG: High-cov: 19	595	1734
[2026-04-13 18:49:21] DEBUG: Short-loop: 19
[2026-04-13 18:49:21] DEBUG: Repeat detection iteration 1
[2026-04-13 18:49:21] DEBUG: Total unique edges: 4
[2026-04-13 18:49:21] DEBUG: [SIMPL] Resolved repeats: 0
[2026-04-13 18:49:21] DEBUG: RR links: 0
[2026-04-13 18:49:21] DEBUG: Unresolved: 0
[2026-04-13 18:49:21] DEBUG: Removed 0 simple and 0 double chimeric junctions
[2026-04-13 18:49:21] DEBUG: [SIMPL] Collapsed 0 haplotypes
[2026-04-13 18:49:21] DEBUG: [SIMPL] Resolved 0 simple repeats
[2026-04-13 18:49:21] DEBUG: Read coverage cutoff: 80
[2026-04-13 18:49:21] DEBUG: [SIMPL] Removed 2 paths with low coverage
[2026-04-13 18:49:21] DEBUG: Finding repeats
[2026-04-13 18:49:21] DEBUG: Read coverage cutoff: 80
[2026-04-13 18:49:21] DEBUG: Low-coverage: 4 15
[2026-04-13 18:49:21] DEBUG: Low-coverage: 5 7
[2026-04-13 18:49:21] DEBUG: Low-coverage: 22 0
[2026-04-13 18:49:21] DEBUG: Low-coverage: 23 0
[2026-04-13 18:49:21] DEBUG: Low-coverage: 24 0
[2026-04-13 18:49:21] DEBUG: Low-coverage: 25 0
[2026-04-13 18:49:21] DEBUG: Low-coverage: 26 -> -27 0
[2026-04-13 18:49:21] DEBUG: Short-loop: 1
[2026-04-13 18:49:21] DEBUG: Short-loop: 2
[2026-04-13 18:49:21] DEBUG: Short-loop: 3
[2026-04-13 18:49:21] DEBUG: Short-loop: 4
[2026-04-13 18:49:21] DEBUG: Short-loop: 5
[2026-04-13 18:49:21] DEBUG: High-cov: 10	587	75992
[2026-04-13 18:49:21] DEBUG: Short-loop: 10
[2026-04-13 18:49:21] DEBUG: Self-compl: 10
[2026-04-13 18:49:21] DEBUG: High-cov: 12	952	797
[2026-04-13 18:49:21] DEBUG: High-cov: 18	790	1554
[2026-04-13 18:49:21] DEBUG: Short-loop: 18
[2026-04-13 18:49:21] DEBUG: High-cov: 19	595	1734
[2026-04-13 18:49:21] DEBUG: Short-loop: 19
[2026-04-13 18:49:21] DEBUG: Repeat detection iteration 1
[2026-04-13 18:49:21] DEBUG: Writing Dot
[2026-04-13 18:49:21] DEBUG: Writing FASTA
[2026-04-13 18:49:21] DEBUG: Peak RAM usage: 0 Gb
-----------End assembly log------------
[2026-04-13 18:49:21] root: INFO: >>>STAGE: contigger
[2026-04-13 18:49:21] root: INFO: Generating contigs
[2026-04-13 18:49:21] root: DEBUG: -----Begin contigger analyser log------
[2026-04-13 18:49:21] root: DEBUG: Running: flye-modules contigger --graph-edges /scratch/noe/sugarcane_projet/results/4_assembly/Barcode85_unmapped.fastq/20-repeat/repeat_graph_edges.fasta --reads /scratch/noe/sugarcane_projet/results/2_mapping/Barcode85_unmapped.fastq --out-dir /scratch/noe/sugarcane_projet/results/4_assembly/Barcode85_unmapped.fastq/30-contigger --config /usr/local/lib/python3.10/dist-packages/flye/config/bin_cfg/asm_raw_reads.cfg --repeat-graph /scratch/noe/sugarcane_projet/results/4_assembly/Barcode85_unmapped.fastq/20-repeat/repeat_graph_dump --graph-aln /scratch/noe/sugarcane_projet/results/4_assembly/Barcode85_unmapped.fastq/20-repeat/read_alignment_dump --log /scratch/noe/sugarcane_projet/results/4_assembly/Barcode85_unmapped.fastq/flye.log --threads 4 --min-ovlp 1000
[2026-04-13 18:49:21] DEBUG: Build date: Dec  3 2025 16:34:29
[2026-04-13 18:49:21] DEBUG: Total RAM: 251 Gb
[2026-04-13 18:49:21] DEBUG: Available RAM: 239 Gb
[2026-04-13 18:49:21] DEBUG: Total CPUs: 32
[2026-04-13 18:49:21] DEBUG: Loading /usr/local/lib/python3.10/dist-packages/flye/config/bin_cfg/asm_raw_reads.cfg
[2026-04-13 18:49:21] DEBUG: Loading /usr/local/lib/python3.10/dist-packages/flye/config/bin_cfg/asm_defaults.cfg
[2026-04-13 18:49:21] DEBUG: 	big_genome_threshold=29000000
[2026-04-13 18:49:21] DEBUG: 	meta_read_filter_kmer_freq=100
[2026-04-13 18:49:21] DEBUG: 	chain_large_gap_penalty=2
[2026-04-13 18:49:21] DEBUG: 	chain_small_gap_penalty=0.5
[2026-04-13 18:49:21] DEBUG: 	chain_gap_jump_threshold=100
[2026-04-13 18:49:21] DEBUG: 	max_jump_gap=500
[2026-04-13 18:49:21] DEBUG: 	max_coverage_drop_rate=5
[2026-04-13 18:49:21] DEBUG: 	max_extensions_drop_rate=5
[2026-04-13 18:49:21] DEBUG: 	chimera_window=100
[2026-04-13 18:49:21] DEBUG: 	chimera_overhang=1000
[2026-04-13 18:49:21] DEBUG: 	min_reads_in_disjointig=4
[2026-04-13 18:49:21] DEBUG: 	max_inner_reads=10
[2026-04-13 18:49:21] DEBUG: 	max_inner_fraction=0.25
[2026-04-13 18:49:21] DEBUG: 	aggressive_dup_filter=1
[2026-04-13 18:49:21] DEBUG: 	max_separation=500
[2026-04-13 18:49:21] DEBUG: 	unique_edge_length=50000
[2026-04-13 18:49:21] DEBUG: 	min_repeat_res_support=0.51
[2026-04-13 18:49:21] DEBUG: 	out_paths_ratio=5
[2026-04-13 18:49:21] DEBUG: 	graph_cov_drop_rate=5
[2026-04-13 18:49:21] DEBUG: 	coverage_estimate_window=100
[2026-04-13 18:49:21] DEBUG: 	max_bubble_length=50000
[2026-04-13 18:49:21] DEBUG: 	loop_coverage_rate=1.5
[2026-04-13 18:49:21] DEBUG: 	repeat_edge_cov_mult=1.75
[2026-04-13 18:49:21] DEBUG: 	weak_detach_rate=5
[2026-04-13 18:49:21] DEBUG: 	tip_coverage_rate=2
[2026-04-13 18:49:21] DEBUG: 	tip_length_rate=2
[2026-04-13 18:49:21] DEBUG: 	output_gfa_before_rr=1
[2026-04-13 18:49:21] DEBUG: 	remove_alt_edges=0
[2026-04-13 18:49:21] DEBUG: 	low_cutoff_warning=1
[2026-04-13 18:49:21] DEBUG: 	kmer_size=17
[2026-04-13 18:49:21] DEBUG: 	use_minimizers=0
[2026-04-13 18:49:21] DEBUG: 	reads_base_alignment=0
[2026-04-13 18:49:21] DEBUG: 	meta_read_top_kmer_rate=0.40
[2026-04-13 18:49:21] DEBUG: 	maximum_jump=1500
[2026-04-13 18:49:21] DEBUG: 	maximum_overhang=1500
[2026-04-13 18:49:21] DEBUG: 	repeat_kmer_rate=100
[2026-04-13 18:49:21] DEBUG: 	assemble_ovlp_divergence=0.10
[2026-04-13 18:49:21] DEBUG: 	assemble_divergence_relative=1
[2026-04-13 18:49:21] DEBUG: 	repeat_graph_ovlp_divergence=0.08
[2026-04-13 18:49:21] DEBUG: 	read_align_ovlp_divergence=0.25
[2026-04-13 18:49:21] DEBUG: 	hpc_scoring_on=0
[2026-04-13 18:49:21] DEBUG: 	add_unassembled_reads=0
[2026-04-13 18:49:21] DEBUG: 	extend_contigs_with_repeats=0
[2026-04-13 18:49:21] DEBUG: 	min_read_cov_cutoff=3
[2026-04-13 18:49:21] DEBUG: 	short_tip_length=20000
[2026-04-13 18:49:21] DEBUG: 	long_tip_length=100000
[2026-04-13 18:49:21] DEBUG: Running with k-mer size: 17
[2026-04-13 18:49:21] DEBUG: Selected minimum overlap 1000
[2026-04-13 18:49:21] INFO: Reading sequences
[2026-04-13 18:49:21] DEBUG: Building positional index
[2026-04-13 18:49:21] DEBUG: Total sequence: 21465633 bp
[2026-04-13 18:49:21] DEBUG: Flipped 0
[2026-04-13 18:49:21] DEBUG: UPath 1: 1
[2026-04-13 18:49:21] DEBUG: UPath 2: 2
[2026-04-13 18:49:21] DEBUG: UPath 3: 3
[2026-04-13 18:49:21] DEBUG: UPath 4: 4
[2026-04-13 18:49:21] DEBUG: UPath 5: 5
[2026-04-13 18:49:21] DEBUG: UPath 6: 9
[2026-04-13 18:49:21] DEBUG: UPath 7: 10
[2026-04-13 18:49:21] DEBUG: UPath 8: 12
[2026-04-13 18:49:21] DEBUG: UPath 9: 16
[2026-04-13 18:49:21] DEBUG: UPath 10: 17
[2026-04-13 18:49:21] DEBUG: UPath 11: 18
[2026-04-13 18:49:21] DEBUG: UPath 12: 19
[2026-04-13 18:49:21] DEBUG: UPath 13: 21
[2026-04-13 18:49:21] DEBUG: UPath 14: 22
[2026-04-13 18:49:21] DEBUG: UPath 15: 23
[2026-04-13 18:49:21] DEBUG: UPath 16: 24
[2026-04-13 18:49:21] DEBUG: UPath 17: 25
[2026-04-13 18:49:21] DEBUG: UPath 18: 26 -> -27
[2026-04-13 18:49:21] DEBUG: Final graph contains 17 egdes
[2026-04-13 18:49:21] DEBUG: Extending contigs into repeats
[2026-04-13 18:49:21] DEBUG: Covered 0 repetitive contigs
[2026-04-13 18:49:21] INFO: Generated 18 contigs
[2026-04-13 18:49:21] DEBUG: Writing FASTA
[2026-04-13 18:49:21] DEBUG: Generating scaffold connections
[2026-04-13 18:49:21] INFO: Added 0 scaffold connections
[2026-04-13 18:49:21] DEBUG: Writing Dot
[2026-04-13 18:49:21] DEBUG: Writing FASTA
[2026-04-13 18:49:21] DEBUG: Writing Gfa
[2026-04-13 18:49:21] DEBUG: Peak RAM usage: 0 Gb
-----------End assembly log------------
[2026-04-13 18:49:21] root: INFO: >>>STAGE: polishing
[2026-04-13 18:49:21] root: INFO: Polishing genome (1/1)
[2026-04-13 18:49:21] root: INFO: Running minimap2
[2026-04-13 18:50:30] root: INFO: Separating alignment into bubbles
[2026-04-13 18:50:32] root: DEBUG: Generated 725 bubbles
[2026-04-13 18:50:32] root: DEBUG: Split 26 long bubbles
[2026-04-13 18:50:32] root: DEBUG: Skipped 15 empty bubbles
[2026-04-13 18:50:32] root: DEBUG: Skipped 3 bubbles with long branches
[2026-04-13 18:50:32] root: INFO: Alignment error rate: 0.219130
[2026-04-13 18:50:32] root: INFO: Correcting bubbles
[2026-04-13 18:51:36] root: DEBUG: Mean contig coverage: 173, selected threshold: 35
[2026-04-13 18:51:36] root: DEBUG: Filtered 6 contigs of total length 24400
[2026-04-13 18:51:36] root: DEBUG: Generating polished GFA
[2026-04-13 18:51:37] root: DEBUG: 8 sequences remained unpolished
[2026-04-13 18:51:37] root: INFO: >>>STAGE: finalize
[2026-04-13 18:51:37] root: DEBUG: ---Output dir contents:----
[2026-04-13 18:51:37] root: DEBUG: Barcode85_unmapped.fastq/
[2026-04-13 18:51:37] root: DEBUG:     49.0 K      flye.log
[2026-04-13 18:51:37] root: DEBUG:     92.0 B      params.json
[2026-04-13 18:51:37] root: DEBUG:     3.0 K       assembly_graph.gv
[2026-04-13 18:51:37] root: DEBUG:     39.0 K      assembly_graph.gfa
[2026-04-13 18:51:37] root: DEBUG:     13.0 K      assembly.fasta
[2026-04-13 18:51:37] root: DEBUG:     00-assembly/
[2026-04-13 18:51:37] root: DEBUG:         211.0 K     draft_assembly.fasta
[2026-04-13 18:51:37] root: DEBUG:         316.0 B     draft_assembly.fasta.fai
[2026-04-13 18:51:37] root: DEBUG:     10-consensus/
[2026-04-13 18:51:37] root: DEBUG:         991.0 B     minimap.stderr
[2026-04-13 18:51:37] root: DEBUG:         4.0 K       minimap.bam.csi
[2026-04-13 18:51:37] root: DEBUG:         157.0 K     consensus.fasta
[2026-04-13 18:51:37] root: DEBUG:     20-repeat/
[2026-04-13 18:51:37] root: DEBUG:         3.0 K       graph_before_rr.gv
[2026-04-13 18:51:37] root: DEBUG:         39.0 K      graph_before_rr.fasta
[2026-04-13 18:51:37] root: DEBUG:         41.0 K      graph_before_rr.gfa
[2026-04-13 18:51:37] root: DEBUG:         3.0 K       graph_after_rr.gv
[2026-04-13 18:51:37] root: DEBUG:         22.0 K      repeat_graph_dump
[2026-04-13 18:51:37] root: DEBUG:         12.0 M      read_alignment_dump
[2026-04-13 18:51:37] root: DEBUG:         162.0 K     repeat_graph_edges.fasta
[2026-04-13 18:51:37] root: DEBUG:     30-contigger/
[2026-04-13 18:51:37] root: DEBUG:         38.0 K      contigs.fasta
[2026-04-13 18:51:37] root: DEBUG:         677.0 B     contigs_stats.txt
[2026-04-13 18:51:37] root: DEBUG:         0.0 B       scaffolds_links.txt
[2026-04-13 18:51:37] root: DEBUG:         3.0 K       graph_final.gv
[2026-04-13 18:51:37] root: DEBUG:         38.0 K      graph_final.fasta
[2026-04-13 18:51:37] root: DEBUG:         39.0 K      graph_final.gfa
[2026-04-13 18:51:37] root: DEBUG:         464.0 B     contigs.fasta.fai
[2026-04-13 18:51:37] root: DEBUG:     40-polishing/
[2026-04-13 18:51:37] root: DEBUG:         951.0 B     minimap.stderr
[2026-04-13 18:51:37] root: DEBUG:         389.0 B     minimap_1.bam.csi
[2026-04-13 18:51:37] root: DEBUG:         309.0 B     contigs_stats.txt
[2026-04-13 18:51:37] root: DEBUG:         3.0 K       base_coverage.bed.gz
[2026-04-13 18:51:37] root: DEBUG:         13.0 K      filtered_contigs.fasta
[2026-04-13 18:51:37] root: DEBUG:         205.0 B     filtered_stats.txt
[2026-04-13 18:51:37] root: DEBUG:         249.0 B     filtered_contigs.fasta.fai
[2026-04-13 18:51:37] root: DEBUG:         222.0 B     edges_aln.bam.csi
[2026-04-13 18:51:37] root: DEBUG:         39.0 K      polished_edges.gfa
[2026-04-13 18:51:37] root: DEBUG: --------------------------
[2026-04-13 18:51:37] root: INFO: Assembly statistics:

	Total length:	13776
	Fragments:	10
	Fragments N50:	1815
	Largest frg:	3307
	Scaffolds:	0
	Mean coverage:	453

[2026-04-13 18:51:37] root: INFO: Final assembly: /scratch/noe/sugarcane_projet/results/4_assembly/Barcode85_unmapped.fastq/assembly.fasta
