2026-04-02 18:01:58,443 NanoPlot 1.41.3 started with arguments Namespace(threads=1, verbose=False, store=False, raw=False, huge=False, outdir='/home/noe/cibig_noe/project_stage_tutore/results/1_QC/Barcode82', no_static=False, prefix='', tsv_stats=False, info_in_report=False, maxlength=None, minlength=None, drop_outliers=False, downsample=None, loglength=False, percentqual=False, alength=False, minqual=None, runtime_until=None, readtype='1D', barcoded=False, no_supplementary=False, color='#4CB391', colormap='Greens', format=['png'], plots=['kde', 'dot'], legacy=None, listcolors=False, listcolormaps=False, no_N50=False, N50=False, title=None, font_scale=1, dpi=100, hide_stats=False, fastq=['/home/noe/cibig_noe/project_stage_tutore/raw_data/merged_fastq/Barcode82.fastq'], fasta=None, fastq_rich=None, fastq_minimal=None, summary=None, bam=None, ubam=None, cram=None, pickle=None, feather=None, path='/home/noe/cibig_noe/project_stage_tutore/results/1_QC/Barcode82/')
2026-04-02 18:01:58,443 Python version is: 3.10.12 (main, Sep 11 2024, 15:47:36) [GCC 11.4.0]
2026-04-02 18:01:58,457 Nanoget: Starting to collect statistics from plain fastq file.
2026-04-02 18:02:01,577 Reduced DataFrame memory usage from 0.6292572021484375Mb to 0.6292572021484375Mb
2026-04-02 18:02:01,589 Nanoget: Gathered all metrics of 41231 reads
2026-04-02 18:02:01,610 Calculated statistics
2026-04-02 18:02:01,610 Using sequenced read lengths for plotting.
2026-04-02 18:02:01,612 Removed 23 artefactual reads with very short length and very high quality.
2026-04-02 18:02:01,625 Calculated statistics
2026-04-02 18:02:01,626 NanoPlot:  Valid color #4CB391.
2026-04-02 18:02:01,626 NanoPlot:  Valid colormap Greens.
2026-04-02 18:02:01,628 NanoPlot:  Creating length plots for Read length.
2026-04-02 18:02:01,628 NanoPlot:  Using 41208 reads maximum of 28226bp.
2026-04-02 18:02:03,279 Saved /home/noe/cibig_noe/project_stage_tutore/results/1_QC/Barcode82/WeightedHistogramReadlength  as png (or png for --legacy)
2026-04-02 18:02:04,486 Saved /home/noe/cibig_noe/project_stage_tutore/results/1_QC/Barcode82/WeightedLogTransformed_HistogramReadlength  as png (or png for --legacy)
2026-04-02 18:02:05,668 Saved /home/noe/cibig_noe/project_stage_tutore/results/1_QC/Barcode82/Non_weightedHistogramReadlength  as png (or png for --legacy)
2026-04-02 18:02:06,820 Saved /home/noe/cibig_noe/project_stage_tutore/results/1_QC/Barcode82/Non_weightedLogTransformed_HistogramReadlength  as png (or png for --legacy)
2026-04-02 18:02:08,531 Saved /home/noe/cibig_noe/project_stage_tutore/results/1_QC/Barcode82/Yield_By_Length  as png (or png for --legacy)
2026-04-02 18:02:08,532 Created length plots
2026-04-02 18:02:08,534 NanoPlot: Creating Read lengths vs Average read quality plots using 41208 reads.
2026-04-02 18:02:10,184 Saved /home/noe/cibig_noe/project_stage_tutore/results/1_QC/Barcode82/LengthvsQualityScatterPlot_dot  as png (or png for --legacy)
2026-04-02 18:02:12,388 Saved /home/noe/cibig_noe/project_stage_tutore/results/1_QC/Barcode82/LengthvsQualityScatterPlot_kde  as png (or png for --legacy)
2026-04-02 18:02:12,390 Created LengthvsQual plot
2026-04-02 18:02:12,390 Writing html report.
2026-04-02 18:02:12,420 Finished!
