2026-04-02 18:01:42,629 NanoPlot 1.41.3 started with arguments Namespace(threads=1, verbose=False, store=False, raw=False, huge=False, outdir='/home/noe/cibig_noe/project_stage_tutore/results/1_QC/Barcode81', no_static=False, prefix='', tsv_stats=False, info_in_report=False, maxlength=None, minlength=None, drop_outliers=False, downsample=None, loglength=False, percentqual=False, alength=False, minqual=None, runtime_until=None, readtype='1D', barcoded=False, no_supplementary=False, color='#4CB391', colormap='Greens', format=['png'], plots=['kde', 'dot'], legacy=None, listcolors=False, listcolormaps=False, no_N50=False, N50=False, title=None, font_scale=1, dpi=100, hide_stats=False, fastq=['/home/noe/cibig_noe/project_stage_tutore/raw_data/merged_fastq/Barcode81.fastq'], fasta=None, fastq_rich=None, fastq_minimal=None, summary=None, bam=None, ubam=None, cram=None, pickle=None, feather=None, path='/home/noe/cibig_noe/project_stage_tutore/results/1_QC/Barcode81/')
2026-04-02 18:01:42,629 Python version is: 3.10.12 (main, Sep 11 2024, 15:47:36) [GCC 11.4.0]
2026-04-02 18:01:42,644 Nanoget: Starting to collect statistics from plain fastq file.
2026-04-02 18:01:45,415 Reduced DataFrame memory usage from 0.330474853515625Mb to 0.330474853515625Mb
2026-04-02 18:01:45,427 Nanoget: Gathered all metrics of 21650 reads
2026-04-02 18:01:45,444 Calculated statistics
2026-04-02 18:01:45,444 Using sequenced read lengths for plotting.
2026-04-02 18:01:45,446 Removed 8 artefactual reads with very short length and very high quality.
2026-04-02 18:01:45,455 Calculated statistics
2026-04-02 18:01:45,456 NanoPlot:  Valid color #4CB391.
2026-04-02 18:01:45,456 NanoPlot:  Valid colormap Greens.
2026-04-02 18:01:45,458 NanoPlot:  Creating length plots for Read length.
2026-04-02 18:01:45,458 NanoPlot:  Using 21642 reads maximum of 38081bp.
2026-04-02 18:01:47,112 Saved /home/noe/cibig_noe/project_stage_tutore/results/1_QC/Barcode81/WeightedHistogramReadlength  as png (or png for --legacy)
2026-04-02 18:01:48,283 Saved /home/noe/cibig_noe/project_stage_tutore/results/1_QC/Barcode81/WeightedLogTransformed_HistogramReadlength  as png (or png for --legacy)
2026-04-02 18:01:49,458 Saved /home/noe/cibig_noe/project_stage_tutore/results/1_QC/Barcode81/Non_weightedHistogramReadlength  as png (or png for --legacy)
2026-04-02 18:01:50,647 Saved /home/noe/cibig_noe/project_stage_tutore/results/1_QC/Barcode81/Non_weightedLogTransformed_HistogramReadlength  as png (or png for --legacy)
2026-04-02 18:01:52,394 Saved /home/noe/cibig_noe/project_stage_tutore/results/1_QC/Barcode81/Yield_By_Length  as png (or png for --legacy)
2026-04-02 18:01:52,396 Created length plots
2026-04-02 18:01:52,397 NanoPlot: Creating Read lengths vs Average read quality plots using 21642 reads.
2026-04-02 18:01:54,010 Saved /home/noe/cibig_noe/project_stage_tutore/results/1_QC/Barcode81/LengthvsQualityScatterPlot_dot  as png (or png for --legacy)
2026-04-02 18:01:56,224 Saved /home/noe/cibig_noe/project_stage_tutore/results/1_QC/Barcode81/LengthvsQualityScatterPlot_kde  as png (or png for --legacy)
2026-04-02 18:01:56,225 Created LengthvsQual plot
2026-04-02 18:01:56,225 Writing html report.
2026-04-02 18:01:56,255 Finished!
