[2026-04-13 17:01:47] root: INFO: Starting Flye 2.9.6-b1802
[2026-04-13 17:01:47] root: DEBUG: Cmd: /usr/local/bin/flye --nano-raw /scratch/noe/sugarcane_projet/results/2_mapping/Barcode83_unmapped.fastq --threads 4 --out-dir /scratch/noe/sugarcane_projet/results/4_assembly/Barcode83_unmapped.fastq
[2026-04-13 17:01:47] root: DEBUG: Python version: 3.10.12 (main, Nov  4 2025, 08:48:33) [GCC 11.4.0]
[2026-04-13 17:01:47] root: INFO: >>>STAGE: configure
[2026-04-13 17:01:47] root: INFO: Configuring run
[2026-04-13 17:01:47] root: INFO: Total read length: 5383417
[2026-04-13 17:01:47] root: INFO: Reads N50/N90: 2054 / 361
[2026-04-13 17:01:47] root: INFO: Minimum overlap set to 1000
[2026-04-13 17:01:47] root: INFO: >>>STAGE: assembly
[2026-04-13 17:01:47] root: INFO: Assembling disjointigs
[2026-04-13 17:01:47] root: DEBUG: -----Begin assembly log------
[2026-04-13 17:01:47] root: DEBUG: Running: flye-modules assemble --reads /scratch/noe/sugarcane_projet/results/2_mapping/Barcode83_unmapped.fastq --out-asm /scratch/noe/sugarcane_projet/results/4_assembly/Barcode83_unmapped.fastq/00-assembly/draft_assembly.fasta --config /usr/local/lib/python3.10/dist-packages/flye/config/bin_cfg/asm_raw_reads.cfg --log /scratch/noe/sugarcane_projet/results/4_assembly/Barcode83_unmapped.fastq/flye.log --threads 4 --min-ovlp 1000
[2026-04-13 17:01:47] DEBUG: Build date: Dec  3 2025 16:34:13
[2026-04-13 17:01:47] DEBUG: Total RAM: 251 Gb
[2026-04-13 17:01:47] DEBUG: Available RAM: 234 Gb
[2026-04-13 17:01:47] DEBUG: Total CPUs: 32
[2026-04-13 17:01:47] DEBUG: Loading /usr/local/lib/python3.10/dist-packages/flye/config/bin_cfg/asm_raw_reads.cfg
[2026-04-13 17:01:47] DEBUG: Loading /usr/local/lib/python3.10/dist-packages/flye/config/bin_cfg/asm_defaults.cfg
[2026-04-13 17:01:47] DEBUG: 	big_genome_threshold=29000000
[2026-04-13 17:01:47] DEBUG: 	meta_read_filter_kmer_freq=100
[2026-04-13 17:01:47] DEBUG: 	chain_large_gap_penalty=2
[2026-04-13 17:01:47] DEBUG: 	chain_small_gap_penalty=0.5
[2026-04-13 17:01:47] DEBUG: 	chain_gap_jump_threshold=100
[2026-04-13 17:01:47] DEBUG: 	max_jump_gap=500
[2026-04-13 17:01:47] DEBUG: 	max_coverage_drop_rate=5
[2026-04-13 17:01:47] DEBUG: 	max_extensions_drop_rate=5
[2026-04-13 17:01:47] DEBUG: 	chimera_window=100
[2026-04-13 17:01:47] DEBUG: 	chimera_overhang=1000
[2026-04-13 17:01:47] DEBUG: 	min_reads_in_disjointig=4
[2026-04-13 17:01:47] DEBUG: 	max_inner_reads=10
[2026-04-13 17:01:47] DEBUG: 	max_inner_fraction=0.25
[2026-04-13 17:01:47] DEBUG: 	aggressive_dup_filter=1
[2026-04-13 17:01:47] DEBUG: 	max_separation=500
[2026-04-13 17:01:47] DEBUG: 	unique_edge_length=50000
[2026-04-13 17:01:47] DEBUG: 	min_repeat_res_support=0.51
[2026-04-13 17:01:47] DEBUG: 	out_paths_ratio=5
[2026-04-13 17:01:47] DEBUG: 	graph_cov_drop_rate=5
[2026-04-13 17:01:47] DEBUG: 	coverage_estimate_window=100
[2026-04-13 17:01:47] DEBUG: 	max_bubble_length=50000
[2026-04-13 17:01:47] DEBUG: 	loop_coverage_rate=1.5
[2026-04-13 17:01:47] DEBUG: 	repeat_edge_cov_mult=1.75
[2026-04-13 17:01:47] DEBUG: 	weak_detach_rate=5
[2026-04-13 17:01:47] DEBUG: 	tip_coverage_rate=2
[2026-04-13 17:01:47] DEBUG: 	tip_length_rate=2
[2026-04-13 17:01:47] DEBUG: 	output_gfa_before_rr=1
[2026-04-13 17:01:47] DEBUG: 	remove_alt_edges=0
[2026-04-13 17:01:47] DEBUG: 	low_cutoff_warning=1
[2026-04-13 17:01:47] DEBUG: 	kmer_size=17
[2026-04-13 17:01:47] DEBUG: 	use_minimizers=0
[2026-04-13 17:01:47] DEBUG: 	reads_base_alignment=0
[2026-04-13 17:01:47] DEBUG: 	meta_read_top_kmer_rate=0.40
[2026-04-13 17:01:47] DEBUG: 	maximum_jump=1500
[2026-04-13 17:01:47] DEBUG: 	maximum_overhang=1500
[2026-04-13 17:01:47] DEBUG: 	repeat_kmer_rate=100
[2026-04-13 17:01:47] DEBUG: 	assemble_ovlp_divergence=0.10
[2026-04-13 17:01:47] DEBUG: 	assemble_divergence_relative=1
[2026-04-13 17:01:47] DEBUG: 	repeat_graph_ovlp_divergence=0.08
[2026-04-13 17:01:47] DEBUG: 	read_align_ovlp_divergence=0.25
[2026-04-13 17:01:47] DEBUG: 	hpc_scoring_on=0
[2026-04-13 17:01:47] DEBUG: 	add_unassembled_reads=0
[2026-04-13 17:01:47] DEBUG: 	extend_contigs_with_repeats=0
[2026-04-13 17:01:47] DEBUG: 	min_read_cov_cutoff=3
[2026-04-13 17:01:47] DEBUG: 	short_tip_length=20000
[2026-04-13 17:01:47] DEBUG: 	long_tip_length=100000
[2026-04-13 17:01:47] DEBUG: Running with k-mer size: 17
[2026-04-13 17:01:47] DEBUG: Running with minimum overlap 1000
[2026-04-13 17:01:47] DEBUG: Metagenome mode: N
[2026-04-13 17:01:47] DEBUG: Short mode: N
[2026-04-13 17:01:47] INFO: Reading sequences
[2026-04-13 17:01:47] DEBUG: Building positional index
[2026-04-13 17:01:47] DEBUG: Total sequence: 3763236 bp
[2026-04-13 17:01:50] INFO: Counting k-mers:
[2026-04-13 17:01:50] DEBUG: Updating k-mer histogram
[2026-04-13 17:02:55] DEBUG: Hash size: 9920
[2026-04-13 17:02:55] DEBUG: Total k-mers 463569
[2026-04-13 17:02:55] INFO: Filling index table (1/2)
[2026-04-13 17:02:55] DEBUG: Mean k-mer frequency: 20.9063
[2026-04-13 17:02:55] DEBUG: Repetitive k-mer frequency: 2090
[2026-04-13 17:02:55] DEBUG: Filtered 896436 repetitive k-mers (0.618394)
[2026-04-13 17:02:55] INFO: Filling index table (2/2)
[2026-04-13 17:02:55] DEBUG: Sorting k-mer index
[2026-04-13 17:02:55] DEBUG: Selected k-mers: 71970
[2026-04-13 17:02:55] DEBUG: Index size: 520405
[2026-04-13 17:02:55] DEBUG: Mean k-mer index frequency: 7.23086
[2026-04-13 17:02:55] DEBUG: Peak RAM usage: 8 Gb
[2026-04-13 17:02:55] DEBUG: Estimating k-mer identity bias
[2026-04-13 17:03:14] DEBUG: Initial divergence estimate : 0.183774
[2026-04-13 17:03:14] DEBUG: Relative threshold: Y
[2026-04-13 17:03:14] DEBUG: Max divergence threshold set to 0.283774
[2026-04-13 17:03:14] INFO: Extending reads
[2026-04-13 17:03:14] DEBUG: Estimating overlap coverage
[2026-04-13 17:04:10] INFO: Overlap-based coverage: 2
[2026-04-13 17:04:10] INFO: Median overlap divergence: 0.175086
[2026-04-13 17:04:10] DEBUG: Sequence divergence distribution: 

    |          *                                             |                                           
    |          *                                             |                                           
    |          *                                             |                                           
    |          *                                             |                                           
    |          *                                             |                                           
    |          *                                             |                                           
    |         **                                             |                                           
    |         **                                             |                                           
    |         **                               *             |                                           
    |         **                               *             |                                           
    |         **                               **            |                                           
    |         ***                              ***           |                                           
    |         ***                           *  ***   *       |                                           
    |         ***                           ******  **       |                                           
    |         ******                 *  **  ***********      |                                           
    |         ******              *  * *****************     |                                           
    |         ******           *  *  * *****************   * |                                           
    |      ************** ** **************************** ** |     *                                     
    |  * * ***************** **************************** ** *  * **                                     
    | *************************************************************** ** **    *  *                      
    ----------------------------------------------------------------------------------------------------
    0%        5%        10%       15%       20%       25%       30%       35%       40%       45%       

    Q25 = 0.068, Q50 = 0.18, Q75 = 0.22

[2026-04-13 17:04:11] DEBUG: Assembled disjointig 1
	With 3 reads
	Start read: +b3b3c925-1c80-4ca9-8e28-e807a5515574
	At position: 3
	leftTip: 0 rightTip: 1
	Suspicious: 0
	Short ext: 0
	Mean extensions: 11
	Avg overlap len: 4527
	Min overlap len: 3654
	Inner reads: 0
	Length: 24135
[2026-04-13 17:04:11] DEBUG: Inner: 166 covered: 204 total: 2794
[2026-04-13 17:04:11] DEBUG: Assembled disjointig 2
	With 3 reads
	Start read: +f0b35030-3274-4d7d-8242-209980df1412
	At position: 1
	leftTip: 1 rightTip: 1
	Suspicious: 1
	Short ext: 0
	Mean extensions: 2
	Avg overlap len: 5192
	Min overlap len: 1366
	Inner reads: 0
	Length: 8022
[2026-04-13 17:04:11] DEBUG: Inner: 214 covered: 288 total: 2794
[2026-04-13 17:04:11] DEBUG: Discarded disjointig with 3 reads and 1 inner overlaps
[2026-04-13 17:04:11] DEBUG: Assembled disjointig 3
	With 1 reads
	Start read: +cf408500-8daa-4b6b-968b-cfdac981dbfb
	At position: 1
	leftTip: 1 rightTip: 1
	Suspicious: 0
	Short ext: 0
	Mean extensions: 0
	Avg overlap len: 0
	Min overlap len: 0
	Inner reads: 0
	Length: 2436
[2026-04-13 17:04:11] DEBUG: Inner: 218 covered: 316 total: 2794
[2026-04-13 17:04:12] DEBUG: Assembled disjointig 4
	With 4 reads
	Start read: +a46097c4-60f4-4f1a-986b-711b4d999b70
	At position: 2
	leftTip: 1 rightTip: 0
	Suspicious: 0
	Short ext: 0
	Mean extensions: 3
	Avg overlap len: 1619
	Min overlap len: 1154
	Inner reads: 1
	Length: 9967
[2026-04-13 17:04:12] DEBUG: Inner: 220 covered: 410 total: 2794
[2026-04-13 17:04:14] DEBUG: Assembled disjointig 5
	With 2 reads
	Start read: +c0c2a72b-7dee-401f-8558-204d88dc0226
	At position: 1
	leftTip: 1 rightTip: 0
	Suspicious: 0
	Short ext: 0
	Mean extensions: 1
	Avg overlap len: 1879
	Min overlap len: 1879
	Inner reads: 0
	Length: 5327
[2026-04-13 17:04:14] DEBUG: Inner: 296 covered: 628 total: 2794
[2026-04-13 17:04:14] DEBUG: Assembled disjointig 6
	With 4 reads
	Start read: +25a8888c-1b8b-4c85-b4c4-2743b7d0bdf4
	At position: 2
	leftTip: 1 rightTip: 0
	Suspicious: 1
	Short ext: 0
	Mean extensions: 1
	Avg overlap len: 2517
	Min overlap len: 2413
	Inner reads: 0
	Length: 7595
[2026-04-13 17:04:14] DEBUG: Inner: 464 covered: 798 total: 2794
[2026-04-13 17:04:15] DEBUG: Assembled disjointig 7
	With 3 reads
	Start read: +591697ff-5a29-47fb-af75-312f08c81e86
	At position: 3
	leftTip: 0 rightTip: 1
	Suspicious: 2
	Short ext: 0
	Mean extensions: 1
	Avg overlap len: 1787
	Min overlap len: 1399
	Inner reads: 0
	Length: 7799
[2026-04-13 17:04:15] DEBUG: Inner: 474 covered: 1242 total: 2794
[2026-04-13 17:04:15] DEBUG: Assembled disjointig 8
	With 1 reads
	Start read: +5f1e0b0f-3ecb-400a-b7fe-73363c161380
	At position: 1
	leftTip: 1 rightTip: 1
	Suspicious: 0
	Short ext: 0
	Mean extensions: 0
	Avg overlap len: 0
	Min overlap len: 0
	Inner reads: 0
	Length: 3010
[2026-04-13 17:04:15] DEBUG: Inner: 478 covered: 1408 total: 2794
[2026-04-13 17:04:15] DEBUG: Assembled disjointig 9
	With 1 reads
	Start read: +1351d55a-1939-4213-ad32-43bfd469572c
	At position: 1
	leftTip: 1 rightTip: 1
	Suspicious: 0
	Short ext: 0
	Mean extensions: 0
	Avg overlap len: 0
	Min overlap len: 0
	Inner reads: 0
	Length: 2782
[2026-04-13 17:04:15] DEBUG: Inner: 484 covered: 1430 total: 2794
[2026-04-13 17:04:15] DEBUG: Assembled disjointig 10
	With 1 reads
	Start read: +2d634c02-a85b-4c33-94a9-00304131dc4e
	At position: 1
	leftTip: 1 rightTip: 1
	Suspicious: 0
	Short ext: 0
	Mean extensions: 0
	Avg overlap len: 0
	Min overlap len: 0
	Inner reads: 0
	Length: 2524
[2026-04-13 17:04:15] DEBUG: Inner: 496 covered: 1514 total: 2794
[2026-04-13 17:04:16] DEBUG: Assembled disjointig 11
	With 1 reads
	Start read: +e6b1fdfd-ec08-411c-8125-4f743a3599a4
	At position: 1
	leftTip: 1 rightTip: 1
	Suspicious: 0
	Short ext: 0
	Mean extensions: 2
	Avg overlap len: 0
	Min overlap len: 0
	Inner reads: 0
	Length: 2223
[2026-04-13 17:04:16] DEBUG: Inner: 500 covered: 1696 total: 2794
[2026-04-13 17:04:17] DEBUG: Assembled disjointig 12
	With 2 reads
	Start read: +1bc4893d-906d-4fb1-a975-2e8c71aff301
	At position: 1
	leftTip: 1 rightTip: 1
	Suspicious: 1
	Short ext: 0
	Mean extensions: 0
	Avg overlap len: 2572
	Min overlap len: 2572
	Inner reads: 0
	Length: 4503
[2026-04-13 17:04:17] DEBUG: Inner: 520 covered: 1718 total: 2794
[2026-04-13 17:04:17] DEBUG: Assembled disjointig 13
	With 1 reads
	Start read: +74bc0170-3311-4178-af39-f2cb3da35f06
	At position: 1
	leftTip: 1 rightTip: 1
	Suspicious: 0
	Short ext: 0
	Mean extensions: 0
	Avg overlap len: 0
	Min overlap len: 0
	Inner reads: 0
	Length: 2765
[2026-04-13 17:04:17] DEBUG: Inner: 524 covered: 1834 total: 2794
[2026-04-13 17:04:17] DEBUG: Assembled disjointig 14
	With 1 reads
	Start read: +ac91ac50-1936-4b6f-a34f-38cc2f5d4fec
	At position: 1
	leftTip: 1 rightTip: 1
	Suspicious: 0
	Short ext: 0
	Mean extensions: 0
	Avg overlap len: 0
	Min overlap len: 0
	Inner reads: 0
	Length: 6608
[2026-04-13 17:04:17] DEBUG: Inner: 532 covered: 1900 total: 2794
[2026-04-13 17:04:18] DEBUG: Assembled disjointig 15
	With 1 reads
	Start read: +0119aa9b-6e7d-4c03-ab32-ea69a026226a
	At position: 1
	leftTip: 1 rightTip: 1
	Suspicious: 0
	Short ext: 0
	Mean extensions: 0
	Avg overlap len: 0
	Min overlap len: 0
	Inner reads: 0
	Length: 2234
[2026-04-13 17:04:18] DEBUG: Inner: 540 covered: 2042 total: 2794
[2026-04-13 17:04:19] DEBUG: Assembled disjointig 16
	With 3 reads
	Start read: +998f3c05-8eea-4c03-a2bc-4307b4343331
	At position: 3
	leftTip: 0 rightTip: 1
	Suspicious: 2
	Short ext: 0
	Mean extensions: 1
	Avg overlap len: 1926
	Min overlap len: 1171
	Inner reads: 0
	Length: 8144
[2026-04-13 17:04:19] DEBUG: Inner: 544 covered: 2322 total: 2794
[2026-04-13 17:04:19] DEBUG: Assembled disjointig 17
	With 2 reads
	Start read: +379164cb-bf60-465d-a248-f48d0ec4ea97
	At position: 2
	leftTip: 0 rightTip: 1
	Suspicious: 0
	Short ext: 0
	Mean extensions: 2
	Avg overlap len: 2560
	Min overlap len: 2560
	Inner reads: 0
	Length: 6160
[2026-04-13 17:04:19] DEBUG: Inner: 546 covered: 2380 total: 2794
[2026-04-13 17:04:23] DEBUG: Assembled disjointig 18
	With 1 reads
	Start read: +330d555c-f34c-42f8-bc62-4056184bbef1
	At position: 1
	leftTip: 1 rightTip: 1
	Suspicious: 0
	Short ext: 0
	Mean extensions: 0
	Avg overlap len: 0
	Min overlap len: 0
	Inner reads: 0
	Length: 4198
[2026-04-13 17:04:23] DEBUG: Inner: 554 covered: 2784 total: 2794
[2026-04-13 17:04:23] DEBUG: Assembled disjointig 19
	With 2 reads
	Start read: +5d55c2bb-3e98-481f-8498-375cf10f460b
	At position: 2
	leftTip: 0 rightTip: 1
	Suspicious: 0
	Short ext: 0
	Mean extensions: 1
	Avg overlap len: 3380
	Min overlap len: 3380
	Inner reads: 0
	Length: 6867
[2026-04-13 17:04:23] DEBUG: Inner: 554 covered: 2788 total: 2794
[2026-04-13 17:04:23] DEBUG: Assembled disjointig 20
	With 2 reads
	Start read: +44b8b476-04a8-4344-81e9-c3d628af7309
	At position: 2
	leftTip: 0 rightTip: 1
	Suspicious: 0
	Short ext: 0
	Mean extensions: 2
	Avg overlap len: 1379
	Min overlap len: 1379
	Inner reads: 0
	Length: 6155
[2026-04-13 17:04:23] DEBUG: Inner: 562 covered: 2792 total: 2794
[2026-04-13 17:04:24] DEBUG: Assembled disjointig 21
	With 2 reads
	Start read: +4c464a24-da6c-4c27-864a-bf3009e8bcd3
	At position: 2
	leftTip: 0 rightTip: 1
	Suspicious: 1
	Short ext: 0
	Mean extensions: 1
	Avg overlap len: 2245
	Min overlap len: 2245
	Inner reads: 0
	Length: 4741
[2026-04-13 17:04:24] DEBUG: Inner: 562 covered: 2794 total: 2794
[2026-04-13 17:04:32] INFO: Assembled 21 disjointigs
[2026-04-13 17:04:32] INFO: Generating sequence
[2026-04-13 17:04:32] DEBUG: Building positional index
[2026-04-13 17:04:32] DEBUG: Total sequence: 96008 bp
[2026-04-13 17:04:32] DEBUG: Mean k-mer frequency: 4.11668
[2026-04-13 17:04:32] DEBUG: Repetitive k-mer frequency: 411
[2026-04-13 17:04:32] DEBUG: Filtered 0 repetitive k-mers (0)
[2026-04-13 17:04:32] DEBUG: Sorting k-mer index
[2026-04-13 17:04:32] DEBUG: Selected k-mers: 23234
[2026-04-13 17:04:32] DEBUG: K-mer index size: 95651
[2026-04-13 17:04:32] DEBUG: Mean k-mer frequency: 4.11685
[2026-04-13 17:04:32] DEBUG: Minimizer rate: 1.00373
[2026-04-13 17:04:32] INFO: Filtering contained disjointigs
[2026-04-13 17:05:12] DEBUG: Computing transitive closure for overlaps
[2026-04-13 17:05:12] DEBUG: Found 156 overlaps
[2026-04-13 17:05:12] DEBUG: Left 100 overlaps after filtering
[2026-04-13 17:05:12] INFO: Contained seqs: 11
[2026-04-13 17:05:12] DEBUG: Writing FASTA
[2026-04-13 17:05:12] DEBUG: Peak RAM usage: 8 Gb
-----------End assembly log------------
[2026-04-13 17:05:12] root: DEBUG: Disjointigs length: 60239, N50: 7282
[2026-04-13 17:05:12] root: INFO: >>>STAGE: consensus
[2026-04-13 17:05:12] root: INFO: Running Minimap2
[2026-04-13 17:05:37] root: INFO: Computing consensus
[2026-04-13 17:05:39] root: INFO: Alignment error rate: 0.125146
[2026-04-13 17:05:39] root: INFO: >>>STAGE: repeat
[2026-04-13 17:05:39] root: INFO: Building and resolving repeat graph
[2026-04-13 17:05:39] root: DEBUG: -----Begin repeat analyser log------
[2026-04-13 17:05:39] root: DEBUG: Running: flye-modules repeat --disjointigs /scratch/noe/sugarcane_projet/results/4_assembly/Barcode83_unmapped.fastq/10-consensus/consensus.fasta --reads /scratch/noe/sugarcane_projet/results/2_mapping/Barcode83_unmapped.fastq --out-dir /scratch/noe/sugarcane_projet/results/4_assembly/Barcode83_unmapped.fastq/20-repeat --config /usr/local/lib/python3.10/dist-packages/flye/config/bin_cfg/asm_raw_reads.cfg --log /scratch/noe/sugarcane_projet/results/4_assembly/Barcode83_unmapped.fastq/flye.log --threads 4 --min-ovlp 1000
[2026-04-13 17:05:39] DEBUG: Build date: Dec  3 2025 16:34:21
[2026-04-13 17:05:39] DEBUG: Total RAM: 251 Gb
[2026-04-13 17:05:39] DEBUG: Available RAM: 235 Gb
[2026-04-13 17:05:39] DEBUG: Total CPUs: 32
[2026-04-13 17:05:39] DEBUG: Loading /usr/local/lib/python3.10/dist-packages/flye/config/bin_cfg/asm_raw_reads.cfg
[2026-04-13 17:05:39] DEBUG: Loading /usr/local/lib/python3.10/dist-packages/flye/config/bin_cfg/asm_defaults.cfg
[2026-04-13 17:05:39] DEBUG: 	big_genome_threshold=29000000
[2026-04-13 17:05:39] DEBUG: 	meta_read_filter_kmer_freq=100
[2026-04-13 17:05:39] DEBUG: 	chain_large_gap_penalty=2
[2026-04-13 17:05:39] DEBUG: 	chain_small_gap_penalty=0.5
[2026-04-13 17:05:39] DEBUG: 	chain_gap_jump_threshold=100
[2026-04-13 17:05:39] DEBUG: 	max_jump_gap=500
[2026-04-13 17:05:39] DEBUG: 	max_coverage_drop_rate=5
[2026-04-13 17:05:39] DEBUG: 	max_extensions_drop_rate=5
[2026-04-13 17:05:39] DEBUG: 	chimera_window=100
[2026-04-13 17:05:39] DEBUG: 	chimera_overhang=1000
[2026-04-13 17:05:39] DEBUG: 	min_reads_in_disjointig=4
[2026-04-13 17:05:39] DEBUG: 	max_inner_reads=10
[2026-04-13 17:05:39] DEBUG: 	max_inner_fraction=0.25
[2026-04-13 17:05:39] DEBUG: 	aggressive_dup_filter=1
[2026-04-13 17:05:39] DEBUG: 	max_separation=500
[2026-04-13 17:05:39] DEBUG: 	unique_edge_length=50000
[2026-04-13 17:05:39] DEBUG: 	min_repeat_res_support=0.51
[2026-04-13 17:05:39] DEBUG: 	out_paths_ratio=5
[2026-04-13 17:05:39] DEBUG: 	graph_cov_drop_rate=5
[2026-04-13 17:05:39] DEBUG: 	coverage_estimate_window=100
[2026-04-13 17:05:39] DEBUG: 	max_bubble_length=50000
[2026-04-13 17:05:39] DEBUG: 	loop_coverage_rate=1.5
[2026-04-13 17:05:39] DEBUG: 	repeat_edge_cov_mult=1.75
[2026-04-13 17:05:39] DEBUG: 	weak_detach_rate=5
[2026-04-13 17:05:39] DEBUG: 	tip_coverage_rate=2
[2026-04-13 17:05:39] DEBUG: 	tip_length_rate=2
[2026-04-13 17:05:39] DEBUG: 	output_gfa_before_rr=1
[2026-04-13 17:05:39] DEBUG: 	remove_alt_edges=0
[2026-04-13 17:05:39] DEBUG: 	low_cutoff_warning=1
[2026-04-13 17:05:39] DEBUG: 	kmer_size=17
[2026-04-13 17:05:39] DEBUG: 	use_minimizers=0
[2026-04-13 17:05:39] DEBUG: 	reads_base_alignment=0
[2026-04-13 17:05:39] DEBUG: 	meta_read_top_kmer_rate=0.40
[2026-04-13 17:05:39] DEBUG: 	maximum_jump=1500
[2026-04-13 17:05:39] DEBUG: 	maximum_overhang=1500
[2026-04-13 17:05:39] DEBUG: 	repeat_kmer_rate=100
[2026-04-13 17:05:39] DEBUG: 	assemble_ovlp_divergence=0.10
[2026-04-13 17:05:39] DEBUG: 	assemble_divergence_relative=1
[2026-04-13 17:05:39] DEBUG: 	repeat_graph_ovlp_divergence=0.08
[2026-04-13 17:05:39] DEBUG: 	read_align_ovlp_divergence=0.25
[2026-04-13 17:05:39] DEBUG: 	hpc_scoring_on=0
[2026-04-13 17:05:39] DEBUG: 	add_unassembled_reads=0
[2026-04-13 17:05:39] DEBUG: 	extend_contigs_with_repeats=0
[2026-04-13 17:05:39] DEBUG: 	min_read_cov_cutoff=3
[2026-04-13 17:05:39] DEBUG: 	short_tip_length=20000
[2026-04-13 17:05:39] DEBUG: 	long_tip_length=100000
[2026-04-13 17:05:39] DEBUG: Running with k-mer size: 17
[2026-04-13 17:05:39] DEBUG: Selected minimum overlap 1000
[2026-04-13 17:05:39] DEBUG: Metagenome mode: N
[2026-04-13 17:05:39] INFO: Parsing disjointigs
[2026-04-13 17:05:39] DEBUG: Building positional index
[2026-04-13 17:05:39] DEBUG: Total sequence: 56614 bp
[2026-04-13 17:05:39] INFO: Building repeat graph
[2026-04-13 17:05:39] DEBUG: Mean k-mer frequency: 3.73801
[2026-04-13 17:05:39] DEBUG: Repetitive k-mer frequency: 373
[2026-04-13 17:05:39] DEBUG: Filtered 0 repetitive k-mers (0)
[2026-04-13 17:05:39] DEBUG: Sorting k-mer index
[2026-04-13 17:05:39] DEBUG: Selected k-mers: 15099
[2026-04-13 17:05:39] DEBUG: K-mer index size: 56444
[2026-04-13 17:05:39] DEBUG: Mean k-mer frequency: 3.73826
[2026-04-13 17:05:39] DEBUG: Minimizer rate: 1.00301
[2026-04-13 17:06:19] DEBUG: Computing transitive closure for overlaps
[2026-04-13 17:06:19] DEBUG: Found 370 overlaps
[2026-04-13 17:06:19] DEBUG: Left 148 overlaps after filtering
[2026-04-13 17:06:19] INFO: Median overlap divergence: 0.205254
[2026-04-13 17:06:19] DEBUG: Sequence divergence distribution: 

    | *         *    |           *        *   **                                                         
    | *         *    |           *        *   **                                                         
    | *         *    |           *        *   **                                                         
    | *         *    |           *        *   **                                                         
    | *         *    |           *        *   **                                                         
    | *         *    |           *        *   **                                                         
    | *         *    |           *        *   **                                                         
    | *         *    |           *        *   **                                                         
    | *         *    |           *        *   **                                                         
    | *         *    |           *        *   **                                                         
    | *         *    |           *        *   **                                                         
    | *         *    |           *        *   **                                                         
    | *         *    |           *        *   **                                                         
    | *         *    |           *        *   **                                                         
    | *         *    |           *        *   **                                                         
    | *         *    |           *        *   **                                                         
    | *         *    |           *        *   **                                                         
    | *         *    |           *        *   **                                                         
    | *         *    |           *        *   **                                                         
    | *         *    |           *        *   **                                                         
    ----------------------------------------------------------------------------------------------------
    0%        5%        10%       15%       20%       25%       30%       35%       40%       45%       

    Q25 = 0.14, Q50 = 0.21, Q75 = 0.51

[2026-04-13 17:06:19] DEBUG: Computing gluepoints
[2026-04-13 17:06:19] DEBUG: Added 5 gluepoint projections
[2026-04-13 17:06:19] DEBUG: Added 1 gluepoint projections
[2026-04-13 17:06:19] DEBUG: Added 0 gluepoint projections
[2026-04-13 17:06:19] DEBUG: Created 128 gluepoints
[2026-04-13 17:06:19] DEBUG: Artificial loops removed: 0 left, 0 right, 0 both
[2026-04-13 17:06:19] DEBUG: Initializing edges
[2026-04-13 17:06:19] DEBUG: Edges length checksum: 90931454
[2026-04-13 17:06:19] DEBUG: Filtered 0 singleton segments
[2026-04-13 17:06:19] DEBUG: Removed 0 simple and 2 double chimeric junctions
[2026-04-13 17:06:19] DEBUG: Collapsed 1 edges
[2026-04-13 17:06:19] DEBUG:  	3	+disjointig_1	1073	5190	4117	
[2026-04-13 17:06:19] DEBUG:  	-3	+disjointig_1	5190	12273	7083	
[2026-04-13 17:06:19] DEBUG: *	14	+disjointig_1	12273	13935	1662	
[2026-04-13 17:06:19] DEBUG:  	3	+disjointig_1	13935	15256	1321	
[2026-04-13 17:06:19] DEBUG: *	4	+disjointig_12	0	3749	3749	
[2026-04-13 17:06:19] DEBUG: *	5	+disjointig_13	0	2770	2770	
[2026-04-13 17:06:19] DEBUG:  	6	+disjointig_14	7	3182	3175	
[2026-04-13 17:06:19] DEBUG:  	-6	+disjointig_14	3182	6402	3220	
[2026-04-13 17:06:19] DEBUG: *	7	+disjointig_20	0	1424	1424	
[2026-04-13 17:06:19] DEBUG:  	8	+disjointig_21	4	4604	4600	
[2026-04-13 17:06:19] DEBUG:  	9	+disjointig_4	182	4419	4237	
[2026-04-13 17:06:19] DEBUG:  	-9	+disjointig_4	4419	8545	4126	
[2026-04-13 17:06:19] DEBUG: *	10	+disjointig_5	0	4349	4349	
[2026-04-13 17:06:19] DEBUG:  	11	+disjointig_6	2	2531	2529	
[2026-04-13 17:06:19] DEBUG:  	12	+disjointig_6	2531	7269	4738	
[2026-04-13 17:06:19] DEBUG: *	13	+disjointig_7	0	2218	2218	
[2026-04-13 17:06:19] DEBUG: Total edges: 14
[2026-04-13 17:06:19] INFO: Parsing reads
[2026-04-13 17:06:19] DEBUG: Building positional index
[2026-04-13 17:06:19] DEBUG: Total sequence: 5383417 bp
[2026-04-13 17:06:19] DEBUG: Building positional index
[2026-04-13 17:06:19] DEBUG: Total sequence: 55318 bp
[2026-04-13 17:06:19] INFO: Aligning reads to the graph
[2026-04-13 17:06:19] DEBUG: Mean k-mer frequency: 3.73988
[2026-04-13 17:06:19] DEBUG: Repetitive k-mer frequency: 373
[2026-04-13 17:06:19] DEBUG: Filtered 0 repetitive k-mers (0)
[2026-04-13 17:06:19] DEBUG: Sorting k-mer index
[2026-04-13 17:06:19] DEBUG: Selected k-mers: 14554
[2026-04-13 17:06:19] DEBUG: K-mer index size: 54434
[2026-04-13 17:06:19] DEBUG: Mean k-mer frequency: 3.74014
[2026-04-13 17:06:19] DEBUG: Minimizer rate: 1.01624
[2026-04-13 17:06:55] DEBUG: Total reads : 1397
[2026-04-13 17:06:55] DEBUG: Read with aligned parts : 1114
[2026-04-13 17:06:55] DEBUG: Aligned in one piece : 1040
[2026-04-13 17:06:55] INFO: Aligned read sequence: 3021473 / 3763236 (0.802892)
[2026-04-13 17:06:55] INFO: Median overlap divergence: 0.0128692
[2026-04-13 17:06:55] DEBUG: Sequence divergence distribution: 

    | *                                                |                                                 
    | *                                                |                                                 
    | *                                                |                                                 
    | *                                                |                                                 
    | *                                                |                                                 
    | *                                                |                                                 
    | *                                                |                                                 
    | *                                                |                                                 
    | **                                               |                                                 
    | **                                               |                                                 
    |***                                               |                                                 
    |****                                              |                                                 
    |****                                              |                                                 
    |*****                                             |                                                 
    |*****                                             |                                                 
    |*****                                             |                                                 
    |******                                            |                                                 
    |*******                                           |                                                 
    |**********                                        |                                                 
    |**************************** **   *** *           |       **  *                                     
    ----------------------------------------------------------------------------------------------------
    0%        5%        10%       15%       20%       25%       30%       35%       40%       45%       

    Q25 = 0.0071, Q50 = 0.013, Q75 = 0.026

[2026-04-13 17:06:55] INFO: Mean edge coverage: 127
[2026-04-13 17:06:55] DEBUG: 3	len:695	cov:139	mult:1.09449
[2026-04-13 17:06:55] DEBUG: -3	len:695	cov:139	mult:1.09449
[2026-04-13 17:06:55] DEBUG: 4	len:3749	cov:4	mult:0.0314961
[2026-04-13 17:06:55] DEBUG: -4	len:3749	cov:4	mult:0.0314961
[2026-04-13 17:06:55] DEBUG: 5	len:2770	cov:2	mult:0.015748
[2026-04-13 17:06:55] DEBUG: -5	len:2770	cov:2	mult:0.015748
[2026-04-13 17:06:55] DEBUG: 6	len:799	cov:33	mult:0.259843
[2026-04-13 17:06:55] DEBUG: -6	len:799	cov:33	mult:0.259843
[2026-04-13 17:06:55] DEBUG: 7	len:1424	cov:6	mult:0.0472441
[2026-04-13 17:06:55] DEBUG: -7	len:1424	cov:6	mult:0.0472441
[2026-04-13 17:06:55] DEBUG: 8	len:1533	cov:8	mult:0.0629921
[2026-04-13 17:06:55] DEBUG: -8	len:1533	cov:8	mult:0.0629921
[2026-04-13 17:06:55] DEBUG: 9	len:696	cov:3902	mult:30.7244
[2026-04-13 17:06:55] DEBUG: -9	len:696	cov:3902	mult:30.7244
[2026-04-13 17:06:55] DEBUG: 10	len:4349	cov:15	mult:0.11811
[2026-04-13 17:06:55] DEBUG: -10	len:4349	cov:15	mult:0.11811
[2026-04-13 17:06:55] DEBUG: 11	len:843	cov:64	mult:0.503937
[2026-04-13 17:06:55] DEBUG: -11	len:843	cov:64	mult:0.503937
[2026-04-13 17:06:55] DEBUG: 12	len:2369	cov:48	mult:0.377953
[2026-04-13 17:06:55] DEBUG: -12	len:2369	cov:48	mult:0.377953
[2026-04-13 17:06:55] DEBUG: 13	len:2218	cov:3	mult:0.023622
[2026-04-13 17:06:55] DEBUG: -13	len:2218	cov:3	mult:0.023622
[2026-04-13 17:06:55] DEBUG: 14	len:1662	cov:166	mult:1.30709
[2026-04-13 17:06:55] DEBUG: -14	len:1662	cov:166	mult:1.30709
[2026-04-13 17:06:55] DEBUG: Unique coverage threshold 290
[2026-04-13 17:06:55] INFO: Simplifying the graph
[2026-04-13 17:06:55] DEBUG: Read coverage cutoff: 25
[2026-04-13 17:06:55] DEBUG: [SIMPL] Removed 5 paths with low coverage
[2026-04-13 17:06:55] DEBUG: [SIMPL] Masked 0 heterozygous loops
[2026-04-13 17:06:55] DEBUG: [SIMPL] Masked 0 simple bubbles
[2026-04-13 17:06:55] DEBUG: Finding repeats
[2026-04-13 17:06:55] DEBUG: Read coverage cutoff: 25
[2026-04-13 17:06:55] DEBUG: Low-coverage: 8 8
[2026-04-13 17:06:55] DEBUG: Short-loop: 3
[2026-04-13 17:06:55] DEBUG: Short-loop: 6
[2026-04-13 17:06:55] DEBUG: Short-loop: 8
[2026-04-13 17:06:55] DEBUG: High-cov: 9	696	3902
[2026-04-13 17:06:55] DEBUG: Short-loop: 9
[2026-04-13 17:06:55] DEBUG: Short-loop: 11
[2026-04-13 17:06:55] DEBUG: Short-loop: 12
[2026-04-13 17:06:55] DEBUG: Short-loop: 14
[2026-04-13 17:06:55] DEBUG: Repeat detection iteration 1
[2026-04-13 17:06:55] DEBUG: Writing Dot
[2026-04-13 17:06:55] DEBUG: Writing FASTA
[2026-04-13 17:06:55] DEBUG: Writing Gfa
[2026-04-13 17:06:55] DEBUG: [SIMPL] == Iteration 1 ==
[2026-04-13 17:06:55] DEBUG: Splitting nodes
[2026-04-13 17:06:55] DEBUG: [SIMPL] Split 0 nodes
[2026-04-13 17:06:55] DEBUG: [SIMPL] Clipped 0 short and 0 long tips
[2026-04-13 17:06:55] DEBUG: [SIMPL] Masked 0 heterozygous loops
[2026-04-13 17:06:55] DEBUG: [SIMPL] Masked 0 simple bubbles
[2026-04-13 17:06:55] DEBUG: Finding repeats
[2026-04-13 17:06:55] DEBUG: Read coverage cutoff: 25
[2026-04-13 17:06:55] DEBUG: Low-coverage: 8 8
[2026-04-13 17:06:55] DEBUG: Short-loop: 3
[2026-04-13 17:06:55] DEBUG: Short-loop: 6
[2026-04-13 17:06:55] DEBUG: Short-loop: 8
[2026-04-13 17:06:55] DEBUG: High-cov: 9	696	3902
[2026-04-13 17:06:55] DEBUG: Short-loop: 9
[2026-04-13 17:06:55] DEBUG: Short-loop: 11
[2026-04-13 17:06:55] DEBUG: Short-loop: 12
[2026-04-13 17:06:55] DEBUG: Short-loop: 14
[2026-04-13 17:06:55] DEBUG: Repeat detection iteration 1
[2026-04-13 17:06:55] DEBUG: Total unique edges: 0
[2026-04-13 17:06:55] DEBUG: [SIMPL] Resolved repeats: 0
[2026-04-13 17:06:55] DEBUG: RR links: 0
[2026-04-13 17:06:55] DEBUG: Unresolved: 0
[2026-04-13 17:06:55] DEBUG: Removed 0 simple and 0 double chimeric junctions
[2026-04-13 17:06:55] DEBUG: [SIMPL] Collapsed 0 haplotypes
[2026-04-13 17:06:55] DEBUG: [SIMPL] Resolved 0 simple repeats
[2026-04-13 17:06:55] DEBUG: Read coverage cutoff: 25
[2026-04-13 17:06:55] DEBUG: [SIMPL] Removed 0 paths with low coverage
[2026-04-13 17:06:55] DEBUG: Finding repeats
[2026-04-13 17:06:55] DEBUG: Read coverage cutoff: 25
[2026-04-13 17:06:55] DEBUG: Low-coverage: 8 8
[2026-04-13 17:06:55] DEBUG: Short-loop: 3
[2026-04-13 17:06:55] DEBUG: Short-loop: 6
[2026-04-13 17:06:55] DEBUG: Short-loop: 8
[2026-04-13 17:06:55] DEBUG: High-cov: 9	696	3902
[2026-04-13 17:06:55] DEBUG: Short-loop: 9
[2026-04-13 17:06:55] DEBUG: Short-loop: 11
[2026-04-13 17:06:55] DEBUG: Short-loop: 12
[2026-04-13 17:06:55] DEBUG: Short-loop: 14
[2026-04-13 17:06:55] DEBUG: Repeat detection iteration 1
[2026-04-13 17:06:55] DEBUG: Writing Dot
[2026-04-13 17:06:55] DEBUG: Writing FASTA
[2026-04-13 17:06:55] DEBUG: Peak RAM usage: 0 Gb
-----------End assembly log------------
[2026-04-13 17:06:55] root: INFO: >>>STAGE: contigger
[2026-04-13 17:06:55] root: INFO: Generating contigs
[2026-04-13 17:06:55] root: DEBUG: -----Begin contigger analyser log------
[2026-04-13 17:06:55] root: DEBUG: Running: flye-modules contigger --graph-edges /scratch/noe/sugarcane_projet/results/4_assembly/Barcode83_unmapped.fastq/20-repeat/repeat_graph_edges.fasta --reads /scratch/noe/sugarcane_projet/results/2_mapping/Barcode83_unmapped.fastq --out-dir /scratch/noe/sugarcane_projet/results/4_assembly/Barcode83_unmapped.fastq/30-contigger --config /usr/local/lib/python3.10/dist-packages/flye/config/bin_cfg/asm_raw_reads.cfg --repeat-graph /scratch/noe/sugarcane_projet/results/4_assembly/Barcode83_unmapped.fastq/20-repeat/repeat_graph_dump --graph-aln /scratch/noe/sugarcane_projet/results/4_assembly/Barcode83_unmapped.fastq/20-repeat/read_alignment_dump --log /scratch/noe/sugarcane_projet/results/4_assembly/Barcode83_unmapped.fastq/flye.log --threads 4 --min-ovlp 1000
[2026-04-13 17:06:55] DEBUG: Build date: Dec  3 2025 16:34:29
[2026-04-13 17:06:55] DEBUG: Total RAM: 251 Gb
[2026-04-13 17:06:55] DEBUG: Available RAM: 235 Gb
[2026-04-13 17:06:55] DEBUG: Total CPUs: 32
[2026-04-13 17:06:55] DEBUG: Loading /usr/local/lib/python3.10/dist-packages/flye/config/bin_cfg/asm_raw_reads.cfg
[2026-04-13 17:06:55] DEBUG: Loading /usr/local/lib/python3.10/dist-packages/flye/config/bin_cfg/asm_defaults.cfg
[2026-04-13 17:06:55] DEBUG: 	big_genome_threshold=29000000
[2026-04-13 17:06:55] DEBUG: 	meta_read_filter_kmer_freq=100
[2026-04-13 17:06:55] DEBUG: 	chain_large_gap_penalty=2
[2026-04-13 17:06:55] DEBUG: 	chain_small_gap_penalty=0.5
[2026-04-13 17:06:55] DEBUG: 	chain_gap_jump_threshold=100
[2026-04-13 17:06:55] DEBUG: 	max_jump_gap=500
[2026-04-13 17:06:55] DEBUG: 	max_coverage_drop_rate=5
[2026-04-13 17:06:55] DEBUG: 	max_extensions_drop_rate=5
[2026-04-13 17:06:55] DEBUG: 	chimera_window=100
[2026-04-13 17:06:55] DEBUG: 	chimera_overhang=1000
[2026-04-13 17:06:55] DEBUG: 	min_reads_in_disjointig=4
[2026-04-13 17:06:55] DEBUG: 	max_inner_reads=10
[2026-04-13 17:06:55] DEBUG: 	max_inner_fraction=0.25
[2026-04-13 17:06:55] DEBUG: 	aggressive_dup_filter=1
[2026-04-13 17:06:55] DEBUG: 	max_separation=500
[2026-04-13 17:06:55] DEBUG: 	unique_edge_length=50000
[2026-04-13 17:06:55] DEBUG: 	min_repeat_res_support=0.51
[2026-04-13 17:06:55] DEBUG: 	out_paths_ratio=5
[2026-04-13 17:06:55] DEBUG: 	graph_cov_drop_rate=5
[2026-04-13 17:06:55] DEBUG: 	coverage_estimate_window=100
[2026-04-13 17:06:55] DEBUG: 	max_bubble_length=50000
[2026-04-13 17:06:55] DEBUG: 	loop_coverage_rate=1.5
[2026-04-13 17:06:55] DEBUG: 	repeat_edge_cov_mult=1.75
[2026-04-13 17:06:55] DEBUG: 	weak_detach_rate=5
[2026-04-13 17:06:55] DEBUG: 	tip_coverage_rate=2
[2026-04-13 17:06:55] DEBUG: 	tip_length_rate=2
[2026-04-13 17:06:55] DEBUG: 	output_gfa_before_rr=1
[2026-04-13 17:06:55] DEBUG: 	remove_alt_edges=0
[2026-04-13 17:06:55] DEBUG: 	low_cutoff_warning=1
[2026-04-13 17:06:55] DEBUG: 	kmer_size=17
[2026-04-13 17:06:55] DEBUG: 	use_minimizers=0
[2026-04-13 17:06:55] DEBUG: 	reads_base_alignment=0
[2026-04-13 17:06:55] DEBUG: 	meta_read_top_kmer_rate=0.40
[2026-04-13 17:06:55] DEBUG: 	maximum_jump=1500
[2026-04-13 17:06:55] DEBUG: 	maximum_overhang=1500
[2026-04-13 17:06:55] DEBUG: 	repeat_kmer_rate=100
[2026-04-13 17:06:55] DEBUG: 	assemble_ovlp_divergence=0.10
[2026-04-13 17:06:55] DEBUG: 	assemble_divergence_relative=1
[2026-04-13 17:06:55] DEBUG: 	repeat_graph_ovlp_divergence=0.08
[2026-04-13 17:06:55] DEBUG: 	read_align_ovlp_divergence=0.25
[2026-04-13 17:06:55] DEBUG: 	hpc_scoring_on=0
[2026-04-13 17:06:55] DEBUG: 	add_unassembled_reads=0
[2026-04-13 17:06:55] DEBUG: 	extend_contigs_with_repeats=0
[2026-04-13 17:06:55] DEBUG: 	min_read_cov_cutoff=3
[2026-04-13 17:06:55] DEBUG: 	short_tip_length=20000
[2026-04-13 17:06:55] DEBUG: 	long_tip_length=100000
[2026-04-13 17:06:55] DEBUG: Running with k-mer size: 17
[2026-04-13 17:06:55] DEBUG: Selected minimum overlap 1000
[2026-04-13 17:06:55] INFO: Reading sequences
[2026-04-13 17:06:55] DEBUG: Building positional index
[2026-04-13 17:06:55] DEBUG: Total sequence: 5383417 bp
[2026-04-13 17:06:55] DEBUG: Flipped 0
[2026-04-13 17:06:55] DEBUG: UPath 1: 3
[2026-04-13 17:06:55] DEBUG: UPath 2: 6
[2026-04-13 17:06:55] DEBUG: UPath 3: 8
[2026-04-13 17:06:55] DEBUG: UPath 4: 9
[2026-04-13 17:06:55] DEBUG: UPath 5: 11
[2026-04-13 17:06:55] DEBUG: UPath 6: 12
[2026-04-13 17:06:55] DEBUG: UPath 7: 14
[2026-04-13 17:06:55] DEBUG: Final graph contains 7 egdes
[2026-04-13 17:06:55] DEBUG: Extending contigs into repeats
[2026-04-13 17:06:55] DEBUG: Covered 0 repetitive contigs
[2026-04-13 17:06:55] INFO: Generated 7 contigs
[2026-04-13 17:06:55] DEBUG: Writing FASTA
[2026-04-13 17:06:55] DEBUG: Generating scaffold connections
[2026-04-13 17:06:55] INFO: Added 0 scaffold connections
[2026-04-13 17:06:55] DEBUG: Writing Dot
[2026-04-13 17:06:55] DEBUG: Writing FASTA
[2026-04-13 17:06:55] DEBUG: Writing Gfa
[2026-04-13 17:06:55] DEBUG: Peak RAM usage: 0 Gb
-----------End assembly log------------
[2026-04-13 17:06:55] root: INFO: >>>STAGE: polishing
[2026-04-13 17:06:55] root: INFO: Polishing genome (1/1)
[2026-04-13 17:06:55] root: INFO: Running minimap2
[2026-04-13 17:06:57] root: INFO: Separating alignment into bubbles
[2026-04-13 17:06:57] root: DEBUG: Generated 437 bubbles
[2026-04-13 17:06:57] root: DEBUG: Split 0 long bubbles
[2026-04-13 17:06:57] root: DEBUG: Skipped 1 empty bubbles
[2026-04-13 17:06:57] root: DEBUG: Skipped 0 bubbles with long branches
[2026-04-13 17:06:57] root: INFO: Alignment error rate: 0.065926
[2026-04-13 17:06:57] root: INFO: Correcting bubbles
[2026-04-13 17:07:00] root: DEBUG: Mean contig coverage: 95, selected threshold: 19
[2026-04-13 17:07:00] root: DEBUG: Filtered 2 contigs of total length 2286
[2026-04-13 17:07:00] root: DEBUG: Generating polished GFA
[2026-04-13 17:07:00] root: DEBUG: 2 sequences remained unpolished
[2026-04-13 17:07:00] root: INFO: >>>STAGE: finalize
[2026-04-13 17:07:00] root: DEBUG: ---Output dir contents:----
[2026-04-13 17:07:00] root: DEBUG: Barcode83_unmapped.fastq/
[2026-04-13 17:07:00] root: DEBUG:     39.0 K      flye.log
[2026-04-13 17:07:00] root: DEBUG:     92.0 B      params.json
[2026-04-13 17:07:00] root: DEBUG:     1.0 K       assembly_graph.gv
[2026-04-13 17:07:00] root: DEBUG:     8.0 K       assembly_graph.gfa
[2026-04-13 17:07:00] root: DEBUG:     6.0 K       assembly.fasta
[2026-04-13 17:07:00] root: DEBUG:     00-assembly/
[2026-04-13 17:07:00] root: DEBUG:         59.0 K      draft_assembly.fasta
[2026-04-13 17:07:00] root: DEBUG:         303.0 B     draft_assembly.fasta.fai
[2026-04-13 17:07:00] root: DEBUG:     10-consensus/
[2026-04-13 17:07:00] root: DEBUG:         985.0 B     minimap.stderr
[2026-04-13 17:07:00] root: DEBUG:         253.0 B     minimap.bam.csi
[2026-04-13 17:07:00] root: DEBUG:         56.0 K      consensus.fasta
[2026-04-13 17:07:00] root: DEBUG:     20-repeat/
[2026-04-13 17:07:00] root: DEBUG:         1.0 K       graph_before_rr.gv
[2026-04-13 17:07:00] root: DEBUG:         8.0 K       graph_before_rr.fasta
[2026-04-13 17:07:00] root: DEBUG:         8.0 K       graph_before_rr.gfa
[2026-04-13 17:07:00] root: DEBUG:         1.0 K       graph_after_rr.gv
[2026-04-13 17:07:00] root: DEBUG:         6.0 K       repeat_graph_dump
[2026-04-13 17:07:00] root: DEBUG:         1.0 M       read_alignment_dump
[2026-04-13 17:07:00] root: DEBUG:         56.0 K      repeat_graph_edges.fasta
[2026-04-13 17:07:00] root: DEBUG:     30-contigger/
[2026-04-13 17:07:00] root: DEBUG:         8.0 K       contigs.fasta
[2026-04-13 17:07:00] root: DEBUG:         301.0 B     contigs_stats.txt
[2026-04-13 17:07:00] root: DEBUG:         0.0 B       scaffolds_links.txt
[2026-04-13 17:07:00] root: DEBUG:         1.0 K       graph_final.gv
[2026-04-13 17:07:00] root: DEBUG:         8.0 K       graph_final.fasta
[2026-04-13 17:07:00] root: DEBUG:         8.0 K       graph_final.gfa
[2026-04-13 17:07:00] root: DEBUG:         168.0 B     contigs.fasta.fai
[2026-04-13 17:07:00] root: DEBUG:     40-polishing/
[2026-04-13 17:07:00] root: DEBUG:         946.0 B     minimap.stderr
[2026-04-13 17:07:00] root: DEBUG:         198.0 B     minimap_1.bam.csi
[2026-04-13 17:07:00] root: DEBUG:         143.0 B     contigs_stats.txt
[2026-04-13 17:07:00] root: DEBUG:         1.0 K       base_coverage.bed.gz
[2026-04-13 17:07:00] root: DEBUG:         6.0 K       filtered_contigs.fasta
[2026-04-13 17:07:00] root: DEBUG:         111.0 B     filtered_stats.txt
[2026-04-13 17:07:00] root: DEBUG:         119.0 B     filtered_contigs.fasta.fai
[2026-04-13 17:07:00] root: DEBUG:         149.0 B     edges_aln.bam.csi
[2026-04-13 17:07:00] root: DEBUG:         8.0 K       polished_edges.gfa
[2026-04-13 17:07:00] root: DEBUG: --------------------------
[2026-04-13 17:07:00] root: INFO: Assembly statistics:

	Total length:	6178
	Fragments:	5
	Fragments N50:	1721
	Largest frg:	2156
	Scaffolds:	0
	Mean coverage:	129

[2026-04-13 17:07:00] root: INFO: Final assembly: /scratch/noe/sugarcane_projet/results/4_assembly/Barcode83_unmapped.fastq/assembly.fasta
