2026-04-02 17:59:53,696 NanoPlot 1.41.3 started with arguments Namespace(threads=1, verbose=False, store=False, raw=False, huge=False, outdir='/home/noe/cibig_noe/project_stage_tutore/results/1_QC/Barcode75', no_static=False, prefix='', tsv_stats=False, info_in_report=False, maxlength=None, minlength=None, drop_outliers=False, downsample=None, loglength=False, percentqual=False, alength=False, minqual=None, runtime_until=None, readtype='1D', barcoded=False, no_supplementary=False, color='#4CB391', colormap='Greens', format=['png'], plots=['kde', 'dot'], legacy=None, listcolors=False, listcolormaps=False, no_N50=False, N50=False, title=None, font_scale=1, dpi=100, hide_stats=False, fastq=['/home/noe/cibig_noe/project_stage_tutore/raw_data/merged_fastq/Barcode75.fastq'], fasta=None, fastq_rich=None, fastq_minimal=None, summary=None, bam=None, ubam=None, cram=None, pickle=None, feather=None, path='/home/noe/cibig_noe/project_stage_tutore/results/1_QC/Barcode75/')
2026-04-02 17:59:53,696 Python version is: 3.10.12 (main, Sep 11 2024, 15:47:36) [GCC 11.4.0]
2026-04-02 17:59:53,711 Nanoget: Starting to collect statistics from plain fastq file.
2026-04-02 17:59:56,751 Reduced DataFrame memory usage from 0.5070037841796875Mb to 0.5070037841796875Mb
2026-04-02 17:59:56,763 Nanoget: Gathered all metrics of 33219 reads
2026-04-02 17:59:56,783 Calculated statistics
2026-04-02 17:59:56,783 Using sequenced read lengths for plotting.
2026-04-02 17:59:56,785 Removed 10 artefactual reads with very short length and very high quality.
2026-04-02 17:59:56,796 Calculated statistics
2026-04-02 17:59:56,797 NanoPlot:  Valid color #4CB391.
2026-04-02 17:59:56,797 NanoPlot:  Valid colormap Greens.
2026-04-02 17:59:56,799 NanoPlot:  Creating length plots for Read length.
2026-04-02 17:59:56,799 NanoPlot:  Using 33209 reads maximum of 29958bp.
2026-04-02 17:59:58,452 Saved /home/noe/cibig_noe/project_stage_tutore/results/1_QC/Barcode75/WeightedHistogramReadlength  as png (or png for --legacy)
2026-04-02 17:59:59,631 Saved /home/noe/cibig_noe/project_stage_tutore/results/1_QC/Barcode75/WeightedLogTransformed_HistogramReadlength  as png (or png for --legacy)
2026-04-02 18:00:00,796 Saved /home/noe/cibig_noe/project_stage_tutore/results/1_QC/Barcode75/Non_weightedHistogramReadlength  as png (or png for --legacy)
2026-04-02 18:00:01,987 Saved /home/noe/cibig_noe/project_stage_tutore/results/1_QC/Barcode75/Non_weightedLogTransformed_HistogramReadlength  as png (or png for --legacy)
2026-04-02 18:00:03,751 Saved /home/noe/cibig_noe/project_stage_tutore/results/1_QC/Barcode75/Yield_By_Length  as png (or png for --legacy)
2026-04-02 18:00:03,753 Created length plots
2026-04-02 18:00:03,754 NanoPlot: Creating Read lengths vs Average read quality plots using 33209 reads.
2026-04-02 18:00:05,365 Saved /home/noe/cibig_noe/project_stage_tutore/results/1_QC/Barcode75/LengthvsQualityScatterPlot_dot  as png (or png for --legacy)
2026-04-02 18:00:07,560 Saved /home/noe/cibig_noe/project_stage_tutore/results/1_QC/Barcode75/LengthvsQualityScatterPlot_kde  as png (or png for --legacy)
2026-04-02 18:00:07,562 Created LengthvsQual plot
2026-04-02 18:00:07,562 Writing html report.
2026-04-02 18:00:07,590 Finished!
