2026-04-02 18:00:09,785 NanoPlot 1.41.3 started with arguments Namespace(threads=1, verbose=False, store=False, raw=False, huge=False, outdir='/home/noe/cibig_noe/project_stage_tutore/results/1_QC/Barcode76', no_static=False, prefix='', tsv_stats=False, info_in_report=False, maxlength=None, minlength=None, drop_outliers=False, downsample=None, loglength=False, percentqual=False, alength=False, minqual=None, runtime_until=None, readtype='1D', barcoded=False, no_supplementary=False, color='#4CB391', colormap='Greens', format=['png'], plots=['kde', 'dot'], legacy=None, listcolors=False, listcolormaps=False, no_N50=False, N50=False, title=None, font_scale=1, dpi=100, hide_stats=False, fastq=['/home/noe/cibig_noe/project_stage_tutore/raw_data/merged_fastq/Barcode76.fastq'], fasta=None, fastq_rich=None, fastq_minimal=None, summary=None, bam=None, ubam=None, cram=None, pickle=None, feather=None, path='/home/noe/cibig_noe/project_stage_tutore/results/1_QC/Barcode76/')
2026-04-02 18:00:09,785 Python version is: 3.10.12 (main, Sep 11 2024, 15:47:36) [GCC 11.4.0]
2026-04-02 18:00:09,800 Nanoget: Starting to collect statistics from plain fastq file.
2026-04-02 18:00:11,723 Reduced DataFrame memory usage from 0.2640380859375Mb to 0.2640380859375Mb
2026-04-02 18:00:11,734 Nanoget: Gathered all metrics of 17296 reads
2026-04-02 18:00:11,751 Calculated statistics
2026-04-02 18:00:11,751 Using sequenced read lengths for plotting.
2026-04-02 18:00:11,752 Removed 20 artefactual reads with very short length and very high quality.
2026-04-02 18:00:11,761 Calculated statistics
2026-04-02 18:00:11,762 NanoPlot:  Valid color #4CB391.
2026-04-02 18:00:11,762 NanoPlot:  Valid colormap Greens.
2026-04-02 18:00:11,764 NanoPlot:  Creating length plots for Read length.
2026-04-02 18:00:11,764 NanoPlot:  Using 17276 reads maximum of 38807bp.
2026-04-02 18:00:13,447 Saved /home/noe/cibig_noe/project_stage_tutore/results/1_QC/Barcode76/WeightedHistogramReadlength  as png (or png for --legacy)
2026-04-02 18:00:14,591 Saved /home/noe/cibig_noe/project_stage_tutore/results/1_QC/Barcode76/WeightedLogTransformed_HistogramReadlength  as png (or png for --legacy)
2026-04-02 18:00:15,742 Saved /home/noe/cibig_noe/project_stage_tutore/results/1_QC/Barcode76/Non_weightedHistogramReadlength  as png (or png for --legacy)
2026-04-02 18:00:16,921 Saved /home/noe/cibig_noe/project_stage_tutore/results/1_QC/Barcode76/Non_weightedLogTransformed_HistogramReadlength  as png (or png for --legacy)
2026-04-02 18:00:26,615 Saved /home/noe/cibig_noe/project_stage_tutore/results/1_QC/Barcode76/Yield_By_Length  as png (or png for --legacy)
2026-04-02 18:00:26,617 Created length plots
2026-04-02 18:00:26,618 NanoPlot: Creating Read lengths vs Average read quality plots using 17276 reads.
2026-04-02 18:00:28,223 Saved /home/noe/cibig_noe/project_stage_tutore/results/1_QC/Barcode76/LengthvsQualityScatterPlot_dot  as png (or png for --legacy)
2026-04-02 18:00:30,402 Saved /home/noe/cibig_noe/project_stage_tutore/results/1_QC/Barcode76/LengthvsQualityScatterPlot_kde  as png (or png for --legacy)
2026-04-02 18:00:30,403 Created LengthvsQual plot
2026-04-02 18:00:30,404 Writing html report.
2026-04-02 18:00:30,432 Finished!
