[2026-04-13 15:45:48] root: INFO: Starting Flye 2.9.6-b1802
[2026-04-13 15:45:48] root: DEBUG: Cmd: /usr/local/bin/flye --nano-raw /scratch/noe/sugarcane_projet/results/2_mapping/Barcode76_unmapped.fastq --threads 4 --out-dir /scratch/noe/sugarcane_projet/results/4_assembly/Barcode76_unmapped.fastq
[2026-04-13 15:45:48] root: DEBUG: Python version: 3.10.12 (main, Nov  4 2025, 08:48:33) [GCC 11.4.0]
[2026-04-13 15:45:48] root: INFO: >>>STAGE: configure
[2026-04-13 15:45:48] root: INFO: Configuring run
[2026-04-13 15:45:48] root: INFO: Total read length: 697294
[2026-04-13 15:45:48] root: INFO: Reads N50/N90: 1656 / 229
[2026-04-13 15:45:48] root: INFO: Minimum overlap set to 1000
[2026-04-13 15:45:48] root: INFO: >>>STAGE: assembly
[2026-04-13 15:45:48] root: INFO: Assembling disjointigs
[2026-04-13 15:45:48] root: DEBUG: -----Begin assembly log------
[2026-04-13 15:45:48] root: DEBUG: Running: flye-modules assemble --reads /scratch/noe/sugarcane_projet/results/2_mapping/Barcode76_unmapped.fastq --out-asm /scratch/noe/sugarcane_projet/results/4_assembly/Barcode76_unmapped.fastq/00-assembly/draft_assembly.fasta --config /usr/local/lib/python3.10/dist-packages/flye/config/bin_cfg/asm_raw_reads.cfg --log /scratch/noe/sugarcane_projet/results/4_assembly/Barcode76_unmapped.fastq/flye.log --threads 4 --min-ovlp 1000
[2026-04-13 15:45:48] DEBUG: Build date: Dec  3 2025 16:34:13
[2026-04-13 15:45:48] DEBUG: Total RAM: 251 Gb
[2026-04-13 15:45:48] DEBUG: Available RAM: 238 Gb
[2026-04-13 15:45:48] DEBUG: Total CPUs: 32
[2026-04-13 15:45:48] DEBUG: Loading /usr/local/lib/python3.10/dist-packages/flye/config/bin_cfg/asm_raw_reads.cfg
[2026-04-13 15:45:48] DEBUG: Loading /usr/local/lib/python3.10/dist-packages/flye/config/bin_cfg/asm_defaults.cfg
[2026-04-13 15:45:48] DEBUG: 	big_genome_threshold=29000000
[2026-04-13 15:45:48] DEBUG: 	meta_read_filter_kmer_freq=100
[2026-04-13 15:45:48] DEBUG: 	chain_large_gap_penalty=2
[2026-04-13 15:45:48] DEBUG: 	chain_small_gap_penalty=0.5
[2026-04-13 15:45:48] DEBUG: 	chain_gap_jump_threshold=100
[2026-04-13 15:45:48] DEBUG: 	max_jump_gap=500
[2026-04-13 15:45:48] DEBUG: 	max_coverage_drop_rate=5
[2026-04-13 15:45:48] DEBUG: 	max_extensions_drop_rate=5
[2026-04-13 15:45:48] DEBUG: 	chimera_window=100
[2026-04-13 15:45:48] DEBUG: 	chimera_overhang=1000
[2026-04-13 15:45:48] DEBUG: 	min_reads_in_disjointig=4
[2026-04-13 15:45:48] DEBUG: 	max_inner_reads=10
[2026-04-13 15:45:48] DEBUG: 	max_inner_fraction=0.25
[2026-04-13 15:45:48] DEBUG: 	aggressive_dup_filter=1
[2026-04-13 15:45:48] DEBUG: 	max_separation=500
[2026-04-13 15:45:48] DEBUG: 	unique_edge_length=50000
[2026-04-13 15:45:48] DEBUG: 	min_repeat_res_support=0.51
[2026-04-13 15:45:48] DEBUG: 	out_paths_ratio=5
[2026-04-13 15:45:48] DEBUG: 	graph_cov_drop_rate=5
[2026-04-13 15:45:48] DEBUG: 	coverage_estimate_window=100
[2026-04-13 15:45:48] DEBUG: 	max_bubble_length=50000
[2026-04-13 15:45:48] DEBUG: 	loop_coverage_rate=1.5
[2026-04-13 15:45:48] DEBUG: 	repeat_edge_cov_mult=1.75
[2026-04-13 15:45:48] DEBUG: 	weak_detach_rate=5
[2026-04-13 15:45:48] DEBUG: 	tip_coverage_rate=2
[2026-04-13 15:45:48] DEBUG: 	tip_length_rate=2
[2026-04-13 15:45:48] DEBUG: 	output_gfa_before_rr=1
[2026-04-13 15:45:48] DEBUG: 	remove_alt_edges=0
[2026-04-13 15:45:48] DEBUG: 	low_cutoff_warning=1
[2026-04-13 15:45:48] DEBUG: 	kmer_size=17
[2026-04-13 15:45:48] DEBUG: 	use_minimizers=0
[2026-04-13 15:45:48] DEBUG: 	reads_base_alignment=0
[2026-04-13 15:45:48] DEBUG: 	meta_read_top_kmer_rate=0.40
[2026-04-13 15:45:48] DEBUG: 	maximum_jump=1500
[2026-04-13 15:45:48] DEBUG: 	maximum_overhang=1500
[2026-04-13 15:45:48] DEBUG: 	repeat_kmer_rate=100
[2026-04-13 15:45:48] DEBUG: 	assemble_ovlp_divergence=0.10
[2026-04-13 15:45:48] DEBUG: 	assemble_divergence_relative=1
[2026-04-13 15:45:48] DEBUG: 	repeat_graph_ovlp_divergence=0.08
[2026-04-13 15:45:48] DEBUG: 	read_align_ovlp_divergence=0.25
[2026-04-13 15:45:48] DEBUG: 	hpc_scoring_on=0
[2026-04-13 15:45:48] DEBUG: 	add_unassembled_reads=0
[2026-04-13 15:45:48] DEBUG: 	extend_contigs_with_repeats=0
[2026-04-13 15:45:48] DEBUG: 	min_read_cov_cutoff=3
[2026-04-13 15:45:48] DEBUG: 	short_tip_length=20000
[2026-04-13 15:45:48] DEBUG: 	long_tip_length=100000
[2026-04-13 15:45:48] DEBUG: Running with k-mer size: 17
[2026-04-13 15:45:48] DEBUG: Running with minimum overlap 1000
[2026-04-13 15:45:48] DEBUG: Metagenome mode: N
[2026-04-13 15:45:48] DEBUG: Short mode: N
[2026-04-13 15:45:48] INFO: Reading sequences
[2026-04-13 15:45:48] DEBUG: Building positional index
[2026-04-13 15:45:48] DEBUG: Total sequence: 454947 bp
[2026-04-13 15:45:51] INFO: Counting k-mers:
[2026-04-13 15:45:51] DEBUG: Updating k-mer histogram
[2026-04-13 15:46:57] DEBUG: Hash size: 3231
[2026-04-13 15:46:57] DEBUG: Total k-mers 110734
[2026-04-13 15:46:57] INFO: Filling index table (1/2)
[2026-04-13 15:46:57] DEBUG: Mean k-mer frequency: 13.2944
[2026-04-13 15:46:57] DEBUG: Repetitive k-mer frequency: 1329
[2026-04-13 15:46:57] DEBUG: Filtered 0 repetitive k-mers (0)
[2026-04-13 15:46:57] INFO: Filling index table (2/2)
[2026-04-13 15:46:57] DEBUG: Sorting k-mer index
[2026-04-13 15:46:57] DEBUG: Selected k-mers: 13770
[2026-04-13 15:46:57] DEBUG: Index size: 177668
[2026-04-13 15:46:57] DEBUG: Mean k-mer index frequency: 12.9025
[2026-04-13 15:46:57] DEBUG: Peak RAM usage: 8 Gb
[2026-04-13 15:46:57] DEBUG: Estimating k-mer identity bias
[2026-04-13 15:50:23] DEBUG: Initial divergence estimate : 0.0612011
[2026-04-13 15:50:23] DEBUG: Relative threshold: Y
[2026-04-13 15:50:23] DEBUG: Max divergence threshold set to 0.161201
[2026-04-13 15:50:23] INFO: Extending reads
[2026-04-13 15:50:23] DEBUG: Estimating overlap coverage
[2026-04-13 15:52:41] INFO: Overlap-based coverage: 10
[2026-04-13 15:52:41] INFO: Median overlap divergence: 0.0612981
[2026-04-13 15:52:41] DEBUG: Sequence divergence distribution: 

    |          **                    |                                                                   
    |          **                    |                                                                   
    |          **                    |                                                                   
    |          **                    |                                                                   
    |          **                    |                                                                   
    |          **                    |                                                                   
    |          ***                   |                                                                   
    |          ****                  |                                                                   
    |          ****                  |                                                                   
    |          ****                  |                                                                   
    |         ******                 |                                                                   
    |         ******                 |                                                                   
    |         ******                 |                                                                   
    |        *******                 |                                                                   
    |        *******                 |                                                                   
    |        *******                 |                                                                   
    |        ********              * |                                                                   
    |        ******** *     *     ** |                                                                   
    |       ********* *   * * * **** |   *                                                               
    |***   *************  *** *******|* **   *           *          *                                    
    ----------------------------------------------------------------------------------------------------
    0%        5%        10%       15%       20%       25%       30%       35%       40%       45%       

    Q25 = 0.053, Q50 = 0.061, Q75 = 0.076

[2026-04-13 15:52:41] DEBUG: Assembled disjointig 1
	With 3 reads
	Start read: +a6b47807-1f21-4d20-979e-6e7e9bb4485e
	At position: 1
	leftTip: 1 rightTip: 0
	Suspicious: 2
	Short ext: 0
	Mean extensions: 1
	Avg overlap len: 3027
	Min overlap len: 2175
	Inner reads: 0
	Length: 5430
[2026-04-13 15:52:41] DEBUG: Inner: 12 covered: 20 total: 362
[2026-04-13 15:52:42] DEBUG: Assembled disjointig 2
	With 2 reads
	Start read: +d5ad56d9-d2da-4478-a267-57df88871af0
	At position: 2
	leftTip: 1 rightTip: 1
	Suspicious: 0
	Short ext: 0
	Mean extensions: 2
	Avg overlap len: 2166
	Min overlap len: 2166
	Inner reads: 0
	Length: 10137
[2026-04-13 15:52:42] DEBUG: Inner: 124 covered: 154 total: 362
[2026-04-13 15:52:42] DEBUG: Assembled disjointig 3
	With 3 reads
	Start read: +e0c3eff8-6a7e-4c09-b872-1654792bc6a1
	At position: 1
	leftTip: 1 rightTip: 0
	Suspicious: 2
	Short ext: 0
	Mean extensions: 1
	Avg overlap len: 10818
	Min overlap len: 2571
	Inner reads: 0
	Length: 13953
[2026-04-13 15:52:42] DEBUG: Inner: 134 covered: 172 total: 362
[2026-04-13 15:52:42] DEBUG: Assembled disjointig 4
	With 2 reads
	Start read: +88c9119d-8fb4-4e62-a13d-bd1434bf3775
	At position: 2
	leftTip: 1 rightTip: 1
	Suspicious: 1
	Short ext: 0
	Mean extensions: 0
	Avg overlap len: 2634
	Min overlap len: 2634
	Inner reads: 0
	Length: 4333
[2026-04-13 15:52:42] DEBUG: Inner: 146 covered: 192 total: 362
[2026-04-13 15:52:42] DEBUG: Assembled disjointig 5
	With 2 reads
	Start read: +f9648f45-6084-40e5-9257-efbaf53ff50b
	At position: 2
	leftTip: 1 rightTip: 1
	Suspicious: 1
	Short ext: 0
	Mean extensions: 0
	Avg overlap len: 1675
	Min overlap len: 1675
	Inner reads: 0
	Length: 4989
[2026-04-13 15:52:42] DEBUG: Inner: 166 covered: 226 total: 362
[2026-04-13 15:52:44] DEBUG: Assembled disjointig 6
	With 6 reads
	Start read: +e2e5714c-8579-455b-a2f4-522d1e93af1d
	At position: 4
	leftTip: 0 rightTip: 0
	Suspicious: 0
	Short ext: 0
	Mean extensions: 3
	Avg overlap len: 2345
	Min overlap len: 1698
	Inner reads: 0
	Length: 18938
[2026-04-13 15:52:44] DEBUG: Inner: 224 covered: 296 total: 362
[2026-04-13 15:52:44] DEBUG: Assembled disjointig 7
	With 4 reads
	Start read: +3a8d6150-e491-4926-beab-284a4837fe90
	At position: 3
	leftTip: 0 rightTip: 0
	Suspicious: 3
	Short ext: 0
	Mean extensions: 1
	Avg overlap len: 2952
	Min overlap len: 2940
	Inner reads: 0
	Length: 11728
[2026-04-13 15:52:44] DEBUG: Inner: 230 covered: 318 total: 362
[2026-04-13 15:53:13] INFO: Assembled 7 disjointigs
[2026-04-13 15:53:13] INFO: Generating sequence
[2026-04-13 15:53:13] DEBUG: Building positional index
[2026-04-13 15:53:13] DEBUG: Total sequence: 63243 bp
[2026-04-13 15:53:13] DEBUG: Mean k-mer frequency: 5.04306
[2026-04-13 15:53:13] DEBUG: Repetitive k-mer frequency: 504
[2026-04-13 15:53:13] DEBUG: Filtered 0 repetitive k-mers (0)
[2026-04-13 15:53:13] DEBUG: Sorting k-mer index
[2026-04-13 15:53:13] DEBUG: Selected k-mers: 12516
[2026-04-13 15:53:13] DEBUG: K-mer index size: 63124
[2026-04-13 15:53:13] DEBUG: Mean k-mer frequency: 5.04346
[2026-04-13 15:53:13] DEBUG: Minimizer rate: 1.00189
[2026-04-13 15:53:13] INFO: Filtering contained disjointigs
[2026-04-13 15:54:10] DEBUG: Computing transitive closure for overlaps
[2026-04-13 15:54:10] DEBUG: Found 16 overlaps
[2026-04-13 15:54:10] DEBUG: Left 16 overlaps after filtering
[2026-04-13 15:54:10] INFO: Contained seqs: 1
[2026-04-13 15:54:10] DEBUG: Writing FASTA
[2026-04-13 15:54:10] DEBUG: Peak RAM usage: 8 Gb
-----------End assembly log------------
[2026-04-13 15:54:10] root: DEBUG: Disjointigs length: 58910, N50: 13975
[2026-04-13 15:54:10] root: INFO: >>>STAGE: consensus
[2026-04-13 15:54:10] root: INFO: Running Minimap2
[2026-04-13 15:54:14] root: INFO: Computing consensus
[2026-04-13 15:54:14] root: INFO: Alignment error rate: 0.156829
[2026-04-13 15:54:14] root: INFO: >>>STAGE: repeat
[2026-04-13 15:54:14] root: INFO: Building and resolving repeat graph
[2026-04-13 15:54:14] root: DEBUG: -----Begin repeat analyser log------
[2026-04-13 15:54:14] root: DEBUG: Running: flye-modules repeat --disjointigs /scratch/noe/sugarcane_projet/results/4_assembly/Barcode76_unmapped.fastq/10-consensus/consensus.fasta --reads /scratch/noe/sugarcane_projet/results/2_mapping/Barcode76_unmapped.fastq --out-dir /scratch/noe/sugarcane_projet/results/4_assembly/Barcode76_unmapped.fastq/20-repeat --config /usr/local/lib/python3.10/dist-packages/flye/config/bin_cfg/asm_raw_reads.cfg --log /scratch/noe/sugarcane_projet/results/4_assembly/Barcode76_unmapped.fastq/flye.log --threads 4 --min-ovlp 1000
[2026-04-13 15:54:14] DEBUG: Build date: Dec  3 2025 16:34:21
[2026-04-13 15:54:14] DEBUG: Total RAM: 251 Gb
[2026-04-13 15:54:14] DEBUG: Available RAM: 238 Gb
[2026-04-13 15:54:14] DEBUG: Total CPUs: 32
[2026-04-13 15:54:14] DEBUG: Loading /usr/local/lib/python3.10/dist-packages/flye/config/bin_cfg/asm_raw_reads.cfg
[2026-04-13 15:54:14] DEBUG: Loading /usr/local/lib/python3.10/dist-packages/flye/config/bin_cfg/asm_defaults.cfg
[2026-04-13 15:54:14] DEBUG: 	big_genome_threshold=29000000
[2026-04-13 15:54:14] DEBUG: 	meta_read_filter_kmer_freq=100
[2026-04-13 15:54:14] DEBUG: 	chain_large_gap_penalty=2
[2026-04-13 15:54:14] DEBUG: 	chain_small_gap_penalty=0.5
[2026-04-13 15:54:14] DEBUG: 	chain_gap_jump_threshold=100
[2026-04-13 15:54:14] DEBUG: 	max_jump_gap=500
[2026-04-13 15:54:14] DEBUG: 	max_coverage_drop_rate=5
[2026-04-13 15:54:14] DEBUG: 	max_extensions_drop_rate=5
[2026-04-13 15:54:14] DEBUG: 	chimera_window=100
[2026-04-13 15:54:14] DEBUG: 	chimera_overhang=1000
[2026-04-13 15:54:14] DEBUG: 	min_reads_in_disjointig=4
[2026-04-13 15:54:14] DEBUG: 	max_inner_reads=10
[2026-04-13 15:54:14] DEBUG: 	max_inner_fraction=0.25
[2026-04-13 15:54:14] DEBUG: 	aggressive_dup_filter=1
[2026-04-13 15:54:14] DEBUG: 	max_separation=500
[2026-04-13 15:54:14] DEBUG: 	unique_edge_length=50000
[2026-04-13 15:54:14] DEBUG: 	min_repeat_res_support=0.51
[2026-04-13 15:54:14] DEBUG: 	out_paths_ratio=5
[2026-04-13 15:54:14] DEBUG: 	graph_cov_drop_rate=5
[2026-04-13 15:54:14] DEBUG: 	coverage_estimate_window=100
[2026-04-13 15:54:14] DEBUG: 	max_bubble_length=50000
[2026-04-13 15:54:14] DEBUG: 	loop_coverage_rate=1.5
[2026-04-13 15:54:14] DEBUG: 	repeat_edge_cov_mult=1.75
[2026-04-13 15:54:14] DEBUG: 	weak_detach_rate=5
[2026-04-13 15:54:14] DEBUG: 	tip_coverage_rate=2
[2026-04-13 15:54:14] DEBUG: 	tip_length_rate=2
[2026-04-13 15:54:14] DEBUG: 	output_gfa_before_rr=1
[2026-04-13 15:54:14] DEBUG: 	remove_alt_edges=0
[2026-04-13 15:54:14] DEBUG: 	low_cutoff_warning=1
[2026-04-13 15:54:14] DEBUG: 	kmer_size=17
[2026-04-13 15:54:14] DEBUG: 	use_minimizers=0
[2026-04-13 15:54:14] DEBUG: 	reads_base_alignment=0
[2026-04-13 15:54:14] DEBUG: 	meta_read_top_kmer_rate=0.40
[2026-04-13 15:54:14] DEBUG: 	maximum_jump=1500
[2026-04-13 15:54:14] DEBUG: 	maximum_overhang=1500
[2026-04-13 15:54:14] DEBUG: 	repeat_kmer_rate=100
[2026-04-13 15:54:14] DEBUG: 	assemble_ovlp_divergence=0.10
[2026-04-13 15:54:14] DEBUG: 	assemble_divergence_relative=1
[2026-04-13 15:54:14] DEBUG: 	repeat_graph_ovlp_divergence=0.08
[2026-04-13 15:54:14] DEBUG: 	read_align_ovlp_divergence=0.25
[2026-04-13 15:54:14] DEBUG: 	hpc_scoring_on=0
[2026-04-13 15:54:14] DEBUG: 	add_unassembled_reads=0
[2026-04-13 15:54:14] DEBUG: 	extend_contigs_with_repeats=0
[2026-04-13 15:54:14] DEBUG: 	min_read_cov_cutoff=3
[2026-04-13 15:54:14] DEBUG: 	short_tip_length=20000
[2026-04-13 15:54:14] DEBUG: 	long_tip_length=100000
[2026-04-13 15:54:14] DEBUG: Running with k-mer size: 17
[2026-04-13 15:54:14] DEBUG: Selected minimum overlap 1000
[2026-04-13 15:54:14] DEBUG: Metagenome mode: N
[2026-04-13 15:54:14] INFO: Parsing disjointigs
[2026-04-13 15:54:14] DEBUG: Building positional index
[2026-04-13 15:54:14] DEBUG: Total sequence: 54125 bp
[2026-04-13 15:54:14] INFO: Building repeat graph
[2026-04-13 15:54:14] DEBUG: Mean k-mer frequency: 4.57628
[2026-04-13 15:54:14] DEBUG: Repetitive k-mer frequency: 457
[2026-04-13 15:54:14] DEBUG: Filtered 0 repetitive k-mers (0)
[2026-04-13 15:54:14] DEBUG: Sorting k-mer index
[2026-04-13 15:54:14] DEBUG: Selected k-mers: 11804
[2026-04-13 15:54:14] DEBUG: K-mer index size: 54023
[2026-04-13 15:54:14] DEBUG: Mean k-mer frequency: 4.57667
[2026-04-13 15:54:14] DEBUG: Minimizer rate: 1.00189
[2026-04-13 15:54:46] DEBUG: Computing transitive closure for overlaps
[2026-04-13 15:54:46] DEBUG: Found 380 overlaps
[2026-04-13 15:54:46] DEBUG: Left 88 overlaps after filtering
[2026-04-13 15:54:46] INFO: Median overlap divergence: 0.186624
[2026-04-13 15:54:46] DEBUG: Sequence divergence distribution: 

    |                |                    *                                                              
    |                |                    *                                                              
    |                |                    *                                                              
    |                |                    *                                                              
    |                |                    *                                                              
    |                |                    *                                                              
    |                |                    *                                                              
    |                |                    *                                                              
    |                |                    *                                                              
    |                |                    *                                                              
    |   *            |                **  *                 *          *                                 
    |   *            |                **  *                 *          *                                 
    |   *            |                **  *                 *          *                                 
    |   *            |                **  *                 *          *                                 
    |   *            |                **  *                 *          *                                 
    |   *            |                **  *                 *          *                                 
    |   *            |                **  *                 *          *                                 
    |   *            |                **  *                 *          *                                 
    |   *            |                **  *                 *          *                                 
    |   *            |                **  *                 *          *                                 
    ----------------------------------------------------------------------------------------------------
    0%        5%        10%       15%       20%       25%       30%       35%       40%       45%       

    Q25 = 0.17, Q50 = 0.19, Q75 = 0.28

[2026-04-13 15:54:46] DEBUG: Computing gluepoints
[2026-04-13 15:54:46] DEBUG: Added 4 gluepoint projections
[2026-04-13 15:54:46] DEBUG: Added 0 gluepoint projections
[2026-04-13 15:54:46] DEBUG: Created 116 gluepoints
[2026-04-13 15:54:46] DEBUG: Artificial loops removed: 0 left, 0 right, 0 both
[2026-04-13 15:54:46] DEBUG: Initializing edges
[2026-04-13 15:54:46] DEBUG: Edges length checksum: 88864290
[2026-04-13 15:54:46] DEBUG: Filtered 0 singleton segments
[2026-04-13 15:54:46] DEBUG: Removed 0 simple and 1 double chimeric junctions
[2026-04-13 15:54:46] DEBUG: Collapsed 2 edges
[2026-04-13 15:54:46] DEBUG: *	1	+disjointig_1	0	1210	1210	
[2026-04-13 15:54:46] DEBUG:  	2	+disjointig_1	1210	4689	3479	
[2026-04-13 15:54:46] DEBUG:  	3	+disjointig_2	0	4226	4226	
[2026-04-13 15:54:46] DEBUG:  	-3	+disjointig_2	4226	8922	4696	
[2026-04-13 15:54:46] DEBUG:  	12	+disjointig_3	2911	13992	11081	
[2026-04-13 15:54:46] DEBUG: *	6	+disjointig_5	0	4577	4577	
[2026-04-13 15:54:46] DEBUG: *	13	+disjointig_6	0	2035	2035	
[2026-04-13 15:54:46] DEBUG:  	9	+disjointig_6	2035	5243	3208	
[2026-04-13 15:54:46] DEBUG: *	10	+disjointig_6	5243	5780	537	
[2026-04-13 15:54:46] DEBUG:  	9	+disjointig_6	5780	10342	4562	
[2026-04-13 15:54:46] DEBUG:  	-9	+disjointig_6	10342	14389	4047	
[2026-04-13 15:54:46] DEBUG:  	11	+disjointig_7	0	5939	5939	
[2026-04-13 15:54:46] DEBUG: Total edges: 13
[2026-04-13 15:54:46] INFO: Parsing reads
[2026-04-13 15:54:46] DEBUG: Building positional index
[2026-04-13 15:54:46] DEBUG: Total sequence: 697294 bp
[2026-04-13 15:54:46] DEBUG: Building positional index
[2026-04-13 15:54:46] DEBUG: Total sequence: 49597 bp
[2026-04-13 15:54:46] INFO: Aligning reads to the graph
[2026-04-13 15:54:46] DEBUG: Mean k-mer frequency: 4.64256
[2026-04-13 15:54:46] DEBUG: Repetitive k-mer frequency: 464
[2026-04-13 15:54:46] DEBUG: Filtered 0 repetitive k-mers (0)
[2026-04-13 15:54:46] DEBUG: Sorting k-mer index
[2026-04-13 15:54:46] DEBUG: Selected k-mers: 10510
[2026-04-13 15:54:46] DEBUG: K-mer index size: 48798
[2026-04-13 15:54:46] DEBUG: Mean k-mer frequency: 4.64301
[2026-04-13 15:54:46] DEBUG: Minimizer rate: 1.01637
[2026-04-13 15:54:49] DEBUG: Total reads : 181
[2026-04-13 15:54:49] DEBUG: Read with aligned parts : 111
[2026-04-13 15:54:49] DEBUG: Aligned in one piece : 108
[2026-04-13 15:54:49] INFO: Aligned read sequence: 291935 / 454947 (0.64169)
[2026-04-13 15:54:49] INFO: Median overlap divergence: 0.016339
[2026-04-13 15:54:49] DEBUG: Sequence divergence distribution: 

    | *                                                |                                                 
    | *                                                |                                                 
    | *                                                |                                                 
    | *                                                |                                                 
    | *                                                |                                                 
    | **                                               |                                                 
    | **                                               |                                                 
    | **                                               |                                                 
    | **                                               |                                                 
    | **                                               |                                                 
    | **                                               |                                                 
    | **                                               |                                                 
    | ***                                              |                                                 
    | *** *                                            |                                                 
    | *****                                            |                                                 
    | *****                                            |                                                 
    |******                                            |                                                 
    |****** * ** *   *                                 |                                                 
    |****** **** *** *     *     *                     |                                                 
    |****** **** *****    ** * *** *          *        |  *                                              
    ----------------------------------------------------------------------------------------------------
    0%        5%        10%       15%       20%       25%       30%       35%       40%       45%       

    Q25 = 0.0094, Q50 = 0.016, Q75 = 0.045

[2026-04-13 15:54:49] INFO: Mean edge coverage: 17
[2026-04-13 15:54:49] DEBUG: 1	len:1210	cov:2	mult:0.117647
[2026-04-13 15:54:49] DEBUG: -1	len:1210	cov:2	mult:0.117647
[2026-04-13 15:54:49] DEBUG: 2	len:1739	cov:8	mult:0.470588
[2026-04-13 15:54:49] DEBUG: -2	len:1739	cov:8	mult:0.470588
[2026-04-13 15:54:49] DEBUG: 3	len:892	cov:148	mult:8.70588
[2026-04-13 15:54:49] DEBUG: -3	len:892	cov:148	mult:8.70588
[2026-04-13 15:54:49] DEBUG: 6	len:4577	cov:4	mult:0.235294
[2026-04-13 15:54:49] DEBUG: -6	len:4577	cov:4	mult:0.235294
[2026-04-13 15:54:49] DEBUG: 9	len:590	cov:207	mult:12.1765
[2026-04-13 15:54:49] DEBUG: -9	len:590	cov:207	mult:12.1765
[2026-04-13 15:54:49] DEBUG: 10	len:537	cov:0	mult:0
[2026-04-13 15:54:49] DEBUG: -10	len:537	cov:0	mult:0
[2026-04-13 15:54:49] DEBUG: 11	len:659	cov:18	mult:1.05882
[2026-04-13 15:54:49] DEBUG: -11	len:659	cov:18	mult:1.05882
[2026-04-13 15:54:49] DEBUG: 12	len:5540	cov:4	mult:0.235294
[2026-04-13 15:54:49] DEBUG: -12	len:5540	cov:4	mult:0.235294
[2026-04-13 15:54:49] DEBUG: 13	len:2035	cov:3	mult:0.176471
[2026-04-13 15:54:49] DEBUG: -13	len:2035	cov:3	mult:0.176471
[2026-04-13 15:54:49] DEBUG: Unique coverage threshold 31
[2026-04-13 15:54:49] INFO: Simplifying the graph
[2026-04-13 15:54:49] DEBUG: Read coverage cutoff: 3
[2026-04-13 15:54:49] DEBUG: [SIMPL] Removed 0 paths with low coverage
[2026-04-13 15:54:49] DEBUG: [SIMPL] Masked 0 heterozygous loops
[2026-04-13 15:54:49] DEBUG: [SIMPL] Masked 0 simple bubbles
[2026-04-13 15:54:49] DEBUG: Finding repeats
[2026-04-13 15:54:49] DEBUG: Read coverage cutoff: 3
[2026-04-13 15:54:49] DEBUG: Low-coverage: 1 2
[2026-04-13 15:54:49] DEBUG: Low-coverage: 10 0
[2026-04-13 15:54:49] DEBUG: Short-loop: 2
[2026-04-13 15:54:49] DEBUG: High-cov: 3	892	148
[2026-04-13 15:54:49] DEBUG: Short-loop: 3
[2026-04-13 15:54:49] DEBUG: High-cov: 9	590	207
[2026-04-13 15:54:49] DEBUG: Short-loop: 9
[2026-04-13 15:54:49] DEBUG: Short-loop: 10
[2026-04-13 15:54:49] DEBUG: Short-loop: 11
[2026-04-13 15:54:49] DEBUG: Repeat detection iteration 1
[2026-04-13 15:54:49] DEBUG: Writing Dot
[2026-04-13 15:54:49] DEBUG: Writing FASTA
[2026-04-13 15:54:49] DEBUG: Writing Gfa
[2026-04-13 15:54:49] DEBUG: [SIMPL] == Iteration 1 ==
[2026-04-13 15:54:49] DEBUG: Splitting nodes
[2026-04-13 15:54:49] DEBUG: [SIMPL] Split 1 nodes
[2026-04-13 15:54:49] DEBUG: Tip -1 len:1210 cov:2
[2026-04-13 15:54:49] DEBUG: Tip 10 len:537 cov:0
[2026-04-13 15:54:49] DEBUG: Tip -13 len:2035 cov:3
[2026-04-13 15:54:49] DEBUG: [SIMPL] Clipped 3 short and 0 long tips
[2026-04-13 15:54:49] DEBUG: [SIMPL] Masked 0 heterozygous loops
[2026-04-13 15:54:49] DEBUG: [SIMPL] Masked 0 simple bubbles
[2026-04-13 15:54:49] DEBUG: Finding repeats
[2026-04-13 15:54:49] DEBUG: Read coverage cutoff: 3
[2026-04-13 15:54:49] DEBUG: Low-coverage: 1 2
[2026-04-13 15:54:49] DEBUG: Low-coverage: 10 0
[2026-04-13 15:54:49] DEBUG: Short-loop: 2
[2026-04-13 15:54:49] DEBUG: High-cov: 3	892	148
[2026-04-13 15:54:49] DEBUG: Short-loop: 3
[2026-04-13 15:54:49] DEBUG: High-cov: 9	590	207
[2026-04-13 15:54:49] DEBUG: Short-loop: 9
[2026-04-13 15:54:49] DEBUG: Short-loop: 11
[2026-04-13 15:54:49] DEBUG: Repeat detection iteration 1
[2026-04-13 15:54:49] DEBUG: Total unique edges: 3
[2026-04-13 15:54:49] DEBUG: [SIMPL] Resolved repeats: 0
[2026-04-13 15:54:49] DEBUG: RR links: 0
[2026-04-13 15:54:49] DEBUG: Unresolved: 0
[2026-04-13 15:54:49] DEBUG: Removed 0 simple and 1 double chimeric junctions
[2026-04-13 15:54:49] DEBUG: [SIMPL] == Iteration 2 ==
[2026-04-13 15:54:49] DEBUG: Splitting nodes
[2026-04-13 15:54:49] DEBUG: [SIMPL] Split 0 nodes
[2026-04-13 15:54:49] DEBUG: [SIMPL] Clipped 0 short and 0 long tips
[2026-04-13 15:54:49] DEBUG: [SIMPL] Masked 0 heterozygous loops
[2026-04-13 15:54:49] DEBUG: [SIMPL] Masked 0 simple bubbles
[2026-04-13 15:54:49] DEBUG: Finding repeats
[2026-04-13 15:54:49] DEBUG: Read coverage cutoff: 3
[2026-04-13 15:54:49] DEBUG: Low-coverage: 1 2
[2026-04-13 15:54:49] DEBUG: Low-coverage: 10 0
[2026-04-13 15:54:49] DEBUG: Short-loop: 2
[2026-04-13 15:54:49] DEBUG: High-cov: 3	892	148
[2026-04-13 15:54:49] DEBUG: Short-loop: 3
[2026-04-13 15:54:49] DEBUG: High-cov: 9	590	207
[2026-04-13 15:54:49] DEBUG: Short-loop: 9
[2026-04-13 15:54:49] DEBUG: Short-loop: 11
[2026-04-13 15:54:49] DEBUG: Repeat detection iteration 1
[2026-04-13 15:54:49] DEBUG: Total unique edges: 3
[2026-04-13 15:54:49] DEBUG: [SIMPL] Resolved repeats: 0
[2026-04-13 15:54:49] DEBUG: RR links: 0
[2026-04-13 15:54:49] DEBUG: Unresolved: 0
[2026-04-13 15:54:49] DEBUG: Removed 0 simple and 0 double chimeric junctions
[2026-04-13 15:54:49] DEBUG: [SIMPL] Collapsed 0 haplotypes
[2026-04-13 15:54:49] DEBUG: [SIMPL] Resolved 0 simple repeats
[2026-04-13 15:54:49] DEBUG: Read coverage cutoff: 3
[2026-04-13 15:54:49] DEBUG: [SIMPL] Removed 2 paths with low coverage
[2026-04-13 15:54:49] DEBUG: Finding repeats
[2026-04-13 15:54:49] DEBUG: Read coverage cutoff: 3
[2026-04-13 15:54:49] DEBUG: Short-loop: 2
[2026-04-13 15:54:49] DEBUG: High-cov: 3	892	148
[2026-04-13 15:54:49] DEBUG: Short-loop: 3
[2026-04-13 15:54:49] DEBUG: High-cov: 9	590	207
[2026-04-13 15:54:49] DEBUG: Short-loop: 9
[2026-04-13 15:54:49] DEBUG: Short-loop: 11
[2026-04-13 15:54:49] DEBUG: Repeat detection iteration 1
[2026-04-13 15:54:49] DEBUG: Writing Dot
[2026-04-13 15:54:49] DEBUG: Writing FASTA
[2026-04-13 15:54:49] DEBUG: Peak RAM usage: 0 Gb
-----------End assembly log------------
[2026-04-13 15:54:49] root: INFO: >>>STAGE: contigger
[2026-04-13 15:54:49] root: INFO: Generating contigs
[2026-04-13 15:54:49] root: DEBUG: -----Begin contigger analyser log------
[2026-04-13 15:54:49] root: DEBUG: Running: flye-modules contigger --graph-edges /scratch/noe/sugarcane_projet/results/4_assembly/Barcode76_unmapped.fastq/20-repeat/repeat_graph_edges.fasta --reads /scratch/noe/sugarcane_projet/results/2_mapping/Barcode76_unmapped.fastq --out-dir /scratch/noe/sugarcane_projet/results/4_assembly/Barcode76_unmapped.fastq/30-contigger --config /usr/local/lib/python3.10/dist-packages/flye/config/bin_cfg/asm_raw_reads.cfg --repeat-graph /scratch/noe/sugarcane_projet/results/4_assembly/Barcode76_unmapped.fastq/20-repeat/repeat_graph_dump --graph-aln /scratch/noe/sugarcane_projet/results/4_assembly/Barcode76_unmapped.fastq/20-repeat/read_alignment_dump --log /scratch/noe/sugarcane_projet/results/4_assembly/Barcode76_unmapped.fastq/flye.log --threads 4 --min-ovlp 1000
[2026-04-13 15:54:49] DEBUG: Build date: Dec  3 2025 16:34:29
[2026-04-13 15:54:49] DEBUG: Total RAM: 251 Gb
[2026-04-13 15:54:49] DEBUG: Available RAM: 238 Gb
[2026-04-13 15:54:49] DEBUG: Total CPUs: 32
[2026-04-13 15:54:49] DEBUG: Loading /usr/local/lib/python3.10/dist-packages/flye/config/bin_cfg/asm_raw_reads.cfg
[2026-04-13 15:54:49] DEBUG: Loading /usr/local/lib/python3.10/dist-packages/flye/config/bin_cfg/asm_defaults.cfg
[2026-04-13 15:54:49] DEBUG: 	big_genome_threshold=29000000
[2026-04-13 15:54:49] DEBUG: 	meta_read_filter_kmer_freq=100
[2026-04-13 15:54:49] DEBUG: 	chain_large_gap_penalty=2
[2026-04-13 15:54:49] DEBUG: 	chain_small_gap_penalty=0.5
[2026-04-13 15:54:49] DEBUG: 	chain_gap_jump_threshold=100
[2026-04-13 15:54:49] DEBUG: 	max_jump_gap=500
[2026-04-13 15:54:49] DEBUG: 	max_coverage_drop_rate=5
[2026-04-13 15:54:49] DEBUG: 	max_extensions_drop_rate=5
[2026-04-13 15:54:49] DEBUG: 	chimera_window=100
[2026-04-13 15:54:49] DEBUG: 	chimera_overhang=1000
[2026-04-13 15:54:49] DEBUG: 	min_reads_in_disjointig=4
[2026-04-13 15:54:49] DEBUG: 	max_inner_reads=10
[2026-04-13 15:54:49] DEBUG: 	max_inner_fraction=0.25
[2026-04-13 15:54:49] DEBUG: 	aggressive_dup_filter=1
[2026-04-13 15:54:49] DEBUG: 	max_separation=500
[2026-04-13 15:54:49] DEBUG: 	unique_edge_length=50000
[2026-04-13 15:54:49] DEBUG: 	min_repeat_res_support=0.51
[2026-04-13 15:54:49] DEBUG: 	out_paths_ratio=5
[2026-04-13 15:54:49] DEBUG: 	graph_cov_drop_rate=5
[2026-04-13 15:54:49] DEBUG: 	coverage_estimate_window=100
[2026-04-13 15:54:49] DEBUG: 	max_bubble_length=50000
[2026-04-13 15:54:49] DEBUG: 	loop_coverage_rate=1.5
[2026-04-13 15:54:49] DEBUG: 	repeat_edge_cov_mult=1.75
[2026-04-13 15:54:49] DEBUG: 	weak_detach_rate=5
[2026-04-13 15:54:49] DEBUG: 	tip_coverage_rate=2
[2026-04-13 15:54:49] DEBUG: 	tip_length_rate=2
[2026-04-13 15:54:49] DEBUG: 	output_gfa_before_rr=1
[2026-04-13 15:54:49] DEBUG: 	remove_alt_edges=0
[2026-04-13 15:54:49] DEBUG: 	low_cutoff_warning=1
[2026-04-13 15:54:49] DEBUG: 	kmer_size=17
[2026-04-13 15:54:49] DEBUG: 	use_minimizers=0
[2026-04-13 15:54:49] DEBUG: 	reads_base_alignment=0
[2026-04-13 15:54:49] DEBUG: 	meta_read_top_kmer_rate=0.40
[2026-04-13 15:54:49] DEBUG: 	maximum_jump=1500
[2026-04-13 15:54:49] DEBUG: 	maximum_overhang=1500
[2026-04-13 15:54:49] DEBUG: 	repeat_kmer_rate=100
[2026-04-13 15:54:49] DEBUG: 	assemble_ovlp_divergence=0.10
[2026-04-13 15:54:49] DEBUG: 	assemble_divergence_relative=1
[2026-04-13 15:54:49] DEBUG: 	repeat_graph_ovlp_divergence=0.08
[2026-04-13 15:54:49] DEBUG: 	read_align_ovlp_divergence=0.25
[2026-04-13 15:54:49] DEBUG: 	hpc_scoring_on=0
[2026-04-13 15:54:49] DEBUG: 	add_unassembled_reads=0
[2026-04-13 15:54:49] DEBUG: 	extend_contigs_with_repeats=0
[2026-04-13 15:54:49] DEBUG: 	min_read_cov_cutoff=3
[2026-04-13 15:54:49] DEBUG: 	short_tip_length=20000
[2026-04-13 15:54:49] DEBUG: 	long_tip_length=100000
[2026-04-13 15:54:49] DEBUG: Running with k-mer size: 17
[2026-04-13 15:54:49] DEBUG: Selected minimum overlap 1000
[2026-04-13 15:54:49] INFO: Reading sequences
[2026-04-13 15:54:49] DEBUG: Building positional index
[2026-04-13 15:54:49] DEBUG: Total sequence: 697294 bp
[2026-04-13 15:54:49] DEBUG: Flipped 0
[2026-04-13 15:54:49] DEBUG: UPath 1: 2
[2026-04-13 15:54:49] DEBUG: UPath 2: 3
[2026-04-13 15:54:49] DEBUG: UPath 3: 6
[2026-04-13 15:54:49] DEBUG: UPath 4: 9
[2026-04-13 15:54:49] DEBUG: UPath 5: 11
[2026-04-13 15:54:49] DEBUG: UPath 6: 12
[2026-04-13 15:54:49] DEBUG: UPath 7: 13
[2026-04-13 15:54:49] DEBUG: Final graph contains 7 egdes
[2026-04-13 15:54:49] DEBUG: Extending contigs into repeats
[2026-04-13 15:54:49] DEBUG: Covered 0 repetitive contigs
[2026-04-13 15:54:49] INFO: Generated 7 contigs
[2026-04-13 15:54:49] DEBUG: Writing FASTA
[2026-04-13 15:54:49] DEBUG: Generating scaffold connections
[2026-04-13 15:54:49] INFO: Added 0 scaffold connections
[2026-04-13 15:54:49] DEBUG: Writing Dot
[2026-04-13 15:54:49] DEBUG: Writing FASTA
[2026-04-13 15:54:49] DEBUG: Writing Gfa
[2026-04-13 15:54:49] DEBUG: Peak RAM usage: 0 Gb
-----------End assembly log------------
[2026-04-13 15:54:49] root: INFO: >>>STAGE: polishing
[2026-04-13 15:54:49] root: INFO: Polishing genome (1/1)
[2026-04-13 15:54:49] root: INFO: Running minimap2
[2026-04-13 15:54:49] root: INFO: Separating alignment into bubbles
[2026-04-13 15:54:49] root: DEBUG: Generated 622 bubbles
[2026-04-13 15:54:49] root: DEBUG: Split 2 long bubbles
[2026-04-13 15:54:49] root: DEBUG: Skipped 2 empty bubbles
[2026-04-13 15:54:49] root: DEBUG: Skipped 0 bubbles with long branches
[2026-04-13 15:54:49] root: INFO: Alignment error rate: 0.111749
[2026-04-13 15:54:49] root: INFO: Correcting bubbles
[2026-04-13 15:54:52] root: DEBUG: Mean contig coverage: 19, selected threshold: 4
[2026-04-13 15:54:52] root: DEBUG: Filtered 0 contigs of total length 0
[2026-04-13 15:54:52] root: DEBUG: Generating polished GFA
[2026-04-13 15:54:52] root: DEBUG: 0 sequences remained unpolished
[2026-04-13 15:54:52] root: INFO: >>>STAGE: finalize
[2026-04-13 15:54:52] root: DEBUG: ---Output dir contents:----
[2026-04-13 15:54:52] root: DEBUG: Barcode76_unmapped.fastq/
[2026-04-13 15:54:52] root: DEBUG:     34.0 K      flye.log
[2026-04-13 15:54:52] root: DEBUG:     92.0 B      params.json
[2026-04-13 15:54:52] root: DEBUG:     1.0 K       assembly_graph.gv
[2026-04-13 15:54:52] root: DEBUG:     16.0 K      assembly_graph.gfa
[2026-04-13 15:54:52] root: DEBUG:     16.0 K      assembly.fasta
[2026-04-13 15:54:52] root: DEBUG:     00-assembly/
[2026-04-13 15:54:52] root: DEBUG:         58.0 K      draft_assembly.fasta
[2026-04-13 15:54:52] root: DEBUG:         179.0 B     draft_assembly.fasta.fai
[2026-04-13 15:54:52] root: DEBUG:     10-consensus/
[2026-04-13 15:54:52] root: DEBUG:         981.0 B     minimap.stderr
[2026-04-13 15:54:52] root: DEBUG:         243.0 B     minimap.bam.csi
[2026-04-13 15:54:52] root: DEBUG:         53.0 K      consensus.fasta
[2026-04-13 15:54:52] root: DEBUG:     20-repeat/
[2026-04-13 15:54:52] root: DEBUG:         1.0 K       graph_before_rr.gv
[2026-04-13 15:54:52] root: DEBUG:         18.0 K      graph_before_rr.fasta
[2026-04-13 15:54:52] root: DEBUG:         18.0 K      graph_before_rr.gfa
[2026-04-13 15:54:52] root: DEBUG:         1.0 K       graph_after_rr.gv
[2026-04-13 15:54:52] root: DEBUG:         6.0 K       repeat_graph_dump
[2026-04-13 15:54:52] root: DEBUG:         116.0 K     read_alignment_dump
[2026-04-13 15:54:52] root: DEBUG:         50.0 K      repeat_graph_edges.fasta
[2026-04-13 15:54:52] root: DEBUG:     30-contigger/
[2026-04-13 15:54:52] root: DEBUG:         16.0 K      contigs.fasta
[2026-04-13 15:54:52] root: DEBUG:         298.0 B     contigs_stats.txt
[2026-04-13 15:54:52] root: DEBUG:         0.0 B       scaffolds_links.txt
[2026-04-13 15:54:52] root: DEBUG:         1.0 K       graph_final.gv
[2026-04-13 15:54:52] root: DEBUG:         16.0 K      graph_final.fasta
[2026-04-13 15:54:52] root: DEBUG:         16.0 K      graph_final.gfa
[2026-04-13 15:54:52] root: DEBUG:         176.0 B     contigs.fasta.fai
[2026-04-13 15:54:52] root: DEBUG:     40-polishing/
[2026-04-13 15:54:52] root: DEBUG:         947.0 B     minimap.stderr
[2026-04-13 15:54:52] root: DEBUG:         202.0 B     minimap_1.bam.csi
[2026-04-13 15:54:52] root: DEBUG:         142.0 B     contigs_stats.txt
[2026-04-13 15:54:52] root: DEBUG:         2.0 K       base_coverage.bed.gz
[2026-04-13 15:54:52] root: DEBUG:         16.0 K      filtered_contigs.fasta
[2026-04-13 15:54:52] root: DEBUG:         142.0 B     filtered_stats.txt
[2026-04-13 15:54:52] root: DEBUG:         172.0 B     filtered_contigs.fasta.fai
[2026-04-13 15:54:52] root: DEBUG:         177.0 B     edges_aln.bam.csi
[2026-04-13 15:54:52] root: DEBUG:         16.0 K      polished_edges.gfa
[2026-04-13 15:54:52] root: DEBUG: --------------------------
[2026-04-13 15:54:52] root: INFO: Assembly statistics:

	Total length:	16470
	Fragments:	7
	Fragments N50:	4597
	Largest frg:	5541
	Scaffolds:	0
	Mean coverage:	19

[2026-04-13 15:54:52] root: INFO: Final assembly: /scratch/noe/sugarcane_projet/results/4_assembly/Barcode76_unmapped.fastq/assembly.fasta
