[2026-04-13 17:07:01] root: INFO: Starting Flye 2.9.6-b1802
[2026-04-13 17:07:01] root: DEBUG: Cmd: /usr/local/bin/flye --nano-raw /scratch/noe/sugarcane_projet/results/2_mapping/Barcode84_unmapped.fastq --threads 4 --out-dir /scratch/noe/sugarcane_projet/results/4_assembly/Barcode84_unmapped.fastq
[2026-04-13 17:07:01] root: DEBUG: Python version: 3.10.12 (main, Nov  4 2025, 08:48:33) [GCC 11.4.0]
[2026-04-13 17:07:01] root: INFO: >>>STAGE: configure
[2026-04-13 17:07:01] root: INFO: Configuring run
[2026-04-13 17:07:01] root: INFO: Total read length: 936639
[2026-04-13 17:07:01] root: INFO: Reads N50/N90: 1947 / 217
[2026-04-13 17:07:01] root: INFO: Minimum overlap set to 1000
[2026-04-13 17:07:01] root: INFO: >>>STAGE: assembly
[2026-04-13 17:07:01] root: INFO: Assembling disjointigs
[2026-04-13 17:07:01] root: DEBUG: -----Begin assembly log------
[2026-04-13 17:07:01] root: DEBUG: Running: flye-modules assemble --reads /scratch/noe/sugarcane_projet/results/2_mapping/Barcode84_unmapped.fastq --out-asm /scratch/noe/sugarcane_projet/results/4_assembly/Barcode84_unmapped.fastq/00-assembly/draft_assembly.fasta --config /usr/local/lib/python3.10/dist-packages/flye/config/bin_cfg/asm_raw_reads.cfg --log /scratch/noe/sugarcane_projet/results/4_assembly/Barcode84_unmapped.fastq/flye.log --threads 4 --min-ovlp 1000
[2026-04-13 17:07:01] DEBUG: Build date: Dec  3 2025 16:34:13
[2026-04-13 17:07:01] DEBUG: Total RAM: 251 Gb
[2026-04-13 17:07:01] DEBUG: Available RAM: 235 Gb
[2026-04-13 17:07:01] DEBUG: Total CPUs: 32
[2026-04-13 17:07:01] DEBUG: Loading /usr/local/lib/python3.10/dist-packages/flye/config/bin_cfg/asm_raw_reads.cfg
[2026-04-13 17:07:01] DEBUG: Loading /usr/local/lib/python3.10/dist-packages/flye/config/bin_cfg/asm_defaults.cfg
[2026-04-13 17:07:01] DEBUG: 	big_genome_threshold=29000000
[2026-04-13 17:07:01] DEBUG: 	meta_read_filter_kmer_freq=100
[2026-04-13 17:07:01] DEBUG: 	chain_large_gap_penalty=2
[2026-04-13 17:07:01] DEBUG: 	chain_small_gap_penalty=0.5
[2026-04-13 17:07:01] DEBUG: 	chain_gap_jump_threshold=100
[2026-04-13 17:07:01] DEBUG: 	max_jump_gap=500
[2026-04-13 17:07:01] DEBUG: 	max_coverage_drop_rate=5
[2026-04-13 17:07:01] DEBUG: 	max_extensions_drop_rate=5
[2026-04-13 17:07:01] DEBUG: 	chimera_window=100
[2026-04-13 17:07:01] DEBUG: 	chimera_overhang=1000
[2026-04-13 17:07:01] DEBUG: 	min_reads_in_disjointig=4
[2026-04-13 17:07:01] DEBUG: 	max_inner_reads=10
[2026-04-13 17:07:01] DEBUG: 	max_inner_fraction=0.25
[2026-04-13 17:07:01] DEBUG: 	aggressive_dup_filter=1
[2026-04-13 17:07:01] DEBUG: 	max_separation=500
[2026-04-13 17:07:01] DEBUG: 	unique_edge_length=50000
[2026-04-13 17:07:01] DEBUG: 	min_repeat_res_support=0.51
[2026-04-13 17:07:01] DEBUG: 	out_paths_ratio=5
[2026-04-13 17:07:01] DEBUG: 	graph_cov_drop_rate=5
[2026-04-13 17:07:01] DEBUG: 	coverage_estimate_window=100
[2026-04-13 17:07:01] DEBUG: 	max_bubble_length=50000
[2026-04-13 17:07:01] DEBUG: 	loop_coverage_rate=1.5
[2026-04-13 17:07:01] DEBUG: 	repeat_edge_cov_mult=1.75
[2026-04-13 17:07:01] DEBUG: 	weak_detach_rate=5
[2026-04-13 17:07:01] DEBUG: 	tip_coverage_rate=2
[2026-04-13 17:07:01] DEBUG: 	tip_length_rate=2
[2026-04-13 17:07:01] DEBUG: 	output_gfa_before_rr=1
[2026-04-13 17:07:01] DEBUG: 	remove_alt_edges=0
[2026-04-13 17:07:01] DEBUG: 	low_cutoff_warning=1
[2026-04-13 17:07:01] DEBUG: 	kmer_size=17
[2026-04-13 17:07:01] DEBUG: 	use_minimizers=0
[2026-04-13 17:07:01] DEBUG: 	reads_base_alignment=0
[2026-04-13 17:07:01] DEBUG: 	meta_read_top_kmer_rate=0.40
[2026-04-13 17:07:01] DEBUG: 	maximum_jump=1500
[2026-04-13 17:07:01] DEBUG: 	maximum_overhang=1500
[2026-04-13 17:07:01] DEBUG: 	repeat_kmer_rate=100
[2026-04-13 17:07:01] DEBUG: 	assemble_ovlp_divergence=0.10
[2026-04-13 17:07:01] DEBUG: 	assemble_divergence_relative=1
[2026-04-13 17:07:01] DEBUG: 	repeat_graph_ovlp_divergence=0.08
[2026-04-13 17:07:01] DEBUG: 	read_align_ovlp_divergence=0.25
[2026-04-13 17:07:01] DEBUG: 	hpc_scoring_on=0
[2026-04-13 17:07:01] DEBUG: 	add_unassembled_reads=0
[2026-04-13 17:07:01] DEBUG: 	extend_contigs_with_repeats=0
[2026-04-13 17:07:01] DEBUG: 	min_read_cov_cutoff=3
[2026-04-13 17:07:01] DEBUG: 	short_tip_length=20000
[2026-04-13 17:07:01] DEBUG: 	long_tip_length=100000
[2026-04-13 17:07:01] DEBUG: Running with k-mer size: 17
[2026-04-13 17:07:01] DEBUG: Running with minimum overlap 1000
[2026-04-13 17:07:01] DEBUG: Metagenome mode: N
[2026-04-13 17:07:01] DEBUG: Short mode: N
[2026-04-13 17:07:01] INFO: Reading sequences
[2026-04-13 17:07:01] DEBUG: Building positional index
[2026-04-13 17:07:01] DEBUG: Total sequence: 624407 bp
[2026-04-13 17:07:04] INFO: Counting k-mers:
[2026-04-13 17:07:04] DEBUG: Updating k-mer histogram
[2026-04-13 17:08:10] DEBUG: Hash size: 3798
[2026-04-13 17:08:10] DEBUG: Total k-mers 208927
[2026-04-13 17:08:10] INFO: Filling index table (1/2)
[2026-04-13 17:08:10] DEBUG: Mean k-mer frequency: 6.61742
[2026-04-13 17:08:10] DEBUG: Repetitive k-mer frequency: 661
[2026-04-13 17:08:10] DEBUG: Filtered 30628 repetitive k-mers (0.122984)
[2026-04-13 17:08:10] INFO: Filling index table (2/2)
[2026-04-13 17:08:10] DEBUG: Sorting k-mer index
[2026-04-13 17:08:10] DEBUG: Selected k-mers: 38142
[2026-04-13 17:08:10] DEBUG: Index size: 210704
[2026-04-13 17:08:10] DEBUG: Mean k-mer index frequency: 5.5242
[2026-04-13 17:08:10] DEBUG: Peak RAM usage: 8 Gb
[2026-04-13 17:08:10] DEBUG: Estimating k-mer identity bias
[2026-04-13 17:08:37] DEBUG: Initial divergence estimate : 0.0637946
[2026-04-13 17:08:37] DEBUG: Relative threshold: Y
[2026-04-13 17:08:37] DEBUG: Max divergence threshold set to 0.163795
[2026-04-13 17:08:37] INFO: Extending reads
[2026-04-13 17:08:37] DEBUG: Estimating overlap coverage
[2026-04-13 17:09:03] INFO: Overlap-based coverage: 2
[2026-04-13 17:09:03] INFO: Median overlap divergence: 0.0632235
[2026-04-13 17:09:03] DEBUG: Sequence divergence distribution: 

    |            *                   |                                                                   
    |            *                   |                                                                   
    |            *                   |                                                                   
    |            *                   |                                                                   
    |         *  *                   |                                                                   
    |         ** *                   |                                                                   
    |         ** *                   |                                                                   
    |         ** *                   |                                                                   
    |         ** *                   |                                                                   
    |         ** *                   |                                                                   
    |         ****                   |                                                                   
    |         ****     *             |                                                                   
    |    *   *****     * *           |                                                                   
    |    *   *****     * *           |                                                                   
    |   **   *****  *  * *           |                                                                   
    |   ** * *****  * ** *         * |                                                                   
    |   ** * ****** **** *     * *** |                                                                   
    | **** ***************  ** ***** ***                                                                 
    | ********************************** *    *    **       *  *                                         
    | ********************************** *    *    **       *  *                                         
    ----------------------------------------------------------------------------------------------------
    0%        5%        10%       15%       20%       25%       30%       35%       40%       45%       

    Q25 = 0.048, Q50 = 0.063, Q75 = 0.1

[2026-04-13 17:09:03] DEBUG: Assembled disjointig 1
	With 4 reads
	Start read: +f5885d39-544b-4e22-b994-452dcff17307
	At position: 3
	leftTip: 1 rightTip: 0
	Suspicious: 2
	Short ext: 0
	Mean extensions: 1
	Avg overlap len: 1184
	Min overlap len: 1183
	Inner reads: 0
	Length: 10958
[2026-04-13 17:09:03] DEBUG: Inner: 14 covered: 26 total: 446
[2026-04-13 17:09:03] DEBUG: Assembled disjointig 2
	With 1 reads
	Start read: +b418337b-1b2b-4005-8a7d-44673ec4c0d2
	At position: 1
	leftTip: 1 rightTip: 1
	Suspicious: 0
	Short ext: 0
	Mean extensions: 0
	Avg overlap len: 0
	Min overlap len: 0
	Inner reads: 0
	Length: 2975
[2026-04-13 17:09:03] DEBUG: Inner: 34 covered: 62 total: 446
[2026-04-13 17:09:03] DEBUG: Assembled disjointig 3
	With 4 reads
	Start read: +627d6a38-c816-439b-bc16-0016fa97ce83
	At position: 3
	leftTip: 1 rightTip: 0
	Suspicious: 2
	Short ext: 0
	Mean extensions: 3
	Avg overlap len: 2494
	Min overlap len: 2245
	Inner reads: 0
	Length: 9925
[2026-04-13 17:09:03] DEBUG: Inner: 86 covered: 112 total: 446
[2026-04-13 17:09:03] DEBUG: Assembled disjointig 4
	With 3 reads
	Start read: +7d438a27-f922-455e-b151-762fbda6ef44
	At position: 3
	leftTip: 0 rightTip: 1
	Suspicious: 2
	Short ext: 0
	Mean extensions: 1
	Avg overlap len: 4039
	Min overlap len: 1947
	Inner reads: 0
	Length: 9910
[2026-04-13 17:09:03] DEBUG: Inner: 92 covered: 124 total: 446
[2026-04-13 17:09:04] DEBUG: Assembled disjointig 5
	With 2 reads
	Start read: +86dcb513-af75-4a9d-84ae-892b4f031bbe
	At position: 1
	leftTip: 1 rightTip: 1
	Suspicious: 1
	Short ext: 0
	Mean extensions: 1
	Avg overlap len: 3527
	Min overlap len: 3527
	Inner reads: 0
	Length: 5802
[2026-04-13 17:09:04] DEBUG: Inner: 100 covered: 142 total: 446
[2026-04-13 17:09:04] DEBUG: Assembled disjointig 6
	With 1 reads
	Start read: +d4807523-0635-483e-8688-fbef17876b5c
	At position: 1
	leftTip: 1 rightTip: 1
	Suspicious: 0
	Short ext: 0
	Mean extensions: 0
	Avg overlap len: 0
	Min overlap len: 0
	Inner reads: 0
	Length: 2385
[2026-04-13 17:09:04] DEBUG: Inner: 106 covered: 170 total: 446
[2026-04-13 17:09:04] DEBUG: Assembled disjointig 7
	With 2 reads
	Start read: +da412e8d-f1ce-4f2d-bdc9-de36209588f1
	At position: 1
	leftTip: 1 rightTip: 1
	Suspicious: 1
	Short ext: 0
	Mean extensions: 0
	Avg overlap len: 2710
	Min overlap len: 2710
	Inner reads: 0
	Length: 4744
[2026-04-13 17:09:04] DEBUG: Inner: 128 covered: 194 total: 446
[2026-04-13 17:09:04] DEBUG: Assembled disjointig 8
	With 2 reads
	Start read: +7bf946fb-e02f-4e2c-b267-4d9fa7c6f667
	At position: 1
	leftTip: 1 rightTip: 0
	Suspicious: 0
	Short ext: 0
	Mean extensions: 1
	Avg overlap len: 2707
	Min overlap len: 2707
	Inner reads: 0
	Length: 6073
[2026-04-13 17:09:04] DEBUG: Inner: 136 covered: 256 total: 446
[2026-04-13 17:09:04] DEBUG: Assembled disjointig 9
	With 2 reads
	Start read: +ebddba29-1cc0-45ca-ac55-229290a78bfe
	At position: 2
	leftTip: 0 rightTip: 1
	Suspicious: 0
	Short ext: 0
	Mean extensions: 1
	Avg overlap len: 1224
	Min overlap len: 1224
	Inner reads: 0
	Length: 5261
[2026-04-13 17:09:04] DEBUG: Inner: 140 covered: 298 total: 446
[2026-04-13 17:09:05] DEBUG: Assembled disjointig 10
	With 1 reads
	Start read: +6b4fb928-ee48-47de-b264-cc44b0b80bf5
	At position: 1
	leftTip: 1 rightTip: 1
	Suspicious: 0
	Short ext: 0
	Mean extensions: 0
	Avg overlap len: 0
	Min overlap len: 0
	Inner reads: 0
	Length: 2368
[2026-04-13 17:09:05] DEBUG: Inner: 144 covered: 332 total: 446
[2026-04-13 17:09:07] INFO: Assembled 10 disjointigs
[2026-04-13 17:09:07] INFO: Generating sequence
[2026-04-13 17:09:07] DEBUG: Building positional index
[2026-04-13 17:09:07] DEBUG: Total sequence: 49569 bp
[2026-04-13 17:09:07] DEBUG: Mean k-mer frequency: 3.68127
[2026-04-13 17:09:07] DEBUG: Repetitive k-mer frequency: 368
[2026-04-13 17:09:07] DEBUG: Filtered 0 repetitive k-mers (0)
[2026-04-13 17:09:07] DEBUG: Sorting k-mer index
[2026-04-13 17:09:07] DEBUG: Selected k-mers: 13418
[2026-04-13 17:09:07] DEBUG: K-mer index size: 49399
[2026-04-13 17:09:07] DEBUG: Mean k-mer frequency: 3.68155
[2026-04-13 17:09:07] DEBUG: Minimizer rate: 1.00344
[2026-04-13 17:09:07] INFO: Filtering contained disjointigs
[2026-04-13 17:09:10] DEBUG: Computing transitive closure for overlaps
[2026-04-13 17:09:10] DEBUG: Found 48 overlaps
[2026-04-13 17:09:10] DEBUG: Left 36 overlaps after filtering
[2026-04-13 17:09:10] INFO: Contained seqs: 4
[2026-04-13 17:09:10] DEBUG: Writing FASTA
[2026-04-13 17:09:10] DEBUG: Peak RAM usage: 8 Gb
-----------End assembly log------------
[2026-04-13 17:09:10] root: DEBUG: Disjointigs length: 35067, N50: 8154
[2026-04-13 17:09:10] root: INFO: >>>STAGE: consensus
[2026-04-13 17:09:10] root: INFO: Running Minimap2
[2026-04-13 17:09:11] root: INFO: Computing consensus
[2026-04-13 17:09:12] root: INFO: Alignment error rate: 0.117171
[2026-04-13 17:09:12] root: INFO: >>>STAGE: repeat
[2026-04-13 17:09:12] root: INFO: Building and resolving repeat graph
[2026-04-13 17:09:12] root: DEBUG: -----Begin repeat analyser log------
[2026-04-13 17:09:12] root: DEBUG: Running: flye-modules repeat --disjointigs /scratch/noe/sugarcane_projet/results/4_assembly/Barcode84_unmapped.fastq/10-consensus/consensus.fasta --reads /scratch/noe/sugarcane_projet/results/2_mapping/Barcode84_unmapped.fastq --out-dir /scratch/noe/sugarcane_projet/results/4_assembly/Barcode84_unmapped.fastq/20-repeat --config /usr/local/lib/python3.10/dist-packages/flye/config/bin_cfg/asm_raw_reads.cfg --log /scratch/noe/sugarcane_projet/results/4_assembly/Barcode84_unmapped.fastq/flye.log --threads 4 --min-ovlp 1000
[2026-04-13 17:09:12] DEBUG: Build date: Dec  3 2025 16:34:21
[2026-04-13 17:09:12] DEBUG: Total RAM: 251 Gb
[2026-04-13 17:09:12] DEBUG: Available RAM: 235 Gb
[2026-04-13 17:09:12] DEBUG: Total CPUs: 32
[2026-04-13 17:09:12] DEBUG: Loading /usr/local/lib/python3.10/dist-packages/flye/config/bin_cfg/asm_raw_reads.cfg
[2026-04-13 17:09:12] DEBUG: Loading /usr/local/lib/python3.10/dist-packages/flye/config/bin_cfg/asm_defaults.cfg
[2026-04-13 17:09:12] DEBUG: 	big_genome_threshold=29000000
[2026-04-13 17:09:12] DEBUG: 	meta_read_filter_kmer_freq=100
[2026-04-13 17:09:12] DEBUG: 	chain_large_gap_penalty=2
[2026-04-13 17:09:12] DEBUG: 	chain_small_gap_penalty=0.5
[2026-04-13 17:09:12] DEBUG: 	chain_gap_jump_threshold=100
[2026-04-13 17:09:12] DEBUG: 	max_jump_gap=500
[2026-04-13 17:09:12] DEBUG: 	max_coverage_drop_rate=5
[2026-04-13 17:09:12] DEBUG: 	max_extensions_drop_rate=5
[2026-04-13 17:09:12] DEBUG: 	chimera_window=100
[2026-04-13 17:09:12] DEBUG: 	chimera_overhang=1000
[2026-04-13 17:09:12] DEBUG: 	min_reads_in_disjointig=4
[2026-04-13 17:09:12] DEBUG: 	max_inner_reads=10
[2026-04-13 17:09:12] DEBUG: 	max_inner_fraction=0.25
[2026-04-13 17:09:12] DEBUG: 	aggressive_dup_filter=1
[2026-04-13 17:09:12] DEBUG: 	max_separation=500
[2026-04-13 17:09:12] DEBUG: 	unique_edge_length=50000
[2026-04-13 17:09:12] DEBUG: 	min_repeat_res_support=0.51
[2026-04-13 17:09:12] DEBUG: 	out_paths_ratio=5
[2026-04-13 17:09:12] DEBUG: 	graph_cov_drop_rate=5
[2026-04-13 17:09:12] DEBUG: 	coverage_estimate_window=100
[2026-04-13 17:09:12] DEBUG: 	max_bubble_length=50000
[2026-04-13 17:09:12] DEBUG: 	loop_coverage_rate=1.5
[2026-04-13 17:09:12] DEBUG: 	repeat_edge_cov_mult=1.75
[2026-04-13 17:09:12] DEBUG: 	weak_detach_rate=5
[2026-04-13 17:09:12] DEBUG: 	tip_coverage_rate=2
[2026-04-13 17:09:12] DEBUG: 	tip_length_rate=2
[2026-04-13 17:09:12] DEBUG: 	output_gfa_before_rr=1
[2026-04-13 17:09:12] DEBUG: 	remove_alt_edges=0
[2026-04-13 17:09:12] DEBUG: 	low_cutoff_warning=1
[2026-04-13 17:09:12] DEBUG: 	kmer_size=17
[2026-04-13 17:09:12] DEBUG: 	use_minimizers=0
[2026-04-13 17:09:12] DEBUG: 	reads_base_alignment=0
[2026-04-13 17:09:12] DEBUG: 	meta_read_top_kmer_rate=0.40
[2026-04-13 17:09:12] DEBUG: 	maximum_jump=1500
[2026-04-13 17:09:12] DEBUG: 	maximum_overhang=1500
[2026-04-13 17:09:12] DEBUG: 	repeat_kmer_rate=100
[2026-04-13 17:09:12] DEBUG: 	assemble_ovlp_divergence=0.10
[2026-04-13 17:09:12] DEBUG: 	assemble_divergence_relative=1
[2026-04-13 17:09:12] DEBUG: 	repeat_graph_ovlp_divergence=0.08
[2026-04-13 17:09:12] DEBUG: 	read_align_ovlp_divergence=0.25
[2026-04-13 17:09:12] DEBUG: 	hpc_scoring_on=0
[2026-04-13 17:09:12] DEBUG: 	add_unassembled_reads=0
[2026-04-13 17:09:12] DEBUG: 	extend_contigs_with_repeats=0
[2026-04-13 17:09:12] DEBUG: 	min_read_cov_cutoff=3
[2026-04-13 17:09:12] DEBUG: 	short_tip_length=20000
[2026-04-13 17:09:12] DEBUG: 	long_tip_length=100000
[2026-04-13 17:09:12] DEBUG: Running with k-mer size: 17
[2026-04-13 17:09:12] DEBUG: Selected minimum overlap 1000
[2026-04-13 17:09:12] DEBUG: Metagenome mode: N
[2026-04-13 17:09:12] INFO: Parsing disjointigs
[2026-04-13 17:09:12] DEBUG: Building positional index
[2026-04-13 17:09:12] DEBUG: Total sequence: 32787 bp
[2026-04-13 17:09:12] INFO: Building repeat graph
[2026-04-13 17:09:12] DEBUG: Mean k-mer frequency: 3.4569
[2026-04-13 17:09:12] DEBUG: Repetitive k-mer frequency: 345
[2026-04-13 17:09:12] DEBUG: Filtered 0 repetitive k-mers (0)
[2026-04-13 17:09:12] DEBUG: Sorting k-mer index
[2026-04-13 17:09:12] DEBUG: Selected k-mers: 9454
[2026-04-13 17:09:12] DEBUG: K-mer index size: 32685
[2026-04-13 17:09:12] DEBUG: Mean k-mer frequency: 3.45727
[2026-04-13 17:09:12] DEBUG: Minimizer rate: 1.00312
[2026-04-13 17:09:14] DEBUG: Computing transitive closure for overlaps
[2026-04-13 17:09:14] DEBUG: Found 68 overlaps
[2026-04-13 17:09:14] DEBUG: Left 40 overlaps after filtering
[2026-04-13 17:09:14] INFO: Median overlap divergence: 0.176079
[2026-04-13 17:09:14] DEBUG: Sequence divergence distribution: 

    |    *       *   |                  *  *                                                             
    |    *       *   |                  *  *                                                             
    |    *       *   |                  *  *                                                             
    |    *       *   |                  *  *                                                             
    |    *       *   |                  *  *                                                             
    |    *       *   |                  *  *                                                             
    |    *       *   |                  *  *                                                             
    |    *       *   |                  *  *                                                             
    |    *       *   |                  *  *                                                             
    |    *       *   |                  *  *                                                             
    |    *       *   |                  *  *                                                             
    |    *       *   |                  *  *                                                             
    |    *       *   |                  *  *                                                             
    |    *       *   |                  *  *                                                             
    |    *       *   |                  *  *                                                             
    |    *       *   |                  *  *                                                             
    |    *       *   |                  *  *                                                             
    |    *       *   |                  *  *                                                             
    |    *       *   |                  *  *                                                             
    |    *       *   |                  *  *                                                             
    ----------------------------------------------------------------------------------------------------
    0%        5%        10%       15%       20%       25%       30%       35%       40%       45%       

    Q25 = 0.063, Q50 = 0.18, Q75 = 0.19

[2026-04-13 17:09:14] DEBUG: Computing gluepoints
[2026-04-13 17:09:14] DEBUG: Added 0 gluepoint projections
[2026-04-13 17:09:14] DEBUG: Created 48 gluepoints
[2026-04-13 17:09:14] DEBUG: Artificial loops removed: 0 left, 0 right, 0 both
[2026-04-13 17:09:14] DEBUG: Initializing edges
[2026-04-13 17:09:14] DEBUG: Edges length checksum: 106099763
[2026-04-13 17:09:14] DEBUG: Filtered 0 singleton segments
[2026-04-13 17:09:14] DEBUG: Removed 0 simple and 1 double chimeric junctions
[2026-04-13 17:09:14] DEBUG: Collapsed 0 edges
[2026-04-13 17:09:14] DEBUG: *	1	+disjointig_1	0	7777	7777	
[2026-04-13 17:09:14] DEBUG: *	2	+disjointig_10	0	2349	2349	
[2026-04-13 17:09:14] DEBUG:  	3	+disjointig_3	296	3482	3186	
[2026-04-13 17:09:14] DEBUG:  	-3	+disjointig_3	3482	7926	4444	
[2026-04-13 17:09:14] DEBUG:  	4	+disjointig_5	481	4671	4190	
[2026-04-13 17:09:14] DEBUG: *	5	+disjointig_5	4671	6023	1352	
[2026-04-13 17:09:14] DEBUG:  	6	+disjointig_8	0	5189	5189	
[2026-04-13 17:09:14] DEBUG: *	7	+disjointig_9	0	3508	3508	
[2026-04-13 17:09:14] DEBUG: Total edges: 7
[2026-04-13 17:09:14] INFO: Parsing reads
[2026-04-13 17:09:14] DEBUG: Building positional index
[2026-04-13 17:09:14] DEBUG: Total sequence: 936639 bp
[2026-04-13 17:09:14] DEBUG: Building positional index
[2026-04-13 17:09:14] DEBUG: Total sequence: 31995 bp
[2026-04-13 17:09:14] INFO: Aligning reads to the graph
[2026-04-13 17:09:14] DEBUG: Mean k-mer frequency: 3.52022
[2026-04-13 17:09:14] DEBUG: Repetitive k-mer frequency: 352
[2026-04-13 17:09:14] DEBUG: Filtered 0 repetitive k-mers (0)
[2026-04-13 17:09:14] DEBUG: Sorting k-mer index
[2026-04-13 17:09:14] DEBUG: Selected k-mers: 9001
[2026-04-13 17:09:14] DEBUG: K-mer index size: 31689
[2026-04-13 17:09:14] DEBUG: Mean k-mer frequency: 3.52061
[2026-04-13 17:09:14] DEBUG: Minimizer rate: 1.00966
[2026-04-13 17:09:16] DEBUG: Total reads : 223
[2026-04-13 17:09:16] DEBUG: Read with aligned parts : 93
[2026-04-13 17:09:16] DEBUG: Aligned in one piece : 80
[2026-04-13 17:09:16] INFO: Aligned read sequence: 245535 / 624407 (0.393229)
[2026-04-13 17:09:16] INFO: Median overlap divergence: 0.02114
[2026-04-13 17:09:16] DEBUG: Sequence divergence distribution: 

    | *                                                |                                                 
    | *                                                |                                                 
    | *                                                |                                                 
    | **                                               |                                                 
    | **                                               |                                                 
    | **                                               |                                                 
    | **                                               |                                                 
    | **                                               |                                                 
    | **                                               |                                                 
    | ***                                              |                                                 
    | ***                                              |                                                 
    | ***                                              |                                                 
    | *****         *                                  |                                                 
    |******         *                                  |                                                 
    |******         *                                  |                                                 
    |******         *           *                      |                                                 
    |****** *    *  *       *   *   *                  |                                                 
    |********  * ** *    *  *** *   *                  |                                                 
    |******** ** ** * *  * ******** **    *            |                                                 
    |******** ** ** * *  * ******** **    *            |                                                 
    ----------------------------------------------------------------------------------------------------
    0%        5%        10%       15%       20%       25%       30%       35%       40%       45%       

    Q25 = 0.011, Q50 = 0.021, Q75 = 0.077

[2026-04-13 17:09:16] INFO: Mean edge coverage: 11
[2026-04-13 17:09:16] DEBUG: 1	len:7777	cov:1	mult:0.0909091
[2026-04-13 17:09:16] DEBUG: -1	len:7777	cov:1	mult:0.0909091
[2026-04-13 17:09:16] DEBUG: 2	len:2349	cov:2	mult:0.181818
[2026-04-13 17:09:16] DEBUG: -2	len:2349	cov:2	mult:0.181818
[2026-04-13 17:09:16] DEBUG: 3	len:847	cov:63	mult:5.72727
[2026-04-13 17:09:16] DEBUG: -3	len:847	cov:63	mult:5.72727
[2026-04-13 17:09:16] DEBUG: 4	len:1396	cov:83	mult:7.54545
[2026-04-13 17:09:16] DEBUG: -4	len:1396	cov:83	mult:7.54545
[2026-04-13 17:09:16] DEBUG: 5	len:1352	cov:19	mult:1.72727
[2026-04-13 17:09:16] DEBUG: -5	len:1352	cov:19	mult:1.72727
[2026-04-13 17:09:16] DEBUG: 6	len:2594	cov:6	mult:0.545455
[2026-04-13 17:09:16] DEBUG: -6	len:2594	cov:6	mult:0.545455
[2026-04-13 17:09:16] DEBUG: 7	len:3508	cov:1	mult:0.0909091
[2026-04-13 17:09:16] DEBUG: -7	len:3508	cov:1	mult:0.0909091
[2026-04-13 17:09:16] DEBUG: Unique coverage threshold 10
[2026-04-13 17:09:16] INFO: Simplifying the graph
[2026-04-13 17:09:16] DEBUG: Read coverage cutoff: 3
[2026-04-13 17:09:16] DEBUG: [SIMPL] Removed 3 paths with low coverage
[2026-04-13 17:09:16] DEBUG: [SIMPL] Masked 0 heterozygous loops
[2026-04-13 17:09:16] DEBUG: [SIMPL] Masked 0 simple bubbles
[2026-04-13 17:09:16] DEBUG: Finding repeats
[2026-04-13 17:09:16] DEBUG: Read coverage cutoff: 3
[2026-04-13 17:09:16] DEBUG: High-cov: 3	847	63
[2026-04-13 17:09:16] DEBUG: Short-loop: 3
[2026-04-13 17:09:16] DEBUG: High-cov: 4	1396	83
[2026-04-13 17:09:16] DEBUG: Short-loop: 4
[2026-04-13 17:09:16] DEBUG: High-cov: 5	1352	19
[2026-04-13 17:09:16] DEBUG: Short-loop: 6
[2026-04-13 17:09:16] DEBUG: Repeat detection iteration 1
[2026-04-13 17:09:16] DEBUG: Writing Dot
[2026-04-13 17:09:16] DEBUG: Writing FASTA
[2026-04-13 17:09:16] DEBUG: Writing Gfa
[2026-04-13 17:09:16] DEBUG: [SIMPL] == Iteration 1 ==
[2026-04-13 17:09:16] DEBUG: Splitting nodes
[2026-04-13 17:09:16] DEBUG: [SIMPL] Split 0 nodes
[2026-04-13 17:09:16] DEBUG: Tip 5 len:1352 cov:19
[2026-04-13 17:09:16] DEBUG: [SIMPL] Clipped 1 short and 0 long tips
[2026-04-13 17:09:16] DEBUG: [SIMPL] Masked 0 heterozygous loops
[2026-04-13 17:09:16] DEBUG: [SIMPL] Masked 0 simple bubbles
[2026-04-13 17:09:16] DEBUG: Finding repeats
[2026-04-13 17:09:16] DEBUG: Read coverage cutoff: 3
[2026-04-13 17:09:16] DEBUG: High-cov: 3	847	63
[2026-04-13 17:09:16] DEBUG: Short-loop: 3
[2026-04-13 17:09:16] DEBUG: High-cov: 4	1396	83
[2026-04-13 17:09:16] DEBUG: Short-loop: 4
[2026-04-13 17:09:16] DEBUG: High-cov: 5	1352	19
[2026-04-13 17:09:16] DEBUG: Short-loop: 6
[2026-04-13 17:09:16] DEBUG: Repeat detection iteration 1
[2026-04-13 17:09:16] DEBUG: Total unique edges: 0
[2026-04-13 17:09:16] DEBUG: [SIMPL] Resolved repeats: 0
[2026-04-13 17:09:16] DEBUG: RR links: 0
[2026-04-13 17:09:16] DEBUG: Unresolved: 0
[2026-04-13 17:09:16] DEBUG: Removed 0 simple and 0 double chimeric junctions
[2026-04-13 17:09:16] DEBUG: [SIMPL] == Iteration 2 ==
[2026-04-13 17:09:16] DEBUG: Splitting nodes
[2026-04-13 17:09:16] DEBUG: [SIMPL] Split 0 nodes
[2026-04-13 17:09:16] DEBUG: [SIMPL] Clipped 0 short and 0 long tips
[2026-04-13 17:09:16] DEBUG: [SIMPL] Masked 0 heterozygous loops
[2026-04-13 17:09:16] DEBUG: [SIMPL] Masked 0 simple bubbles
[2026-04-13 17:09:16] DEBUG: Finding repeats
[2026-04-13 17:09:16] DEBUG: Read coverage cutoff: 3
[2026-04-13 17:09:16] DEBUG: High-cov: 3	847	63
[2026-04-13 17:09:16] DEBUG: Short-loop: 3
[2026-04-13 17:09:16] DEBUG: High-cov: 4	1396	83
[2026-04-13 17:09:16] DEBUG: Short-loop: 4
[2026-04-13 17:09:16] DEBUG: High-cov: 5	1352	19
[2026-04-13 17:09:16] DEBUG: Short-loop: 6
[2026-04-13 17:09:16] DEBUG: Repeat detection iteration 1
[2026-04-13 17:09:16] DEBUG: Total unique edges: 0
[2026-04-13 17:09:16] DEBUG: [SIMPL] Resolved repeats: 0
[2026-04-13 17:09:16] DEBUG: RR links: 0
[2026-04-13 17:09:16] DEBUG: Unresolved: 0
[2026-04-13 17:09:16] DEBUG: Removed 0 simple and 0 double chimeric junctions
[2026-04-13 17:09:16] DEBUG: [SIMPL] Collapsed 0 haplotypes
[2026-04-13 17:09:16] DEBUG: [SIMPL] Resolved 0 simple repeats
[2026-04-13 17:09:16] DEBUG: Read coverage cutoff: 3
[2026-04-13 17:09:16] DEBUG: [SIMPL] Removed 0 paths with low coverage
[2026-04-13 17:09:16] DEBUG: Finding repeats
[2026-04-13 17:09:16] DEBUG: Read coverage cutoff: 3
[2026-04-13 17:09:16] DEBUG: High-cov: 3	847	63
[2026-04-13 17:09:16] DEBUG: Short-loop: 3
[2026-04-13 17:09:16] DEBUG: High-cov: 4	1396	83
[2026-04-13 17:09:16] DEBUG: Short-loop: 4
[2026-04-13 17:09:16] DEBUG: High-cov: 5	1352	19
[2026-04-13 17:09:16] DEBUG: Short-loop: 6
[2026-04-13 17:09:16] DEBUG: Repeat detection iteration 1
[2026-04-13 17:09:16] DEBUG: Writing Dot
[2026-04-13 17:09:16] DEBUG: Writing FASTA
[2026-04-13 17:09:16] DEBUG: Peak RAM usage: 0 Gb
-----------End assembly log------------
[2026-04-13 17:09:16] root: INFO: >>>STAGE: contigger
[2026-04-13 17:09:16] root: INFO: Generating contigs
[2026-04-13 17:09:16] root: DEBUG: -----Begin contigger analyser log------
[2026-04-13 17:09:16] root: DEBUG: Running: flye-modules contigger --graph-edges /scratch/noe/sugarcane_projet/results/4_assembly/Barcode84_unmapped.fastq/20-repeat/repeat_graph_edges.fasta --reads /scratch/noe/sugarcane_projet/results/2_mapping/Barcode84_unmapped.fastq --out-dir /scratch/noe/sugarcane_projet/results/4_assembly/Barcode84_unmapped.fastq/30-contigger --config /usr/local/lib/python3.10/dist-packages/flye/config/bin_cfg/asm_raw_reads.cfg --repeat-graph /scratch/noe/sugarcane_projet/results/4_assembly/Barcode84_unmapped.fastq/20-repeat/repeat_graph_dump --graph-aln /scratch/noe/sugarcane_projet/results/4_assembly/Barcode84_unmapped.fastq/20-repeat/read_alignment_dump --log /scratch/noe/sugarcane_projet/results/4_assembly/Barcode84_unmapped.fastq/flye.log --threads 4 --min-ovlp 1000
[2026-04-13 17:09:16] DEBUG: Build date: Dec  3 2025 16:34:29
[2026-04-13 17:09:16] DEBUG: Total RAM: 251 Gb
[2026-04-13 17:09:16] DEBUG: Available RAM: 235 Gb
[2026-04-13 17:09:16] DEBUG: Total CPUs: 32
[2026-04-13 17:09:16] DEBUG: Loading /usr/local/lib/python3.10/dist-packages/flye/config/bin_cfg/asm_raw_reads.cfg
[2026-04-13 17:09:16] DEBUG: Loading /usr/local/lib/python3.10/dist-packages/flye/config/bin_cfg/asm_defaults.cfg
[2026-04-13 17:09:16] DEBUG: 	big_genome_threshold=29000000
[2026-04-13 17:09:16] DEBUG: 	meta_read_filter_kmer_freq=100
[2026-04-13 17:09:16] DEBUG: 	chain_large_gap_penalty=2
[2026-04-13 17:09:16] DEBUG: 	chain_small_gap_penalty=0.5
[2026-04-13 17:09:16] DEBUG: 	chain_gap_jump_threshold=100
[2026-04-13 17:09:16] DEBUG: 	max_jump_gap=500
[2026-04-13 17:09:16] DEBUG: 	max_coverage_drop_rate=5
[2026-04-13 17:09:16] DEBUG: 	max_extensions_drop_rate=5
[2026-04-13 17:09:16] DEBUG: 	chimera_window=100
[2026-04-13 17:09:16] DEBUG: 	chimera_overhang=1000
[2026-04-13 17:09:16] DEBUG: 	min_reads_in_disjointig=4
[2026-04-13 17:09:16] DEBUG: 	max_inner_reads=10
[2026-04-13 17:09:16] DEBUG: 	max_inner_fraction=0.25
[2026-04-13 17:09:16] DEBUG: 	aggressive_dup_filter=1
[2026-04-13 17:09:16] DEBUG: 	max_separation=500
[2026-04-13 17:09:16] DEBUG: 	unique_edge_length=50000
[2026-04-13 17:09:16] DEBUG: 	min_repeat_res_support=0.51
[2026-04-13 17:09:16] DEBUG: 	out_paths_ratio=5
[2026-04-13 17:09:16] DEBUG: 	graph_cov_drop_rate=5
[2026-04-13 17:09:16] DEBUG: 	coverage_estimate_window=100
[2026-04-13 17:09:16] DEBUG: 	max_bubble_length=50000
[2026-04-13 17:09:16] DEBUG: 	loop_coverage_rate=1.5
[2026-04-13 17:09:16] DEBUG: 	repeat_edge_cov_mult=1.75
[2026-04-13 17:09:16] DEBUG: 	weak_detach_rate=5
[2026-04-13 17:09:16] DEBUG: 	tip_coverage_rate=2
[2026-04-13 17:09:16] DEBUG: 	tip_length_rate=2
[2026-04-13 17:09:16] DEBUG: 	output_gfa_before_rr=1
[2026-04-13 17:09:16] DEBUG: 	remove_alt_edges=0
[2026-04-13 17:09:16] DEBUG: 	low_cutoff_warning=1
[2026-04-13 17:09:16] DEBUG: 	kmer_size=17
[2026-04-13 17:09:16] DEBUG: 	use_minimizers=0
[2026-04-13 17:09:16] DEBUG: 	reads_base_alignment=0
[2026-04-13 17:09:16] DEBUG: 	meta_read_top_kmer_rate=0.40
[2026-04-13 17:09:16] DEBUG: 	maximum_jump=1500
[2026-04-13 17:09:16] DEBUG: 	maximum_overhang=1500
[2026-04-13 17:09:16] DEBUG: 	repeat_kmer_rate=100
[2026-04-13 17:09:16] DEBUG: 	assemble_ovlp_divergence=0.10
[2026-04-13 17:09:16] DEBUG: 	assemble_divergence_relative=1
[2026-04-13 17:09:16] DEBUG: 	repeat_graph_ovlp_divergence=0.08
[2026-04-13 17:09:16] DEBUG: 	read_align_ovlp_divergence=0.25
[2026-04-13 17:09:16] DEBUG: 	hpc_scoring_on=0
[2026-04-13 17:09:16] DEBUG: 	add_unassembled_reads=0
[2026-04-13 17:09:16] DEBUG: 	extend_contigs_with_repeats=0
[2026-04-13 17:09:16] DEBUG: 	min_read_cov_cutoff=3
[2026-04-13 17:09:16] DEBUG: 	short_tip_length=20000
[2026-04-13 17:09:16] DEBUG: 	long_tip_length=100000
[2026-04-13 17:09:16] DEBUG: Running with k-mer size: 17
[2026-04-13 17:09:16] DEBUG: Selected minimum overlap 1000
[2026-04-13 17:09:16] INFO: Reading sequences
[2026-04-13 17:09:16] DEBUG: Building positional index
[2026-04-13 17:09:16] DEBUG: Total sequence: 936639 bp
[2026-04-13 17:09:16] DEBUG: Flipped 0
[2026-04-13 17:09:16] DEBUG: UPath 1: 3
[2026-04-13 17:09:16] DEBUG: UPath 2: 4
[2026-04-13 17:09:16] DEBUG: UPath 3: 5
[2026-04-13 17:09:16] DEBUG: UPath 4: 6
[2026-04-13 17:09:16] DEBUG: Final graph contains 4 egdes
[2026-04-13 17:09:16] DEBUG: Extending contigs into repeats
[2026-04-13 17:09:16] DEBUG: Covered 0 repetitive contigs
[2026-04-13 17:09:16] INFO: Generated 4 contigs
[2026-04-13 17:09:16] DEBUG: Writing FASTA
[2026-04-13 17:09:16] DEBUG: Generating scaffold connections
[2026-04-13 17:09:16] INFO: Added 0 scaffold connections
[2026-04-13 17:09:16] DEBUG: Writing Dot
[2026-04-13 17:09:16] DEBUG: Writing FASTA
[2026-04-13 17:09:16] DEBUG: Writing Gfa
[2026-04-13 17:09:16] DEBUG: Peak RAM usage: 0 Gb
-----------End assembly log------------
[2026-04-13 17:09:16] root: INFO: >>>STAGE: polishing
[2026-04-13 17:09:16] root: INFO: Polishing genome (1/1)
[2026-04-13 17:09:16] root: INFO: Running minimap2
[2026-04-13 17:09:16] root: INFO: Separating alignment into bubbles
[2026-04-13 17:09:17] root: DEBUG: Generated 174 bubbles
[2026-04-13 17:09:17] root: DEBUG: Split 4 long bubbles
[2026-04-13 17:09:17] root: DEBUG: Skipped 0 empty bubbles
[2026-04-13 17:09:17] root: DEBUG: Skipped 0 bubbles with long branches
[2026-04-13 17:09:17] root: INFO: Alignment error rate: 0.120790
[2026-04-13 17:09:17] root: INFO: Correcting bubbles
[2026-04-13 17:09:29] root: DEBUG: Mean contig coverage: 31, selected threshold: 6
[2026-04-13 17:09:29] root: DEBUG: Filtered 0 contigs of total length 0
[2026-04-13 17:09:29] root: DEBUG: Generating polished GFA
[2026-04-13 17:09:29] root: DEBUG: 0 sequences remained unpolished
[2026-04-13 17:09:29] root: INFO: >>>STAGE: finalize
[2026-04-13 17:09:29] root: DEBUG: ---Output dir contents:----
[2026-04-13 17:09:29] root: DEBUG: Barcode84_unmapped.fastq/
[2026-04-13 17:09:29] root: DEBUG:     34.0 K      flye.log
[2026-04-13 17:09:29] root: DEBUG:     92.0 B      params.json
[2026-04-13 17:09:29] root: DEBUG:     840.0 B     assembly_graph.gv
[2026-04-13 17:09:29] root: DEBUG:     6.0 K       assembly_graph.gfa
[2026-04-13 17:09:29] root: DEBUG:     6.0 K       assembly.fasta
[2026-04-13 17:09:29] root: DEBUG:     00-assembly/
[2026-04-13 17:09:29] root: DEBUG:         34.0 K      draft_assembly.fasta
[2026-04-13 17:09:29] root: DEBUG:         178.0 B     draft_assembly.fasta.fai
[2026-04-13 17:09:29] root: DEBUG:     10-consensus/
[2026-04-13 17:09:29] root: DEBUG:         979.0 B     minimap.stderr
[2026-04-13 17:09:29] root: DEBUG:         179.0 B     minimap.bam.csi
[2026-04-13 17:09:29] root: DEBUG:         32.0 K      consensus.fasta
[2026-04-13 17:09:29] root: DEBUG:     20-repeat/
[2026-04-13 17:09:29] root: DEBUG:         840.0 B     graph_before_rr.gv
[2026-04-13 17:09:29] root: DEBUG:         6.0 K       graph_before_rr.fasta
[2026-04-13 17:09:29] root: DEBUG:         6.0 K       graph_before_rr.gfa
[2026-04-13 17:09:29] root: DEBUG:         840.0 B     graph_after_rr.gv
[2026-04-13 17:09:29] root: DEBUG:         2.0 K       repeat_graph_dump
[2026-04-13 17:09:29] root: DEBUG:         52.0 K      read_alignment_dump
[2026-04-13 17:09:29] root: DEBUG:         32.0 K      repeat_graph_edges.fasta
[2026-04-13 17:09:29] root: DEBUG:     30-contigger/
[2026-04-13 17:09:29] root: DEBUG:         6.0 K       contigs.fasta
[2026-04-13 17:09:29] root: DEBUG:         203.0 B     contigs_stats.txt
[2026-04-13 17:09:29] root: DEBUG:         0.0 B       scaffolds_links.txt
[2026-04-13 17:09:29] root: DEBUG:         840.0 B     graph_final.gv
[2026-04-13 17:09:29] root: DEBUG:         6.0 K       graph_final.fasta
[2026-04-13 17:09:29] root: DEBUG:         6.0 K       graph_final.gfa
[2026-04-13 17:09:29] root: DEBUG:         96.0 B      contigs.fasta.fai
[2026-04-13 17:09:29] root: DEBUG:     40-polishing/
[2026-04-13 17:09:29] root: DEBUG:         946.0 B     minimap.stderr
[2026-04-13 17:09:29] root: DEBUG:         148.0 B     minimap_1.bam.csi
[2026-04-13 17:09:29] root: DEBUG:         93.0 B      contigs_stats.txt
[2026-04-13 17:09:29] root: DEBUG:         938.0 B     base_coverage.bed.gz
[2026-04-13 17:09:29] root: DEBUG:         6.0 K       filtered_contigs.fasta
[2026-04-13 17:09:29] root: DEBUG:         93.0 B      filtered_stats.txt
[2026-04-13 17:09:29] root: DEBUG:         96.0 B      filtered_contigs.fasta.fai
[2026-04-13 17:09:29] root: DEBUG:         135.0 B     edges_aln.bam.csi
[2026-04-13 17:09:29] root: DEBUG:         6.0 K       polished_edges.gfa
[2026-04-13 17:09:29] root: DEBUG: --------------------------
[2026-04-13 17:09:29] root: INFO: Assembly statistics:

	Total length:	6638
	Fragments:	4
	Fragments N50:	1539
	Largest frg:	2847
	Scaffolds:	0
	Mean coverage:	31

[2026-04-13 17:09:29] root: INFO: Final assembly: /scratch/noe/sugarcane_projet/results/4_assembly/Barcode84_unmapped.fastq/assembly.fasta
