2026-04-02 18:00:48,396 NanoPlot 1.41.3 started with arguments Namespace(threads=1, verbose=False, store=False, raw=False, huge=False, outdir='/home/noe/cibig_noe/project_stage_tutore/results/1_QC/Barcode78', no_static=False, prefix='', tsv_stats=False, info_in_report=False, maxlength=None, minlength=None, drop_outliers=False, downsample=None, loglength=False, percentqual=False, alength=False, minqual=None, runtime_until=None, readtype='1D', barcoded=False, no_supplementary=False, color='#4CB391', colormap='Greens', format=['png'], plots=['kde', 'dot'], legacy=None, listcolors=False, listcolormaps=False, no_N50=False, N50=False, title=None, font_scale=1, dpi=100, hide_stats=False, fastq=['/home/noe/cibig_noe/project_stage_tutore/raw_data/merged_fastq/Barcode78.fastq'], fasta=None, fastq_rich=None, fastq_minimal=None, summary=None, bam=None, ubam=None, cram=None, pickle=None, feather=None, path='/home/noe/cibig_noe/project_stage_tutore/results/1_QC/Barcode78/')
2026-04-02 18:00:48,396 Python version is: 3.10.12 (main, Sep 11 2024, 15:47:36) [GCC 11.4.0]
2026-04-02 18:00:48,411 Nanoget: Starting to collect statistics from plain fastq file.
2026-04-02 18:00:51,509 Reduced DataFrame memory usage from 0.5291748046875Mb to 0.5291748046875Mb
2026-04-02 18:00:51,520 Nanoget: Gathered all metrics of 34672 reads
2026-04-02 18:00:51,541 Calculated statistics
2026-04-02 18:00:51,541 Using sequenced read lengths for plotting.
2026-04-02 18:00:51,543 Removed 36 artefactual reads with very short length and very high quality.
2026-04-02 18:00:51,554 Calculated statistics
2026-04-02 18:00:51,555 NanoPlot:  Valid color #4CB391.
2026-04-02 18:00:51,555 NanoPlot:  Valid colormap Greens.
2026-04-02 18:00:51,557 NanoPlot:  Creating length plots for Read length.
2026-04-02 18:00:51,557 NanoPlot:  Using 34636 reads maximum of 48048bp.
2026-04-02 18:00:53,196 Saved /home/noe/cibig_noe/project_stage_tutore/results/1_QC/Barcode78/WeightedHistogramReadlength  as png (or png for --legacy)
2026-04-02 18:00:54,386 Saved /home/noe/cibig_noe/project_stage_tutore/results/1_QC/Barcode78/WeightedLogTransformed_HistogramReadlength  as png (or png for --legacy)
2026-04-02 18:00:55,546 Saved /home/noe/cibig_noe/project_stage_tutore/results/1_QC/Barcode78/Non_weightedHistogramReadlength  as png (or png for --legacy)
2026-04-02 18:00:56,722 Saved /home/noe/cibig_noe/project_stage_tutore/results/1_QC/Barcode78/Non_weightedLogTransformed_HistogramReadlength  as png (or png for --legacy)
2026-04-02 18:00:58,448 Saved /home/noe/cibig_noe/project_stage_tutore/results/1_QC/Barcode78/Yield_By_Length  as png (or png for --legacy)
2026-04-02 18:00:58,449 Created length plots
2026-04-02 18:00:58,450 NanoPlot: Creating Read lengths vs Average read quality plots using 34636 reads.
2026-04-02 18:01:00,050 Saved /home/noe/cibig_noe/project_stage_tutore/results/1_QC/Barcode78/LengthvsQualityScatterPlot_dot  as png (or png for --legacy)
2026-04-02 18:01:02,221 Saved /home/noe/cibig_noe/project_stage_tutore/results/1_QC/Barcode78/LengthvsQualityScatterPlot_kde  as png (or png for --legacy)
2026-04-02 18:01:02,223 Created LengthvsQual plot
2026-04-02 18:01:02,223 Writing html report.
2026-04-02 18:01:02,253 Finished!
