[2026-04-13 16:58:27] root: INFO: Starting Flye 2.9.6-b1802
[2026-04-13 16:58:27] root: DEBUG: Cmd: /usr/local/bin/flye --nano-raw /scratch/noe/sugarcane_projet/results/2_mapping/Barcode82_unmapped.fastq --threads 4 --out-dir /scratch/noe/sugarcane_projet/results/4_assembly/Barcode82_unmapped.fastq
[2026-04-13 16:58:27] root: DEBUG: Python version: 3.10.12 (main, Nov  4 2025, 08:48:33) [GCC 11.4.0]
[2026-04-13 16:58:27] root: INFO: >>>STAGE: configure
[2026-04-13 16:58:27] root: INFO: Configuring run
[2026-04-13 16:58:27] root: INFO: Total read length: 8774706
[2026-04-13 16:58:27] root: INFO: Reads N50/N90: 1313 / 316
[2026-04-13 16:58:27] root: INFO: Minimum overlap set to 1000
[2026-04-13 16:58:27] root: INFO: >>>STAGE: assembly
[2026-04-13 16:58:27] root: INFO: Assembling disjointigs
[2026-04-13 16:58:27] root: DEBUG: -----Begin assembly log------
[2026-04-13 16:58:27] root: DEBUG: Running: flye-modules assemble --reads /scratch/noe/sugarcane_projet/results/2_mapping/Barcode82_unmapped.fastq --out-asm /scratch/noe/sugarcane_projet/results/4_assembly/Barcode82_unmapped.fastq/00-assembly/draft_assembly.fasta --config /usr/local/lib/python3.10/dist-packages/flye/config/bin_cfg/asm_raw_reads.cfg --log /scratch/noe/sugarcane_projet/results/4_assembly/Barcode82_unmapped.fastq/flye.log --threads 4 --min-ovlp 1000
[2026-04-13 16:58:27] DEBUG: Build date: Dec  3 2025 16:34:13
[2026-04-13 16:58:27] DEBUG: Total RAM: 251 Gb
[2026-04-13 16:58:27] DEBUG: Available RAM: 234 Gb
[2026-04-13 16:58:27] DEBUG: Total CPUs: 32
[2026-04-13 16:58:27] DEBUG: Loading /usr/local/lib/python3.10/dist-packages/flye/config/bin_cfg/asm_raw_reads.cfg
[2026-04-13 16:58:27] DEBUG: Loading /usr/local/lib/python3.10/dist-packages/flye/config/bin_cfg/asm_defaults.cfg
[2026-04-13 16:58:27] DEBUG: 	big_genome_threshold=29000000
[2026-04-13 16:58:27] DEBUG: 	meta_read_filter_kmer_freq=100
[2026-04-13 16:58:27] DEBUG: 	chain_large_gap_penalty=2
[2026-04-13 16:58:27] DEBUG: 	chain_small_gap_penalty=0.5
[2026-04-13 16:58:27] DEBUG: 	chain_gap_jump_threshold=100
[2026-04-13 16:58:27] DEBUG: 	max_jump_gap=500
[2026-04-13 16:58:27] DEBUG: 	max_coverage_drop_rate=5
[2026-04-13 16:58:27] DEBUG: 	max_extensions_drop_rate=5
[2026-04-13 16:58:27] DEBUG: 	chimera_window=100
[2026-04-13 16:58:27] DEBUG: 	chimera_overhang=1000
[2026-04-13 16:58:27] DEBUG: 	min_reads_in_disjointig=4
[2026-04-13 16:58:27] DEBUG: 	max_inner_reads=10
[2026-04-13 16:58:27] DEBUG: 	max_inner_fraction=0.25
[2026-04-13 16:58:27] DEBUG: 	aggressive_dup_filter=1
[2026-04-13 16:58:27] DEBUG: 	max_separation=500
[2026-04-13 16:58:27] DEBUG: 	unique_edge_length=50000
[2026-04-13 16:58:27] DEBUG: 	min_repeat_res_support=0.51
[2026-04-13 16:58:27] DEBUG: 	out_paths_ratio=5
[2026-04-13 16:58:27] DEBUG: 	graph_cov_drop_rate=5
[2026-04-13 16:58:27] DEBUG: 	coverage_estimate_window=100
[2026-04-13 16:58:27] DEBUG: 	max_bubble_length=50000
[2026-04-13 16:58:27] DEBUG: 	loop_coverage_rate=1.5
[2026-04-13 16:58:27] DEBUG: 	repeat_edge_cov_mult=1.75
[2026-04-13 16:58:27] DEBUG: 	weak_detach_rate=5
[2026-04-13 16:58:27] DEBUG: 	tip_coverage_rate=2
[2026-04-13 16:58:27] DEBUG: 	tip_length_rate=2
[2026-04-13 16:58:27] DEBUG: 	output_gfa_before_rr=1
[2026-04-13 16:58:27] DEBUG: 	remove_alt_edges=0
[2026-04-13 16:58:27] DEBUG: 	low_cutoff_warning=1
[2026-04-13 16:58:27] DEBUG: 	kmer_size=17
[2026-04-13 16:58:27] DEBUG: 	use_minimizers=0
[2026-04-13 16:58:27] DEBUG: 	reads_base_alignment=0
[2026-04-13 16:58:27] DEBUG: 	meta_read_top_kmer_rate=0.40
[2026-04-13 16:58:27] DEBUG: 	maximum_jump=1500
[2026-04-13 16:58:27] DEBUG: 	maximum_overhang=1500
[2026-04-13 16:58:27] DEBUG: 	repeat_kmer_rate=100
[2026-04-13 16:58:27] DEBUG: 	assemble_ovlp_divergence=0.10
[2026-04-13 16:58:27] DEBUG: 	assemble_divergence_relative=1
[2026-04-13 16:58:27] DEBUG: 	repeat_graph_ovlp_divergence=0.08
[2026-04-13 16:58:27] DEBUG: 	read_align_ovlp_divergence=0.25
[2026-04-13 16:58:27] DEBUG: 	hpc_scoring_on=0
[2026-04-13 16:58:27] DEBUG: 	add_unassembled_reads=0
[2026-04-13 16:58:27] DEBUG: 	extend_contigs_with_repeats=0
[2026-04-13 16:58:27] DEBUG: 	min_read_cov_cutoff=3
[2026-04-13 16:58:27] DEBUG: 	short_tip_length=20000
[2026-04-13 16:58:27] DEBUG: 	long_tip_length=100000
[2026-04-13 16:58:27] DEBUG: Running with k-mer size: 17
[2026-04-13 16:58:27] DEBUG: Running with minimum overlap 1000
[2026-04-13 16:58:27] DEBUG: Metagenome mode: N
[2026-04-13 16:58:27] DEBUG: Short mode: N
[2026-04-13 16:58:27] INFO: Reading sequences
[2026-04-13 16:58:27] DEBUG: Building positional index
[2026-04-13 16:58:27] DEBUG: Total sequence: 5286226 bp
[2026-04-13 16:58:31] INFO: Counting k-mers:
[2026-04-13 16:58:32] DEBUG: Updating k-mer histogram
[2026-04-13 16:59:38] DEBUG: Hash size: 19196
[2026-04-13 16:59:38] DEBUG: Total k-mers 1596524
[2026-04-13 16:59:38] INFO: Filling index table (1/2)
[2026-04-13 16:59:38] DEBUG: Mean k-mer frequency: 6.57444
[2026-04-13 16:59:38] DEBUG: Repetitive k-mer frequency: 657
[2026-04-13 16:59:38] DEBUG: Filtered 771870 repetitive k-mers (0.353626)
[2026-04-13 16:59:38] INFO: Filling index table (2/2)
[2026-04-13 16:59:39] DEBUG: Sorting k-mer index
[2026-04-13 16:59:39] DEBUG: Selected k-mers: 346630
[2026-04-13 16:59:39] DEBUG: Index size: 1355676
[2026-04-13 16:59:39] DEBUG: Mean k-mer index frequency: 3.91102
[2026-04-13 16:59:39] DEBUG: Peak RAM usage: 8 Gb
[2026-04-13 16:59:39] DEBUG: Estimating k-mer identity bias
[2026-04-13 16:59:43] DEBUG: Initial divergence estimate : 0.199374
[2026-04-13 16:59:43] DEBUG: Relative threshold: Y
[2026-04-13 16:59:43] DEBUG: Max divergence threshold set to 0.299374
[2026-04-13 16:59:43] INFO: Extending reads
[2026-04-13 16:59:43] DEBUG: Estimating overlap coverage
[2026-04-13 17:00:05] INFO: Overlap-based coverage: 7
[2026-04-13 17:00:05] INFO: Median overlap divergence: 0.192104
[2026-04-13 17:00:05] DEBUG: Sequence divergence distribution: 

    |                   *                                       |                                        
    |                   * *                        **    *      |                                        
    |                   * * *                      **    *     **                                        
    |                   * * *                     ***    *     ***                                       
    |                   * * *                     ***    *     ***                                       
    |                   * ***  *                  ***    **    ***                                       
    |                   * ***  *                  *** *  **    ****                                      
    |         ** *      * ***  ** *        *      *** *  ** *  ****                                      
    |         ****  * * * ***  ** *    *   *    * *** ** ** ********                                     
    |         ****  * * * ***  ** *    *   *    * *** ** ** ********                                     
    |         ****  * * * *** *******  * * **   * *** ***** ********                                     
    |         ***** * * * *** ******** *** *** ** ********* ********                                     
    |      * ****** * ******* ************ *** *********************                                     
    |     ** ****** * ******* **************** **********************                                    
    |     ** ****** * ******* **************** **********************                                    
    |    *** ****** ************************** ************************  * *                             
    |    *************************************************************** * *                             
    |  * *************************************************************** ***                             
    |  ********************************************************************* ****                        
    |  ********************************************************************* ****                        
    ----------------------------------------------------------------------------------------------------
    0%        5%        10%       15%       20%       25%       30%       35%       40%       45%       

    Q25 = 0.11, Q50 = 0.19, Q75 = 0.26

[2026-04-13 17:00:05] DEBUG: Assembled disjointig 1
	With 5 reads
	Start read: +7760222c-2c7f-4d65-9c76-0e70111599dd
	At position: 4
	leftTip: 0 rightTip: 1
	Suspicious: 4
	Short ext: 0
	Mean extensions: 1
	Avg overlap len: 1267
	Min overlap len: 1133
	Inner reads: 0
	Length: 13941
[2026-04-13 17:00:05] DEBUG: Inner: 46 covered: 94 total: 5034
[2026-04-13 17:00:05] DEBUG: Assembled disjointig 2
	With 1 reads
	Start read: +edfb4bc6-1a1b-46d0-b51d-b665354d8a5d
	At position: 1
	leftTip: 1 rightTip: 1
	Suspicious: 0
	Short ext: 0
	Mean extensions: 0
	Avg overlap len: 0
	Min overlap len: 0
	Inner reads: 0
	Length: 2346
[2026-04-13 17:00:05] DEBUG: Inner: 48 covered: 104 total: 5034
[2026-04-13 17:00:05] DEBUG: Assembled disjointig 3
	With 1 reads
	Start read: +19676268-5a5e-47dc-be7b-6e0ef1b9af89
	At position: 1
	leftTip: 1 rightTip: 1
	Suspicious: 0
	Short ext: 0
	Mean extensions: 2
	Avg overlap len: 0
	Min overlap len: 0
	Inner reads: 0
	Length: 3998
[2026-04-13 17:00:05] DEBUG: Inner: 58 covered: 120 total: 5034
[2026-04-13 17:00:05] DEBUG: Assembled disjointig 4
	With 3 reads
	Start read: +34a52413-0f78-4ace-a039-f79a35d8a708
	At position: 2
	leftTip: 0 rightTip: 0
	Suspicious: 2
	Short ext: 0
	Mean extensions: 3
	Avg overlap len: 1798
	Min overlap len: 1363
	Inner reads: 0
	Length: 8385
[2026-04-13 17:00:05] DEBUG: Inner: 68 covered: 154 total: 5034
[2026-04-13 17:00:05] DEBUG: Assembled disjointig 5
	With 1 reads
	Start read: +ac464cb7-0cd0-4667-a98e-18283dbd80a0
	At position: 1
	leftTip: 1 rightTip: 1
	Suspicious: 0
	Short ext: 0
	Mean extensions: 0
	Avg overlap len: 0
	Min overlap len: 0
	Inner reads: 0
	Length: 3238
[2026-04-13 17:00:05] DEBUG: Inner: 72 covered: 200 total: 5034
[2026-04-13 17:00:06] DEBUG: Assembled disjointig 6
	With 3 reads
	Start read: +c7f42a8d-7dd1-4374-80d1-136097bb29c3
	At position: 3
	leftTip: 0 rightTip: 1
	Suspicious: 0
	Short ext: 0
	Mean extensions: 1
	Avg overlap len: 2748
	Min overlap len: 2004
	Inner reads: 0
	Length: 9537
[2026-04-13 17:00:06] DEBUG: Inner: 90 covered: 266 total: 5034
[2026-04-13 17:00:06] DEBUG: Assembled disjointig 7
	With 1 reads
	Start read: +af6f1004-7f06-401c-8a04-04730ddec4a1
	At position: 1
	leftTip: 1 rightTip: 1
	Suspicious: 0
	Short ext: 0
	Mean extensions: 1
	Avg overlap len: 0
	Min overlap len: 0
	Inner reads: 0
	Length: 4050
[2026-04-13 17:00:06] DEBUG: Inner: 124 covered: 326 total: 5034
[2026-04-13 17:00:06] DEBUG: Assembled disjointig 8
	With 5 reads
	Start read: +b52caf4d-ec58-4074-b2fe-04322e44c153
	At position: 4
	leftTip: 0 rightTip: 0
	Suspicious: 0
	Short ext: 0
	Mean extensions: 4
	Avg overlap len: 2613
	Min overlap len: 1662
	Inner reads: 0
	Length: 12320
[2026-04-13 17:00:06] DEBUG: Inner: 336 covered: 546 total: 5034
[2026-04-13 17:00:06] DEBUG: Assembled disjointig 9
	With 5 reads
	Start read: +47d39ae4-8a7e-45da-88ba-6a4ee491536c
	At position: 2
	leftTip: 1 rightTip: 0
	Suspicious: 0
	Short ext: 0
	Mean extensions: 2
	Avg overlap len: 1430
	Min overlap len: 1182
	Inner reads: 0
	Length: 11855
[2026-04-13 17:00:06] DEBUG: Inner: 464 covered: 718 total: 5034
[2026-04-13 17:00:07] DEBUG: Assembled disjointig 10
	With 4 reads
	Start read: +d0f68969-35d8-4de1-b518-dceaef8e6503
	At position: 3
	leftTip: 1 rightTip: 0
	Suspicious: 1
	Short ext: 0
	Mean extensions: 6
	Avg overlap len: 2295
	Min overlap len: 1792
	Inner reads: 0
	Length: 9562
[2026-04-13 17:00:07] DEBUG: Inner: 714 covered: 1024 total: 5034
[2026-04-13 17:00:07] DEBUG: Discarded disjointig with 4 reads and 2 inner overlaps
[2026-04-13 17:00:07] DEBUG: Discarded disjointig with 3 reads and 1 inner overlaps
[2026-04-13 17:00:07] DEBUG: Assembled disjointig 11
	With 1 reads
	Start read: +023010e4-711d-43d4-85cb-8f6dd1e273a7
	At position: 1
	leftTip: 1 rightTip: 1
	Suspicious: 0
	Short ext: 0
	Mean extensions: 0
	Avg overlap len: 0
	Min overlap len: 0
	Inner reads: 0
	Length: 2551
[2026-04-13 17:00:07] DEBUG: Inner: 724 covered: 1198 total: 5034
[2026-04-13 17:00:08] DEBUG: Assembled disjointig 12
	With 2 reads
	Start read: +907da2b3-766b-40a0-8be1-e77c7a3a7645
	At position: 1
	leftTip: 1 rightTip: 1
	Suspicious: 1
	Short ext: 0
	Mean extensions: 0
	Avg overlap len: 1324
	Min overlap len: 1324
	Inner reads: 0
	Length: 4573
[2026-04-13 17:00:08] DEBUG: Inner: 752 covered: 1352 total: 5034
[2026-04-13 17:00:08] DEBUG: Assembled disjointig 13
	With 4 reads
	Start read: +84f24539-21b1-4612-82aa-2cdc09f791d3
	At position: 3
	leftTip: 1 rightTip: 0
	Suspicious: 3
	Short ext: 0
	Mean extensions: 1
	Avg overlap len: 2935
	Min overlap len: 1459
	Inner reads: 0
	Length: 13250
[2026-04-13 17:00:08] DEBUG: Inner: 770 covered: 1392 total: 5034
[2026-04-13 17:00:08] DEBUG: Assembled disjointig 14
	With 1 reads
	Start read: +24535f72-4669-4b07-867c-96e1725e02f5
	At position: 1
	leftTip: 1 rightTip: 1
	Suspicious: 0
	Short ext: 0
	Mean extensions: 0
	Avg overlap len: 0
	Min overlap len: 0
	Inner reads: 0
	Length: 2734
[2026-04-13 17:00:08] DEBUG: Inner: 774 covered: 1414 total: 5034
[2026-04-13 17:00:08] DEBUG: Assembled disjointig 15
	With 1 reads
	Start read: +eed6e36d-97c8-4498-adbf-c761668ef679
	At position: 1
	leftTip: 1 rightTip: 1
	Suspicious: 0
	Short ext: 0
	Mean extensions: 2
	Avg overlap len: 0
	Min overlap len: 0
	Inner reads: 0
	Length: 2701
[2026-04-13 17:00:08] DEBUG: Inner: 782 covered: 1538 total: 5034
[2026-04-13 17:00:08] DEBUG: Assembled disjointig 16
	With 4 reads
	Start read: +27b8b2f1-96ee-42a3-803f-b10d8b7012cd
	At position: 3
	leftTip: 0 rightTip: 0
	Suspicious: 0
	Short ext: 0
	Mean extensions: 1
	Avg overlap len: 1677
	Min overlap len: 1023
	Inner reads: 0
	Length: 13630
[2026-04-13 17:00:08] DEBUG: Inner: 788 covered: 1606 total: 5034
[2026-04-13 17:00:08] DEBUG: Assembled disjointig 17
	With 3 reads
	Start read: +bb8935b6-d1f8-4dd7-bd6d-60a6d99083c1
	At position: 2
	leftTip: 0 rightTip: 0
	Suspicious: 0
	Short ext: 0
	Mean extensions: 1
	Avg overlap len: 1144
	Min overlap len: 1065
	Inner reads: 0
	Length: 6522
[2026-04-13 17:00:08] DEBUG: Inner: 790 covered: 1642 total: 5034
[2026-04-13 17:00:09] DEBUG: Assembled disjointig 18
	With 2 reads
	Start read: +d14fffdf-d867-4f01-b8ba-0af2f2eb7da7
	At position: 2
	leftTip: 0 rightTip: 1
	Suspicious: 0
	Short ext: 0
	Mean extensions: 2
	Avg overlap len: 1398
	Min overlap len: 1398
	Inner reads: 0
	Length: 8925
[2026-04-13 17:00:09] DEBUG: Inner: 794 covered: 1790 total: 5034
[2026-04-13 17:00:09] DEBUG: Assembled disjointig 19
	With 4 reads
	Start read: +77f2a9b7-1ac6-419d-889c-535e007c1339
	At position: 3
	leftTip: 0 rightTip: 0
	Suspicious: 0
	Short ext: 0
	Mean extensions: 2
	Avg overlap len: 1627
	Min overlap len: 1436
	Inner reads: 0
	Length: 9345
[2026-04-13 17:00:09] DEBUG: Inner: 876 covered: 1894 total: 5034
[2026-04-13 17:00:10] DEBUG: Assembled disjointig 20
	With 2 reads
	Start read: +f5683cdf-168d-4be7-9947-710802c2e9b8
	At position: 2
	leftTip: 1 rightTip: 1
	Suspicious: 1
	Short ext: 0
	Mean extensions: 0
	Avg overlap len: 1457
	Min overlap len: 1457
	Inner reads: 0
	Length: 5297
[2026-04-13 17:00:10] DEBUG: Inner: 884 covered: 2290 total: 5034
[2026-04-13 17:00:10] DEBUG: Assembled disjointig 21
	With 1 reads
	Start read: +acc6fa7f-5493-4e15-8aeb-d1efb14621d0
	At position: 1
	leftTip: 1 rightTip: 1
	Suspicious: 0
	Short ext: 0
	Mean extensions: 0
	Avg overlap len: 0
	Min overlap len: 0
	Inner reads: 0
	Length: 3000
[2026-04-13 17:00:10] DEBUG: Inner: 888 covered: 2402 total: 5034
[2026-04-13 17:00:10] DEBUG: Assembled disjointig 22
	With 2 reads
	Start read: +d4b75d00-56db-4ea7-a00a-18fc1acc2045
	At position: 1
	leftTip: 1 rightTip: 1
	Suspicious: 1
	Short ext: 0
	Mean extensions: 0
	Avg overlap len: 2503
	Min overlap len: 2503
	Inner reads: 0
	Length: 5827
[2026-04-13 17:00:10] DEBUG: Inner: 920 covered: 2558 total: 5034
[2026-04-13 17:00:10] DEBUG: Assembled disjointig 23
	With 1 reads
	Start read: +ab5baeb7-25c7-45a3-a887-98e9c5190718
	At position: 1
	leftTip: 1 rightTip: 1
	Suspicious: 0
	Short ext: 0
	Mean extensions: 0
	Avg overlap len: 0
	Min overlap len: 0
	Inner reads: 0
	Length: 3649
[2026-04-13 17:00:10] DEBUG: Inner: 958 covered: 3014 total: 5034
[2026-04-13 17:00:11] DEBUG: Assembled disjointig 24
	With 1 reads
	Start read: +88587e12-adff-44f4-ae88-4d30600ce49a
	At position: 1
	leftTip: 1 rightTip: 1
	Suspicious: 0
	Short ext: 0
	Mean extensions: 2
	Avg overlap len: 0
	Min overlap len: 0
	Inner reads: 0
	Length: 3191
[2026-04-13 17:00:11] DEBUG: Inner: 960 covered: 3170 total: 5034
[2026-04-13 17:00:11] DEBUG: Assembled disjointig 25
	With 1 reads
	Start read: +83e91eab-2c0d-4f24-8a17-213458194042
	At position: 1
	leftTip: 1 rightTip: 1
	Suspicious: 0
	Short ext: 0
	Mean extensions: 0
	Avg overlap len: 0
	Min overlap len: 0
	Inner reads: 0
	Length: 2632
[2026-04-13 17:00:11] DEBUG: Inner: 962 covered: 3278 total: 5034
[2026-04-13 17:00:11] DEBUG: Assembled disjointig 26
	With 2 reads
	Start read: +ee8c9c7a-15b3-48da-b5ed-41d8bccb59e6
	At position: 2
	leftTip: 0 rightTip: 1
	Suspicious: 0
	Short ext: 0
	Mean extensions: 1
	Avg overlap len: 1287
	Min overlap len: 1287
	Inner reads: 0
	Length: 5213
[2026-04-13 17:00:11] DEBUG: Inner: 968 covered: 3664 total: 5034
[2026-04-13 17:00:11] DEBUG: Assembled disjointig 27
	With 1 reads
	Start read: +e3d65f65-9a44-4e61-acff-758da24709ac
	At position: 1
	leftTip: 1 rightTip: 1
	Suspicious: 0
	Short ext: 0
	Mean extensions: 0
	Avg overlap len: 0
	Min overlap len: 0
	Inner reads: 0
	Length: 2384
[2026-04-13 17:00:11] DEBUG: Inner: 972 covered: 3762 total: 5034
[2026-04-13 17:00:11] DEBUG: Assembled disjointig 28
	With 1 reads
	Start read: +457532cd-4251-4610-899b-8f85cda9e387
	At position: 1
	leftTip: 1 rightTip: 1
	Suspicious: 0
	Short ext: 0
	Mean extensions: 0
	Avg overlap len: 0
	Min overlap len: 0
	Inner reads: 0
	Length: 2540
[2026-04-13 17:00:11] DEBUG: Inner: 982 covered: 3886 total: 5034
[2026-04-13 17:00:11] DEBUG: Assembled disjointig 29
	With 2 reads
	Start read: +36329220-7ece-4700-b311-0b422023c54d
	At position: 2
	leftTip: 1 rightTip: 1
	Suspicious: 1
	Short ext: 0
	Mean extensions: 0
	Avg overlap len: 1563
	Min overlap len: 1563
	Inner reads: 0
	Length: 4162
[2026-04-13 17:00:11] DEBUG: Inner: 1008 covered: 3909 total: 5034
[2026-04-13 17:00:11] DEBUG: Assembled disjointig 30
	With 4 reads
	Start read: +e6b04b80-c769-4b7d-a840-157f96f7779c
	At position: 3
	leftTip: 0 rightTip: 0
	Suspicious: 3
	Short ext: 0
	Mean extensions: 1
	Avg overlap len: 1308
	Min overlap len: 1198
	Inner reads: 0
	Length: 13675
[2026-04-13 17:00:11] DEBUG: Inner: 1024 covered: 4372 total: 5034
[2026-04-13 17:00:12] DEBUG: Assembled disjointig 31
	With 1 reads
	Start read: +2cd18eea-6a62-4ccb-ab27-60f1866fbe84
	At position: 1
	leftTip: 1 rightTip: 1
	Suspicious: 0
	Short ext: 0
	Mean extensions: 0
	Avg overlap len: 0
	Min overlap len: 0
	Inner reads: 0
	Length: 2234
[2026-04-13 17:00:12] DEBUG: Inner: 1030 covered: 5028 total: 5034
[2026-04-13 17:00:16] DEBUG: Assembled disjointig 32
	With 1 reads
	Start read: +94257e35-10fa-43dc-95b7-01fd79a288d3
	At position: 1
	leftTip: 1 rightTip: 1
	Suspicious: 0
	Short ext: 0
	Mean extensions: 0
	Avg overlap len: 0
	Min overlap len: 0
	Inner reads: 0
	Length: 2757
[2026-04-13 17:00:16] DEBUG: Inner: 1036 covered: 5034 total: 5034
[2026-04-13 17:00:16] INFO: Assembled 32 disjointigs
[2026-04-13 17:00:16] INFO: Generating sequence
[2026-04-13 17:00:16] DEBUG: Building positional index
[2026-04-13 17:00:16] DEBUG: Total sequence: 155869 bp
[2026-04-13 17:00:16] DEBUG: Mean k-mer frequency: 3.00761
[2026-04-13 17:00:16] DEBUG: Repetitive k-mer frequency: 300
[2026-04-13 17:00:16] DEBUG: Filtered 0 repetitive k-mers (0)
[2026-04-13 17:00:16] DEBUG: Sorting k-mer index
[2026-04-13 17:00:16] DEBUG: Selected k-mers: 51643
[2026-04-13 17:00:16] DEBUG: K-mer index size: 155325
[2026-04-13 17:00:16] DEBUG: Mean k-mer frequency: 3.00767
[2026-04-13 17:00:16] DEBUG: Minimizer rate: 1.0035
[2026-04-13 17:00:16] INFO: Filtering contained disjointigs
[2026-04-13 17:00:23] DEBUG: Computing transitive closure for overlaps
[2026-04-13 17:00:23] DEBUG: Found 198 overlaps
[2026-04-13 17:00:23] DEBUG: Left 124 overlaps after filtering
[2026-04-13 17:00:23] INFO: Contained seqs: 14
[2026-04-13 17:00:23] DEBUG: Writing FASTA
[2026-04-13 17:00:23] DEBUG: Peak RAM usage: 8 Gb
-----------End assembly log------------
[2026-04-13 17:00:23] root: DEBUG: Disjointigs length: 107346, N50: 8449
[2026-04-13 17:00:23] root: INFO: >>>STAGE: consensus
[2026-04-13 17:00:23] root: INFO: Running Minimap2
[2026-04-13 17:00:36] root: INFO: Computing consensus
[2026-04-13 17:00:38] root: INFO: Alignment error rate: 0.216158
[2026-04-13 17:00:38] root: INFO: >>>STAGE: repeat
[2026-04-13 17:00:38] root: INFO: Building and resolving repeat graph
[2026-04-13 17:00:38] root: DEBUG: -----Begin repeat analyser log------
[2026-04-13 17:00:38] root: DEBUG: Running: flye-modules repeat --disjointigs /scratch/noe/sugarcane_projet/results/4_assembly/Barcode82_unmapped.fastq/10-consensus/consensus.fasta --reads /scratch/noe/sugarcane_projet/results/2_mapping/Barcode82_unmapped.fastq --out-dir /scratch/noe/sugarcane_projet/results/4_assembly/Barcode82_unmapped.fastq/20-repeat --config /usr/local/lib/python3.10/dist-packages/flye/config/bin_cfg/asm_raw_reads.cfg --log /scratch/noe/sugarcane_projet/results/4_assembly/Barcode82_unmapped.fastq/flye.log --threads 4 --min-ovlp 1000
[2026-04-13 17:00:38] DEBUG: Build date: Dec  3 2025 16:34:21
[2026-04-13 17:00:38] DEBUG: Total RAM: 251 Gb
[2026-04-13 17:00:38] DEBUG: Available RAM: 235 Gb
[2026-04-13 17:00:38] DEBUG: Total CPUs: 32
[2026-04-13 17:00:38] DEBUG: Loading /usr/local/lib/python3.10/dist-packages/flye/config/bin_cfg/asm_raw_reads.cfg
[2026-04-13 17:00:38] DEBUG: Loading /usr/local/lib/python3.10/dist-packages/flye/config/bin_cfg/asm_defaults.cfg
[2026-04-13 17:00:38] DEBUG: 	big_genome_threshold=29000000
[2026-04-13 17:00:38] DEBUG: 	meta_read_filter_kmer_freq=100
[2026-04-13 17:00:38] DEBUG: 	chain_large_gap_penalty=2
[2026-04-13 17:00:38] DEBUG: 	chain_small_gap_penalty=0.5
[2026-04-13 17:00:38] DEBUG: 	chain_gap_jump_threshold=100
[2026-04-13 17:00:38] DEBUG: 	max_jump_gap=500
[2026-04-13 17:00:38] DEBUG: 	max_coverage_drop_rate=5
[2026-04-13 17:00:38] DEBUG: 	max_extensions_drop_rate=5
[2026-04-13 17:00:38] DEBUG: 	chimera_window=100
[2026-04-13 17:00:38] DEBUG: 	chimera_overhang=1000
[2026-04-13 17:00:38] DEBUG: 	min_reads_in_disjointig=4
[2026-04-13 17:00:38] DEBUG: 	max_inner_reads=10
[2026-04-13 17:00:38] DEBUG: 	max_inner_fraction=0.25
[2026-04-13 17:00:38] DEBUG: 	aggressive_dup_filter=1
[2026-04-13 17:00:38] DEBUG: 	max_separation=500
[2026-04-13 17:00:38] DEBUG: 	unique_edge_length=50000
[2026-04-13 17:00:38] DEBUG: 	min_repeat_res_support=0.51
[2026-04-13 17:00:38] DEBUG: 	out_paths_ratio=5
[2026-04-13 17:00:38] DEBUG: 	graph_cov_drop_rate=5
[2026-04-13 17:00:38] DEBUG: 	coverage_estimate_window=100
[2026-04-13 17:00:38] DEBUG: 	max_bubble_length=50000
[2026-04-13 17:00:38] DEBUG: 	loop_coverage_rate=1.5
[2026-04-13 17:00:38] DEBUG: 	repeat_edge_cov_mult=1.75
[2026-04-13 17:00:38] DEBUG: 	weak_detach_rate=5
[2026-04-13 17:00:38] DEBUG: 	tip_coverage_rate=2
[2026-04-13 17:00:38] DEBUG: 	tip_length_rate=2
[2026-04-13 17:00:38] DEBUG: 	output_gfa_before_rr=1
[2026-04-13 17:00:38] DEBUG: 	remove_alt_edges=0
[2026-04-13 17:00:38] DEBUG: 	low_cutoff_warning=1
[2026-04-13 17:00:38] DEBUG: 	kmer_size=17
[2026-04-13 17:00:38] DEBUG: 	use_minimizers=0
[2026-04-13 17:00:38] DEBUG: 	reads_base_alignment=0
[2026-04-13 17:00:38] DEBUG: 	meta_read_top_kmer_rate=0.40
[2026-04-13 17:00:38] DEBUG: 	maximum_jump=1500
[2026-04-13 17:00:38] DEBUG: 	maximum_overhang=1500
[2026-04-13 17:00:38] DEBUG: 	repeat_kmer_rate=100
[2026-04-13 17:00:38] DEBUG: 	assemble_ovlp_divergence=0.10
[2026-04-13 17:00:38] DEBUG: 	assemble_divergence_relative=1
[2026-04-13 17:00:38] DEBUG: 	repeat_graph_ovlp_divergence=0.08
[2026-04-13 17:00:38] DEBUG: 	read_align_ovlp_divergence=0.25
[2026-04-13 17:00:38] DEBUG: 	hpc_scoring_on=0
[2026-04-13 17:00:38] DEBUG: 	add_unassembled_reads=0
[2026-04-13 17:00:38] DEBUG: 	extend_contigs_with_repeats=0
[2026-04-13 17:00:38] DEBUG: 	min_read_cov_cutoff=3
[2026-04-13 17:00:38] DEBUG: 	short_tip_length=20000
[2026-04-13 17:00:38] DEBUG: 	long_tip_length=100000
[2026-04-13 17:00:38] DEBUG: Running with k-mer size: 17
[2026-04-13 17:00:38] DEBUG: Selected minimum overlap 1000
[2026-04-13 17:00:38] DEBUG: Metagenome mode: N
[2026-04-13 17:00:38] INFO: Parsing disjointigs
[2026-04-13 17:00:38] DEBUG: Building positional index
[2026-04-13 17:00:38] DEBUG: Total sequence: 94895 bp
[2026-04-13 17:00:38] INFO: Building repeat graph
[2026-04-13 17:00:38] DEBUG: Mean k-mer frequency: 1.90048
[2026-04-13 17:00:38] DEBUG: Repetitive k-mer frequency: 190
[2026-04-13 17:00:38] DEBUG: Filtered 0 repetitive k-mers (0)
[2026-04-13 17:00:38] DEBUG: Sorting k-mer index
[2026-04-13 17:00:38] DEBUG: Selected k-mers: 49770
[2026-04-13 17:00:38] DEBUG: K-mer index size: 94589
[2026-04-13 17:00:38] DEBUG: Mean k-mer frequency: 1.90052
[2026-04-13 17:00:38] DEBUG: Minimizer rate: 1.00324
[2026-04-13 17:00:39] DEBUG: Computing transitive closure for overlaps
[2026-04-13 17:00:39] DEBUG: Found 64 overlaps
[2026-04-13 17:00:39] DEBUG: Left 24 overlaps after filtering
[2026-04-13 17:00:39] INFO: Median overlap divergence: 0.275767
[2026-04-13 17:00:39] DEBUG: Sequence divergence distribution: 

    |                |                                                  *                   *            
    |                |                                                  *                   *            
    |                |                                                  *                   *            
    |                |                                                  *                   *            
    |                |                                                  *                   *            
    |                |                                                  *                   *            
    |                |                                                  *                   *            
    |                |                                                  *                   *            
    |                |                                                  *                   *            
    |                |                                                  *                   *            
    | *   * *        |                       *        *  * **           *      *        *   *            
    | *   * *        |                       *        *  * **           *      *        *   *            
    | *   * *        |                       *        *  * **           *      *        *   *            
    | *   * *        |                       *        *  * **           *      *        *   *            
    | *   * *        |                       *        *  * **           *      *        *   *            
    | *   * *        |                       *        *  * **           *      *        *   *            
    | *   * *        |                       *        *  * **           *      *        *   *            
    | *   * *        |                       *        *  * **           *      *        *   *            
    | *   * *        |                       *        *  * **           *      *        *   *            
    | *   * *        |                       *        *  * **           *      *        *   *            
    ----------------------------------------------------------------------------------------------------
    0%        5%        10%       15%       20%       25%       30%       35%       40%       45%       

    Q25 = 0.2, Q50 = 0.28, Q75 = 0.37

[2026-04-13 17:00:39] DEBUG: Computing gluepoints
[2026-04-13 17:00:39] DEBUG: Added 0 gluepoint projections
[2026-04-13 17:00:39] DEBUG: Created 108 gluepoints
[2026-04-13 17:00:39] DEBUG: Artificial loops removed: 0 left, 0 right, 0 both
[2026-04-13 17:00:39] DEBUG: Initializing edges
[2026-04-13 17:00:39] DEBUG: Edges length checksum: 493837052
[2026-04-13 17:00:39] DEBUG: Filtered 0 singleton segments
[2026-04-13 17:00:39] DEBUG: Removed 0 simple and 0 double chimeric junctions
[2026-04-13 17:00:39] DEBUG: Collapsed 1 edges
[2026-04-13 17:00:39] DEBUG: *	1	+disjointig_10	0	6667	6667	
[2026-04-13 17:00:39] DEBUG: *	2	+disjointig_12	0	4123	4123	
[2026-04-13 17:00:39] DEBUG:  	3	+disjointig_13	9	645	636	
[2026-04-13 17:00:39] DEBUG:  	4	+disjointig_13	645	1440	795	
[2026-04-13 17:00:39] DEBUG:  	3	+disjointig_13	1440	2052	612	
[2026-04-13 17:00:39] DEBUG:  	4	+disjointig_13	2052	2972	920	
[2026-04-13 17:00:39] DEBUG:  	3	+disjointig_13	2972	3505	533	
[2026-04-13 17:00:39] DEBUG:  	4	+disjointig_13	3505	4403	898	
[2026-04-13 17:00:39] DEBUG:  	3	+disjointig_13	4403	4917	514	
[2026-04-13 17:00:39] DEBUG:  	4	+disjointig_13	4917	5733	816	
[2026-04-13 17:00:39] DEBUG:  	3	+disjointig_13	5733	6327	594	
[2026-04-13 17:00:39] DEBUG:  	4	+disjointig_13	6327	7266	939	
[2026-04-13 17:00:39] DEBUG: *	5	+disjointig_13	7266	8749	1483	
[2026-04-13 17:00:39] DEBUG:  	-4	+disjointig_13	8749	9672	923	
[2026-04-13 17:00:39] DEBUG:  	-3	+disjointig_13	9672	10262	590	
[2026-04-13 17:00:39] DEBUG:  	-4	+disjointig_13	10262	11062	800	
[2026-04-13 17:00:39] DEBUG:  	-3	+disjointig_13	11062	11698	636	
[2026-04-13 17:00:39] DEBUG:  	-4	+disjointig_13	11698	12514	816	
[2026-04-13 17:00:39] DEBUG: *	6	+disjointig_14	0	2690	2690	
[2026-04-13 17:00:39] DEBUG: *	7	+disjointig_16	0	9982	9982	
[2026-04-13 17:00:39] DEBUG: *	8	+disjointig_18	0	1453	1453	
[2026-04-13 17:00:39] DEBUG: *	9	+disjointig_19	0	5435	5435	
[2026-04-13 17:00:39] DEBUG: *	10	+disjointig_20	0	5282	5282	
[2026-04-13 17:00:39] DEBUG: *	11	+disjointig_22	0	4414	4414	
[2026-04-13 17:00:39] DEBUG: *	12	+disjointig_24	0	2614	2614	
[2026-04-13 17:00:39] DEBUG: *	13	+disjointig_26	0	1564	1564	
[2026-04-13 17:00:39] DEBUG: *	14	+disjointig_27	0	2370	2370	
[2026-04-13 17:00:39] DEBUG: *	15	+disjointig_30	0	1702	1702	
[2026-04-13 17:00:39] DEBUG: *	23	+disjointig_30	1702	4374	2672	
[2026-04-13 17:00:39] DEBUG: *	18	+disjointig_31	0	2136	2136	
[2026-04-13 17:00:39] DEBUG: *	19	+disjointig_4	0	8221	8221	
[2026-04-13 17:00:39] DEBUG: *	20	+disjointig_5	0	3260	3260	
[2026-04-13 17:00:39] DEBUG: *	21	+disjointig_8	0	5788	5788	
[2026-04-13 17:00:39] DEBUG: *	22	+disjointig_9	0	9702	9702	
[2026-04-13 17:00:39] DEBUG: Total edges: 23
[2026-04-13 17:00:39] INFO: Parsing reads
[2026-04-13 17:00:39] DEBUG: Building positional index
[2026-04-13 17:00:39] DEBUG: Total sequence: 8774706 bp
[2026-04-13 17:00:39] DEBUG: Building positional index
[2026-04-13 17:00:39] DEBUG: Total sequence: 92580 bp
[2026-04-13 17:00:39] INFO: Aligning reads to the graph
[2026-04-13 17:00:39] DEBUG: Mean k-mer frequency: 1.86032
[2026-04-13 17:00:39] DEBUG: Repetitive k-mer frequency: 186
[2026-04-13 17:00:39] DEBUG: Filtered 0 repetitive k-mers (0)
[2026-04-13 17:00:39] DEBUG: Sorting k-mer index
[2026-04-13 17:00:39] DEBUG: Selected k-mers: 49454
[2026-04-13 17:00:39] DEBUG: K-mer index size: 92002
[2026-04-13 17:00:39] DEBUG: Mean k-mer frequency: 1.86036
[2026-04-13 17:00:39] DEBUG: Minimizer rate: 1.00628
[2026-04-13 17:00:53] DEBUG: Total reads : 2517
[2026-04-13 17:00:53] DEBUG: Read with aligned parts : 1317
[2026-04-13 17:00:53] DEBUG: Aligned in one piece : 1252
[2026-04-13 17:00:53] INFO: Aligned read sequence: 2342267 / 5286226 (0.443089)
[2026-04-13 17:00:53] INFO: Median overlap divergence: 0.112891
[2026-04-13 17:00:53] DEBUG: Sequence divergence distribution: 

    |                     **  *                        |                                                 
    |                     *** *                        |                                                 
    |                   * *** *                        |                                                 
    |                   * *****                        |                                                 
    |                *  * ***** **                     |                                                 
    |                **** ***** **                     |                                                 
    |                *************                     |                                                 
    |                *************                     |                                                 
    |               **************                     |                                                 
    |              ***************                     |                                                 
    |              ****************                    |                                                 
    |              ****************                    |                                                 
    |              ****************                    |                                                 
    |            *******************                   |                                                 
    |          *********************                   |                                                 
    |          **********************                  |                                                 
    |         *********************** *                |      *                                          
    |         *************************                |      *                                          
    |  **   *****************************  *          *|  * *****  *                                     
    | ********************************************* ***************** ********* * *                      
    ----------------------------------------------------------------------------------------------------
    0%        5%        10%       15%       20%       25%       30%       35%       40%       45%       

    Q25 = 0.088, Q50 = 0.11, Q75 = 0.14

[2026-04-13 17:00:53] INFO: Mean edge coverage: 27
[2026-04-13 17:00:53] DEBUG: 1	len:6667	cov:32	mult:1.18519
[2026-04-13 17:00:53] DEBUG: -1	len:6667	cov:32	mult:1.18519
[2026-04-13 17:00:53] DEBUG: 2	len:4123	cov:3	mult:0.111111
[2026-04-13 17:00:53] DEBUG: -2	len:4123	cov:3	mult:0.111111
[2026-04-13 17:00:53] DEBUG: 3	len:587	cov:23	mult:0.851852
[2026-04-13 17:00:53] DEBUG: -3	len:587	cov:23	mult:0.851852
[2026-04-13 17:00:53] DEBUG: 4	len:863	cov:23	mult:0.851852
[2026-04-13 17:00:53] DEBUG: -4	len:863	cov:23	mult:0.851852
[2026-04-13 17:00:53] DEBUG: 5	len:1483	cov:16	mult:0.592593
[2026-04-13 17:00:53] DEBUG: -5	len:1483	cov:16	mult:0.592593
[2026-04-13 17:00:53] DEBUG: 6	len:2690	cov:2	mult:0.0740741
[2026-04-13 17:00:53] DEBUG: -6	len:2690	cov:2	mult:0.0740741
[2026-04-13 17:00:53] DEBUG: 7	len:9982	cov:2	mult:0.0740741
[2026-04-13 17:00:53] DEBUG: -7	len:9982	cov:2	mult:0.0740741
[2026-04-13 17:00:53] DEBUG: 8	len:1453	cov:5	mult:0.185185
[2026-04-13 17:00:53] DEBUG: -8	len:1453	cov:5	mult:0.185185
[2026-04-13 17:00:53] DEBUG: 9	len:5435	cov:12	mult:0.444444
[2026-04-13 17:00:53] DEBUG: -9	len:5435	cov:12	mult:0.444444
[2026-04-13 17:00:53] DEBUG: 10	len:5282	cov:1	mult:0.037037
[2026-04-13 17:00:53] DEBUG: -10	len:5282	cov:1	mult:0.037037
[2026-04-13 17:00:53] DEBUG: 11	len:4414	cov:4	mult:0.148148
[2026-04-13 17:00:53] DEBUG: -11	len:4414	cov:4	mult:0.148148
[2026-04-13 17:00:53] DEBUG: 12	len:2614	cov:3	mult:0.111111
[2026-04-13 17:00:53] DEBUG: -12	len:2614	cov:3	mult:0.111111
[2026-04-13 17:00:53] DEBUG: 13	len:1564	cov:3	mult:0.111111
[2026-04-13 17:00:53] DEBUG: -13	len:1564	cov:3	mult:0.111111
[2026-04-13 17:00:53] DEBUG: 14	len:2370	cov:2	mult:0.0740741
[2026-04-13 17:00:53] DEBUG: -14	len:2370	cov:2	mult:0.0740741
[2026-04-13 17:00:53] DEBUG: 15	len:1702	cov:4	mult:0.148148
[2026-04-13 17:00:53] DEBUG: -15	len:1702	cov:4	mult:0.148148
[2026-04-13 17:00:53] DEBUG: 18	len:2136	cov:9	mult:0.333333
[2026-04-13 17:00:53] DEBUG: -18	len:2136	cov:9	mult:0.333333
[2026-04-13 17:00:53] DEBUG: 19	len:8221	cov:1	mult:0.037037
[2026-04-13 17:00:53] DEBUG: -19	len:8221	cov:1	mult:0.037037
[2026-04-13 17:00:53] DEBUG: 20	len:3260	cov:2	mult:0.0740741
[2026-04-13 17:00:53] DEBUG: -20	len:3260	cov:2	mult:0.0740741
[2026-04-13 17:00:53] DEBUG: 21	len:5788	cov:32	mult:1.18519
[2026-04-13 17:00:53] DEBUG: -21	len:5788	cov:32	mult:1.18519
[2026-04-13 17:00:53] DEBUG: 22	len:9702	cov:9	mult:0.333333
[2026-04-13 17:00:53] DEBUG: -22	len:9702	cov:9	mult:0.333333
[2026-04-13 17:00:53] DEBUG: 23	len:2672	cov:8	mult:0.296296
[2026-04-13 17:00:53] DEBUG: -23	len:2672	cov:8	mult:0.296296
[2026-04-13 17:00:53] DEBUG: Unique coverage threshold 56
[2026-04-13 17:00:53] INFO: Simplifying the graph
[2026-04-13 17:00:53] DEBUG: Read coverage cutoff: 5
[2026-04-13 17:00:53] DEBUG: [SIMPL] Removed 10 paths with low coverage
[2026-04-13 17:00:53] DEBUG: [SIMPL] Masked 0 heterozygous loops
[2026-04-13 17:00:53] DEBUG: [SIMPL] Masked 0 simple bubbles
[2026-04-13 17:00:53] DEBUG: Finding repeats
[2026-04-13 17:00:53] DEBUG: Read coverage cutoff: 5
[2026-04-13 17:00:53] DEBUG: Low-coverage: 15 4
[2026-04-13 17:00:53] DEBUG: Short-loop: 3
[2026-04-13 17:00:53] DEBUG: Short-loop: 4
[2026-04-13 17:00:53] DEBUG: Short-loop: 23
[2026-04-13 17:00:53] DEBUG: Repeat detection iteration 1
[2026-04-13 17:00:53] DEBUG: Writing Dot
[2026-04-13 17:00:53] DEBUG: Writing FASTA
[2026-04-13 17:00:53] DEBUG: Writing Gfa
[2026-04-13 17:00:53] DEBUG: [SIMPL] == Iteration 1 ==
[2026-04-13 17:00:53] DEBUG: Splitting nodes
[2026-04-13 17:00:53] DEBUG: [SIMPL] Split 1 nodes
[2026-04-13 17:00:53] DEBUG: Tip -15 len:1702 cov:4
[2026-04-13 17:00:53] DEBUG: [SIMPL] Clipped 1 short and 0 long tips
[2026-04-13 17:00:53] DEBUG: [SIMPL] Masked 0 heterozygous loops
[2026-04-13 17:00:53] DEBUG: [SIMPL] Masked 0 simple bubbles
[2026-04-13 17:00:53] DEBUG: Finding repeats
[2026-04-13 17:00:53] DEBUG: Read coverage cutoff: 5
[2026-04-13 17:00:53] DEBUG: Low-coverage: 15 4
[2026-04-13 17:00:53] DEBUG: Tandem: 3
[2026-04-13 17:00:53] DEBUG: Tandem: 4
[2026-04-13 17:00:53] DEBUG: Short-loop: 23
[2026-04-13 17:00:53] DEBUG: Repeat detection iteration 1
[2026-04-13 17:00:53] DEBUG: Total unique edges: 7
[2026-04-13 17:00:53] DEBUG: [SIMPL] Resolved repeats: 0
[2026-04-13 17:00:53] DEBUG: RR links: 0
[2026-04-13 17:00:53] DEBUG: Unresolved: 0
[2026-04-13 17:00:53] DEBUG: Removed 0 simple and 0 double chimeric junctions
[2026-04-13 17:00:53] DEBUG: [SIMPL] == Iteration 2 ==
[2026-04-13 17:00:53] DEBUG: Splitting nodes
[2026-04-13 17:00:53] DEBUG: [SIMPL] Split 0 nodes
[2026-04-13 17:00:53] DEBUG: [SIMPL] Clipped 0 short and 0 long tips
[2026-04-13 17:00:53] DEBUG: [SIMPL] Masked 0 heterozygous loops
[2026-04-13 17:00:53] DEBUG: [SIMPL] Masked 0 simple bubbles
[2026-04-13 17:00:53] DEBUG: Finding repeats
[2026-04-13 17:00:53] DEBUG: Read coverage cutoff: 5
[2026-04-13 17:00:53] DEBUG: Low-coverage: 15 4
[2026-04-13 17:00:53] DEBUG: Tandem: 3
[2026-04-13 17:00:53] DEBUG: Tandem: 4
[2026-04-13 17:00:53] DEBUG: Short-loop: 23
[2026-04-13 17:00:53] DEBUG: Repeat detection iteration 1
[2026-04-13 17:00:53] DEBUG: Total unique edges: 7
[2026-04-13 17:00:53] DEBUG: [SIMPL] Resolved repeats: 0
[2026-04-13 17:00:53] DEBUG: RR links: 0
[2026-04-13 17:00:53] DEBUG: Unresolved: 0
[2026-04-13 17:00:53] DEBUG: Removed 0 simple and 0 double chimeric junctions
[2026-04-13 17:00:53] DEBUG: [SIMPL] Collapsed 0 haplotypes
[2026-04-13 17:00:53] DEBUG: [SIMPL] Resolved 0 simple repeats
[2026-04-13 17:00:53] DEBUG: Read coverage cutoff: 5
[2026-04-13 17:00:53] DEBUG: [SIMPL] Removed 1 paths with low coverage
[2026-04-13 17:00:53] DEBUG: Finding repeats
[2026-04-13 17:00:53] DEBUG: Read coverage cutoff: 5
[2026-04-13 17:00:53] DEBUG: Tandem: 3
[2026-04-13 17:00:53] DEBUG: Tandem: 4
[2026-04-13 17:00:53] DEBUG: Short-loop: 23
[2026-04-13 17:00:53] DEBUG: Repeat detection iteration 1
[2026-04-13 17:00:53] DEBUG: Writing Dot
[2026-04-13 17:00:53] DEBUG: Writing FASTA
[2026-04-13 17:00:53] DEBUG: Peak RAM usage: 0 Gb
-----------End assembly log------------
[2026-04-13 17:00:53] root: INFO: >>>STAGE: contigger
[2026-04-13 17:00:53] root: INFO: Generating contigs
[2026-04-13 17:00:53] root: DEBUG: -----Begin contigger analyser log------
[2026-04-13 17:00:53] root: DEBUG: Running: flye-modules contigger --graph-edges /scratch/noe/sugarcane_projet/results/4_assembly/Barcode82_unmapped.fastq/20-repeat/repeat_graph_edges.fasta --reads /scratch/noe/sugarcane_projet/results/2_mapping/Barcode82_unmapped.fastq --out-dir /scratch/noe/sugarcane_projet/results/4_assembly/Barcode82_unmapped.fastq/30-contigger --config /usr/local/lib/python3.10/dist-packages/flye/config/bin_cfg/asm_raw_reads.cfg --repeat-graph /scratch/noe/sugarcane_projet/results/4_assembly/Barcode82_unmapped.fastq/20-repeat/repeat_graph_dump --graph-aln /scratch/noe/sugarcane_projet/results/4_assembly/Barcode82_unmapped.fastq/20-repeat/read_alignment_dump --log /scratch/noe/sugarcane_projet/results/4_assembly/Barcode82_unmapped.fastq/flye.log --threads 4 --min-ovlp 1000
[2026-04-13 17:00:53] DEBUG: Build date: Dec  3 2025 16:34:29
[2026-04-13 17:00:53] DEBUG: Total RAM: 251 Gb
[2026-04-13 17:00:53] DEBUG: Available RAM: 235 Gb
[2026-04-13 17:00:53] DEBUG: Total CPUs: 32
[2026-04-13 17:00:53] DEBUG: Loading /usr/local/lib/python3.10/dist-packages/flye/config/bin_cfg/asm_raw_reads.cfg
[2026-04-13 17:00:53] DEBUG: Loading /usr/local/lib/python3.10/dist-packages/flye/config/bin_cfg/asm_defaults.cfg
[2026-04-13 17:00:53] DEBUG: 	big_genome_threshold=29000000
[2026-04-13 17:00:53] DEBUG: 	meta_read_filter_kmer_freq=100
[2026-04-13 17:00:53] DEBUG: 	chain_large_gap_penalty=2
[2026-04-13 17:00:53] DEBUG: 	chain_small_gap_penalty=0.5
[2026-04-13 17:00:53] DEBUG: 	chain_gap_jump_threshold=100
[2026-04-13 17:00:53] DEBUG: 	max_jump_gap=500
[2026-04-13 17:00:53] DEBUG: 	max_coverage_drop_rate=5
[2026-04-13 17:00:53] DEBUG: 	max_extensions_drop_rate=5
[2026-04-13 17:00:53] DEBUG: 	chimera_window=100
[2026-04-13 17:00:53] DEBUG: 	chimera_overhang=1000
[2026-04-13 17:00:53] DEBUG: 	min_reads_in_disjointig=4
[2026-04-13 17:00:53] DEBUG: 	max_inner_reads=10
[2026-04-13 17:00:53] DEBUG: 	max_inner_fraction=0.25
[2026-04-13 17:00:53] DEBUG: 	aggressive_dup_filter=1
[2026-04-13 17:00:53] DEBUG: 	max_separation=500
[2026-04-13 17:00:53] DEBUG: 	unique_edge_length=50000
[2026-04-13 17:00:53] DEBUG: 	min_repeat_res_support=0.51
[2026-04-13 17:00:53] DEBUG: 	out_paths_ratio=5
[2026-04-13 17:00:53] DEBUG: 	graph_cov_drop_rate=5
[2026-04-13 17:00:53] DEBUG: 	coverage_estimate_window=100
[2026-04-13 17:00:53] DEBUG: 	max_bubble_length=50000
[2026-04-13 17:00:53] DEBUG: 	loop_coverage_rate=1.5
[2026-04-13 17:00:53] DEBUG: 	repeat_edge_cov_mult=1.75
[2026-04-13 17:00:53] DEBUG: 	weak_detach_rate=5
[2026-04-13 17:00:53] DEBUG: 	tip_coverage_rate=2
[2026-04-13 17:00:53] DEBUG: 	tip_length_rate=2
[2026-04-13 17:00:53] DEBUG: 	output_gfa_before_rr=1
[2026-04-13 17:00:53] DEBUG: 	remove_alt_edges=0
[2026-04-13 17:00:53] DEBUG: 	low_cutoff_warning=1
[2026-04-13 17:00:53] DEBUG: 	kmer_size=17
[2026-04-13 17:00:53] DEBUG: 	use_minimizers=0
[2026-04-13 17:00:53] DEBUG: 	reads_base_alignment=0
[2026-04-13 17:00:53] DEBUG: 	meta_read_top_kmer_rate=0.40
[2026-04-13 17:00:53] DEBUG: 	maximum_jump=1500
[2026-04-13 17:00:53] DEBUG: 	maximum_overhang=1500
[2026-04-13 17:00:53] DEBUG: 	repeat_kmer_rate=100
[2026-04-13 17:00:53] DEBUG: 	assemble_ovlp_divergence=0.10
[2026-04-13 17:00:53] DEBUG: 	assemble_divergence_relative=1
[2026-04-13 17:00:53] DEBUG: 	repeat_graph_ovlp_divergence=0.08
[2026-04-13 17:00:53] DEBUG: 	read_align_ovlp_divergence=0.25
[2026-04-13 17:00:53] DEBUG: 	hpc_scoring_on=0
[2026-04-13 17:00:53] DEBUG: 	add_unassembled_reads=0
[2026-04-13 17:00:53] DEBUG: 	extend_contigs_with_repeats=0
[2026-04-13 17:00:53] DEBUG: 	min_read_cov_cutoff=3
[2026-04-13 17:00:53] DEBUG: 	short_tip_length=20000
[2026-04-13 17:00:53] DEBUG: 	long_tip_length=100000
[2026-04-13 17:00:53] DEBUG: Running with k-mer size: 17
[2026-04-13 17:00:53] DEBUG: Selected minimum overlap 1000
[2026-04-13 17:00:53] INFO: Reading sequences
[2026-04-13 17:00:53] DEBUG: Building positional index
[2026-04-13 17:00:53] DEBUG: Total sequence: 8774706 bp
[2026-04-13 17:00:53] DEBUG: Flipped 0
[2026-04-13 17:00:53] DEBUG: UPath 1: 1
[2026-04-13 17:00:53] DEBUG: UPath 2: 3
[2026-04-13 17:00:53] DEBUG: UPath 3: 4
[2026-04-13 17:00:53] DEBUG: UPath 4: 5
[2026-04-13 17:00:53] DEBUG: UPath 5: 8
[2026-04-13 17:00:53] DEBUG: UPath 6: 9
[2026-04-13 17:00:53] DEBUG: UPath 7: 18
[2026-04-13 17:00:53] DEBUG: UPath 8: 21
[2026-04-13 17:00:53] DEBUG: UPath 9: 22
[2026-04-13 17:00:53] DEBUG: UPath 10: 23
[2026-04-13 17:00:53] DEBUG: Final graph contains 10 egdes
[2026-04-13 17:00:53] DEBUG: Extending contigs into repeats
[2026-04-13 17:00:53] DEBUG: Covered 2 repetitive contigs
[2026-04-13 17:00:53] INFO: Generated 8 contigs
[2026-04-13 17:00:53] DEBUG: Writing FASTA
[2026-04-13 17:00:53] DEBUG: Generating scaffold connections
[2026-04-13 17:00:53] INFO: Added 0 scaffold connections
[2026-04-13 17:00:53] DEBUG: Writing Dot
[2026-04-13 17:00:53] DEBUG: Writing FASTA
[2026-04-13 17:00:53] DEBUG: Writing Gfa
[2026-04-13 17:00:53] DEBUG: Peak RAM usage: 0 Gb
-----------End assembly log------------
[2026-04-13 17:00:53] root: INFO: >>>STAGE: polishing
[2026-04-13 17:00:53] root: INFO: Polishing genome (1/1)
[2026-04-13 17:00:53] root: INFO: Running minimap2
[2026-04-13 17:00:58] root: INFO: Separating alignment into bubbles
[2026-04-13 17:00:58] root: DEBUG: Generated 862 bubbles
[2026-04-13 17:00:58] root: DEBUG: Split 16 long bubbles
[2026-04-13 17:00:58] root: DEBUG: Skipped 0 empty bubbles
[2026-04-13 17:00:58] root: DEBUG: Skipped 0 bubbles with long branches
[2026-04-13 17:00:58] root: INFO: Alignment error rate: 0.252103
[2026-04-13 17:00:58] root: INFO: Correcting bubbles
[2026-04-13 17:01:46] root: DEBUG: Mean contig coverage: 25, selected threshold: 5
[2026-04-13 17:01:46] root: DEBUG: Filtered 1 contigs of total length 1450
[2026-04-13 17:01:46] root: DEBUG: Generating polished GFA
[2026-04-13 17:01:47] root: DEBUG: 2 sequences remained unpolished
[2026-04-13 17:01:47] root: INFO: >>>STAGE: finalize
[2026-04-13 17:01:47] root: DEBUG: ---Output dir contents:----
[2026-04-13 17:01:47] root: DEBUG: Barcode82_unmapped.fastq/
[2026-04-13 17:01:47] root: DEBUG:     45.0 K      flye.log
[2026-04-13 17:01:47] root: DEBUG:     92.0 B      params.json
[2026-04-13 17:01:47] root: DEBUG:     2.0 K       assembly_graph.gv
[2026-04-13 17:01:47] root: DEBUG:     38.0 K      assembly_graph.gfa
[2026-04-13 17:01:47] root: DEBUG:     39.0 K      assembly.fasta
[2026-04-13 17:01:47] root: DEBUG:     00-assembly/
[2026-04-13 17:01:47] root: DEBUG:         106.0 K     draft_assembly.fasta
[2026-04-13 17:01:47] root: DEBUG:         553.0 B     draft_assembly.fasta.fai
[2026-04-13 17:01:47] root: DEBUG:     10-consensus/
[2026-04-13 17:01:47] root: DEBUG:         986.0 B     minimap.stderr
[2026-04-13 17:01:47] root: DEBUG:         378.0 B     minimap.bam.csi
[2026-04-13 17:01:47] root: DEBUG:         94.0 K      consensus.fasta
[2026-04-13 17:01:47] root: DEBUG:     20-repeat/
[2026-04-13 17:01:47] root: DEBUG:         2.0 K       graph_before_rr.gv
[2026-04-13 17:01:47] root: DEBUG:         38.0 K      graph_before_rr.fasta
[2026-04-13 17:01:47] root: DEBUG:         37.0 K      graph_before_rr.gfa
[2026-04-13 17:01:47] root: DEBUG:         2.0 K       graph_after_rr.gv
[2026-04-13 17:01:47] root: DEBUG:         3.0 K       repeat_graph_dump
[2026-04-13 17:01:47] root: DEBUG:         371.0 K     read_alignment_dump
[2026-04-13 17:01:47] root: DEBUG:         92.0 K      repeat_graph_edges.fasta
[2026-04-13 17:01:47] root: DEBUG:     30-contigger/
[2026-04-13 17:01:47] root: DEBUG:         42.0 K      contigs.fasta
[2026-04-13 17:01:47] root: DEBUG:         356.0 B     contigs_stats.txt
[2026-04-13 17:01:47] root: DEBUG:         0.0 B       scaffolds_links.txt
[2026-04-13 17:01:47] root: DEBUG:         2.0 K       graph_final.gv
[2026-04-13 17:01:47] root: DEBUG:         36.0 K      graph_final.fasta
[2026-04-13 17:01:47] root: DEBUG:         36.0 K      graph_final.gfa
[2026-04-13 17:01:47] root: DEBUG:         205.0 B     contigs.fasta.fai
[2026-04-13 17:01:47] root: DEBUG:     40-polishing/
[2026-04-13 17:01:47] root: DEBUG:         950.0 B     minimap.stderr
[2026-04-13 17:01:47] root: DEBUG:         217.0 B     minimap_1.bam.csi
[2026-04-13 17:01:47] root: DEBUG:         160.0 B     contigs_stats.txt
[2026-04-13 17:01:47] root: DEBUG:         4.0 K       base_coverage.bed.gz
[2026-04-13 17:01:47] root: DEBUG:         39.0 K      filtered_contigs.fasta
[2026-04-13 17:01:47] root: DEBUG:         144.0 B     filtered_stats.txt
[2026-04-13 17:01:47] root: DEBUG:         178.0 B     filtered_contigs.fasta.fai
[2026-04-13 17:01:47] root: DEBUG:         173.0 B     edges_aln.bam.csi
[2026-04-13 17:01:47] root: DEBUG:         38.0 K      polished_edges.gfa
[2026-04-13 17:01:47] root: DEBUG: --------------------------
[2026-04-13 17:01:47] root: INFO: Assembly statistics:

	Total length:	40105
	Fragments:	7
	Fragments N50:	6265
	Largest frg:	9706
	Scaffolds:	0
	Mean coverage:	25

[2026-04-13 17:01:47] root: INFO: Final assembly: /scratch/noe/sugarcane_projet/results/4_assembly/Barcode82_unmapped.fastq/assembly.fasta
