[2026-04-13 16:42:39] root: INFO: Starting Flye 2.9.6-b1802
[2026-04-13 16:42:39] root: DEBUG: Cmd: /usr/local/bin/flye --nano-raw /scratch/noe/sugarcane_projet/results/2_mapping/Barcode80_unmapped.fastq --threads 4 --out-dir /scratch/noe/sugarcane_projet/results/4_assembly/Barcode80_unmapped.fastq
[2026-04-13 16:42:39] root: DEBUG: Python version: 3.10.12 (main, Nov  4 2025, 08:48:33) [GCC 11.4.0]
[2026-04-13 16:42:39] root: INFO: >>>STAGE: configure
[2026-04-13 16:42:39] root: INFO: Configuring run
[2026-04-13 16:42:39] root: INFO: Total read length: 8327300
[2026-04-13 16:42:39] root: INFO: Reads N50/N90: 2672 / 414
[2026-04-13 16:42:39] root: INFO: Minimum overlap set to 1000
[2026-04-13 16:42:39] root: INFO: >>>STAGE: assembly
[2026-04-13 16:42:39] root: INFO: Assembling disjointigs
[2026-04-13 16:42:39] root: DEBUG: -----Begin assembly log------
[2026-04-13 16:42:39] root: DEBUG: Running: flye-modules assemble --reads /scratch/noe/sugarcane_projet/results/2_mapping/Barcode80_unmapped.fastq --out-asm /scratch/noe/sugarcane_projet/results/4_assembly/Barcode80_unmapped.fastq/00-assembly/draft_assembly.fasta --config /usr/local/lib/python3.10/dist-packages/flye/config/bin_cfg/asm_raw_reads.cfg --log /scratch/noe/sugarcane_projet/results/4_assembly/Barcode80_unmapped.fastq/flye.log --threads 4 --min-ovlp 1000
[2026-04-13 16:42:39] DEBUG: Build date: Dec  3 2025 16:34:13
[2026-04-13 16:42:39] DEBUG: Total RAM: 251 Gb
[2026-04-13 16:42:39] DEBUG: Available RAM: 234 Gb
[2026-04-13 16:42:39] DEBUG: Total CPUs: 32
[2026-04-13 16:42:39] DEBUG: Loading /usr/local/lib/python3.10/dist-packages/flye/config/bin_cfg/asm_raw_reads.cfg
[2026-04-13 16:42:39] DEBUG: Loading /usr/local/lib/python3.10/dist-packages/flye/config/bin_cfg/asm_defaults.cfg
[2026-04-13 16:42:39] DEBUG: 	big_genome_threshold=29000000
[2026-04-13 16:42:39] DEBUG: 	meta_read_filter_kmer_freq=100
[2026-04-13 16:42:39] DEBUG: 	chain_large_gap_penalty=2
[2026-04-13 16:42:39] DEBUG: 	chain_small_gap_penalty=0.5
[2026-04-13 16:42:39] DEBUG: 	chain_gap_jump_threshold=100
[2026-04-13 16:42:39] DEBUG: 	max_jump_gap=500
[2026-04-13 16:42:39] DEBUG: 	max_coverage_drop_rate=5
[2026-04-13 16:42:39] DEBUG: 	max_extensions_drop_rate=5
[2026-04-13 16:42:39] DEBUG: 	chimera_window=100
[2026-04-13 16:42:39] DEBUG: 	chimera_overhang=1000
[2026-04-13 16:42:39] DEBUG: 	min_reads_in_disjointig=4
[2026-04-13 16:42:39] DEBUG: 	max_inner_reads=10
[2026-04-13 16:42:39] DEBUG: 	max_inner_fraction=0.25
[2026-04-13 16:42:39] DEBUG: 	aggressive_dup_filter=1
[2026-04-13 16:42:39] DEBUG: 	max_separation=500
[2026-04-13 16:42:39] DEBUG: 	unique_edge_length=50000
[2026-04-13 16:42:39] DEBUG: 	min_repeat_res_support=0.51
[2026-04-13 16:42:39] DEBUG: 	out_paths_ratio=5
[2026-04-13 16:42:39] DEBUG: 	graph_cov_drop_rate=5
[2026-04-13 16:42:39] DEBUG: 	coverage_estimate_window=100
[2026-04-13 16:42:39] DEBUG: 	max_bubble_length=50000
[2026-04-13 16:42:39] DEBUG: 	loop_coverage_rate=1.5
[2026-04-13 16:42:39] DEBUG: 	repeat_edge_cov_mult=1.75
[2026-04-13 16:42:39] DEBUG: 	weak_detach_rate=5
[2026-04-13 16:42:39] DEBUG: 	tip_coverage_rate=2
[2026-04-13 16:42:39] DEBUG: 	tip_length_rate=2
[2026-04-13 16:42:39] DEBUG: 	output_gfa_before_rr=1
[2026-04-13 16:42:39] DEBUG: 	remove_alt_edges=0
[2026-04-13 16:42:39] DEBUG: 	low_cutoff_warning=1
[2026-04-13 16:42:39] DEBUG: 	kmer_size=17
[2026-04-13 16:42:39] DEBUG: 	use_minimizers=0
[2026-04-13 16:42:39] DEBUG: 	reads_base_alignment=0
[2026-04-13 16:42:39] DEBUG: 	meta_read_top_kmer_rate=0.40
[2026-04-13 16:42:39] DEBUG: 	maximum_jump=1500
[2026-04-13 16:42:39] DEBUG: 	maximum_overhang=1500
[2026-04-13 16:42:39] DEBUG: 	repeat_kmer_rate=100
[2026-04-13 16:42:39] DEBUG: 	assemble_ovlp_divergence=0.10
[2026-04-13 16:42:39] DEBUG: 	assemble_divergence_relative=1
[2026-04-13 16:42:39] DEBUG: 	repeat_graph_ovlp_divergence=0.08
[2026-04-13 16:42:39] DEBUG: 	read_align_ovlp_divergence=0.25
[2026-04-13 16:42:39] DEBUG: 	hpc_scoring_on=0
[2026-04-13 16:42:39] DEBUG: 	add_unassembled_reads=0
[2026-04-13 16:42:39] DEBUG: 	extend_contigs_with_repeats=0
[2026-04-13 16:42:39] DEBUG: 	min_read_cov_cutoff=3
[2026-04-13 16:42:39] DEBUG: 	short_tip_length=20000
[2026-04-13 16:42:39] DEBUG: 	long_tip_length=100000
[2026-04-13 16:42:39] DEBUG: Running with k-mer size: 17
[2026-04-13 16:42:39] DEBUG: Running with minimum overlap 1000
[2026-04-13 16:42:39] DEBUG: Metagenome mode: N
[2026-04-13 16:42:39] DEBUG: Short mode: N
[2026-04-13 16:42:39] INFO: Reading sequences
[2026-04-13 16:42:39] DEBUG: Building positional index
[2026-04-13 16:42:39] DEBUG: Total sequence: 6232272 bp
[2026-04-13 16:42:43] INFO: Counting k-mers:
[2026-04-13 16:42:43] DEBUG: Updating k-mer histogram
[2026-04-13 16:43:49] DEBUG: Hash size: 7720
[2026-04-13 16:43:49] DEBUG: Total k-mers 354902
[2026-04-13 16:43:49] INFO: Filling index table (1/2)
[2026-04-13 16:43:49] DEBUG: Mean k-mer frequency: 227.822
[2026-04-13 16:43:49] DEBUG: Repetitive k-mer frequency: 22782
[2026-04-13 16:43:49] DEBUG: Filtered 1597342 repetitive k-mers (0.737572)
[2026-04-13 16:43:49] INFO: Filling index table (2/2)
[2026-04-13 16:43:50] DEBUG: Sorting k-mer index
[2026-04-13 16:43:50] DEBUG: Selected k-mers: 10473
[2026-04-13 16:43:50] DEBUG: Index size: 412780
[2026-04-13 16:43:50] DEBUG: Mean k-mer index frequency: 39.4137
[2026-04-13 16:43:50] DEBUG: Peak RAM usage: 8 Gb
[2026-04-13 16:43:50] DEBUG: Estimating k-mer identity bias
[2026-04-13 16:44:10] DEBUG: Initial divergence estimate : 0.221588
[2026-04-13 16:44:10] DEBUG: Relative threshold: Y
[2026-04-13 16:44:10] DEBUG: Max divergence threshold set to 0.321588
[2026-04-13 16:44:10] INFO: Extending reads
[2026-04-13 16:44:10] DEBUG: Estimating overlap coverage
[2026-04-13 16:44:54] INFO: Overlap-based coverage: 12
[2026-04-13 16:44:54] INFO: Median overlap divergence: 0.221069
[2026-04-13 16:44:54] DEBUG: Sequence divergence distribution: 

    |                                             *  **              |                                   
    |                                             ** **              |                                   
    |                                             ** **              |                                   
    |            *                                ** **              |                                   
    |            *                               *** **              |                                   
    |            *                            *  *******             |                                   
    |            *                           **  *******             |                                   
    |            *                           *** *******             |                                   
    |            *                           *** *******             |                                   
    |           ***                          ************            |                                   
    |           ***                          *************           |                                   
    |           ***                          **************          |                                   
    |           ***                        * **************          |                                   
    |           ****                     *** **************          |                                   
    |           ******                *  *** ***************         |                                   
    |          *******                *  *** ***************         |                                   
    |          *********           ** *  *******************  *      |                                   
    |          ***********         **** *********************** ***  |                                   
    |         ************ *     * ********************************* *                                   
    |      * *************** ******************************************* *  *                            
    ----------------------------------------------------------------------------------------------------
    0%        5%        10%       15%       20%       25%       30%       35%       40%       45%       

    Q25 = 0.16, Q50 = 0.22, Q75 = 0.25

[2026-04-13 16:44:56] DEBUG: Assembled disjointig 1
	With 6 reads
	Start read: +76cc6581-283a-4d3d-97c4-fa23d54bd092
	At position: 5
	leftTip: 0 rightTip: 0
	Suspicious: 0
	Short ext: 0
	Mean extensions: 35
	Avg overlap len: 3985
	Min overlap len: 3523
	Inner reads: 0
	Length: 22928
[2026-04-13 16:44:56] DEBUG: Inner: 572 covered: 620 total: 4066
[2026-04-13 16:44:58] DEBUG: Assembled disjointig 2
	With 7 reads
	Start read: +d1126d46-fead-4389-a751-3d7e631a6d2d
	At position: 6
	leftTip: 0 rightTip: 0
	Suspicious: 0
	Short ext: 0
	Mean extensions: 6
	Avg overlap len: 3585
	Min overlap len: 1705
	Inner reads: 0
	Length: 26809
[2026-04-13 16:44:58] DEBUG: Inner: 632 covered: 690 total: 4066
[2026-04-13 16:44:59] DEBUG: Discarded disjointig with 12 reads and 6 inner overlaps
[2026-04-13 16:44:59] DEBUG: Assembled disjointig 3
	With 4 reads
	Start read: +cd81bc29-f0ca-4773-86ad-2b88f332c3f7
	At position: 3
	leftTip: 0 rightTip: 0
	Suspicious: 0
	Short ext: 0
	Mean extensions: 3
	Avg overlap len: 2000
	Min overlap len: 1360
	Inner reads: 0
	Length: 16351
[2026-04-13 16:44:59] DEBUG: Inner: 650 covered: 894 total: 4066
[2026-04-13 16:45:01] DEBUG: Assembled disjointig 4
	With 1 reads
	Start read: +4e7cc41f-08d6-4bb7-9ee5-f0799d0310da
	At position: 1
	leftTip: 1 rightTip: 1
	Suspicious: 0
	Short ext: 0
	Mean extensions: 0
	Avg overlap len: 0
	Min overlap len: 0
	Inner reads: 0
	Length: 2583
[2026-04-13 16:45:01] DEBUG: Inner: 664 covered: 1098 total: 4066
[2026-04-13 16:45:01] DEBUG: Assembled disjointig 5
	With 5 reads
	Start read: +4a0483a0-76f0-4d56-a611-92d86e0c44e0
	At position: 4
	leftTip: 0 rightTip: 0
	Suspicious: 0
	Short ext: 0
	Mean extensions: 7
	Avg overlap len: 2461
	Min overlap len: 1570
	Inner reads: 1
	Length: 33706
[2026-04-13 16:45:01] DEBUG: Inner: 668 covered: 1112 total: 4066
[2026-04-13 16:45:04] DEBUG: Assembled disjointig 6
	With 1 reads
	Start read: +a56248f9-acc5-4efd-985e-c406846e8fba
	At position: 1
	leftTip: 1 rightTip: 1
	Suspicious: 0
	Short ext: 0
	Mean extensions: 0
	Avg overlap len: 0
	Min overlap len: 0
	Inner reads: 0
	Length: 2251
[2026-04-13 16:45:04] DEBUG: Inner: 672 covered: 2022 total: 4066
[2026-04-13 16:45:04] DEBUG: Assembled disjointig 7
	With 4 reads
	Start read: +b344684e-3ba6-4cd0-ad2d-dbeedb1ea5b0
	At position: 3
	leftTip: 0 rightTip: 0
	Suspicious: 0
	Short ext: 0
	Mean extensions: 8
	Avg overlap len: 5149
	Min overlap len: 4671
	Inner reads: 1
	Length: 16362
[2026-04-13 16:45:04] DEBUG: Inner: 674 covered: 2114 total: 4066
[2026-04-13 16:45:08] INFO: Assembled 7 disjointigs
[2026-04-13 16:45:08] INFO: Generating sequence
[2026-04-13 16:45:08] DEBUG: Building positional index
[2026-04-13 16:45:08] DEBUG: Total sequence: 86486 bp
[2026-04-13 16:45:08] DEBUG: Mean k-mer frequency: 7.3736
[2026-04-13 16:45:08] DEBUG: Repetitive k-mer frequency: 737
[2026-04-13 16:45:08] DEBUG: Filtered 0 repetitive k-mers (0)
[2026-04-13 16:45:08] DEBUG: Sorting k-mer index
[2026-04-13 16:45:08] DEBUG: Selected k-mers: 11712
[2026-04-13 16:45:08] DEBUG: K-mer index size: 86367
[2026-04-13 16:45:08] DEBUG: Mean k-mer frequency: 7.37423
[2026-04-13 16:45:08] DEBUG: Minimizer rate: 1.00138
[2026-04-13 16:45:08] INFO: Filtering contained disjointigs
[2026-04-13 16:47:30] DEBUG: Computing transitive closure for overlaps
[2026-04-13 16:47:30] DEBUG: Found 220 overlaps
[2026-04-13 16:47:30] DEBUG: Left 104 overlaps after filtering
[2026-04-13 16:47:30] INFO: Contained seqs: 4
[2026-04-13 16:47:30] DEBUG: Writing FASTA
[2026-04-13 16:47:30] DEBUG: Peak RAM usage: 8 Gb
-----------End assembly log------------
[2026-04-13 16:47:30] root: DEBUG: Disjointigs length: 62172, N50: 22815
[2026-04-13 16:47:30] root: INFO: >>>STAGE: consensus
[2026-04-13 16:47:30] root: INFO: Running Minimap2
[2026-04-13 16:49:51] root: INFO: Computing consensus
[2026-04-13 16:49:53] root: INFO: Alignment error rate: 0.092279
[2026-04-13 16:49:53] root: INFO: >>>STAGE: repeat
[2026-04-13 16:49:53] root: INFO: Building and resolving repeat graph
[2026-04-13 16:49:53] root: DEBUG: -----Begin repeat analyser log------
[2026-04-13 16:49:53] root: DEBUG: Running: flye-modules repeat --disjointigs /scratch/noe/sugarcane_projet/results/4_assembly/Barcode80_unmapped.fastq/10-consensus/consensus.fasta --reads /scratch/noe/sugarcane_projet/results/2_mapping/Barcode80_unmapped.fastq --out-dir /scratch/noe/sugarcane_projet/results/4_assembly/Barcode80_unmapped.fastq/20-repeat --config /usr/local/lib/python3.10/dist-packages/flye/config/bin_cfg/asm_raw_reads.cfg --log /scratch/noe/sugarcane_projet/results/4_assembly/Barcode80_unmapped.fastq/flye.log --threads 4 --min-ovlp 1000
[2026-04-13 16:49:53] DEBUG: Build date: Dec  3 2025 16:34:21
[2026-04-13 16:49:53] DEBUG: Total RAM: 251 Gb
[2026-04-13 16:49:53] DEBUG: Available RAM: 235 Gb
[2026-04-13 16:49:53] DEBUG: Total CPUs: 32
[2026-04-13 16:49:53] DEBUG: Loading /usr/local/lib/python3.10/dist-packages/flye/config/bin_cfg/asm_raw_reads.cfg
[2026-04-13 16:49:53] DEBUG: Loading /usr/local/lib/python3.10/dist-packages/flye/config/bin_cfg/asm_defaults.cfg
[2026-04-13 16:49:53] DEBUG: 	big_genome_threshold=29000000
[2026-04-13 16:49:53] DEBUG: 	meta_read_filter_kmer_freq=100
[2026-04-13 16:49:53] DEBUG: 	chain_large_gap_penalty=2
[2026-04-13 16:49:53] DEBUG: 	chain_small_gap_penalty=0.5
[2026-04-13 16:49:53] DEBUG: 	chain_gap_jump_threshold=100
[2026-04-13 16:49:53] DEBUG: 	max_jump_gap=500
[2026-04-13 16:49:53] DEBUG: 	max_coverage_drop_rate=5
[2026-04-13 16:49:53] DEBUG: 	max_extensions_drop_rate=5
[2026-04-13 16:49:53] DEBUG: 	chimera_window=100
[2026-04-13 16:49:53] DEBUG: 	chimera_overhang=1000
[2026-04-13 16:49:53] DEBUG: 	min_reads_in_disjointig=4
[2026-04-13 16:49:53] DEBUG: 	max_inner_reads=10
[2026-04-13 16:49:53] DEBUG: 	max_inner_fraction=0.25
[2026-04-13 16:49:53] DEBUG: 	aggressive_dup_filter=1
[2026-04-13 16:49:53] DEBUG: 	max_separation=500
[2026-04-13 16:49:53] DEBUG: 	unique_edge_length=50000
[2026-04-13 16:49:53] DEBUG: 	min_repeat_res_support=0.51
[2026-04-13 16:49:53] DEBUG: 	out_paths_ratio=5
[2026-04-13 16:49:53] DEBUG: 	graph_cov_drop_rate=5
[2026-04-13 16:49:53] DEBUG: 	coverage_estimate_window=100
[2026-04-13 16:49:53] DEBUG: 	max_bubble_length=50000
[2026-04-13 16:49:53] DEBUG: 	loop_coverage_rate=1.5
[2026-04-13 16:49:53] DEBUG: 	repeat_edge_cov_mult=1.75
[2026-04-13 16:49:53] DEBUG: 	weak_detach_rate=5
[2026-04-13 16:49:53] DEBUG: 	tip_coverage_rate=2
[2026-04-13 16:49:53] DEBUG: 	tip_length_rate=2
[2026-04-13 16:49:53] DEBUG: 	output_gfa_before_rr=1
[2026-04-13 16:49:53] DEBUG: 	remove_alt_edges=0
[2026-04-13 16:49:53] DEBUG: 	low_cutoff_warning=1
[2026-04-13 16:49:53] DEBUG: 	kmer_size=17
[2026-04-13 16:49:53] DEBUG: 	use_minimizers=0
[2026-04-13 16:49:53] DEBUG: 	reads_base_alignment=0
[2026-04-13 16:49:53] DEBUG: 	meta_read_top_kmer_rate=0.40
[2026-04-13 16:49:53] DEBUG: 	maximum_jump=1500
[2026-04-13 16:49:53] DEBUG: 	maximum_overhang=1500
[2026-04-13 16:49:53] DEBUG: 	repeat_kmer_rate=100
[2026-04-13 16:49:53] DEBUG: 	assemble_ovlp_divergence=0.10
[2026-04-13 16:49:53] DEBUG: 	assemble_divergence_relative=1
[2026-04-13 16:49:53] DEBUG: 	repeat_graph_ovlp_divergence=0.08
[2026-04-13 16:49:53] DEBUG: 	read_align_ovlp_divergence=0.25
[2026-04-13 16:49:53] DEBUG: 	hpc_scoring_on=0
[2026-04-13 16:49:53] DEBUG: 	add_unassembled_reads=0
[2026-04-13 16:49:53] DEBUG: 	extend_contigs_with_repeats=0
[2026-04-13 16:49:53] DEBUG: 	min_read_cov_cutoff=3
[2026-04-13 16:49:53] DEBUG: 	short_tip_length=20000
[2026-04-13 16:49:53] DEBUG: 	long_tip_length=100000
[2026-04-13 16:49:53] DEBUG: Running with k-mer size: 17
[2026-04-13 16:49:53] DEBUG: Selected minimum overlap 1000
[2026-04-13 16:49:53] DEBUG: Metagenome mode: N
[2026-04-13 16:49:53] INFO: Parsing disjointigs
[2026-04-13 16:49:53] DEBUG: Building positional index
[2026-04-13 16:49:53] DEBUG: Total sequence: 46917 bp
[2026-04-13 16:49:53] INFO: Building repeat graph
[2026-04-13 16:49:53] DEBUG: Mean k-mer frequency: 7.25368
[2026-04-13 16:49:53] DEBUG: Repetitive k-mer frequency: 725
[2026-04-13 16:49:53] DEBUG: Filtered 0 repetitive k-mers (0)
[2026-04-13 16:49:53] DEBUG: Sorting k-mer index
[2026-04-13 16:49:53] DEBUG: Selected k-mers: 6460
[2026-04-13 16:49:53] DEBUG: K-mer index size: 46866
[2026-04-13 16:49:53] DEBUG: Mean k-mer frequency: 7.2548
[2026-04-13 16:49:53] DEBUG: Minimizer rate: 1.00109
[2026-04-13 16:52:09] DEBUG: Computing transitive closure for overlaps
[2026-04-13 16:52:09] DEBUG: Found 2638 overlaps
[2026-04-13 16:52:09] DEBUG: Left 620 overlaps after filtering
[2026-04-13 16:52:09] INFO: Median overlap divergence: 0.316734
[2026-04-13 16:52:09] DEBUG: Sequence divergence distribution: 

    |                |                                              *                                    
    |                |                                              *                                    
    |                |                                              *                                    
    |                |                                              *                                    
    |                |                                              *                                    
    |                |                                              *                                    
    |                |                                              *                                    
    |                |                                              *                                    
    |                |                                              *                                    
    |                |                                              *                                    
    |                *                            *            *    *                                    
    |                *                            *            *    *                                    
    |                *                            *            *    *                                    
    |                *                            *            *    *                                    
    |                *                            *            *    *                                    
    |                *                            *            *    *                                    
    |                *                            *            *    *                                    
    |                *                            *            *    *                                    
    |                *                            *            *    *                                    
    |                *                            *            *    *                                    
    ----------------------------------------------------------------------------------------------------
    0%        5%        10%       15%       20%       25%       30%       35%       40%       45%       

    Q25 = 0.23, Q50 = 0.32, Q75 = 0.32

[2026-04-13 16:52:09] DEBUG: Computing gluepoints
[2026-04-13 16:52:09] DEBUG: Added 6 gluepoint projections
[2026-04-13 16:52:09] DEBUG: Added 0 gluepoint projections
[2026-04-13 16:52:09] DEBUG: Created 138 gluepoints
[2026-04-13 16:52:09] DEBUG: Artificial loops removed: 0 left, 0 right, 0 both
[2026-04-13 16:52:09] DEBUG: Initializing edges
[2026-04-13 16:52:09] DEBUG: Edges length checksum: 43038157
[2026-04-13 16:52:09] DEBUG: Filtered 0 singleton segments
[2026-04-13 16:52:09] DEBUG: Removed 0 simple and 0 double chimeric junctions
[2026-04-13 16:52:09] DEBUG: Collapsed 0 edges
[2026-04-13 16:52:09] DEBUG:  	1	+disjointig_1	17	5400	5383	
[2026-04-13 16:52:09] DEBUG:  	-1	+disjointig_1	5400	6484	1084	
[2026-04-13 16:52:09] DEBUG: *	2	+disjointig_1	6484	9584	3100	
[2026-04-13 16:52:09] DEBUG:  	-1	+disjointig_1	9584	12344	2760	
[2026-04-13 16:52:09] DEBUG:  	1	+disjointig_1	12344	16089	3745	
[2026-04-13 16:52:09] DEBUG:  	3	+disjointig_2	22	6221	6199	
[2026-04-13 16:52:09] DEBUG:  	-3	+disjointig_2	6221	11898	5677	
[2026-04-13 16:52:09] DEBUG: *	4	+disjointig_2	11898	12922	1024	
[2026-04-13 16:52:09] DEBUG:  	-3	+disjointig_2	12922	16857	3935	
[2026-04-13 16:52:09] DEBUG: *	-5	+disjointig_3	0	2350	2350	
[2026-04-13 16:52:09] DEBUG:  	-1	+disjointig_3	2350	5572	3222	
[2026-04-13 16:52:09] DEBUG:  	3	+disjointig_3	5572	7797	2225	
[2026-04-13 16:52:09] DEBUG:  	-3	+disjointig_3	7797	11753	3956	
[2026-04-13 16:52:09] DEBUG:  	3	+disjointig_3	11753	13792	2039	
[2026-04-13 16:52:09] DEBUG: Total edges: 5
[2026-04-13 16:52:09] INFO: Parsing reads
[2026-04-13 16:52:09] DEBUG: Building positional index
[2026-04-13 16:52:09] DEBUG: Total sequence: 8327300 bp
[2026-04-13 16:52:09] DEBUG: Building positional index
[2026-04-13 16:52:09] DEBUG: Total sequence: 46699 bp
[2026-04-13 16:52:09] INFO: Aligning reads to the graph
[2026-04-13 16:52:09] DEBUG: Mean k-mer frequency: 7.32631
[2026-04-13 16:52:09] DEBUG: Repetitive k-mer frequency: 732
[2026-04-13 16:52:09] DEBUG: Filtered 0 repetitive k-mers (0)
[2026-04-13 16:52:09] DEBUG: Sorting k-mer index
[2026-04-13 16:52:09] DEBUG: Selected k-mers: 6220
[2026-04-13 16:52:09] DEBUG: K-mer index size: 45577
[2026-04-13 16:52:09] DEBUG: Mean k-mer frequency: 7.32749
[2026-04-13 16:52:09] DEBUG: Minimizer rate: 1.02462
[2026-04-13 16:55:04] DEBUG: Total reads : 2033
[2026-04-13 16:55:04] DEBUG: Read with aligned parts : 1971
[2026-04-13 16:55:04] DEBUG: Aligned in one piece : 1971
[2026-04-13 16:55:04] INFO: Aligned read sequence: 6061215 / 6232272 (0.972553)
[2026-04-13 16:55:04] INFO: Median overlap divergence: 0.0109826
[2026-04-13 16:55:04] DEBUG: Sequence divergence distribution: 

    | *                                                |                                                 
    | *                                                |                                                 
    | *                                                |                                                 
    | *                                                |                                                 
    | *                                                |                                                 
    | *                                                |                                                 
    | *                                                |                                                 
    | *                                                |                                                 
    | **                                               |                                                 
    | **                                               |                                                 
    | **                                               |                                                 
    | **                                               |                                                 
    | ***                                              |                                                 
    | ***                                              |                                                 
    | ***                                              |                                                 
    | ****                                             |                                                 
    |*****                                             |                                                 
    |******                                            |                                                 
    |*******                                           |                                                 
    |******************                                |                                                 
    ----------------------------------------------------------------------------------------------------
    0%        5%        10%       15%       20%       25%       30%       35%       40%       45%       

    Q25 = 0.0073, Q50 = 0.011, Q75 = 0.018

[2026-04-13 16:55:04] INFO: Mean edge coverage: 996
[2026-04-13 16:55:04] DEBUG: 1	len:647	cov:2100	mult:2.10843
[2026-04-13 16:55:04] DEBUG: -1	len:647	cov:2100	mult:2.10843
[2026-04-13 16:55:04] DEBUG: 2	len:3100	cov:0	mult:0
[2026-04-13 16:55:04] DEBUG: -2	len:3100	cov:0	mult:0
[2026-04-13 16:55:04] DEBUG: 3	len:632	cov:10671	mult:10.7139
[2026-04-13 16:55:04] DEBUG: -3	len:632	cov:10671	mult:10.7139
[2026-04-13 16:55:04] DEBUG: 4	len:1024	cov:0	mult:0
[2026-04-13 16:55:04] DEBUG: -4	len:1024	cov:0	mult:0
[2026-04-13 16:55:04] DEBUG: 5	len:2350	cov:0	mult:0
[2026-04-13 16:55:04] DEBUG: -5	len:2350	cov:0	mult:0
[2026-04-13 16:55:04] DEBUG: Unique coverage threshold 2
[2026-04-13 16:55:04] INFO: Simplifying the graph
[2026-04-13 16:55:04] DEBUG: Read coverage cutoff: 199
[2026-04-13 16:55:04] DEBUG: [SIMPL] Removed 1 paths with low coverage
[2026-04-13 16:55:04] DEBUG: [SIMPL] Masked 0 heterozygous loops
[2026-04-13 16:55:04] DEBUG: [SIMPL] Masked 0 simple bubbles
[2026-04-13 16:55:04] DEBUG: Finding repeats
[2026-04-13 16:55:04] DEBUG: Read coverage cutoff: 199
[2026-04-13 16:55:04] DEBUG: Low-coverage: 2 0
[2026-04-13 16:55:04] DEBUG: Low-coverage: 4 0
[2026-04-13 16:55:04] DEBUG: High-cov: 1	647	2100
[2026-04-13 16:55:04] DEBUG: Short-loop: 1
[2026-04-13 16:55:04] DEBUG: Short-loop: 2
[2026-04-13 16:55:04] DEBUG: High-cov: 3	632	10671
[2026-04-13 16:55:04] DEBUG: Short-loop: 3
[2026-04-13 16:55:04] DEBUG: Short-loop: 4
[2026-04-13 16:55:04] DEBUG: Repeat detection iteration 1
[2026-04-13 16:55:04] DEBUG: Writing Dot
[2026-04-13 16:55:04] DEBUG: Writing FASTA
[2026-04-13 16:55:04] DEBUG: Writing Gfa
[2026-04-13 16:55:04] DEBUG: [SIMPL] == Iteration 1 ==
[2026-04-13 16:55:04] DEBUG: Splitting nodes
[2026-04-13 16:55:04] DEBUG: [SIMPL] Split 1 nodes
[2026-04-13 16:55:04] DEBUG: [SIMPL] Clipped 0 short and 0 long tips
[2026-04-13 16:55:04] DEBUG: [SIMPL] Masked 0 heterozygous loops
[2026-04-13 16:55:04] DEBUG: [SIMPL] Masked 0 simple bubbles
[2026-04-13 16:55:04] DEBUG: Finding repeats
[2026-04-13 16:55:04] DEBUG: Read coverage cutoff: 199
[2026-04-13 16:55:04] DEBUG: Low-coverage: 2 0
[2026-04-13 16:55:04] DEBUG: Low-coverage: 4 0
[2026-04-13 16:55:04] DEBUG: High-cov: 1	647	2100
[2026-04-13 16:55:04] DEBUG: Short-loop: 1
[2026-04-13 16:55:04] DEBUG: High-cov: 3	632	10671
[2026-04-13 16:55:04] DEBUG: Short-loop: 3
[2026-04-13 16:55:04] DEBUG: Repeat detection iteration 1
[2026-04-13 16:55:04] DEBUG: Total unique edges: 0
[2026-04-13 16:55:04] DEBUG: [SIMPL] Resolved repeats: 0
[2026-04-13 16:55:04] DEBUG: RR links: 0
[2026-04-13 16:55:04] DEBUG: Unresolved: 0
[2026-04-13 16:55:04] DEBUG: Removed 0 simple and 0 double chimeric junctions
[2026-04-13 16:55:04] DEBUG: [SIMPL] == Iteration 2 ==
[2026-04-13 16:55:04] DEBUG: Splitting nodes
[2026-04-13 16:55:04] DEBUG: [SIMPL] Split 0 nodes
[2026-04-13 16:55:04] DEBUG: [SIMPL] Clipped 0 short and 0 long tips
[2026-04-13 16:55:04] DEBUG: [SIMPL] Masked 0 heterozygous loops
[2026-04-13 16:55:04] DEBUG: [SIMPL] Masked 0 simple bubbles
[2026-04-13 16:55:04] DEBUG: Finding repeats
[2026-04-13 16:55:04] DEBUG: Read coverage cutoff: 199
[2026-04-13 16:55:04] DEBUG: Low-coverage: 2 0
[2026-04-13 16:55:04] DEBUG: Low-coverage: 4 0
[2026-04-13 16:55:04] DEBUG: High-cov: 1	647	2100
[2026-04-13 16:55:04] DEBUG: Short-loop: 1
[2026-04-13 16:55:04] DEBUG: High-cov: 3	632	10671
[2026-04-13 16:55:04] DEBUG: Short-loop: 3
[2026-04-13 16:55:04] DEBUG: Repeat detection iteration 1
[2026-04-13 16:55:04] DEBUG: Total unique edges: 0
[2026-04-13 16:55:04] DEBUG: [SIMPL] Resolved repeats: 0
[2026-04-13 16:55:04] DEBUG: RR links: 0
[2026-04-13 16:55:04] DEBUG: Unresolved: 0
[2026-04-13 16:55:04] DEBUG: Removed 0 simple and 0 double chimeric junctions
[2026-04-13 16:55:04] DEBUG: [SIMPL] Collapsed 0 haplotypes
[2026-04-13 16:55:04] DEBUG: [SIMPL] Resolved 0 simple repeats
[2026-04-13 16:55:04] DEBUG: Read coverage cutoff: 199
[2026-04-13 16:55:04] DEBUG: [SIMPL] Removed 2 paths with low coverage
[2026-04-13 16:55:04] DEBUG: Finding repeats
[2026-04-13 16:55:04] DEBUG: Read coverage cutoff: 199
[2026-04-13 16:55:04] DEBUG: High-cov: 1	647	2100
[2026-04-13 16:55:04] DEBUG: Short-loop: 1
[2026-04-13 16:55:04] DEBUG: High-cov: 3	632	10671
[2026-04-13 16:55:04] DEBUG: Short-loop: 3
[2026-04-13 16:55:04] DEBUG: Repeat detection iteration 1
[2026-04-13 16:55:04] DEBUG: Writing Dot
[2026-04-13 16:55:04] DEBUG: Writing FASTA
[2026-04-13 16:55:04] DEBUG: Peak RAM usage: 0 Gb
-----------End assembly log------------
[2026-04-13 16:55:04] root: INFO: >>>STAGE: contigger
[2026-04-13 16:55:04] root: INFO: Generating contigs
[2026-04-13 16:55:04] root: DEBUG: -----Begin contigger analyser log------
[2026-04-13 16:55:04] root: DEBUG: Running: flye-modules contigger --graph-edges /scratch/noe/sugarcane_projet/results/4_assembly/Barcode80_unmapped.fastq/20-repeat/repeat_graph_edges.fasta --reads /scratch/noe/sugarcane_projet/results/2_mapping/Barcode80_unmapped.fastq --out-dir /scratch/noe/sugarcane_projet/results/4_assembly/Barcode80_unmapped.fastq/30-contigger --config /usr/local/lib/python3.10/dist-packages/flye/config/bin_cfg/asm_raw_reads.cfg --repeat-graph /scratch/noe/sugarcane_projet/results/4_assembly/Barcode80_unmapped.fastq/20-repeat/repeat_graph_dump --graph-aln /scratch/noe/sugarcane_projet/results/4_assembly/Barcode80_unmapped.fastq/20-repeat/read_alignment_dump --log /scratch/noe/sugarcane_projet/results/4_assembly/Barcode80_unmapped.fastq/flye.log --threads 4 --min-ovlp 1000
[2026-04-13 16:55:04] DEBUG: Build date: Dec  3 2025 16:34:29
[2026-04-13 16:55:04] DEBUG: Total RAM: 251 Gb
[2026-04-13 16:55:04] DEBUG: Available RAM: 235 Gb
[2026-04-13 16:55:04] DEBUG: Total CPUs: 32
[2026-04-13 16:55:04] DEBUG: Loading /usr/local/lib/python3.10/dist-packages/flye/config/bin_cfg/asm_raw_reads.cfg
[2026-04-13 16:55:04] DEBUG: Loading /usr/local/lib/python3.10/dist-packages/flye/config/bin_cfg/asm_defaults.cfg
[2026-04-13 16:55:04] DEBUG: 	big_genome_threshold=29000000
[2026-04-13 16:55:04] DEBUG: 	meta_read_filter_kmer_freq=100
[2026-04-13 16:55:04] DEBUG: 	chain_large_gap_penalty=2
[2026-04-13 16:55:04] DEBUG: 	chain_small_gap_penalty=0.5
[2026-04-13 16:55:04] DEBUG: 	chain_gap_jump_threshold=100
[2026-04-13 16:55:04] DEBUG: 	max_jump_gap=500
[2026-04-13 16:55:04] DEBUG: 	max_coverage_drop_rate=5
[2026-04-13 16:55:04] DEBUG: 	max_extensions_drop_rate=5
[2026-04-13 16:55:04] DEBUG: 	chimera_window=100
[2026-04-13 16:55:04] DEBUG: 	chimera_overhang=1000
[2026-04-13 16:55:04] DEBUG: 	min_reads_in_disjointig=4
[2026-04-13 16:55:04] DEBUG: 	max_inner_reads=10
[2026-04-13 16:55:04] DEBUG: 	max_inner_fraction=0.25
[2026-04-13 16:55:04] DEBUG: 	aggressive_dup_filter=1
[2026-04-13 16:55:04] DEBUG: 	max_separation=500
[2026-04-13 16:55:04] DEBUG: 	unique_edge_length=50000
[2026-04-13 16:55:04] DEBUG: 	min_repeat_res_support=0.51
[2026-04-13 16:55:04] DEBUG: 	out_paths_ratio=5
[2026-04-13 16:55:04] DEBUG: 	graph_cov_drop_rate=5
[2026-04-13 16:55:04] DEBUG: 	coverage_estimate_window=100
[2026-04-13 16:55:04] DEBUG: 	max_bubble_length=50000
[2026-04-13 16:55:04] DEBUG: 	loop_coverage_rate=1.5
[2026-04-13 16:55:04] DEBUG: 	repeat_edge_cov_mult=1.75
[2026-04-13 16:55:04] DEBUG: 	weak_detach_rate=5
[2026-04-13 16:55:04] DEBUG: 	tip_coverage_rate=2
[2026-04-13 16:55:04] DEBUG: 	tip_length_rate=2
[2026-04-13 16:55:04] DEBUG: 	output_gfa_before_rr=1
[2026-04-13 16:55:04] DEBUG: 	remove_alt_edges=0
[2026-04-13 16:55:04] DEBUG: 	low_cutoff_warning=1
[2026-04-13 16:55:04] DEBUG: 	kmer_size=17
[2026-04-13 16:55:04] DEBUG: 	use_minimizers=0
[2026-04-13 16:55:04] DEBUG: 	reads_base_alignment=0
[2026-04-13 16:55:04] DEBUG: 	meta_read_top_kmer_rate=0.40
[2026-04-13 16:55:04] DEBUG: 	maximum_jump=1500
[2026-04-13 16:55:04] DEBUG: 	maximum_overhang=1500
[2026-04-13 16:55:04] DEBUG: 	repeat_kmer_rate=100
[2026-04-13 16:55:04] DEBUG: 	assemble_ovlp_divergence=0.10
[2026-04-13 16:55:04] DEBUG: 	assemble_divergence_relative=1
[2026-04-13 16:55:04] DEBUG: 	repeat_graph_ovlp_divergence=0.08
[2026-04-13 16:55:04] DEBUG: 	read_align_ovlp_divergence=0.25
[2026-04-13 16:55:04] DEBUG: 	hpc_scoring_on=0
[2026-04-13 16:55:04] DEBUG: 	add_unassembled_reads=0
[2026-04-13 16:55:04] DEBUG: 	extend_contigs_with_repeats=0
[2026-04-13 16:55:04] DEBUG: 	min_read_cov_cutoff=3
[2026-04-13 16:55:04] DEBUG: 	short_tip_length=20000
[2026-04-13 16:55:04] DEBUG: 	long_tip_length=100000
[2026-04-13 16:55:04] DEBUG: Running with k-mer size: 17
[2026-04-13 16:55:04] DEBUG: Selected minimum overlap 1000
[2026-04-13 16:55:04] INFO: Reading sequences
[2026-04-13 16:55:04] DEBUG: Building positional index
[2026-04-13 16:55:04] DEBUG: Total sequence: 8327300 bp
[2026-04-13 16:55:04] DEBUG: Flipped 0
[2026-04-13 16:55:04] DEBUG: UPath 1: 1
[2026-04-13 16:55:04] DEBUG: UPath 2: 3
[2026-04-13 16:55:04] DEBUG: Final graph contains 2 egdes
[2026-04-13 16:55:04] DEBUG: Extending contigs into repeats
[2026-04-13 16:55:04] DEBUG: Covered 0 repetitive contigs
[2026-04-13 16:55:04] INFO: Generated 2 contigs
[2026-04-13 16:55:04] DEBUG: Writing FASTA
[2026-04-13 16:55:04] DEBUG: Generating scaffold connections
[2026-04-13 16:55:04] INFO: Added 0 scaffold connections
[2026-04-13 16:55:04] DEBUG: Writing Dot
[2026-04-13 16:55:04] DEBUG: Writing FASTA
[2026-04-13 16:55:04] DEBUG: Writing Gfa
[2026-04-13 16:55:04] DEBUG: Peak RAM usage: 0 Gb
-----------End assembly log------------
[2026-04-13 16:55:04] root: INFO: >>>STAGE: polishing
[2026-04-13 16:55:04] root: INFO: Polishing genome (1/1)
[2026-04-13 16:55:04] root: INFO: Running minimap2
[2026-04-13 16:55:06] root: INFO: Separating alignment into bubbles
[2026-04-13 16:55:07] root: DEBUG: Generated 77 bubbles
[2026-04-13 16:55:07] root: DEBUG: Split 0 long bubbles
[2026-04-13 16:55:07] root: DEBUG: Skipped 1 empty bubbles
[2026-04-13 16:55:07] root: DEBUG: Skipped 0 bubbles with long branches
[2026-04-13 16:55:07] root: INFO: Alignment error rate: 0.094336
[2026-04-13 16:55:07] root: INFO: Correcting bubbles
[2026-04-13 16:55:07] root: DEBUG: Mean contig coverage: 714, selected threshold: 143
[2026-04-13 16:55:07] root: DEBUG: Filtered 0 contigs of total length 0
[2026-04-13 16:55:07] root: DEBUG: Generating polished GFA
[2026-04-13 16:55:07] root: DEBUG: 0 sequences remained unpolished
[2026-04-13 16:55:07] root: INFO: >>>STAGE: finalize
[2026-04-13 16:55:07] root: DEBUG: ---Output dir contents:----
[2026-04-13 16:55:07] root: DEBUG: Barcode80_unmapped.fastq/
[2026-04-13 16:55:07] root: DEBUG:     33.0 K      flye.log
[2026-04-13 16:55:07] root: DEBUG:     92.0 B      params.json
[2026-04-13 16:55:07] root: DEBUG:     368.0 B     assembly_graph.gv
[2026-04-13 16:55:07] root: DEBUG:     1.0 K       assembly_graph.gfa
[2026-04-13 16:55:07] root: DEBUG:     1.0 K       assembly.fasta
[2026-04-13 16:55:07] root: DEBUG:     00-assembly/
[2026-04-13 16:55:07] root: DEBUG:         61.0 K      draft_assembly.fasta
[2026-04-13 16:55:07] root: DEBUG:         90.0 B      draft_assembly.fasta.fai
[2026-04-13 16:55:07] root: DEBUG:     10-consensus/
[2026-04-13 16:55:07] root: DEBUG:         986.0 B     minimap.stderr
[2026-04-13 16:55:07] root: DEBUG:         1.0 K       minimap.bam.csi
[2026-04-13 16:55:07] root: DEBUG:         46.0 K      consensus.fasta
[2026-04-13 16:55:07] root: DEBUG:     20-repeat/
[2026-04-13 16:55:07] root: DEBUG:         654.0 B     graph_before_rr.gv
[2026-04-13 16:55:07] root: DEBUG:         5.0 K       graph_before_rr.fasta
[2026-04-13 16:55:07] root: DEBUG:         5.0 K       graph_before_rr.gfa
[2026-04-13 16:55:07] root: DEBUG:         368.0 B     graph_after_rr.gv
[2026-04-13 16:55:07] root: DEBUG:         8.0 K       repeat_graph_dump
[2026-04-13 16:55:07] root: DEBUG:         3.0 M       read_alignment_dump
[2026-04-13 16:55:07] root: DEBUG:         48.0 K      repeat_graph_edges.fasta
[2026-04-13 16:55:07] root: DEBUG:     30-contigger/
[2026-04-13 16:55:07] root: DEBUG:         1.0 K       contigs.fasta
[2026-04-13 16:55:07] root: DEBUG:         144.0 B     contigs_stats.txt
[2026-04-13 16:55:07] root: DEBUG:         0.0 B       scaffolds_links.txt
[2026-04-13 16:55:07] root: DEBUG:         368.0 B     graph_final.gv
[2026-04-13 16:55:07] root: DEBUG:         1.0 K       graph_final.fasta
[2026-04-13 16:55:07] root: DEBUG:         1.0 K       graph_final.gfa
[2026-04-13 16:55:07] root: DEBUG:         45.0 B      contigs.fasta.fai
[2026-04-13 16:55:07] root: DEBUG:     40-polishing/
[2026-04-13 16:55:07] root: DEBUG:         946.0 B     minimap.stderr
[2026-04-13 16:55:07] root: DEBUG:         110.0 B     minimap_1.bam.csi
[2026-04-13 16:55:07] root: DEBUG:         60.0 B      contigs_stats.txt
[2026-04-13 16:55:07] root: DEBUG:         392.0 B     base_coverage.bed.gz
[2026-04-13 16:55:07] root: DEBUG:         1.0 K       filtered_contigs.fasta
[2026-04-13 16:55:07] root: DEBUG:         60.0 B      filtered_stats.txt
[2026-04-13 16:55:07] root: DEBUG:         45.0 B      filtered_contigs.fasta.fai
[2026-04-13 16:55:07] root: DEBUG:         104.0 B     edges_aln.bam.csi
[2026-04-13 16:55:07] root: DEBUG:         1.0 K       polished_edges.gfa
[2026-04-13 16:55:07] root: DEBUG: --------------------------
[2026-04-13 16:55:07] root: INFO: Assembly statistics:

	Total length:	1519
	Fragments:	2
	Fragments N50:	831
	Largest frg:	831
	Scaffolds:	0
	Mean coverage:	714

[2026-04-13 16:55:07] root: INFO: Final assembly: /scratch/noe/sugarcane_projet/results/4_assembly/Barcode80_unmapped.fastq/assembly.fasta
